Linux 6.0.3 (genie03) 	08/31/2023 	_x86_64_	(64 CPU)

02:00:24 PM     CPU     %user     %nice   %system   %iowait    %steal     %idle
02:00:25 PM       4      1.03      0.00     89.69      0.00      0.00      9.28
02:00:25 PM       8      2.06      0.00     94.85      0.00      0.00      3.09
02:00:25 PM      12      2.06      0.00     94.85      0.00      0.00      3.09
02:00:25 PM      16      0.00      0.00     96.84      0.00      0.00      3.16
02:00:25 PM      20      0.00      0.00     97.87      0.00      0.00      2.13

02:00:25 PM     CPU     %user     %nice   %system   %iowait    %steal     %idle
02:00:26 PM       4      0.00      0.00     91.84      0.00      0.00      8.16
02:00:26 PM       8      1.03      0.00     95.88      0.00      0.00      3.09
02:00:26 PM      12      3.12      0.00     94.79      0.00      0.00      2.08
02:00:26 PM      16      0.00      0.00     97.92      0.00      0.00      2.08
02:00:26 PM      20      1.02      0.00     95.92      0.00      0.00      3.06

02:00:26 PM     CPU     %user     %nice   %system   %iowait    %steal     %idle
02:00:27 PM       4      0.00      0.00     90.32      0.00      0.00      9.68
02:00:27 PM       8      1.04      0.00     95.83      0.00      0.00      3.12
02:00:27 PM      12      3.19      0.00     93.62      0.00      0.00      3.19
02:00:27 PM      16      2.11      0.00     94.74      0.00      0.00      3.16
02:00:27 PM      20      3.16      0.00     94.74      0.00      0.00      2.11

02:00:27 PM     CPU     %user     %nice   %system   %iowait    %steal     %idle
02:00:28 PM       4      1.03      0.00     90.72      0.00      0.00      8.25
02:00:28 PM       8      1.00      0.00     96.00      0.00      0.00      3.00
02:00:28 PM      12      1.05      0.00     96.84      0.00      0.00      2.11
02:00:28 PM      16      2.08      0.00     95.83      0.00      0.00      2.08
02:00:28 PM      20      1.02      0.00     95.92      0.00      0.00      3.06

02:00:28 PM     CPU     %user     %nice   %system   %iowait    %steal     %idle
02:00:29 PM       4      2.11      0.00     94.74      0.00      0.00      3.16
02:00:29 PM       8      1.06      0.00     96.81      0.00      0.00      2.13
02:00:29 PM      12      1.09      0.00     96.74      0.00      0.00      2.17
02:00:29 PM      16      1.04      0.00     96.88      0.00      0.00      2.08
02:00:29 PM      20      1.10      0.00     96.70      0.00      0.00      2.20

02:00:29 PM     CPU     %user     %nice   %system   %iowait    %steal     %idle
02:00:30 PM       4      1.06      0.00     96.81      0.00      0.00      2.13
02:00:30 PM       8      1.03      0.00     95.88      0.00      0.00      3.09
02:00:30 PM      12      2.13      0.00     95.74      0.00      0.00      2.13
02:00:30 PM      16      1.04      0.00     95.83      0.00      0.00      3.12
02:00:30 PM      20      1.03      0.00     95.88      0.00      0.00      3.09

02:00:30 PM     CPU     %user     %nice   %system   %iowait    %steal     %idle
02:00:31 PM       4      2.06      0.00     95.88      0.00      0.00      2.06
02:00:31 PM       8      2.17      0.00     95.65      0.00      0.00      2.17
02:00:31 PM      12      0.00      0.00     97.78      0.00      0.00      2.22
02:00:31 PM      16      1.02      0.00     96.94      0.00      0.00      2.04
02:00:31 PM      20      1.01      0.00     95.96      0.00      0.00      3.03

02:00:31 PM     CPU     %user     %nice   %system   %iowait    %steal     %idle
02:00:32 PM       4      0.00      0.00     97.89      0.00      0.00      2.11
02:00:32 PM       8      1.03      0.00     95.88      0.00      0.00      3.09
02:00:32 PM      12      2.04      0.00     94.90      0.00      0.00      3.06
02:00:32 PM      16      1.06      0.00     96.81      0.00      0.00      2.13
02:00:32 PM      20      1.03      0.00     96.91      0.00      0.00      2.06

02:00:32 PM     CPU     %user     %nice   %system   %iowait    %steal     %idle
02:00:33 PM       4      2.04      0.00     95.92      0.00      0.00      2.04
02:00:33 PM       8      2.06      0.00     94.85      0.00      0.00      3.09
02:00:33 PM      12      2.13      0.00     95.74      0.00      0.00      2.13
02:00:33 PM      16      3.16      0.00     93.68      0.00      0.00      3.16
02:00:33 PM      20      1.03      0.00     95.88      0.00      0.00      3.09

02:00:33 PM     CPU     %user     %nice   %system   %iowait    %steal     %idle
02:00:34 PM       4      2.06      0.00     94.85      0.00      0.00      3.09
02:00:34 PM       8      2.13      0.00     95.74      0.00      0.00      2.13
02:00:34 PM      12      4.12      0.00     92.78      0.00      0.00      3.09
02:00:34 PM      16      3.09      0.00     94.85      0.00      0.00      2.06
02:00:34 PM      20      2.08      0.00     95.83      0.00      0.00      2.08

02:00:34 PM     CPU     %user     %nice   %system   %iowait    %steal     %idle
02:00:35 PM       4      2.11      0.00     94.74      0.00      0.00      3.16
02:00:35 PM       8      1.02      0.00     95.92      0.00      0.00      3.06
02:00:35 PM      12      1.04      0.00     95.83      0.00      0.00      3.12
02:00:35 PM      16      2.17      0.00     94.57      0.00      0.00      3.26
02:00:35 PM      20      2.11      0.00     94.74      0.00      0.00      3.16

02:00:35 PM     CPU     %user     %nice   %system   %iowait    %steal     %idle
02:00:36 PM       4      1.05      0.00     96.84      0.00      0.00      2.11
02:00:36 PM       8      0.00      0.00     96.88      0.00      0.00      3.12
02:00:36 PM      12      2.06      0.00     95.88      0.00      0.00      2.06
02:00:36 PM      16      1.09      0.00     96.74      0.00      0.00      2.17
02:00:36 PM      20      1.04      0.00     97.92      0.00      0.00      1.04

02:00:36 PM     CPU     %user     %nice   %system   %iowait    %steal     %idle
02:00:37 PM       4      1.04      0.00     96.88      0.00      0.00      2.08
02:00:37 PM       8      1.03      0.00     96.91      0.00      0.00      2.06
02:00:37 PM      12      0.00      0.00     97.85      0.00      0.00      2.15
02:00:37 PM      16      1.03      0.00     95.88      0.00      0.00      3.09
02:00:37 PM      20      1.06      0.00     96.81      0.00      0.00      2.13

02:00:37 PM     CPU     %user     %nice   %system   %iowait    %steal     %idle
02:00:38 PM       4      1.03      0.00     96.91      0.00      0.00      2.06
02:00:38 PM       8      1.06      0.00     96.81      0.00      0.00      2.13
02:00:38 PM      12      3.12      0.00     94.79      0.00      0.00      2.08
02:00:38 PM      16      2.17      0.00     95.65      0.00      0.00      2.17
02:00:38 PM      20      0.00      0.00     97.89      0.00      0.00      2.11

02:00:38 PM     CPU     %user     %nice   %system   %iowait    %steal     %idle
02:00:39 PM       4      2.08      0.00     94.79      0.00      0.00      3.12
02:00:39 PM       8      1.03      0.00     95.88      0.00      0.00      3.09
02:00:39 PM      12      0.00      0.00     97.87      0.00      0.00      2.13
02:00:39 PM      16      1.04      0.00     96.88      0.00      0.00      2.08
02:00:39 PM      20      3.19      0.00     94.68      0.00      0.00      2.13
