Linux 6.0.3 (genie03) 	08/31/2023 	_x86_64_	(64 CPU)

02:32:21 PM     CPU     %user     %nice   %system   %iowait    %steal     %idle
02:32:22 PM       4      2.17      0.00     92.39      0.00      0.00      5.43
02:32:22 PM       8      2.11      0.00     91.58      0.00      0.00      6.32
02:32:22 PM      12      1.04      0.00     93.75      0.00      0.00      5.21
02:32:22 PM      16      2.06      0.00     92.78      0.00      0.00      5.15
02:32:22 PM      20      2.20      0.00     91.21      0.00      0.00      6.59
02:32:22 PM      24      2.06      0.00     92.78      0.00      0.00      5.15

02:32:22 PM     CPU     %user     %nice   %system   %iowait    %steal     %idle
02:32:23 PM       4      2.06      0.00     91.75      0.00      0.00      6.19
02:32:23 PM       8      1.05      0.00     93.68      0.00      0.00      5.26
02:32:23 PM      12      4.21      0.00     89.47      0.00      0.00      6.32
02:32:23 PM      16      3.12      0.00     90.62      0.00      0.00      6.25
02:32:23 PM      20      2.04      0.00     92.86      0.00      0.00      5.10
02:32:23 PM      24      2.20      0.00     91.21      0.00      0.00      6.59

02:32:23 PM     CPU     %user     %nice   %system   %iowait    %steal     %idle
02:32:24 PM       4      2.15      0.00     92.47      0.00      0.00      5.38
02:32:24 PM       8      3.12      0.00     90.62      0.00      0.00      6.25
02:32:24 PM      12      3.09      0.00     91.75      0.00      0.00      5.15
02:32:24 PM      16      1.05      0.00     93.68      0.00      0.00      5.26
02:32:24 PM      20      1.08      0.00     92.47      0.00      0.00      6.45
02:32:24 PM      24      2.13      0.00     91.49      0.00      0.00      6.38

02:32:24 PM     CPU     %user     %nice   %system   %iowait    %steal     %idle
02:32:25 PM       4      1.05      0.00     93.68      0.00      0.00      5.26
02:32:25 PM       8      3.23      0.00     90.32      0.00      0.00      6.45
02:32:25 PM      12      1.06      0.00     93.62      0.00      0.00      5.32
02:32:25 PM      16      0.00      0.00     94.74      0.00      0.00      5.26
02:32:25 PM      20      3.09      0.00     91.75      0.00      0.00      5.15
02:32:25 PM      24      2.13      0.00     91.49      0.00      0.00      6.38

02:32:25 PM     CPU     %user     %nice   %system   %iowait    %steal     %idle
02:32:26 PM       4      0.99      0.00     93.07      0.00      0.00      5.94
02:32:26 PM       8      2.08      0.00     91.67      0.00      0.00      6.25
02:32:26 PM      12      1.09      0.00     92.39      0.00      0.00      6.52
02:32:26 PM      16      1.06      0.00     93.62      0.00      0.00      5.32
02:32:26 PM      20      1.05      0.00     93.68      0.00      0.00      5.26
02:32:26 PM      24      2.15      0.00     91.40      0.00      0.00      6.45

02:32:26 PM     CPU     %user     %nice   %system   %iowait    %steal     %idle
02:32:27 PM       4      2.13      0.00     92.55      0.00      0.00      5.32
02:32:27 PM       8      1.06      0.00     93.62      0.00      0.00      5.32
02:32:27 PM      12      3.16      0.00     91.58      0.00      0.00      5.26
02:32:27 PM      16      3.09      0.00     91.75      0.00      0.00      5.15
02:32:27 PM      20      3.12      0.00     90.62      0.00      0.00      6.25
02:32:27 PM      24      1.08      0.00     93.55      0.00      0.00      5.38

02:32:27 PM     CPU     %user     %nice   %system   %iowait    %steal     %idle
02:32:28 PM       4      1.09      0.00     93.48      0.00      0.00      5.43
02:32:28 PM       8      2.15      0.00     92.47      0.00      0.00      5.38
02:32:28 PM      12      3.16      0.00     91.58      0.00      0.00      5.26
02:32:28 PM      16      1.05      0.00     93.68      0.00      0.00      5.26
02:32:28 PM      20      1.05      0.00     93.68      0.00      0.00      5.26
02:32:28 PM      24      2.06      0.00     92.78      0.00      0.00      5.15

02:32:28 PM     CPU     %user     %nice   %system   %iowait    %steal     %idle
02:32:29 PM       4      1.04      0.00     93.75      0.00      0.00      5.21
02:32:29 PM       8      1.10      0.00     93.41      0.00      0.00      5.49
02:32:29 PM      12      0.00      0.00     94.68      0.00      0.00      5.32
02:32:29 PM      16      1.06      0.00     92.55      0.00      0.00      6.38
02:32:29 PM      20      0.00      0.00     94.79      0.00      0.00      5.21
02:32:29 PM      24      2.22      0.00     91.11      0.00      0.00      6.67

02:32:29 PM     CPU     %user     %nice   %system   %iowait    %steal     %idle
02:32:30 PM       4      3.26      0.00     90.22      0.00      0.00      6.52
02:32:30 PM       8      2.15      0.00     91.40      0.00      0.00      6.45
02:32:30 PM      12      3.30      0.00     91.21      0.00      0.00      5.49
02:32:30 PM      16      3.12      0.00     91.67      0.00      0.00      5.21
02:32:30 PM      20      1.08      0.00     93.55      0.00      0.00      5.38
02:32:30 PM      24      1.08      0.00     93.55      0.00      0.00      5.38

02:32:30 PM     CPU     %user     %nice   %system   %iowait    %steal     %idle
02:32:31 PM       4      1.08      0.00     93.55      0.00      0.00      5.38
02:32:31 PM       8      2.11      0.00     92.63      0.00      0.00      5.26
02:32:31 PM      12      0.00      0.00     94.74      0.00      0.00      5.26
02:32:31 PM      16      1.02      0.00     93.88      0.00      0.00      5.10
02:32:31 PM      20      1.09      0.00     92.39      0.00      0.00      6.52
02:32:31 PM      24      2.08      0.00     92.71      0.00      0.00      5.21

02:32:31 PM     CPU     %user     %nice   %system   %iowait    %steal     %idle
02:32:32 PM       4      1.08      0.00     93.55      0.00      0.00      5.38
02:32:32 PM       8      1.05      0.00     92.63      0.00      0.00      6.32
02:32:32 PM      12      2.06      0.00     92.78      0.00      0.00      5.15
02:32:32 PM      16      1.08      0.00     93.55      0.00      0.00      5.38
02:32:32 PM      20      3.26      0.00     91.30      0.00      0.00      5.43
02:32:32 PM      24      1.05      0.00     92.63      0.00      0.00      6.32

02:32:32 PM     CPU     %user     %nice   %system   %iowait    %steal     %idle
02:32:33 PM       4      2.13      0.00     93.62      0.00      0.00      4.26
02:32:33 PM       8      2.06      0.00     91.75      0.00      0.00      6.19
02:32:33 PM      12      2.06      0.00     91.75      0.00      0.00      6.19
02:32:33 PM      16      2.02      0.00     92.93      0.00      0.00      5.05
02:32:33 PM      20      1.08      0.00     92.47      0.00      0.00      6.45
02:32:33 PM      24      2.04      0.00     92.86      0.00      0.00      5.10

02:32:33 PM     CPU     %user     %nice   %system   %iowait    %steal     %idle
02:32:34 PM       4      3.12      0.00     91.67      0.00      0.00      5.21
02:32:34 PM       8      1.04      0.00     93.75      0.00      0.00      5.21
02:32:34 PM      12      2.15      0.00     92.47      0.00      0.00      5.38
02:32:34 PM      16      2.11      0.00     92.63      0.00      0.00      5.26
02:32:34 PM      20      2.13      0.00     92.55      0.00      0.00      5.32
02:32:34 PM      24      2.17      0.00     92.39      0.00      0.00      5.43

02:32:34 PM     CPU     %user     %nice   %system   %iowait    %steal     %idle
02:32:35 PM       4      2.08      0.00     93.75      0.00      0.00      4.17
02:32:35 PM       8      1.06      0.00     92.55      0.00      0.00      6.38
02:32:35 PM      12      4.26      0.00     90.43      0.00      0.00      5.32
02:32:35 PM      16      1.04      0.00     94.79      0.00      0.00      4.17
02:32:35 PM      20      1.05      0.00     93.68      0.00      0.00      5.26
02:32:35 PM      24      3.16      0.00     91.58      0.00      0.00      5.26

02:32:35 PM     CPU     %user     %nice   %system   %iowait    %steal     %idle
02:32:36 PM       4      2.06      0.00     92.78      0.00      0.00      5.15
02:32:36 PM       8      1.04      0.00     93.75      0.00      0.00      5.21
02:32:36 PM      12      4.08      0.00     89.80      0.00      0.00      6.12
02:32:36 PM      16      2.08      0.00     92.71      0.00      0.00      5.21
02:32:36 PM      20      0.00      0.00     93.62      0.00      0.00      6.38
02:32:36 PM      24      2.13      0.00     92.55      0.00      0.00      5.32
