Linux 6.0.3+ (genie03) 	12/21/2023 	_x86_64_	(64 CPU)

02:59:12 PM     CPU     %user     %nice   %system   %iowait    %steal     %idle
02:59:13 PM       4      2.08      0.00     94.79      0.00      0.00      3.12
02:59:13 PM       8      0.00      0.00     96.84      0.00      0.00      3.16
02:59:13 PM      12      1.00      0.00     95.00      0.00      0.00      4.00
02:59:13 PM      16      0.00      0.00     97.00      0.00      0.00      3.00
02:59:13 PM      20      2.02      0.00     94.95      0.00      0.00      3.03

02:59:13 PM     CPU     %user     %nice   %system   %iowait    %steal     %idle
02:59:14 PM       4      0.00      0.00     96.94      0.00      0.00      3.06
02:59:14 PM       8      0.00      0.00     96.91      0.00      0.00      3.09
02:59:14 PM      12      2.00      0.00     95.00      0.00      0.00      3.00
02:59:14 PM      16      1.01      0.00     95.96      0.00      0.00      3.03
02:59:14 PM      20      1.01      0.00     95.96      0.00      0.00      3.03

02:59:14 PM     CPU     %user     %nice   %system   %iowait    %steal     %idle
02:59:15 PM       4      0.97      0.00     87.38      0.00      0.00     11.65
02:59:15 PM       8      2.06      0.00     93.81      0.00      0.00      4.12
02:59:15 PM      12      1.00      0.00     96.00      0.00      0.00      3.00
02:59:15 PM      16      0.00      0.00     96.70      0.00      0.00      3.30
02:59:15 PM      20      1.01      0.00     95.96      0.00      0.00      3.03

02:59:15 PM     CPU     %user     %nice   %system   %iowait    %steal     %idle
02:59:16 PM       4      1.03      0.00     94.85      0.00      0.00      4.12
02:59:16 PM       8      0.00      0.00     96.88      0.00      0.00      3.12
02:59:16 PM      12      1.02      0.00     95.92      0.00      0.00      3.06
02:59:16 PM      16      1.01      0.00     95.96      0.00      0.00      3.03
02:59:16 PM      20      0.00      0.00     96.97      0.00      0.00      3.03

02:59:16 PM     CPU     %user     %nice   %system   %iowait    %steal     %idle
02:59:17 PM       4      2.06      0.00     95.88      0.00      0.00      2.06
02:59:17 PM       8      0.98      0.00     96.08      0.00      0.00      2.94
02:59:17 PM      12      0.00      0.00     95.88      0.00      0.00      4.12
02:59:17 PM      16      1.02      0.00     95.92      0.00      0.00      3.06
02:59:17 PM      20      1.01      0.00     95.96      0.00      0.00      3.03

02:59:17 PM     CPU     %user     %nice   %system   %iowait    %steal     %idle
02:59:18 PM       4      0.00      0.00     96.94      0.00      0.00      3.06
02:59:18 PM       8      1.00      0.00     96.00      0.00      0.00      3.00
02:59:18 PM      12      1.03      0.00     95.88      0.00      0.00      3.09
02:59:18 PM      16      1.01      0.00     95.96      0.00      0.00      3.03
02:59:18 PM      20      0.00      0.00     97.89      0.00      0.00      2.11

02:59:18 PM     CPU     %user     %nice   %system   %iowait    %steal     %idle
02:59:19 PM       4      1.02      0.00     95.92      0.00      0.00      3.06
02:59:19 PM       8      1.98      0.00     95.05      0.00      0.00      2.97
02:59:19 PM      12      1.05      0.00     94.74      0.00      0.00      4.21
02:59:19 PM      16      1.03      0.00     95.88      0.00      0.00      3.09
02:59:19 PM      20      2.02      0.00     94.95      0.00      0.00      3.03

02:59:19 PM     CPU     %user     %nice   %system   %iowait    %steal     %idle
02:59:20 PM       4      1.01      0.00     95.96      0.00      0.00      3.03
02:59:20 PM       8      1.98      0.00     94.06      0.00      0.00      3.96
02:59:20 PM      12      1.04      0.00     95.83      0.00      0.00      3.12
02:59:20 PM      16      0.00      0.00     96.97      0.00      0.00      3.03
02:59:20 PM      20      1.03      0.00     95.88      0.00      0.00      3.09

02:59:20 PM     CPU     %user     %nice   %system   %iowait    %steal     %idle
02:59:21 PM       4      1.02      0.00     95.92      0.00      0.00      3.06
02:59:21 PM       8      0.00      0.00     96.88      0.00      0.00      3.12
02:59:21 PM      12      2.00      0.00     95.00      0.00      0.00      3.00
02:59:21 PM      16      1.03      0.00     95.88      0.00      0.00      3.09
02:59:21 PM      20      1.01      0.00     95.96      0.00      0.00      3.03

02:59:21 PM     CPU     %user     %nice   %system   %iowait    %steal     %idle
02:59:22 PM       4      0.00      0.00     96.94      0.00      0.00      3.06
02:59:22 PM       8      2.00      0.00     95.00      0.00      0.00      3.00
02:59:22 PM      12      2.06      0.00     94.85      0.00      0.00      3.09
02:59:22 PM      16      1.01      0.00     95.96      0.00      0.00      3.03
02:59:22 PM      20      1.04      0.00     96.88      0.00      0.00      2.08

02:59:22 PM     CPU     %user     %nice   %system   %iowait    %steal     %idle
02:59:23 PM       4      2.00      0.00     91.00      0.00      0.00      7.00
02:59:23 PM       8      0.00      0.00     96.91      0.00      0.00      3.09
02:59:23 PM      12      2.00      0.00     94.00      0.00      0.00      4.00
02:59:23 PM      16      2.06      0.00     94.85      0.00      0.00      3.09
02:59:23 PM      20      1.01      0.00     94.95      0.00      0.00      4.04

02:59:23 PM     CPU     %user     %nice   %system   %iowait    %steal     %idle
02:59:24 PM       4      1.02      0.00     95.92      0.00      0.00      3.06
02:59:24 PM       8      0.00      0.00     96.00      0.00      0.00      4.00
02:59:24 PM      12      2.06      0.00     93.81      0.00      0.00      4.12
02:59:24 PM      16      0.00      0.00     96.94      0.00      0.00      3.06
02:59:24 PM      20      1.04      0.00     95.83      0.00      0.00      3.12

02:59:24 PM     CPU     %user     %nice   %system   %iowait    %steal     %idle
02:59:25 PM       4      0.00      0.00     96.94      0.00      0.00      3.06
02:59:25 PM       8      0.00      0.00     96.84      0.00      0.00      3.16
02:59:25 PM      12      2.04      0.00     94.90      0.00      0.00      3.06
02:59:25 PM      16      2.13      0.00     94.68      0.00      0.00      3.19
02:59:25 PM      20      2.00      0.00     95.00      0.00      0.00      3.00

02:59:25 PM     CPU     %user     %nice   %system   %iowait    %steal     %idle
02:59:26 PM       4      2.04      0.00     95.92      0.00      0.00      2.04
02:59:26 PM       8      2.04      0.00     94.90      0.00      0.00      3.06
02:59:26 PM      12      0.99      0.00     96.04      0.00      0.00      2.97
02:59:26 PM      16      1.02      0.00     95.92      0.00      0.00      3.06
02:59:26 PM      20      1.02      0.00     95.92      0.00      0.00      3.06

02:59:26 PM     CPU     %user     %nice   %system   %iowait    %steal     %idle
02:59:27 PM       4      0.00      0.00     95.96      0.00      0.00      4.04
02:59:27 PM       8      1.01      0.00     94.95      0.00      0.00      4.04
02:59:27 PM      12      2.02      0.00     93.94      0.00      0.00      4.04
02:59:27 PM      16      3.03      0.00     93.94      0.00      0.00      3.03
02:59:27 PM      20      1.01      0.00     95.96      0.00      0.00      3.03

02:59:27 PM     CPU     %user     %nice   %system   %iowait    %steal     %idle
02:59:28 PM       4      1.00      0.00     96.00      0.00      0.00      3.00
02:59:28 PM       8      2.04      0.00     94.90      0.00      0.00      3.06
02:59:28 PM      12      0.00      0.00     96.97      0.00      0.00      3.03
02:59:28 PM      16      1.05      0.00     95.79      0.00      0.00      3.16
02:59:28 PM      20      1.03      0.00     94.85      0.00      0.00      4.12

02:59:28 PM     CPU     %user     %nice   %system   %iowait    %steal     %idle
02:59:29 PM       4      0.00      0.00     96.94      0.00      0.00      3.06
02:59:29 PM       8      1.03      0.00     95.88      0.00      0.00      3.09
02:59:29 PM      12      0.00      0.00     95.92      0.00      0.00      4.08
02:59:29 PM      16      1.02      0.00     94.90      0.00      0.00      4.08
02:59:29 PM      20      1.04      0.00     95.83      0.00      0.00      3.12

02:59:29 PM     CPU     %user     %nice   %system   %iowait    %steal     %idle
02:59:30 PM       4      1.03      0.00     95.88      0.00      0.00      3.09
02:59:30 PM       8      0.00      0.00     95.88      0.00      0.00      4.12
02:59:30 PM      12      0.00      0.00     96.91      0.00      0.00      3.09
02:59:30 PM      16      1.01      0.00     94.95      0.00      0.00      4.04
02:59:30 PM      20      2.04      0.00     94.90      0.00      0.00      3.06

02:59:30 PM     CPU     %user     %nice   %system   %iowait    %steal     %idle
02:59:31 PM       4      2.00      0.00     94.00      0.00      0.00      4.00
02:59:31 PM       8      2.02      0.00     94.95      0.00      0.00      3.03
02:59:31 PM      12      1.00      0.00     96.00      0.00      0.00      3.00
02:59:31 PM      16      0.00      0.00     88.89      0.00      0.00     11.11
02:59:31 PM      20      1.04      0.00     94.79      0.00      0.00      4.17

02:59:31 PM     CPU     %user     %nice   %system   %iowait    %steal     %idle
02:59:32 PM       4      2.04      0.00     94.90      0.00      0.00      3.06
02:59:32 PM       8      1.02      0.00     94.90      0.00      0.00      4.08
02:59:32 PM      12      1.03      0.00     93.81      0.00      0.00      5.15
02:59:32 PM      16      0.99      0.00     86.14      0.00      0.00     12.87
02:59:32 PM      20      0.00      0.00     95.96      0.00      0.00      4.04

02:59:32 PM     CPU     %user     %nice   %system   %iowait    %steal     %idle
02:59:33 PM       4      1.02      0.00     95.92      0.00      0.00      3.06
02:59:33 PM       8      1.04      0.00     95.83      0.00      0.00      3.12
02:59:33 PM      12      2.02      0.00     94.95      0.00      0.00      3.03
02:59:33 PM      16      1.03      0.00     94.85      0.00      0.00      4.12
02:59:33 PM      20      2.02      0.00     95.96      0.00      0.00      2.02

02:59:33 PM     CPU     %user     %nice   %system   %iowait    %steal     %idle
02:59:34 PM       4      0.00      0.00     96.91      0.00      0.00      3.09
02:59:34 PM       8      2.00      0.00     95.00      0.00      0.00      3.00
02:59:34 PM      12      0.00      0.00     95.83      0.00      0.00      4.17
02:59:34 PM      16      1.00      0.00     96.00      0.00      0.00      3.00
02:59:34 PM      20      1.04      0.00     95.83      0.00      0.00      3.12

02:59:34 PM     CPU     %user     %nice   %system   %iowait    %steal     %idle
02:59:35 PM       4      1.01      0.00     95.96      0.00      0.00      3.03
02:59:35 PM       8      1.00      0.00     96.00      0.00      0.00      3.00
02:59:35 PM      12      2.08      0.00     94.79      0.00      0.00      3.12
02:59:35 PM      16      1.04      0.00     85.42      0.00      0.00     13.54
02:59:35 PM      20      2.06      0.00     93.81      0.00      0.00      4.12

02:59:35 PM     CPU     %user     %nice   %system   %iowait    %steal     %idle
02:59:36 PM       4      1.01      0.00     94.95      0.00      0.00      4.04
02:59:36 PM       8      0.00      0.00     96.91      0.00      0.00      3.09
02:59:36 PM      12      1.01      0.00     94.95      0.00      0.00      4.04
02:59:36 PM      16      1.01      0.00     95.96      0.00      0.00      3.03
02:59:36 PM      20      1.02      0.00     95.92      0.00      0.00      3.06

02:59:36 PM     CPU     %user     %nice   %system   %iowait    %steal     %idle
02:59:37 PM       4      1.00      0.00     96.00      0.00      0.00      3.00
02:59:37 PM       8      1.03      0.00     95.88      0.00      0.00      3.09
02:59:37 PM      12      1.01      0.00     95.96      0.00      0.00      3.03
02:59:37 PM      16      2.04      0.00     93.88      0.00      0.00      4.08
02:59:37 PM      20      1.02      0.00     95.92      0.00      0.00      3.06
