Linux 6.0.3+ (genie03) 	12/21/2023 	_x86_64_	(64 CPU)

03:10:01 PM     CPU     %user     %nice   %system   %iowait    %steal     %idle
03:10:02 PM       4      0.00      0.00     88.89      0.00      0.00     11.11
03:10:02 PM       8      0.97      0.00     88.35      0.00      0.00     10.68
03:10:02 PM      12      0.96      0.00     86.54      0.00      0.00     12.50
03:10:02 PM      16      0.95      0.00     84.76      0.00      0.00     14.29
03:10:02 PM      20      0.98      0.00     91.18      0.00      0.00      7.84

03:10:02 PM     CPU     %user     %nice   %system   %iowait    %steal     %idle
03:10:03 PM       4      0.97      0.00     87.38      0.00      0.00     11.65
03:10:03 PM       8      0.00      0.00     87.25      0.00      0.00     12.75
03:10:03 PM      12      1.92      0.00     84.62      0.00      0.00     13.46
03:10:03 PM      16      0.00      0.00     87.38      0.00      0.00     12.62
03:10:03 PM      20      0.97      0.00     90.29      0.00      0.00      8.74

03:10:03 PM     CPU     %user     %nice   %system   %iowait    %steal     %idle
03:10:04 PM       4      0.98      0.00     91.18      0.00      0.00      7.84
03:10:04 PM       8      0.00      0.00     89.00      0.00      0.00     11.00
03:10:04 PM      12      0.00      0.00     89.22      0.00      0.00     10.78
03:10:04 PM      16      1.00      0.00     89.00      0.00      0.00     10.00
03:10:04 PM      20      0.00      0.00     84.85      0.00      0.00     15.15

03:10:04 PM     CPU     %user     %nice   %system   %iowait    %steal     %idle
03:10:05 PM       4      0.00      0.00     86.14      0.00      0.00     13.86
03:10:05 PM       8      0.00      0.00     85.15      0.00      0.00     14.85
03:10:05 PM      12      0.97      0.00     89.32      0.00      0.00      9.71
03:10:05 PM      16      1.92      0.00     85.58      0.00      0.00     12.50
03:10:05 PM      20      0.97      0.00     88.35      0.00      0.00     10.68

03:10:05 PM     CPU     %user     %nice   %system   %iowait    %steal     %idle
03:10:06 PM       4      0.00      0.00     87.00      0.00      0.00     13.00
03:10:06 PM       8      0.00      0.00     86.41      0.00      0.00     13.59
03:10:06 PM      12      0.98      0.00     88.24      0.00      0.00     10.78
03:10:06 PM      16      0.00      0.00     89.32      0.00      0.00     10.68
03:10:06 PM      20      0.00      0.00     89.62      0.00      0.00     10.38

03:10:06 PM     CPU     %user     %nice   %system   %iowait    %steal     %idle
03:10:07 PM       4      1.92      0.00     84.62      0.00      0.00     13.46
03:10:07 PM       8      0.00      0.00     90.91      0.00      0.00      9.09
03:10:07 PM      12      0.00      0.00     91.26      0.00      0.00      8.74
03:10:07 PM      16      0.00      0.00     84.91      0.00      0.00     15.09
03:10:07 PM      20      0.00      0.00     85.15      0.00      0.00     14.85

03:10:07 PM     CPU     %user     %nice   %system   %iowait    %steal     %idle
03:10:08 PM       4      0.99      0.00     84.16      0.00      0.00     14.85
03:10:08 PM       8      0.98      0.00     87.25      0.00      0.00     11.76
03:10:08 PM      12      0.00      0.00     86.79      0.00      0.00     13.21
03:10:08 PM      16      0.00      0.00     88.46      0.00      0.00     11.54
03:10:08 PM      20      1.96      0.00     86.27      0.00      0.00     11.76

03:10:08 PM     CPU     %user     %nice   %system   %iowait    %steal     %idle
03:10:09 PM       4      1.01      0.00     85.86      0.00      0.00     13.13
03:10:09 PM       8      0.00      0.00     89.00      0.00      0.00     11.00
03:10:09 PM      12      0.00      0.00     90.20      0.00      0.00      9.80
03:10:09 PM      16      0.00      0.00     89.11      0.00      0.00     10.89
03:10:09 PM      20      2.00      0.00     90.00      0.00      0.00      8.00

03:10:09 PM     CPU     %user     %nice   %system   %iowait    %steal     %idle
03:10:10 PM       4      0.97      0.00     85.44      0.00      0.00     13.59
03:10:10 PM       8      0.99      0.00     88.12      0.00      0.00     10.89
03:10:10 PM      12      0.00      0.00     90.38      0.00      0.00      9.62
03:10:10 PM      16      0.96      0.00     87.50      0.00      0.00     11.54
03:10:10 PM      20      0.98      0.00     86.27      0.00      0.00     12.75

03:10:10 PM     CPU     %user     %nice   %system   %iowait    %steal     %idle
03:10:11 PM       4      1.00      0.00     88.00      0.00      0.00     11.00
03:10:11 PM       8      0.00      0.00     86.41      0.00      0.00     13.59
03:10:11 PM      12      0.00      0.00     90.00      0.00      0.00     10.00
03:10:11 PM      16      0.98      0.00     90.20      0.00      0.00      8.82
03:10:11 PM      20      0.00      0.00     83.00      0.00      0.00     17.00

03:10:11 PM     CPU     %user     %nice   %system   %iowait    %steal     %idle
03:10:12 PM       4      0.98      0.00     90.20      0.00      0.00      8.82
03:10:12 PM       8      0.99      0.00     86.14      0.00      0.00     12.87
03:10:12 PM      12      1.96      0.00     89.22      0.00      0.00      8.82
03:10:12 PM      16      1.98      0.00     87.13      0.00      0.00     10.89
03:10:12 PM      20      1.98      0.00     86.14      0.00      0.00     11.88

03:10:12 PM     CPU     %user     %nice   %system   %iowait    %steal     %idle
03:10:13 PM       4      0.98      0.00     86.27      0.00      0.00     12.75
03:10:13 PM       8      0.97      0.00     87.38      0.00      0.00     11.65
03:10:13 PM      12      0.00      0.00     87.38      0.00      0.00     12.62
03:10:13 PM      16      0.00      0.00     89.42      0.00      0.00     10.58
03:10:13 PM      20      0.98      0.00     86.27      0.00      0.00     12.75

03:10:13 PM     CPU     %user     %nice   %system   %iowait    %steal     %idle
03:10:14 PM       4      0.00      0.00     88.54      0.00      0.00     11.46
03:10:14 PM       8      0.00      0.00     87.88      0.00      0.00     12.12
03:10:14 PM      12      0.96      0.00     87.50      0.00      0.00     11.54
03:10:14 PM      16      1.98      0.00     82.18      0.00      0.00     15.84
03:10:14 PM      20      0.95      0.00     87.62      0.00      0.00     11.43

03:10:14 PM     CPU     %user     %nice   %system   %iowait    %steal     %idle
03:10:15 PM       4      1.87      0.00     85.98      0.00      0.00     12.15
03:10:15 PM       8      1.00      0.00     84.00      0.00      0.00     15.00
03:10:15 PM      12      0.97      0.00     87.38      0.00      0.00     11.65
03:10:15 PM      16      0.93      0.00     86.11      0.00      0.00     12.96
03:10:15 PM      20      0.98      0.00     88.24      0.00      0.00     10.78

03:10:15 PM     CPU     %user     %nice   %system   %iowait    %steal     %idle
03:10:16 PM       4      0.99      0.00     88.12      0.00      0.00     10.89
03:10:16 PM       8      1.96      0.00     85.29      0.00      0.00     12.75
03:10:16 PM      12      0.97      0.00     87.38      0.00      0.00     11.65
03:10:16 PM      16      0.00      0.00     87.38      0.00      0.00     12.62
03:10:16 PM      20      0.00      0.00     83.00      0.00      0.00     17.00

03:10:16 PM     CPU     %user     %nice   %system   %iowait    %steal     %idle
03:10:17 PM       4      0.00      0.00     89.22      0.00      0.00     10.78
03:10:17 PM       8      0.00      0.00     91.00      0.00      0.00      9.00
03:10:17 PM      12      0.99      0.00     88.12      0.00      0.00     10.89
03:10:17 PM      16      0.00      0.00     82.00      0.00      0.00     18.00
03:10:17 PM      20      0.00      0.00     87.00      0.00      0.00     13.00

03:10:17 PM     CPU     %user     %nice   %system   %iowait    %steal     %idle
03:10:18 PM       4      0.97      0.00     88.35      0.00      0.00     10.68
03:10:18 PM       8      0.99      0.00     86.14      0.00      0.00     12.87
03:10:18 PM      12      0.99      0.00     87.13      0.00      0.00     11.88
03:10:18 PM      16      0.98      0.00     84.31      0.00      0.00     14.71
03:10:18 PM      20      0.00      0.00     87.25      0.00      0.00     12.75

03:10:18 PM     CPU     %user     %nice   %system   %iowait    %steal     %idle
03:10:19 PM       4      0.00      0.00     89.69      0.00      0.00     10.31
03:10:19 PM       8      1.02      0.00     91.84      0.00      0.00      7.14
03:10:19 PM      12      0.00      0.00     89.11      0.00      0.00     10.89
03:10:19 PM      16      0.00      0.00     90.00      0.00      0.00     10.00
03:10:19 PM      20      0.00      0.00     87.25      0.00      0.00     12.75

03:10:19 PM     CPU     %user     %nice   %system   %iowait    %steal     %idle
03:10:20 PM       4      0.00      0.00     88.12      0.00      0.00     11.88
03:10:20 PM       8      0.00      0.00     90.20      0.00      0.00      9.80
03:10:20 PM      12      0.99      0.00     84.16      0.00      0.00     14.85
03:10:20 PM      16      0.99      0.00     90.10      0.00      0.00      8.91
03:10:20 PM      20      0.97      0.00     89.32      0.00      0.00      9.71

03:10:20 PM     CPU     %user     %nice   %system   %iowait    %steal     %idle
03:10:21 PM       4      0.00      0.00     88.35      0.00      0.00     11.65
03:10:21 PM       8      1.01      0.00     91.92      0.00      0.00      7.07
03:10:21 PM      12      1.96      0.00     84.31      0.00      0.00     13.73
03:10:21 PM      16      1.01      0.00     87.88      0.00      0.00     11.11
03:10:21 PM      20      0.93      0.00     86.92      0.00      0.00     12.15

03:10:21 PM     CPU     %user     %nice   %system   %iowait    %steal     %idle
03:10:22 PM       4      1.92      0.00     86.54      0.00      0.00     11.54
03:10:22 PM       8      0.94      0.00     84.91      0.00      0.00     14.15
03:10:22 PM      12      0.00      0.00     86.73      0.00      0.00     13.27
03:10:22 PM      16      0.00      0.00     90.00      0.00      0.00     10.00
03:10:22 PM      20      0.00      0.00     92.00      0.00      0.00      8.00

03:10:22 PM     CPU     %user     %nice   %system   %iowait    %steal     %idle
03:10:23 PM       4      1.00      0.00     87.00      0.00      0.00     12.00
03:10:23 PM       8      0.97      0.00     87.38      0.00      0.00     11.65
03:10:23 PM      12      0.99      0.00     84.16      0.00      0.00     14.85
03:10:23 PM      16      0.98      0.00     85.29      0.00      0.00     13.73
03:10:23 PM      20      0.00      0.00     86.14      0.00      0.00     13.86

03:10:23 PM     CPU     %user     %nice   %system   %iowait    %steal     %idle
03:10:24 PM       4      0.00      0.00     88.12      0.00      0.00     11.88
03:10:24 PM       8      0.00      0.00     84.85      0.00      0.00     15.15
03:10:24 PM      12      1.00      0.00     85.00      0.00      0.00     14.00
03:10:24 PM      16      0.99      0.00     82.18      0.00      0.00     16.83
03:10:24 PM      20      1.96      0.00     86.27      0.00      0.00     11.76

03:10:24 PM     CPU     %user     %nice   %system   %iowait    %steal     %idle
03:10:25 PM       4      0.97      0.00     88.35      0.00      0.00     10.68
03:10:25 PM       8      0.00      0.00     88.12      0.00      0.00     11.88
03:10:25 PM      12      1.94      0.00     85.44      0.00      0.00     12.62
03:10:25 PM      16      0.93      0.00     85.98      0.00      0.00     13.08
03:10:25 PM      20      0.00      0.00     89.32      0.00      0.00     10.68

03:10:25 PM     CPU     %user     %nice   %system   %iowait    %steal     %idle
03:10:26 PM       4      0.98      0.00     85.29      0.00      0.00     13.73
03:10:26 PM       8      0.96      0.00     88.46      0.00      0.00     10.58
03:10:26 PM      12      1.94      0.00     88.35      0.00      0.00      9.71
03:10:26 PM      16      0.97      0.00     88.35      0.00      0.00     10.68
03:10:26 PM      20      0.00      0.00     84.62      0.00      0.00     15.38
