Linux 6.0.3+ (genie03) 	12/21/2023 	_x86_64_	(64 CPU)

02:55:35 PM     CPU     %user     %nice   %system   %iowait    %steal     %idle
02:55:36 PM       4      0.99      0.00     99.01      0.00      0.00      0.00
02:55:36 PM       8      0.00      0.00    100.00      0.00      0.00      0.00
02:55:36 PM      12      0.99      0.00     99.01      0.00      0.00      0.00
02:55:36 PM      16      0.00      0.00    100.00      0.00      0.00      0.00
02:55:36 PM      20      0.00      0.00    100.00      0.00      0.00      0.00

02:55:36 PM     CPU     %user     %nice   %system   %iowait    %steal     %idle
02:55:37 PM       4      0.99      0.00     99.01      0.00      0.00      0.00
02:55:37 PM       8      0.00      0.00    100.00      0.00      0.00      0.00
02:55:37 PM      12      0.00      0.00    100.00      0.00      0.00      0.00
02:55:37 PM      16      1.00      0.00     99.00      0.00      0.00      0.00
02:55:37 PM      20      0.00      0.00    100.00      0.00      0.00      0.00

02:55:37 PM     CPU     %user     %nice   %system   %iowait    %steal     %idle
02:55:38 PM       4      0.00      0.00    100.00      0.00      0.00      0.00
02:55:38 PM       8      0.00      0.00    100.00      0.00      0.00      0.00
02:55:38 PM      12      0.00      0.00    100.00      0.00      0.00      0.00
02:55:38 PM      16      0.00      0.00    100.00      0.00      0.00      0.00
02:55:38 PM      20      0.00      0.00    100.00      0.00      0.00      0.00

02:55:38 PM     CPU     %user     %nice   %system   %iowait    %steal     %idle
02:55:39 PM       4      0.00      0.00    100.00      0.00      0.00      0.00
02:55:39 PM       8      0.99      0.00     99.01      0.00      0.00      0.00
02:55:39 PM      12      0.00      0.00    100.00      0.00      0.00      0.00
02:55:39 PM      16      0.00      0.00    100.00      0.00      0.00      0.00
02:55:39 PM      20      0.99      0.00     99.01      0.00      0.00      0.00

02:55:39 PM     CPU     %user     %nice   %system   %iowait    %steal     %idle
02:55:40 PM       4      0.00      0.00    100.00      0.00      0.00      0.00
02:55:40 PM       8      0.00      0.00    100.00      0.00      0.00      0.00
02:55:40 PM      12      0.00      0.00    100.00      0.00      0.00      0.00
02:55:40 PM      16      0.00      0.00    100.00      0.00      0.00      0.00
02:55:40 PM      20      0.00      0.00    100.00      0.00      0.00      0.00

02:55:40 PM     CPU     %user     %nice   %system   %iowait    %steal     %idle
02:55:41 PM       4      1.00      0.00     99.00      0.00      0.00      0.00
02:55:41 PM       8      0.00      0.00    100.00      0.00      0.00      0.00
02:55:41 PM      12      0.00      0.00    100.00      0.00      0.00      0.00
02:55:41 PM      16      0.99      0.00     99.01      0.00      0.00      0.00
02:55:41 PM      20      0.00      0.00    100.00      0.00      0.00      0.00

02:55:41 PM     CPU     %user     %nice   %system   %iowait    %steal     %idle
02:55:42 PM       4      0.99      0.00     99.01      0.00      0.00      0.00
02:55:42 PM       8      0.00      0.00    100.00      0.00      0.00      0.00
02:55:42 PM      12      0.00      0.00    100.00      0.00      0.00      0.00
02:55:42 PM      16      0.00      0.00    100.00      0.00      0.00      0.00
02:55:42 PM      20      0.00      0.00    100.00      0.00      0.00      0.00

02:55:42 PM     CPU     %user     %nice   %system   %iowait    %steal     %idle
02:55:43 PM       4      0.00      0.00    100.00      0.00      0.00      0.00
02:55:43 PM       8      0.00      0.00    100.00      0.00      0.00      0.00
02:55:43 PM      12      0.99      0.00     99.01      0.00      0.00      0.00
02:55:43 PM      16      0.00      0.00    100.00      0.00      0.00      0.00
02:55:43 PM      20      0.00      0.00    100.00      0.00      0.00      0.00

02:55:43 PM     CPU     %user     %nice   %system   %iowait    %steal     %idle
02:55:44 PM       4      2.00      0.00     98.00      0.00      0.00      0.00
02:55:44 PM       8      0.99      0.00     99.01      0.00      0.00      0.00
02:55:44 PM      12      0.00      0.00    100.00      0.00      0.00      0.00
02:55:44 PM      16      0.00      0.00    100.00      0.00      0.00      0.00
02:55:44 PM      20      1.00      0.00     99.00      0.00      0.00      0.00

02:55:44 PM     CPU     %user     %nice   %system   %iowait    %steal     %idle
02:55:45 PM       4      0.00      0.00    100.00      0.00      0.00      0.00
02:55:45 PM       8      0.00      0.00    100.00      0.00      0.00      0.00
02:55:45 PM      12      0.00      0.00    100.00      0.00      0.00      0.00
02:55:45 PM      16      1.00      0.00     99.00      0.00      0.00      0.00
02:55:45 PM      20      0.00      0.00    100.00      0.00      0.00      0.00

02:55:45 PM     CPU     %user     %nice   %system   %iowait    %steal     %idle
02:55:46 PM       4      0.00      0.00    100.00      0.00      0.00      0.00
02:55:46 PM       8      1.00      0.00     99.00      0.00      0.00      0.00
02:55:46 PM      12      0.99      0.00     99.01      0.00      0.00      0.00
02:55:46 PM      16      0.99      0.00     99.01      0.00      0.00      0.00
02:55:46 PM      20      0.00      0.00    100.00      0.00      0.00      0.00

02:55:46 PM     CPU     %user     %nice   %system   %iowait    %steal     %idle
02:55:47 PM       4      1.00      0.00     99.00      0.00      0.00      0.00
02:55:47 PM       8      0.00      0.00    100.00      0.00      0.00      0.00
02:55:47 PM      12      0.00      0.00    100.00      0.00      0.00      0.00
02:55:47 PM      16      0.00      0.00    100.00      0.00      0.00      0.00
02:55:47 PM      20      1.01      0.00     98.99      0.00      0.00      0.00

02:55:47 PM     CPU     %user     %nice   %system   %iowait    %steal     %idle
02:55:48 PM       4      0.99      0.00     99.01      0.00      0.00      0.00
02:55:48 PM       8      0.99      0.00     99.01      0.00      0.00      0.00
02:55:48 PM      12      0.99      0.00     99.01      0.00      0.00      0.00
02:55:48 PM      16      0.99      0.00     99.01      0.00      0.00      0.00
02:55:48 PM      20      1.98      0.00     98.02      0.00      0.00      0.00

02:55:48 PM     CPU     %user     %nice   %system   %iowait    %steal     %idle
02:55:49 PM       4      0.00      0.00    100.00      0.00      0.00      0.00
02:55:49 PM       8      0.00      0.00    100.00      0.00      0.00      0.00
02:55:49 PM      12      1.00      0.00     99.00      0.00      0.00      0.00
02:55:49 PM      16      0.00      0.00    100.00      0.00      0.00      0.00
02:55:49 PM      20      0.00      0.00    100.00      0.00      0.00      0.00

02:55:49 PM     CPU     %user     %nice   %system   %iowait    %steal     %idle
02:55:50 PM       4      0.00      0.00    100.00      0.00      0.00      0.00
02:55:50 PM       8      0.00      0.00    100.00      0.00      0.00      0.00
02:55:50 PM      12      0.00      0.00    100.00      0.00      0.00      0.00
02:55:50 PM      16      0.00      0.00    100.00      0.00      0.00      0.00
02:55:50 PM      20      0.99      0.00     99.01      0.00      0.00      0.00

02:55:50 PM     CPU     %user     %nice   %system   %iowait    %steal     %idle
02:55:51 PM       4      1.01      0.00     98.99      0.00      0.00      0.00
02:55:51 PM       8      0.99      0.00     99.01      0.00      0.00      0.00
02:55:51 PM      12      1.00      0.00     99.00      0.00      0.00      0.00
02:55:51 PM      16      0.99      0.00     99.01      0.00      0.00      0.00
02:55:51 PM      20      0.00      0.00    100.00      0.00      0.00      0.00

02:55:51 PM     CPU     %user     %nice   %system   %iowait    %steal     %idle
02:55:52 PM       4      0.00      0.00    100.00      0.00      0.00      0.00
02:55:52 PM       8      0.00      0.00    100.00      0.00      0.00      0.00
02:55:52 PM      12      0.00      0.00    100.00      0.00      0.00      0.00
02:55:52 PM      16      0.00      0.00    100.00      0.00      0.00      0.00
02:55:52 PM      20      0.00      0.00    100.00      0.00      0.00      0.00

02:55:52 PM     CPU     %user     %nice   %system   %iowait    %steal     %idle
02:55:53 PM       4      0.00      0.00    100.00      0.00      0.00      0.00
02:55:53 PM       8      0.99      0.00     99.01      0.00      0.00      0.00
02:55:53 PM      12      1.00      0.00     99.00      0.00      0.00      0.00
02:55:53 PM      16      1.00      0.00     99.00      0.00      0.00      0.00
02:55:53 PM      20      0.00      0.00    100.00      0.00      0.00      0.00

02:55:53 PM     CPU     %user     %nice   %system   %iowait    %steal     %idle
02:55:54 PM       4      1.00      0.00     99.00      0.00      0.00      0.00
02:55:54 PM       8      0.00      0.00    100.00      0.00      0.00      0.00
02:55:54 PM      12      1.01      0.00     98.99      0.00      0.00      0.00
02:55:54 PM      16      1.00      0.00     99.00      0.00      0.00      0.00
02:55:54 PM      20      0.00      0.00    100.00      0.00      0.00      0.00

02:55:54 PM     CPU     %user     %nice   %system   %iowait    %steal     %idle
02:55:55 PM       4      1.00      0.00     99.00      0.00      0.00      0.00
02:55:55 PM       8      1.98      0.00     98.02      0.00      0.00      0.00
02:55:55 PM      12      0.00      0.00    100.00      0.00      0.00      0.00
02:55:55 PM      16      0.00      0.00    100.00      0.00      0.00      0.00
02:55:55 PM      20      1.00      0.00     99.00      0.00      0.00      0.00

02:55:55 PM     CPU     %user     %nice   %system   %iowait    %steal     %idle
02:55:56 PM       4      1.00      0.00     99.00      0.00      0.00      0.00
02:55:56 PM       8      0.00      0.00    100.00      0.00      0.00      0.00
02:55:56 PM      12      0.00      0.00    100.00      0.00      0.00      0.00
02:55:56 PM      16      0.00      0.00    100.00      0.00      0.00      0.00
02:55:56 PM      20      0.00      0.00    100.00      0.00      0.00      0.00

02:55:56 PM     CPU     %user     %nice   %system   %iowait    %steal     %idle
02:55:57 PM       4      0.00      0.00    100.00      0.00      0.00      0.00
02:55:57 PM       8      1.00      0.00     99.00      0.00      0.00      0.00
02:55:57 PM      12      0.99      0.00     99.01      0.00      0.00      0.00
02:55:57 PM      16      0.99      0.00     99.01      0.00      0.00      0.00
02:55:57 PM      20      0.99      0.00     99.01      0.00      0.00      0.00

02:55:57 PM     CPU     %user     %nice   %system   %iowait    %steal     %idle
02:55:58 PM       4      0.00      0.00    100.00      0.00      0.00      0.00
02:55:58 PM       8      1.00      0.00     99.00      0.00      0.00      0.00
02:55:58 PM      12      0.00      0.00    100.00      0.00      0.00      0.00
02:55:58 PM      16      0.00      0.00    100.00      0.00      0.00      0.00
02:55:58 PM      20      0.00      0.00    100.00      0.00      0.00      0.00

02:55:58 PM     CPU     %user     %nice   %system   %iowait    %steal     %idle
02:55:59 PM       4      0.00      0.00    100.00      0.00      0.00      0.00
02:55:59 PM       8      1.00      0.00     99.00      0.00      0.00      0.00
02:55:59 PM      12      0.00      0.00    100.00      0.00      0.00      0.00
02:55:59 PM      16      0.00      0.00    100.00      0.00      0.00      0.00
02:55:59 PM      20      0.00      0.00    100.00      0.00      0.00      0.00

02:55:59 PM     CPU     %user     %nice   %system   %iowait    %steal     %idle
02:56:00 PM       4      1.00      0.00     99.00      0.00      0.00      0.00
02:56:00 PM       8      0.00      0.00    100.00      0.00      0.00      0.00
02:56:00 PM      12      0.00      0.00    100.00      0.00      0.00      0.00
02:56:00 PM      16      0.99      0.00     99.01      0.00      0.00      0.00
02:56:00 PM      20      0.00      0.00    100.00      0.00      0.00      0.00
