Linux 6.0.3 (genie03) 	09/05/2023 	_x86_64_	(64 CPU)

08:39:35 PM     CPU     %user     %nice   %system   %iowait    %steal     %idle
08:39:36 PM       4      1.03      0.00     95.88      0.00      0.00      3.09
08:39:36 PM       8      2.11      0.00     94.74      0.00      0.00      3.16
08:39:36 PM      12      1.03      0.00     95.88      0.00      0.00      3.09
08:39:36 PM      16      2.08      0.00     94.79      0.00      0.00      3.12
08:39:36 PM      20      0.00      0.00     96.97      0.00      0.00      3.03

08:39:36 PM     CPU     %user     %nice   %system   %iowait    %steal     %idle
08:39:37 PM       4      1.00      0.00     96.00      0.00      0.00      3.00
08:39:37 PM       8      0.00      0.00     96.94      0.00      0.00      3.06
08:39:37 PM      12      2.02      0.00     94.95      0.00      0.00      3.03
08:39:37 PM      16      1.03      0.00     95.88      0.00      0.00      3.09
08:39:37 PM      20      1.04      0.00     96.88      0.00      0.00      2.08

08:39:37 PM     CPU     %user     %nice   %system   %iowait    %steal     %idle
08:39:38 PM       4      2.00      0.00     95.00      0.00      0.00      3.00
08:39:38 PM       8      3.06      0.00     93.88      0.00      0.00      3.06
08:39:38 PM      12      2.02      0.00     93.94      0.00      0.00      4.04
08:39:38 PM      16      1.05      0.00     95.79      0.00      0.00      3.16
08:39:38 PM      20      0.00      0.00     96.97      0.00      0.00      3.03

08:39:38 PM     CPU     %user     %nice   %system   %iowait    %steal     %idle
08:39:39 PM       4      0.00      0.00     96.88      0.00      0.00      3.12
08:39:39 PM       8      1.03      0.00     95.88      0.00      0.00      3.09
08:39:39 PM      12      1.03      0.00     95.88      0.00      0.00      3.09
08:39:39 PM      16      2.06      0.00     94.85      0.00      0.00      3.09
08:39:39 PM      20      2.02      0.00     94.95      0.00      0.00      3.03

08:39:39 PM     CPU     %user     %nice   %system   %iowait    %steal     %idle
08:39:40 PM       4      2.04      0.00     95.92      0.00      0.00      2.04
08:39:40 PM       8      2.11      0.00     94.74      0.00      0.00      3.16
08:39:40 PM      12      1.02      0.00     95.92      0.00      0.00      3.06
08:39:40 PM      16      0.00      0.00     96.97      0.00      0.00      3.03
08:39:40 PM      20      0.00      0.00     96.91      0.00      0.00      3.09

08:39:40 PM     CPU     %user     %nice   %system   %iowait    %steal     %idle
08:39:41 PM       4      1.03      0.00     95.88      0.00      0.00      3.09
08:39:41 PM       8      0.00      0.00     96.88      0.00      0.00      3.12
08:39:41 PM      12      2.06      0.00     94.85      0.00      0.00      3.09
08:39:41 PM      16      1.01      0.00     94.95      0.00      0.00      4.04
08:39:41 PM      20      2.02      0.00     94.95      0.00      0.00      3.03

08:39:41 PM     CPU     %user     %nice   %system   %iowait    %steal     %idle
08:39:42 PM       4      0.00      0.00     96.84      0.00      0.00      3.16
08:39:42 PM       8      1.02      0.00     95.92      0.00      0.00      3.06
08:39:42 PM      12      2.04      0.00     94.90      0.00      0.00      3.06
08:39:42 PM      16      1.01      0.00     95.96      0.00      0.00      3.03
08:39:42 PM      20      0.99      0.00     96.04      0.00      0.00      2.97

08:39:42 PM     CPU     %user     %nice   %system   %iowait    %steal     %idle
08:39:43 PM       4      1.02      0.00     95.92      0.00      0.00      3.06
08:39:43 PM       8      0.00      0.00     96.91      0.00      0.00      3.09
08:39:43 PM      12      0.00      0.00     96.04      0.00      0.00      3.96
08:39:43 PM      16      0.00      0.00     96.94      0.00      0.00      3.06
08:39:43 PM      20      1.02      0.00     95.92      0.00      0.00      3.06

08:39:43 PM     CPU     %user     %nice   %system   %iowait    %steal     %idle
08:39:44 PM       4      1.03      0.00     96.91      0.00      0.00      2.06
08:39:44 PM       8      2.02      0.00     94.95      0.00      0.00      3.03
08:39:44 PM      12      1.04      0.00     95.83      0.00      0.00      3.12
08:39:44 PM      16      2.06      0.00     94.85      0.00      0.00      3.09
08:39:44 PM      20      1.02      0.00     95.92      0.00      0.00      3.06

08:39:44 PM     CPU     %user     %nice   %system   %iowait    %steal     %idle
08:39:45 PM       4      0.00      0.00     96.91      0.00      0.00      3.09
08:39:45 PM       8      2.00      0.00     95.00      0.00      0.00      3.00
08:39:45 PM      12      1.06      0.00     95.74      0.00      0.00      3.19
08:39:45 PM      16      1.02      0.00     95.92      0.00      0.00      3.06
08:39:45 PM      20      1.02      0.00     96.94      0.00      0.00      2.04

08:39:45 PM     CPU     %user     %nice   %system   %iowait    %steal     %idle
08:39:46 PM       4      1.05      0.00     95.79      0.00      0.00      3.16
08:39:46 PM       8      0.00      0.00     95.83      0.00      0.00      4.17
08:39:46 PM      12      2.02      0.00     94.95      0.00      0.00      3.03
08:39:46 PM      16      1.03      0.00     94.85      0.00      0.00      4.12
08:39:46 PM      20      1.02      0.00     95.92      0.00      0.00      3.06

08:39:46 PM     CPU     %user     %nice   %system   %iowait    %steal     %idle
08:39:47 PM       4      1.04      0.00     96.88      0.00      0.00      2.08
08:39:47 PM       8      1.00      0.00     96.00      0.00      0.00      3.00
08:39:47 PM      12      2.02      0.00     93.94      0.00      0.00      4.04
08:39:47 PM      16      1.01      0.00     95.96      0.00      0.00      3.03
08:39:47 PM      20      1.02      0.00     95.92      0.00      0.00      3.06

08:39:47 PM     CPU     %user     %nice   %system   %iowait    %steal     %idle
08:39:48 PM       4      2.00      0.00     95.00      0.00      0.00      3.00
08:39:48 PM       8      3.03      0.00     93.94      0.00      0.00      3.03
08:39:48 PM      12      2.06      0.00     94.85      0.00      0.00      3.09
08:39:48 PM      16      1.03      0.00     95.88      0.00      0.00      3.09
08:39:48 PM      20      2.13      0.00     95.74      0.00      0.00      2.13

08:39:48 PM     CPU     %user     %nice   %system   %iowait    %steal     %idle
08:39:49 PM       4      1.00      0.00     96.00      0.00      0.00      3.00
08:39:49 PM       8      2.02      0.00     94.95      0.00      0.00      3.03
08:39:49 PM      12      2.00      0.00     95.00      0.00      0.00      3.00
08:39:49 PM      16      2.04      0.00     94.90      0.00      0.00      3.06
08:39:49 PM      20      1.01      0.00     95.96      0.00      0.00      3.03

08:39:49 PM     CPU     %user     %nice   %system   %iowait    %steal     %idle
08:39:50 PM       4      2.13      0.00     95.74      0.00      0.00      2.13
08:39:50 PM       8      1.04      0.00     94.79      0.00      0.00      4.17
08:39:50 PM      12      0.00      0.00     95.92      0.00      0.00      4.08
08:39:50 PM      16      0.00      0.00     96.88      0.00      0.00      3.12
08:39:50 PM      20      1.01      0.00     95.96      0.00      0.00      3.03
