Linux 6.0.3 (genie03) 	08/31/2023 	_x86_64_	(64 CPU)

01:31:12 PM     CPU     %user     %nice   %system   %iowait    %steal     %idle
01:31:13 PM       4      1.03      0.00     96.91      0.00      0.00      2.06
01:31:13 PM       8      0.00      0.00     96.94      0.00      0.00      3.06
01:31:13 PM      12      1.04      0.00     92.71      0.00      0.00      6.25
01:31:13 PM      16      3.03      0.00     92.93      0.00      0.00      4.04
01:31:13 PM      20      0.00      0.00     96.88      0.00      0.00      3.12

01:31:13 PM     CPU     %user     %nice   %system   %iowait    %steal     %idle
01:31:14 PM       4      1.04      0.00     96.88      0.00      0.00      2.08
01:31:14 PM       8      0.00      0.00     97.92      0.00      0.00      2.08
01:31:14 PM      12      1.06      0.00     96.81      0.00      0.00      2.13
01:31:14 PM      16      1.05      0.00     95.79      0.00      0.00      3.16
01:31:14 PM      20      2.02      0.00     94.95      0.00      0.00      3.03

01:31:14 PM     CPU     %user     %nice   %system   %iowait    %steal     %idle
01:31:15 PM       4      1.04      0.00     96.88      0.00      0.00      2.08
01:31:15 PM       8      1.04      0.00     95.83      0.00      0.00      3.12
01:31:15 PM      12      2.04      0.00     94.90      0.00      0.00      3.06
01:31:15 PM      16      2.08      0.00     94.79      0.00      0.00      3.12
01:31:15 PM      20      1.04      0.00     94.79      0.00      0.00      4.17

01:31:15 PM     CPU     %user     %nice   %system   %iowait    %steal     %idle
01:31:16 PM       4      0.00      0.00     97.92      0.00      0.00      2.08
01:31:16 PM       8      1.05      0.00     96.84      0.00      0.00      2.11
01:31:16 PM      12      1.04      0.00     95.83      0.00      0.00      3.12
01:31:16 PM      16      0.00      0.00     95.92      0.00      0.00      4.08
01:31:16 PM      20      1.04      0.00     95.83      0.00      0.00      3.12

01:31:16 PM     CPU     %user     %nice   %system   %iowait    %steal     %idle
01:31:17 PM       4      2.06      0.00     94.85      0.00      0.00      3.09
01:31:17 PM       8      2.11      0.00     95.79      0.00      0.00      2.11
01:31:17 PM      12      2.06      0.00     94.85      0.00      0.00      3.09
01:31:17 PM      16      0.99      0.00     96.04      0.00      0.00      2.97
01:31:17 PM      20      2.06      0.00     94.85      0.00      0.00      3.09

01:31:17 PM     CPU     %user     %nice   %system   %iowait    %steal     %idle
01:31:18 PM       4      1.05      0.00     94.74      0.00      0.00      4.21
01:31:18 PM       8      2.11      0.00     94.74      0.00      0.00      3.16
01:31:18 PM      12      0.00      0.00     96.77      0.00      0.00      3.23
01:31:18 PM      16      1.04      0.00     95.83      0.00      0.00      3.12
01:31:18 PM      20      0.00      0.00     94.79      0.00      0.00      5.21

01:31:18 PM     CPU     %user     %nice   %system   %iowait    %steal     %idle
01:31:19 PM       4      0.00      0.00     91.67      0.00      0.00      8.33
01:31:19 PM       8      2.06      0.00     95.88      0.00      0.00      2.06
01:31:19 PM      12      3.16      0.00     93.68      0.00      0.00      3.16
01:31:19 PM      16      2.11      0.00     94.74      0.00      0.00      3.16
01:31:19 PM      20      0.00      0.00     90.43      0.00      0.00      9.57

01:31:19 PM     CPU     %user     %nice   %system   %iowait    %steal     %idle
01:31:20 PM       4      2.02      0.00     88.89      0.00      0.00      9.09
01:31:20 PM       8      1.01      0.00     95.96      0.00      0.00      3.03
01:31:20 PM      12      0.00      0.00     96.84      0.00      0.00      3.16
01:31:20 PM      16      1.05      0.00     95.79      0.00      0.00      3.16
01:31:20 PM      20      0.00      0.00     89.69      0.00      0.00     10.31

01:31:20 PM     CPU     %user     %nice   %system   %iowait    %steal     %idle
01:31:21 PM       4      2.04      0.00     88.78      0.00      0.00      9.18
01:31:21 PM       8      0.00      0.00     96.94      0.00      0.00      3.06
01:31:21 PM      12      2.11      0.00     94.74      0.00      0.00      3.16
01:31:21 PM      16      3.00      0.00     93.00      0.00      0.00      4.00
01:31:21 PM      20      2.17      0.00     88.04      0.00      0.00      9.78

01:31:21 PM     CPU     %user     %nice   %system   %iowait    %steal     %idle
01:31:22 PM       4      0.00      0.00     90.53      0.00      0.00      9.47
01:31:22 PM       8      1.02      0.00     95.92      0.00      0.00      3.06
01:31:22 PM      12      1.04      0.00     95.83      0.00      0.00      3.12
01:31:22 PM      16      0.00      0.00     96.81      0.00      0.00      3.19
01:31:22 PM      20      1.01      0.00     89.90      0.00      0.00      9.09

01:31:22 PM     CPU     %user     %nice   %system   %iowait    %steal     %idle
01:31:23 PM       4      0.00      0.00     91.92      0.00      0.00      8.08
01:31:23 PM       8      2.13      0.00     95.74      0.00      0.00      2.13
01:31:23 PM      12      1.06      0.00     95.74      0.00      0.00      3.19
01:31:23 PM      16      2.11      0.00     94.74      0.00      0.00      3.16
01:31:23 PM      20      1.04      0.00     89.58      0.00      0.00      9.38

01:31:23 PM     CPU     %user     %nice   %system   %iowait    %steal     %idle
01:31:24 PM       4      2.13      0.00     89.36      0.00      0.00      8.51
01:31:24 PM       8      0.00      0.00     96.94      0.00      0.00      3.06
01:31:24 PM      12      2.08      0.00     94.79      0.00      0.00      3.12
01:31:24 PM      16      1.05      0.00     95.79      0.00      0.00      3.16
01:31:24 PM      20      1.98      0.00     89.11      0.00      0.00      8.91

01:31:24 PM     CPU     %user     %nice   %system   %iowait    %steal     %idle
01:31:25 PM       4      0.00      0.00     90.82      0.00      0.00      9.18
01:31:25 PM       8      2.13      0.00     95.74      0.00      0.00      2.13
01:31:25 PM      12      3.16      0.00     93.68      0.00      0.00      3.16
01:31:25 PM      16      1.06      0.00     95.74      0.00      0.00      3.19
01:31:25 PM      20      0.00      0.00     90.32      0.00      0.00      9.68

01:31:25 PM     CPU     %user     %nice   %system   %iowait    %steal     %idle
01:31:26 PM       4      1.04      0.00     90.62      0.00      0.00      8.33
01:31:26 PM       8      2.97      0.00     94.06      0.00      0.00      2.97
01:31:26 PM      12      2.13      0.00     94.68      0.00      0.00      3.19
01:31:26 PM      16      2.08      0.00     95.83      0.00      0.00      2.08
01:31:26 PM      20      1.01      0.00     89.90      0.00      0.00      9.09

01:31:26 PM     CPU     %user     %nice   %system   %iowait    %steal     %idle
01:31:27 PM       4      1.04      0.00     94.79      0.00      0.00      4.17
01:31:27 PM       8      1.04      0.00     96.88      0.00      0.00      2.08
01:31:27 PM      12      3.09      0.00     93.81      0.00      0.00      3.09
01:31:27 PM      16      0.00      0.00     96.74      0.00      0.00      3.26
01:31:27 PM      20      1.03      0.00     90.72      0.00      0.00      8.25
