Linux 6.0.3 (genie03) 	08/31/2023 	_x86_64_	(64 CPU)

01:40:46 PM     CPU     %user     %nice   %system   %iowait    %steal     %idle
01:40:47 PM       4      4.04      0.00     89.90      0.00      0.00      6.06
01:40:47 PM       8      1.03      0.00     92.78      0.00      0.00      6.19
01:40:47 PM      12      2.13      0.00     91.49      0.00      0.00      6.38
01:40:47 PM      16      0.00      0.00     93.62      0.00      0.00      6.38
01:40:47 PM      20      0.00      0.00     93.68      0.00      0.00      6.32

01:40:47 PM     CPU     %user     %nice   %system   %iowait    %steal     %idle
01:40:48 PM       4      2.08      0.00     91.67      0.00      0.00      6.25
01:40:48 PM       8      0.00      0.00     93.68      0.00      0.00      6.32
01:40:48 PM      12      2.08      0.00     90.62      0.00      0.00      7.29
01:40:48 PM      16      2.04      0.00     91.84      0.00      0.00      6.12
01:40:48 PM      20      2.11      0.00     91.58      0.00      0.00      6.32

01:40:48 PM     CPU     %user     %nice   %system   %iowait    %steal     %idle
01:40:49 PM       4      1.09      0.00     93.48      0.00      0.00      5.43
01:40:49 PM       8      2.13      0.00     91.49      0.00      0.00      6.38
01:40:49 PM      12      5.15      0.00     88.66      0.00      0.00      6.19
01:40:49 PM      16      2.06      0.00     90.72      0.00      0.00      7.22
01:40:49 PM      20      3.30      0.00     90.11      0.00      0.00      6.59

01:40:49 PM     CPU     %user     %nice   %system   %iowait    %steal     %idle
01:40:50 PM       4      0.00      0.00     93.68      0.00      0.00      6.32
01:40:50 PM       8      2.04      0.00     91.84      0.00      0.00      6.12
01:40:50 PM      12      2.06      0.00     90.72      0.00      0.00      7.22
01:40:50 PM      16      2.06      0.00     91.75      0.00      0.00      6.19
01:40:50 PM      20      1.04      0.00     92.71      0.00      0.00      6.25

01:40:50 PM     CPU     %user     %nice   %system   %iowait    %steal     %idle
01:40:51 PM       4      3.03      0.00     90.91      0.00      0.00      6.06
01:40:51 PM       8      3.19      0.00     90.43      0.00      0.00      6.38
01:40:51 PM      12      4.26      0.00     89.36      0.00      0.00      6.38
01:40:51 PM      16      0.00      0.00     93.88      0.00      0.00      6.12
01:40:51 PM      20      2.06      0.00     91.75      0.00      0.00      6.19

01:40:51 PM     CPU     %user     %nice   %system   %iowait    %steal     %idle
01:40:52 PM       4      0.00      0.00     93.75      0.00      0.00      6.25
01:40:52 PM       8      3.12      0.00     90.62      0.00      0.00      6.25
01:40:52 PM      12      1.05      0.00     91.58      0.00      0.00      7.37
01:40:52 PM      16      2.06      0.00     91.75      0.00      0.00      6.19
01:40:52 PM      20      0.00      0.00     92.78      0.00      0.00      7.22

01:40:52 PM     CPU     %user     %nice   %system   %iowait    %steal     %idle
01:40:53 PM       4      3.19      0.00     90.43      0.00      0.00      6.38
01:40:53 PM       8      2.00      0.00     92.00      0.00      0.00      6.00
01:40:53 PM      12      2.00      0.00     93.00      0.00      0.00      5.00
01:40:53 PM      16      1.03      0.00     93.81      0.00      0.00      5.15
01:40:53 PM      20      1.06      0.00     93.62      0.00      0.00      5.32

01:40:53 PM     CPU     %user     %nice   %system   %iowait    %steal     %idle
01:40:54 PM       4      1.02      0.00     92.86      0.00      0.00      6.12
01:40:54 PM       8      1.03      0.00     93.81      0.00      0.00      5.15
01:40:54 PM      12      1.05      0.00     91.58      0.00      0.00      7.37
01:40:54 PM      16      1.02      0.00     92.86      0.00      0.00      6.12
01:40:54 PM      20      2.08      0.00     91.67      0.00      0.00      6.25

01:40:54 PM     CPU     %user     %nice   %system   %iowait    %steal     %idle
01:40:55 PM       4      2.06      0.00     91.75      0.00      0.00      6.19
01:40:55 PM       8      2.04      0.00     91.84      0.00      0.00      6.12
01:40:55 PM      12      3.26      0.00     90.22      0.00      0.00      6.52
01:40:55 PM      16      2.06      0.00     91.75      0.00      0.00      6.19
01:40:55 PM      20      2.11      0.00     90.53      0.00      0.00      7.37

01:40:55 PM     CPU     %user     %nice   %system   %iowait    %steal     %idle
01:40:56 PM       4      1.03      0.00     92.78      0.00      0.00      6.19
01:40:56 PM       8      0.00      0.00     93.81      0.00      0.00      6.19
01:40:56 PM      12      3.23      0.00     90.32      0.00      0.00      6.45
01:40:56 PM      16      1.05      0.00     92.63      0.00      0.00      6.32
01:40:56 PM      20      2.11      0.00     91.58      0.00      0.00      6.32

01:40:56 PM     CPU     %user     %nice   %system   %iowait    %steal     %idle
01:40:57 PM       4      1.01      0.00     92.93      0.00      0.00      6.06
01:40:57 PM       8      3.12      0.00     90.62      0.00      0.00      6.25
01:40:57 PM      12      0.00      0.00     93.55      0.00      0.00      6.45
01:40:57 PM      16      1.08      0.00     91.40      0.00      0.00      7.53
01:40:57 PM      20      3.09      0.00     90.72      0.00      0.00      6.19

01:40:57 PM     CPU     %user     %nice   %system   %iowait    %steal     %idle
01:40:58 PM       4      2.11      0.00     91.58      0.00      0.00      6.32
01:40:58 PM       8      0.00      0.00     93.75      0.00      0.00      6.25
01:40:58 PM      12      2.11      0.00     91.58      0.00      0.00      6.32
01:40:58 PM      16      1.03      0.00     92.78      0.00      0.00      6.19
01:40:58 PM      20      2.17      0.00     91.30      0.00      0.00      6.52

01:40:58 PM     CPU     %user     %nice   %system   %iowait    %steal     %idle
01:40:59 PM       4      2.08      0.00     91.67      0.00      0.00      6.25
01:40:59 PM       8      2.08      0.00     90.62      0.00      0.00      7.29
01:40:59 PM      12      2.13      0.00     91.49      0.00      0.00      6.38
01:40:59 PM      16      2.04      0.00     91.84      0.00      0.00      6.12
01:40:59 PM      20      2.08      0.00     91.67      0.00      0.00      6.25

01:40:59 PM     CPU     %user     %nice   %system   %iowait    %steal     %idle
01:41:00 PM       4      3.12      0.00     90.62      0.00      0.00      6.25
01:41:00 PM       8      2.11      0.00     92.63      0.00      0.00      5.26
01:41:00 PM      12      2.02      0.00     91.92      0.00      0.00      6.06
01:41:00 PM      16      1.04      0.00     92.71      0.00      0.00      6.25
01:41:00 PM      20      2.17      0.00     91.30      0.00      0.00      6.52

01:41:00 PM     CPU     %user     %nice   %system   %iowait    %steal     %idle
01:41:01 PM       4      1.08      0.00     93.55      0.00      0.00      5.38
01:41:01 PM       8      2.08      0.00     91.67      0.00      0.00      6.25
01:41:01 PM      12      0.00      0.00     93.81      0.00      0.00      6.19
01:41:01 PM      16      1.09      0.00     92.39      0.00      0.00      6.52
01:41:01 PM      20      0.00      0.00     93.07      0.00      0.00      6.93
