Linux 6.0.3+ (genie03) 	12/21/2023 	_x86_64_	(64 CPU)

04:12:39 PM     CPU     %user     %nice   %system   %iowait    %steal     %idle
04:12:40 PM       4      0.00      0.00    100.00      0.00      0.00      0.00
04:12:40 PM       8      1.01      0.00     98.99      0.00      0.00      0.00

04:12:40 PM     CPU     %user     %nice   %system   %iowait    %steal     %idle
04:12:41 PM       4      0.99      0.00     99.01      0.00      0.00      0.00
04:12:41 PM       8      0.00      0.00    100.00      0.00      0.00      0.00

04:12:41 PM     CPU     %user     %nice   %system   %iowait    %steal     %idle
04:12:42 PM       4      0.00      0.00    100.00      0.00      0.00      0.00
04:12:42 PM       8      1.00      0.00     99.00      0.00      0.00      0.00

04:12:42 PM     CPU     %user     %nice   %system   %iowait    %steal     %idle
04:12:43 PM       4      1.00      0.00     99.00      0.00      0.00      0.00
04:12:43 PM       8      0.00      0.00    100.00      0.00      0.00      0.00

04:12:43 PM     CPU     %user     %nice   %system   %iowait    %steal     %idle
04:12:44 PM       4      0.00      0.00    100.00      0.00      0.00      0.00
04:12:44 PM       8      0.99      0.00     99.01      0.00      0.00      0.00

04:12:44 PM     CPU     %user     %nice   %system   %iowait    %steal     %idle
04:12:45 PM       4      0.00      0.00    100.00      0.00      0.00      0.00
04:12:45 PM       8      0.00      0.00    100.00      0.00      0.00      0.00

04:12:45 PM     CPU     %user     %nice   %system   %iowait    %steal     %idle
04:12:46 PM       4      0.99      0.00     99.01      0.00      0.00      0.00
04:12:46 PM       8      0.99      0.00     99.01      0.00      0.00      0.00

04:12:46 PM     CPU     %user     %nice   %system   %iowait    %steal     %idle
04:12:47 PM       4      1.00      0.00     99.00      0.00      0.00      0.00
04:12:47 PM       8      1.01      0.00     98.99      0.00      0.00      0.00

04:12:47 PM     CPU     %user     %nice   %system   %iowait    %steal     %idle
04:12:48 PM       4      0.00      0.00    100.00      0.00      0.00      0.00
04:12:48 PM       8      1.00      0.00     99.00      0.00      0.00      0.00

04:12:48 PM     CPU     %user     %nice   %system   %iowait    %steal     %idle
04:12:49 PM       4      1.01      0.00     98.99      0.00      0.00      0.00
04:12:49 PM       8      0.00      0.00    100.00      0.00      0.00      0.00

04:12:49 PM     CPU     %user     %nice   %system   %iowait    %steal     %idle
04:12:50 PM       4      1.00      0.00     99.00      0.00      0.00      0.00
04:12:50 PM       8      0.99      0.00     99.01      0.00      0.00      0.00

04:12:50 PM     CPU     %user     %nice   %system   %iowait    %steal     %idle
04:12:51 PM       4      1.98      0.00     98.02      0.00      0.00      0.00
04:12:51 PM       8      1.00      0.00     99.00      0.00      0.00      0.00

04:12:51 PM     CPU     %user     %nice   %system   %iowait    %steal     %idle
04:12:52 PM       4      0.00      0.00    100.00      0.00      0.00      0.00
04:12:52 PM       8      1.00      0.00     99.00      0.00      0.00      0.00

04:12:52 PM     CPU     %user     %nice   %system   %iowait    %steal     %idle
04:12:53 PM       4      0.99      0.00     99.01      0.00      0.00      0.00
04:12:53 PM       8      0.00      0.00    100.00      0.00      0.00      0.00

04:12:53 PM     CPU     %user     %nice   %system   %iowait    %steal     %idle
04:12:54 PM       4      0.00      0.00    100.00      0.00      0.00      0.00
04:12:54 PM       8      0.00      0.00    100.00      0.00      0.00      0.00

04:12:54 PM     CPU     %user     %nice   %system   %iowait    %steal     %idle
04:12:55 PM       4      0.99      0.00     99.01      0.00      0.00      0.00
04:12:55 PM       8      0.99      0.00     99.01      0.00      0.00      0.00

04:12:55 PM     CPU     %user     %nice   %system   %iowait    %steal     %idle
04:12:56 PM       4      0.00      0.00    100.00      0.00      0.00      0.00
04:12:56 PM       8      1.00      0.00     99.00      0.00      0.00      0.00

04:12:56 PM     CPU     %user     %nice   %system   %iowait    %steal     %idle
04:12:57 PM       4      1.00      0.00     99.00      0.00      0.00      0.00
04:12:57 PM       8      0.00      0.00    100.00      0.00      0.00      0.00

04:12:57 PM     CPU     %user     %nice   %system   %iowait    %steal     %idle
04:12:58 PM       4      0.99      0.00     99.01      0.00      0.00      0.00
04:12:58 PM       8      1.00      0.00     99.00      0.00      0.00      0.00

04:12:58 PM     CPU     %user     %nice   %system   %iowait    %steal     %idle
04:12:59 PM       4      0.00      0.00    100.00      0.00      0.00      0.00
04:12:59 PM       8      0.00      0.00    100.00      0.00      0.00      0.00

04:12:59 PM     CPU     %user     %nice   %system   %iowait    %steal     %idle
04:13:00 PM       4      0.00      0.00    100.00      0.00      0.00      0.00
04:13:00 PM       8      0.00      0.00    100.00      0.00      0.00      0.00

04:13:00 PM     CPU     %user     %nice   %system   %iowait    %steal     %idle
04:13:01 PM       4      0.00      0.00    100.00      0.00      0.00      0.00
04:13:01 PM       8      0.00      0.00    100.00      0.00      0.00      0.00

04:13:01 PM     CPU     %user     %nice   %system   %iowait    %steal     %idle
04:13:02 PM       4      1.00      0.00     99.00      0.00      0.00      0.00
04:13:02 PM       8      0.00      0.00    100.00      0.00      0.00      0.00

04:13:02 PM     CPU     %user     %nice   %system   %iowait    %steal     %idle
04:13:03 PM       4      1.00      0.00     99.00      0.00      0.00      0.00
04:13:03 PM       8      0.00      0.00    100.00      0.00      0.00      0.00

04:13:03 PM     CPU     %user     %nice   %system   %iowait    %steal     %idle
04:13:04 PM       4      0.00      0.00    100.00      0.00      0.00      0.00
04:13:04 PM       8      1.00      0.00     99.00      0.00      0.00      0.00
