Linux 6.0.3 (genie03) 	09/05/2023 	_x86_64_	(64 CPU)

08:08:00 PM     CPU     %user     %nice   %system   %iowait    %steal     %idle
08:08:01 PM       4      0.00      0.00     96.91      0.00      0.00      3.09
08:08:01 PM       8      0.00      0.00     92.00      0.00      0.00      8.00
08:08:01 PM      12      0.00      0.00     98.99      0.00      0.00      1.01
08:08:01 PM      16      0.00      0.00     95.05      0.00      0.00      4.95
08:08:01 PM      20      0.00      0.00     90.10      0.00      0.00      9.90

08:08:01 PM     CPU     %user     %nice   %system   %iowait    %steal     %idle
08:08:02 PM       4      0.99      0.00     95.05      0.00      0.00      3.96
08:08:02 PM       8      0.99      0.00     96.04      0.00      0.00      2.97
08:08:02 PM      12      0.00      0.00     99.00      0.00      0.00      1.00
08:08:02 PM      16      0.00      0.00     92.93      0.00      0.00      7.07
08:08:02 PM      20      0.99      0.00     95.05      0.00      0.00      3.96

08:08:02 PM     CPU     %user     %nice   %system   %iowait    %steal     %idle
08:08:03 PM       4      0.99      0.00     94.06      0.00      0.00      4.95
08:08:03 PM       8      1.00      0.00     94.00      0.00      0.00      5.00
08:08:03 PM      12      0.00      0.00    100.00      0.00      0.00      0.00
08:08:03 PM      16      0.99      0.00     94.06      0.00      0.00      4.95
08:08:03 PM      20      0.00      0.00     94.06      0.00      0.00      5.94

08:08:03 PM     CPU     %user     %nice   %system   %iowait    %steal     %idle
08:08:04 PM       4      0.00      0.00     95.92      0.00      0.00      4.08
08:08:04 PM       8      0.00      0.00     96.94      0.00      0.00      3.06
08:08:04 PM      12      0.00      0.00     99.00      0.00      0.00      1.00
08:08:04 PM      16      0.00      0.00     94.95      0.00      0.00      5.05
08:08:04 PM      20      0.00      0.00     97.96      0.00      0.00      2.04

08:08:04 PM     CPU     %user     %nice   %system   %iowait    %steal     %idle
08:08:05 PM       4      1.00      0.00     92.00      0.00      0.00      7.00
08:08:05 PM       8      0.00      0.00     99.00      0.00      0.00      1.00
08:08:05 PM      12      1.01      0.00     97.98      0.00      0.00      1.01
08:08:05 PM      16      0.00      0.00     96.00      0.00      0.00      4.00
08:08:05 PM      20      0.00      0.00     92.00      0.00      0.00      8.00

08:08:05 PM     CPU     %user     %nice   %system   %iowait    %steal     %idle
08:08:06 PM       4      0.00      0.00     95.96      0.00      0.00      4.04
08:08:06 PM       8      0.00      0.00     97.00      0.00      0.00      3.00
08:08:06 PM      12      0.00      0.00     99.00      0.00      0.00      1.00
08:08:06 PM      16      0.98      0.00     94.12      0.00      0.00      4.90
08:08:06 PM      20      1.00      0.00     97.00      0.00      0.00      2.00

08:08:06 PM     CPU     %user     %nice   %system   %iowait    %steal     %idle
08:08:07 PM       4      0.99      0.00     94.06      0.00      0.00      4.95
08:08:07 PM       8      1.00      0.00     95.00      0.00      0.00      4.00
08:08:07 PM      12      0.00      0.00    100.00      0.00      0.00      0.00
08:08:07 PM      16      0.00      0.00     95.00      0.00      0.00      5.00
08:08:07 PM      20      0.00      0.00     95.00      0.00      0.00      5.00

08:08:07 PM     CPU     %user     %nice   %system   %iowait    %steal     %idle
08:08:08 PM       4      0.00      0.00     94.00      0.00      0.00      6.00
08:08:08 PM       8      0.00      0.00     97.00      0.00      0.00      3.00
08:08:08 PM      12      0.00      0.00     98.99      0.00      0.00      1.01
08:08:08 PM      16      1.01      0.00     94.95      0.00      0.00      4.04
08:08:08 PM      20      0.00      0.00     96.97      0.00      0.00      3.03

08:08:08 PM     CPU     %user     %nice   %system   %iowait    %steal     %idle
08:08:09 PM       4      0.00      0.00     92.93      0.00      0.00      7.07
08:08:09 PM       8      0.00      0.00     94.95      0.00      0.00      5.05
08:08:09 PM      12      1.00      0.00     98.00      0.00      0.00      1.00
08:08:09 PM      16      0.00      0.00     95.96      0.00      0.00      4.04
08:08:09 PM      20      0.00      0.00     96.00      0.00      0.00      4.00

08:08:09 PM     CPU     %user     %nice   %system   %iowait    %steal     %idle
08:08:10 PM       4      0.00      0.00     98.00      0.00      0.00      2.00
08:08:10 PM       8      0.00      0.00     95.00      0.00      0.00      5.00
08:08:10 PM      12      0.00      0.00    100.00      0.00      0.00      0.00
08:08:10 PM      16      0.98      0.00     92.16      0.00      0.00      6.86
08:08:10 PM      20      0.00      0.00     94.95      0.00      0.00      5.05

08:08:10 PM     CPU     %user     %nice   %system   %iowait    %steal     %idle
08:08:11 PM       4      1.00      0.00     92.00      0.00      0.00      7.00
08:08:11 PM       8      0.99      0.00     98.02      0.00      0.00      0.99
08:08:11 PM      12      0.99      0.00     98.02      0.00      0.00      0.99
08:08:11 PM      16      0.00      0.00     91.92      0.00      0.00      8.08
08:08:11 PM      20      0.99      0.00     97.03      0.00      0.00      1.98

08:08:11 PM     CPU     %user     %nice   %system   %iowait    %steal     %idle
08:08:12 PM       4      0.00      0.00    100.00      0.00      0.00      0.00
08:08:12 PM       8      1.01      0.00     95.96      0.00      0.00      3.03
08:08:12 PM      12      0.00      0.00     98.99      0.00      0.00      1.01
08:08:12 PM      16      0.00      0.00     95.96      0.00      0.00      4.04
08:08:12 PM      20      0.00      0.00     95.96      0.00      0.00      4.04

08:08:12 PM     CPU     %user     %nice   %system   %iowait    %steal     %idle
08:08:13 PM       4      0.00      0.00     93.88      0.00      0.00      6.12
08:08:13 PM       8      0.00      0.00     98.02      0.00      0.00      1.98
08:08:13 PM      12      0.00      0.00    100.00      0.00      0.00      0.00
08:08:13 PM      16      0.00      0.00     98.00      0.00      0.00      2.00
08:08:13 PM      20      0.00      0.00     93.00      0.00      0.00      7.00

08:08:13 PM     CPU     %user     %nice   %system   %iowait    %steal     %idle
08:08:14 PM       4      0.00      0.00     94.00      0.00      0.00      6.00
08:08:14 PM       8      0.00      0.00     96.00      0.00      0.00      4.00
08:08:14 PM      12      0.00      0.00     98.99      0.00      0.00      1.01
08:08:14 PM      16      1.00      0.00     94.00      0.00      0.00      5.00
08:08:14 PM      20      0.00      0.00     95.05      0.00      0.00      4.95

08:08:14 PM     CPU     %user     %nice   %system   %iowait    %steal     %idle
08:08:15 PM       4      1.00      0.00     95.00      0.00      0.00      4.00
08:08:15 PM       8      1.00      0.00     94.00      0.00      0.00      5.00
08:08:15 PM      12      0.00      0.00     99.01      0.00      0.00      0.99
08:08:15 PM      16      0.00      0.00     93.94      0.00      0.00      6.06
08:08:15 PM      20      0.00      0.00     94.95      0.00      0.00      5.05
