Linux 6.0.3 (genie03) 	09/05/2023 	_x86_64_	(64 CPU)

08:49:50 PM     CPU     %user     %nice   %system   %iowait    %steal     %idle
08:49:51 PM       4      0.00      0.00    100.00      0.00      0.00      0.00
08:49:51 PM       8      0.99      0.00     99.01      0.00      0.00      0.00
08:49:51 PM      12      1.00      0.00     99.00      0.00      0.00      0.00

08:49:51 PM     CPU     %user     %nice   %system   %iowait    %steal     %idle
08:49:52 PM       4      0.99      0.00     99.01      0.00      0.00      0.00
08:49:52 PM       8      2.00      0.00     98.00      0.00      0.00      0.00
08:49:52 PM      12      0.00      0.00    100.00      0.00      0.00      0.00

08:49:52 PM     CPU     %user     %nice   %system   %iowait    %steal     %idle
08:49:53 PM       4      0.00      0.00    100.00      0.00      0.00      0.00
08:49:53 PM       8      0.00      0.00    100.00      0.00      0.00      0.00
08:49:53 PM      12      1.00      0.00     99.00      0.00      0.00      0.00

08:49:53 PM     CPU     %user     %nice   %system   %iowait    %steal     %idle
08:49:54 PM       4      0.00      0.00    100.00      0.00      0.00      0.00
08:49:54 PM       8      0.00      0.00    100.00      0.00      0.00      0.00
08:49:54 PM      12      0.00      0.00    100.00      0.00      0.00      0.00

08:49:54 PM     CPU     %user     %nice   %system   %iowait    %steal     %idle
08:49:55 PM       4      1.00      0.00     99.00      0.00      0.00      0.00
08:49:55 PM       8      0.00      0.00    100.00      0.00      0.00      0.00
08:49:55 PM      12      1.00      0.00     99.00      0.00      0.00      0.00

08:49:55 PM     CPU     %user     %nice   %system   %iowait    %steal     %idle
08:49:56 PM       4      1.98      0.00     98.02      0.00      0.00      0.00
08:49:56 PM       8      1.00      0.00     99.00      0.00      0.00      0.00
08:49:56 PM      12      1.00      0.00     99.00      0.00      0.00      0.00

08:49:56 PM     CPU     %user     %nice   %system   %iowait    %steal     %idle
08:49:57 PM       4      1.01      0.00     98.99      0.00      0.00      0.00
08:49:57 PM       8      0.00      0.00    100.00      0.00      0.00      0.00
08:49:57 PM      12      0.00      0.00    100.00      0.00      0.00      0.00

08:49:57 PM     CPU     %user     %nice   %system   %iowait    %steal     %idle
08:49:58 PM       4      0.00      0.00    100.00      0.00      0.00      0.00
08:49:58 PM       8      1.00      0.00     99.00      0.00      0.00      0.00
08:49:58 PM      12      0.00      0.00    100.00      0.00      0.00      0.00

08:49:58 PM     CPU     %user     %nice   %system   %iowait    %steal     %idle
08:49:59 PM       4      0.99      0.00     99.01      0.00      0.00      0.00
08:49:59 PM       8      0.99      0.00     99.01      0.00      0.00      0.00
08:49:59 PM      12      0.00      0.00    100.00      0.00      0.00      0.00

08:49:59 PM     CPU     %user     %nice   %system   %iowait    %steal     %idle
08:50:00 PM       4      0.00      0.00    100.00      0.00      0.00      0.00
08:50:00 PM       8      0.00      0.00    100.00      0.00      0.00      0.00
08:50:00 PM      12      0.99      0.00     99.01      0.00      0.00      0.00

08:50:00 PM     CPU     %user     %nice   %system   %iowait    %steal     %idle
08:50:01 PM       4      0.99      0.00     99.01      0.00      0.00      0.00
08:50:01 PM       8      0.00      0.00    100.00      0.00      0.00      0.00
08:50:01 PM      12      0.99      0.00     98.02      0.00      0.00      0.99

08:50:01 PM     CPU     %user     %nice   %system   %iowait    %steal     %idle
08:50:02 PM       4      0.00      0.00    100.00      0.00      0.00      0.00
08:50:02 PM       8      1.00      0.00     99.00      0.00      0.00      0.00
08:50:02 PM      12      0.00      0.00    100.00      0.00      0.00      0.00

08:50:02 PM     CPU     %user     %nice   %system   %iowait    %steal     %idle
08:50:03 PM       4      0.00      0.00    100.00      0.00      0.00      0.00
08:50:03 PM       8      0.00      0.00    100.00      0.00      0.00      0.00
08:50:03 PM      12      0.00      0.00    100.00      0.00      0.00      0.00

08:50:03 PM     CPU     %user     %nice   %system   %iowait    %steal     %idle
08:50:04 PM       4      0.00      0.00    100.00      0.00      0.00      0.00
08:50:04 PM       8      0.00      0.00    100.00      0.00      0.00      0.00
08:50:04 PM      12      1.00      0.00     99.00      0.00      0.00      0.00

08:50:04 PM     CPU     %user     %nice   %system   %iowait    %steal     %idle
08:50:05 PM       4      0.00      0.00    100.00      0.00      0.00      0.00
08:50:05 PM       8      0.00      0.00    100.00      0.00      0.00      0.00
08:50:05 PM      12      1.00      0.00     99.00      0.00      0.00      0.00
