Linux 6.0.3+ (genie03) 	12/21/2023 	_x86_64_	(64 CPU)

03:20:51 PM     CPU     %user     %nice   %system   %iowait    %steal     %idle
03:20:52 PM       4      0.00      0.00      0.00      0.00      0.00    100.00
03:20:52 PM       8      0.00      0.00      0.00      0.00      0.00    100.00
03:20:52 PM      12      0.00      0.00      0.00      0.00      0.00    100.00
03:20:52 PM      16      1.20      0.00     58.68      0.00      0.00     40.12
03:20:52 PM      20      0.00      0.00      0.00      0.00      0.00    100.00

03:20:52 PM     CPU     %user     %nice   %system   %iowait    %steal     %idle
03:20:53 PM       4      0.00      0.00      0.00      0.00      0.00    100.00
03:20:53 PM       8      0.00      0.00      0.00      0.00      0.00    100.00
03:20:53 PM      12      0.00      0.00      0.00      0.00      0.00    100.00
03:20:53 PM      16      1.20      0.00     58.08      0.00      0.00     40.72
03:20:53 PM      20      0.00      0.00      0.00      0.00      0.00    100.00

03:20:53 PM     CPU     %user     %nice   %system   %iowait    %steal     %idle
03:20:54 PM       4      0.00      0.00      0.00      0.00      0.00    100.00
03:20:54 PM       8      0.00      0.00      0.00      0.00      0.00    100.00
03:20:54 PM      12      0.00      0.00      0.00      0.00      0.00    100.00
03:20:54 PM      16      0.60      0.00     59.28      0.00      0.00     40.12
03:20:54 PM      20      0.00      0.00      0.00      0.00      0.00    100.00

03:20:54 PM     CPU     %user     %nice   %system   %iowait    %steal     %idle
03:20:55 PM       4      0.00      0.00      0.00      0.00      0.00    100.00
03:20:55 PM       8      0.00      0.00      0.00      0.00      0.00    100.00
03:20:55 PM      12      0.00      0.00      0.00      0.00      0.00    100.00
03:20:55 PM      16      0.60      0.00     59.52      0.00      0.00     39.88
03:20:55 PM      20      0.00      0.00      0.00      0.00      0.00    100.00

03:20:55 PM     CPU     %user     %nice   %system   %iowait    %steal     %idle
03:20:56 PM       4      0.00      0.00      1.52      0.00      0.00     98.48
03:20:56 PM       8      0.00      0.00      0.00      0.00      0.00    100.00
03:20:56 PM      12      0.00      0.00      0.00      0.00      0.00    100.00
03:20:56 PM      16      0.60      0.00     59.04      0.00      0.00     40.36
03:20:56 PM      20      0.00      0.00      0.00      0.00      0.00    100.00

03:20:56 PM     CPU     %user     %nice   %system   %iowait    %steal     %idle
03:20:57 PM       4      0.00      0.00      0.00      0.00      0.00    100.00
03:20:57 PM       8      0.00      0.00      0.00      0.00      0.00    100.00
03:20:57 PM      12      0.00      0.00      0.00      0.00      0.00    100.00
03:20:57 PM      16      1.20      0.00     58.68      0.00      0.00     40.12
03:20:57 PM      20      0.00      0.00      0.00      0.00      0.00    100.00

03:20:57 PM     CPU     %user     %nice   %system   %iowait    %steal     %idle
03:20:58 PM       4      0.00      0.00      0.00      0.00      0.00    100.00
03:20:58 PM       8      0.00      0.00      0.00      0.00      0.00    100.00
03:20:58 PM      12      0.00      0.00      0.00      0.00      0.00    100.00
03:20:58 PM      16      0.60      0.00     59.28      0.00      0.00     40.12
03:20:58 PM      20      0.00      0.00      0.00      0.00      0.00    100.00

03:20:58 PM     CPU     %user     %nice   %system   %iowait    %steal     %idle
03:20:59 PM       4      0.00      0.00      0.00      0.00      0.00    100.00
03:20:59 PM       8      0.00      0.00      0.00      0.00      0.00    100.00
03:20:59 PM      12      0.00      0.00      0.00      0.00      0.00    100.00
03:20:59 PM      16      1.20      0.00     58.68      0.00      0.00     40.12
03:20:59 PM      20      0.00      0.00      0.00      0.00      0.00    100.00

03:20:59 PM     CPU     %user     %nice   %system   %iowait    %steal     %idle
03:21:00 PM       4      0.00      0.00      1.52      0.00      0.00     98.48
03:21:00 PM       8      0.00      0.00      1.49      0.00      0.00     98.51
03:21:00 PM      12      0.00      0.00      0.00      0.00      0.00    100.00
03:21:00 PM      16      1.19      0.00     58.93      0.00      0.00     39.88
03:21:00 PM      20      0.00      0.00      0.00      0.00      0.00    100.00

03:21:00 PM     CPU     %user     %nice   %system   %iowait    %steal     %idle
03:21:01 PM       4      0.00      0.00      0.00      0.00      0.00    100.00
03:21:01 PM       8      0.00      0.00      0.00      0.00      0.00    100.00
03:21:01 PM      12      0.00      0.00      0.00      0.00      0.00    100.00
03:21:01 PM      16      1.20      0.00     58.43      0.00      0.00     40.36
03:21:01 PM      20      0.00      0.00      0.00      0.00      0.00    100.00

03:21:01 PM     CPU     %user     %nice   %system   %iowait    %steal     %idle
03:21:02 PM       4      0.00      0.00      1.52      0.00      0.00     98.48
03:21:02 PM       8      0.00      0.00      0.00      0.00      0.00    100.00
03:21:02 PM      12      0.00      0.00      0.00      0.00      0.00    100.00
03:21:02 PM      16      2.38      0.00     57.74      0.00      0.00     39.88
03:21:02 PM      20      0.00      0.00      0.00      0.00      0.00    100.00

03:21:02 PM     CPU     %user     %nice   %system   %iowait    %steal     %idle
03:21:03 PM       4      0.00      0.00      0.00      0.00      0.00    100.00
03:21:03 PM       8      0.00      0.00      1.49      0.00      0.00     98.51
03:21:03 PM      12      0.00      0.00      0.00      0.00      0.00    100.00
03:21:03 PM      16      1.20      0.00     58.68      0.00      0.00     40.12
03:21:03 PM      20      0.00      0.00      0.00      0.00      0.00    100.00

03:21:03 PM     CPU     %user     %nice   %system   %iowait    %steal     %idle
03:21:04 PM       4      0.00      0.00      1.52      0.00      0.00     98.48
03:21:04 PM       8      0.00      0.00      1.49      0.00      0.00     98.51
03:21:04 PM      12      0.00      0.00      1.49      0.00      0.00     98.51
03:21:04 PM      16      0.60      0.00     59.28      0.00      0.00     40.12
03:21:04 PM      20      0.00      0.00      0.00      0.00      0.00    100.00

03:21:04 PM     CPU     %user     %nice   %system   %iowait    %steal     %idle
03:21:05 PM       4      0.00      0.00      2.99      0.00      0.00     97.01
03:21:05 PM       8      0.00      0.00      1.49      0.00      0.00     98.51
03:21:05 PM      12      0.00      0.00      0.00      0.00      0.00    100.00
03:21:05 PM      16      0.60      0.00     59.28      0.00      0.00     40.12
03:21:05 PM      20      0.00      0.00      0.00      0.00      0.00    100.00

03:21:05 PM     CPU     %user     %nice   %system   %iowait    %steal     %idle
03:21:06 PM       4      0.00      0.00      0.00      0.00      0.00    100.00
03:21:06 PM       8      0.00      0.00      1.49      0.00      0.00     98.51
03:21:06 PM      12      0.00      0.00      1.47      0.00      0.00     98.53
03:21:06 PM      16      0.60      0.00     59.04      0.00      0.00     40.36
03:21:06 PM      20      0.00      0.00      0.00      0.00      0.00    100.00

03:21:06 PM     CPU     %user     %nice   %system   %iowait    %steal     %idle
03:21:07 PM       4      0.00      0.00      1.49      0.00      0.00     98.51
03:21:07 PM       8      0.00      0.00      0.00      0.00      0.00    100.00
03:21:07 PM      12      0.00      0.00      0.00      0.00      0.00    100.00
03:21:07 PM      16      1.20      0.00     58.68      0.00      0.00     40.12
03:21:07 PM      20      0.00      0.00      0.00      0.00      0.00    100.00

03:21:07 PM     CPU     %user     %nice   %system   %iowait    %steal     %idle
03:21:08 PM       4      0.00      0.00      1.52      0.00      0.00     98.48
03:21:08 PM       8      0.00      0.00      1.49      0.00      0.00     98.51
03:21:08 PM      12      0.00      0.00      1.49      0.00      0.00     98.51
03:21:08 PM      16      1.19      0.00     58.33      0.00      0.00     40.48
03:21:08 PM      20      0.00      0.00      0.00      0.00      0.00    100.00

03:21:08 PM     CPU     %user     %nice   %system   %iowait    %steal     %idle
03:21:09 PM       4      0.00      0.00      1.54      0.00      0.00     98.46
03:21:09 PM       8      0.00      0.00      1.49      0.00      0.00     98.51
03:21:09 PM      12      0.00      0.00      0.00      0.00      0.00    100.00
03:21:09 PM      16      1.81      0.00     57.83      0.00      0.00     40.36
03:21:09 PM      20      0.00      0.00      0.00      0.00      0.00    100.00

03:21:09 PM     CPU     %user     %nice   %system   %iowait    %steal     %idle
03:21:10 PM       4      0.00      0.00      1.52      0.00      0.00     98.48
03:21:10 PM       8      0.00      0.00      0.00      0.00      0.00    100.00
03:21:10 PM      12      0.00      0.00      0.00      0.00      0.00    100.00
03:21:10 PM      16      2.38      0.00     57.74      0.00      0.00     39.88
03:21:10 PM      20      0.00      0.00      0.00      0.00      0.00    100.00

03:21:10 PM     CPU     %user     %nice   %system   %iowait    %steal     %idle
03:21:11 PM       4      0.00      0.00      1.52      0.00      0.00     98.48
03:21:11 PM       8      0.00      0.00      2.94      0.00      0.00     97.06
03:21:11 PM      12      0.00      0.00      1.49      0.00      0.00     98.51
03:21:11 PM      16      1.20      0.00     58.68      0.00      0.00     40.12
03:21:11 PM      20      0.00      0.00      0.00      0.00      0.00    100.00

03:21:11 PM     CPU     %user     %nice   %system   %iowait    %steal     %idle
03:21:12 PM       4      0.00      0.00      2.99      0.00      0.00     97.01
03:21:12 PM       8      0.00      0.00      1.49      0.00      0.00     98.51
03:21:12 PM      12      0.00      0.00      0.00      0.00      0.00    100.00
03:21:12 PM      16      0.60      0.00     59.28      0.00      0.00     40.12
03:21:12 PM      20      0.00      0.00      0.00      0.00      0.00    100.00

03:21:12 PM     CPU     %user     %nice   %system   %iowait    %steal     %idle
03:21:13 PM       4      0.00      0.00      2.99      0.00      0.00     97.01
03:21:13 PM       8      0.00      0.00      1.49      0.00      0.00     98.51
03:21:13 PM      12      0.00      0.00      1.47      0.00      0.00     98.53
03:21:13 PM      16      0.00      0.00     59.64      0.00      0.00     40.36
03:21:13 PM      20      0.00      0.00      0.00      0.00      0.00    100.00

03:21:13 PM     CPU     %user     %nice   %system   %iowait    %steal     %idle
03:21:14 PM       4      0.00      0.00      1.52      0.00      0.00     98.48
03:21:14 PM       8      0.00      0.00      0.00      0.00      0.00    100.00
03:21:14 PM      12      0.00      0.00      1.49      0.00      0.00     98.51
03:21:14 PM      16      0.60      0.00     59.28      0.00      0.00     40.12
03:21:14 PM      20      0.00      0.00      0.00      0.00      0.00    100.00

03:21:14 PM     CPU     %user     %nice   %system   %iowait    %steal     %idle
03:21:15 PM       4      1.49      0.00      2.99      0.00      0.00     95.52
03:21:15 PM       8      0.00      0.00      1.52      0.00      0.00     98.48
03:21:15 PM      12      0.00      0.00      0.00      0.00      0.00    100.00
03:21:15 PM      16      0.60      0.00     59.28      0.00      0.00     40.12
03:21:15 PM      20      0.00      0.00      0.00      0.00      0.00    100.00

03:21:15 PM     CPU     %user     %nice   %system   %iowait    %steal     %idle
03:21:16 PM       4      0.00      0.00      5.80      0.00      0.00     94.20
03:21:16 PM       8      0.00      0.00      1.47      0.00      0.00     98.53
03:21:16 PM      12      0.00      0.00      1.49      0.00      0.00     98.51
03:21:16 PM      16      0.60      0.00     59.28      0.00      0.00     40.12
03:21:16 PM      20      0.00      0.00      0.00      0.00      0.00    100.00
