Linux 6.0.3 (genie03) 	09/05/2023 	_x86_64_	(64 CPU)

08:47:17 PM     CPU     %user     %nice   %system   %iowait    %steal     %idle
08:47:18 PM       4      1.98      0.00     98.02      0.00      0.00      0.00
08:47:18 PM       8      0.00      0.00    100.00      0.00      0.00      0.00

08:47:18 PM     CPU     %user     %nice   %system   %iowait    %steal     %idle
08:47:19 PM       4      0.00      0.00    100.00      0.00      0.00      0.00
08:47:19 PM       8      0.00      0.00    100.00      0.00      0.00      0.00

08:47:19 PM     CPU     %user     %nice   %system   %iowait    %steal     %idle
08:47:20 PM       4      1.00      0.00     99.00      0.00      0.00      0.00
08:47:20 PM       8      0.99      0.00     99.01      0.00      0.00      0.00

08:47:20 PM     CPU     %user     %nice   %system   %iowait    %steal     %idle
08:47:21 PM       4      0.00      0.00    100.00      0.00      0.00      0.00
08:47:21 PM       8      0.00      0.00    100.00      0.00      0.00      0.00

08:47:21 PM     CPU     %user     %nice   %system   %iowait    %steal     %idle
08:47:22 PM       4      0.00      0.00    100.00      0.00      0.00      0.00
08:47:22 PM       8      1.00      0.00     99.00      0.00      0.00      0.00

08:47:22 PM     CPU     %user     %nice   %system   %iowait    %steal     %idle
08:47:23 PM       4      0.00      0.00    100.00      0.00      0.00      0.00
08:47:23 PM       8      0.00      0.00    100.00      0.00      0.00      0.00

08:47:23 PM     CPU     %user     %nice   %system   %iowait    %steal     %idle
08:47:24 PM       4      1.00      0.00     99.00      0.00      0.00      0.00
08:47:24 PM       8      1.00      0.00     99.00      0.00      0.00      0.00

08:47:24 PM     CPU     %user     %nice   %system   %iowait    %steal     %idle
08:47:25 PM       4      0.00      0.00    100.00      0.00      0.00      0.00
08:47:25 PM       8      0.00      0.00    100.00      0.00      0.00      0.00

08:47:25 PM     CPU     %user     %nice   %system   %iowait    %steal     %idle
08:47:26 PM       4      0.00      0.00    100.00      0.00      0.00      0.00
08:47:26 PM       8      0.00      0.00    100.00      0.00      0.00      0.00

08:47:26 PM     CPU     %user     %nice   %system   %iowait    %steal     %idle
08:47:27 PM       4      1.00      0.00     99.00      0.00      0.00      0.00
08:47:27 PM       8      0.00      0.00    100.00      0.00      0.00      0.00

08:47:27 PM     CPU     %user     %nice   %system   %iowait    %steal     %idle
08:47:28 PM       4      0.00      0.00    100.00      0.00      0.00      0.00
08:47:28 PM       8      0.00      0.00    100.00      0.00      0.00      0.00

08:47:28 PM     CPU     %user     %nice   %system   %iowait    %steal     %idle
08:47:29 PM       4      1.00      0.00     99.00      0.00      0.00      0.00
08:47:29 PM       8      0.00      0.00    100.00      0.00      0.00      0.00

08:47:29 PM     CPU     %user     %nice   %system   %iowait    %steal     %idle
08:47:30 PM       4      1.00      0.00     99.00      0.00      0.00      0.00
08:47:30 PM       8      1.00      0.00     99.00      0.00      0.00      0.00

08:47:30 PM     CPU     %user     %nice   %system   %iowait    %steal     %idle
08:47:31 PM       4      0.00      0.00    100.00      0.00      0.00      0.00
08:47:31 PM       8      0.00      0.00    100.00      0.00      0.00      0.00

08:47:31 PM     CPU     %user     %nice   %system   %iowait    %steal     %idle
08:47:32 PM       4      1.00      0.00     99.00      0.00      0.00      0.00
08:47:32 PM       8      1.00      0.00     99.00      0.00      0.00      0.00
