Linux 6.0.3 (genie03) 	09/05/2023 	_x86_64_	(64 CPU)

08:32:06 PM     CPU     %user     %nice   %system   %iowait    %steal     %idle
08:32:07 PM       4      0.00      0.00    100.00      0.00      0.00      0.00
08:32:07 PM       8      1.01      0.00     98.99      0.00      0.00      0.00
08:32:07 PM      12      1.00      0.00     99.00      0.00      0.00      0.00
08:32:07 PM      16      1.00      0.00     99.00      0.00      0.00      0.00
08:32:07 PM      20      0.00      0.00    100.00      0.00      0.00      0.00

08:32:07 PM     CPU     %user     %nice   %system   %iowait    %steal     %idle
08:32:08 PM       4      1.01      0.00     98.99      0.00      0.00      0.00
08:32:08 PM       8      0.99      0.00     99.01      0.00      0.00      0.00
08:32:08 PM      12      0.00      0.00    100.00      0.00      0.00      0.00
08:32:08 PM      16      0.00      0.00    100.00      0.00      0.00      0.00
08:32:08 PM      20      1.00      0.00     99.00      0.00      0.00      0.00

08:32:08 PM     CPU     %user     %nice   %system   %iowait    %steal     %idle
08:32:09 PM       4      0.00      0.00     98.00      0.00      0.00      2.00
08:32:09 PM       8      0.00      0.00     96.00      0.00      0.00      4.00
08:32:09 PM      12      0.99      0.00     96.04      0.00      0.00      2.97
08:32:09 PM      16      0.99      0.00     96.04      0.00      0.00      2.97
08:32:09 PM      20      0.00      0.00     98.02      0.00      0.00      1.98

08:32:09 PM     CPU     %user     %nice   %system   %iowait    %steal     %idle
08:32:10 PM       4      0.00      0.00     99.00      0.00      0.00      1.00
08:32:10 PM       8      0.99      0.00     98.02      0.00      0.00      0.99
08:32:10 PM      12      0.99      0.00     98.02      0.00      0.00      0.99
08:32:10 PM      16      0.00      0.00     99.01      0.00      0.00      0.99
08:32:10 PM      20      0.00      0.00     98.99      0.00      0.00      1.01

08:32:10 PM     CPU     %user     %nice   %system   %iowait    %steal     %idle
08:32:11 PM       4      0.98      0.00     82.35      0.00      0.00     16.67
08:32:11 PM       8      0.00      0.00     86.73      0.00      0.00     13.27
08:32:11 PM      12      0.00      0.00     88.00      0.00      0.00     12.00
08:32:11 PM      16      1.02      0.00     84.69      0.00      0.00     14.29
08:32:11 PM      20      0.00      0.00     89.22      0.00      0.00     10.78

08:32:11 PM     CPU     %user     %nice   %system   %iowait    %steal     %idle
08:32:12 PM       4      0.00      0.00    100.00      0.00      0.00      0.00
08:32:12 PM       8      0.00      0.00    100.00      0.00      0.00      0.00
08:32:12 PM      12      0.00      0.00     99.01      0.00      0.00      0.99
08:32:12 PM      16      0.00      0.00    100.00      0.00      0.00      0.00
08:32:12 PM      20      1.01      0.00     97.98      0.00      0.00      1.01

08:32:12 PM     CPU     %user     %nice   %system   %iowait    %steal     %idle
08:32:13 PM       4      0.98      0.00     99.02      0.00      0.00      0.00
08:32:13 PM       8      0.00      0.00    100.00      0.00      0.00      0.00
08:32:13 PM      12      0.00      0.00    100.00      0.00      0.00      0.00
08:32:13 PM      16      0.99      0.00     99.01      0.00      0.00      0.00
08:32:13 PM      20      0.99      0.00     99.01      0.00      0.00      0.00

08:32:13 PM     CPU     %user     %nice   %system   %iowait    %steal     %idle
08:32:14 PM       4      0.00      0.00    100.00      0.00      0.00      0.00
08:32:14 PM       8      0.00      0.00    100.00      0.00      0.00      0.00
08:32:14 PM      12      0.00      0.00    100.00      0.00      0.00      0.00
08:32:14 PM      16      1.01      0.00     98.99      0.00      0.00      0.00
08:32:14 PM      20      0.00      0.00    100.00      0.00      0.00      0.00

08:32:14 PM     CPU     %user     %nice   %system   %iowait    %steal     %idle
08:32:15 PM       4      1.00      0.00     99.00      0.00      0.00      0.00
08:32:15 PM       8      0.00      0.00    100.00      0.00      0.00      0.00
08:32:15 PM      12      0.00      0.00    100.00      0.00      0.00      0.00
08:32:15 PM      16      0.00      0.00    100.00      0.00      0.00      0.00
08:32:15 PM      20      0.00      0.00    100.00      0.00      0.00      0.00

08:32:15 PM     CPU     %user     %nice   %system   %iowait    %steal     %idle
08:32:16 PM       4      0.00      0.00     97.00      0.00      0.00      3.00
08:32:16 PM       8      0.99      0.00     96.04      0.00      0.00      2.97
08:32:16 PM      12      1.96      0.00     95.10      0.00      0.00      2.94
08:32:16 PM      16      0.98      0.00     95.10      0.00      0.00      3.92
08:32:16 PM      20      0.97      0.00     96.12      0.00      0.00      2.91

08:32:16 PM     CPU     %user     %nice   %system   %iowait    %steal     %idle
08:32:17 PM       4      1.01      0.00     82.83      0.00      0.00     16.16
08:32:17 PM       8      1.01      0.00     82.83      0.00      0.00     16.16
08:32:17 PM      12      1.01      0.00     86.87      0.00      0.00     12.12
08:32:17 PM      16      1.03      0.00     85.57      0.00      0.00     13.40
08:32:17 PM      20      0.00      0.00     84.31      0.00      0.00     15.69

08:32:17 PM     CPU     %user     %nice   %system   %iowait    %steal     %idle
08:32:18 PM       4      0.99      0.00     87.13      0.00      0.00     11.88
08:32:18 PM       8      0.00      0.00     87.00      0.00      0.00     13.00
08:32:18 PM      12      1.03      0.00     87.63      0.00      0.00     11.34
08:32:18 PM      16      0.99      0.00     84.16      0.00      0.00     14.85
08:32:18 PM      20      0.99      0.00     88.12      0.00      0.00     10.89

08:32:18 PM     CPU     %user     %nice   %system   %iowait    %steal     %idle
08:32:19 PM       4      0.00      0.00     88.00      0.00      0.00     12.00
08:32:19 PM       8      0.00      0.00     89.11      0.00      0.00     10.89
08:32:19 PM      12      0.00      0.00     90.82      0.00      0.00      9.18
08:32:19 PM      16      1.05      0.00     88.42      0.00      0.00     10.53
08:32:19 PM      20      0.99      0.00     89.11      0.00      0.00      9.90

08:32:19 PM     CPU     %user     %nice   %system   %iowait    %steal     %idle
08:32:20 PM       4      1.00      0.00     99.00      0.00      0.00      0.00
08:32:20 PM       8      0.00      0.00    100.00      0.00      0.00      0.00
08:32:20 PM      12      0.00      0.00    100.00      0.00      0.00      0.00
08:32:20 PM      16      0.00      0.00    100.00      0.00      0.00      0.00
08:32:20 PM      20      0.00      0.00    100.00      0.00      0.00      0.00

08:32:20 PM     CPU     %user     %nice   %system   %iowait    %steal     %idle
08:32:21 PM       4      1.00      0.00     99.00      0.00      0.00      0.00
08:32:21 PM       8      1.00      0.00     99.00      0.00      0.00      0.00
08:32:21 PM      12      0.00      0.00    100.00      0.00      0.00      0.00
08:32:21 PM      16      1.00      0.00     99.00      0.00      0.00      0.00
08:32:21 PM      20      1.01      0.00     98.99      0.00      0.00      0.00
