Linux 6.0.3 (genie03) 	09/05/2023 	_x86_64_	(64 CPU)

08:21:18 PM     CPU     %user     %nice   %system   %iowait    %steal     %idle
08:21:19 PM       4      0.00      0.00     92.00      0.00      0.00      8.00
08:21:19 PM       8      3.00      0.00     88.00      0.00      0.00      9.00
08:21:19 PM      12      0.99      0.00     90.10      0.00      0.00      8.91
08:21:19 PM      16      1.01      0.00     91.92      0.00      0.00      7.07
08:21:19 PM      20      1.01      0.00     89.90      0.00      0.00      9.09

08:21:19 PM     CPU     %user     %nice   %system   %iowait    %steal     %idle
08:21:20 PM       4      0.98      0.00     90.20      0.00      0.00      8.82
08:21:20 PM       8      2.00      0.00     87.00      0.00      0.00     11.00
08:21:20 PM      12      1.02      0.00     88.78      0.00      0.00     10.20
08:21:20 PM      16      2.00      0.00     88.00      0.00      0.00     10.00
08:21:20 PM      20      1.01      0.00     87.88      0.00      0.00     11.11

08:21:20 PM     CPU     %user     %nice   %system   %iowait    %steal     %idle
08:21:21 PM       4      1.03      0.00     87.63      0.00      0.00     11.34
08:21:21 PM       8      1.02      0.00     87.76      0.00      0.00     11.22
08:21:21 PM      12      0.94      0.00     84.91      0.00      0.00     14.15
08:21:21 PM      16      1.01      0.00     86.87      0.00      0.00     12.12
08:21:21 PM      20      1.00      0.00     85.00      0.00      0.00     14.00

08:21:21 PM     CPU     %user     %nice   %system   %iowait    %steal     %idle
08:21:22 PM       4      0.00      0.00     89.42      0.00      0.00     10.58
08:21:22 PM       8      0.00      0.00     89.80      0.00      0.00     10.20
08:21:22 PM      12      0.00      0.00     90.00      0.00      0.00     10.00
08:21:22 PM      16      0.96      0.00     89.42      0.00      0.00      9.62
08:21:22 PM      20      0.00      0.00     89.90      0.00      0.00     10.10

08:21:22 PM     CPU     %user     %nice   %system   %iowait    %steal     %idle
08:21:23 PM       4      2.04      0.00     88.78      0.00      0.00      9.18
08:21:23 PM       8      0.99      0.00     89.11      0.00      0.00      9.90
08:21:23 PM      12      0.00      0.00     91.75      0.00      0.00      8.25
08:21:23 PM      16      2.02      0.00     86.87      0.00      0.00     11.11
08:21:23 PM      20      0.00      0.00     88.35      0.00      0.00     11.65

08:21:23 PM     CPU     %user     %nice   %system   %iowait    %steal     %idle
08:21:24 PM       4      0.00      0.00     87.76      0.00      0.00     12.24
08:21:24 PM       8      1.05      0.00     89.47      0.00      0.00      9.47
08:21:24 PM      12      0.98      0.00     91.18      0.00      0.00      7.84
08:21:24 PM      16      1.02      0.00     86.73      0.00      0.00     12.24
08:21:24 PM      20      0.99      0.00     86.14      0.00      0.00     12.87

08:21:24 PM     CPU     %user     %nice   %system   %iowait    %steal     %idle
08:21:25 PM       4      0.00      0.00     90.53      0.00      0.00      9.47
08:21:25 PM       8      0.96      0.00     90.38      0.00      0.00      8.65
08:21:25 PM      12      1.01      0.00     87.88      0.00      0.00     11.11
08:21:25 PM      16      1.02      0.00     88.78      0.00      0.00     10.20
08:21:25 PM      20      1.01      0.00     87.88      0.00      0.00     11.11

08:21:25 PM     CPU     %user     %nice   %system   %iowait    %steal     %idle
08:21:26 PM       4      1.96      0.00     85.29      0.00      0.00     12.75
08:21:26 PM       8      0.97      0.00     89.32      0.00      0.00      9.71
08:21:26 PM      12      0.00      0.00     89.22      0.00      0.00     10.78
08:21:26 PM      16      0.00      0.00     88.89      0.00      0.00     11.11
08:21:26 PM      20      1.01      0.00     88.89      0.00      0.00     10.10

08:21:26 PM     CPU     %user     %nice   %system   %iowait    %steal     %idle
08:21:27 PM       4      0.00      0.00     90.10      0.00      0.00      9.90
08:21:27 PM       8      0.99      0.00     90.10      0.00      0.00      8.91
08:21:27 PM      12      1.00      0.00     88.00      0.00      0.00     11.00
08:21:27 PM      16      1.98      0.00     88.12      0.00      0.00      9.90
08:21:27 PM      20      0.98      0.00     90.20      0.00      0.00      8.82

08:21:27 PM     CPU     %user     %nice   %system   %iowait    %steal     %idle
08:21:28 PM       4      1.01      0.00     88.89      0.00      0.00     10.10
08:21:28 PM       8      1.03      0.00     90.72      0.00      0.00      8.25
08:21:28 PM      12      1.01      0.00     89.90      0.00      0.00      9.09
08:21:28 PM      16      2.02      0.00     87.88      0.00      0.00     10.10
08:21:28 PM      20      0.98      0.00     90.20      0.00      0.00      8.82

08:21:28 PM     CPU     %user     %nice   %system   %iowait    %steal     %idle
08:21:29 PM       4      1.01      0.00     91.92      0.00      0.00      7.07
08:21:29 PM       8      1.01      0.00     90.91      0.00      0.00      8.08
08:21:29 PM      12      0.98      0.00     89.22      0.00      0.00      9.80
08:21:29 PM      16      0.00      0.00     90.82      0.00      0.00      9.18
08:21:29 PM      20      1.00      0.00     92.00      0.00      0.00      7.00

08:21:29 PM     CPU     %user     %nice   %system   %iowait    %steal     %idle
08:21:30 PM       4      0.00      0.00     88.12      0.00      0.00     11.88
08:21:30 PM       8      1.00      0.00     87.00      0.00      0.00     12.00
08:21:30 PM      12      1.98      0.00     87.13      0.00      0.00     10.89
08:21:30 PM      16      1.00      0.00     87.00      0.00      0.00     12.00
08:21:30 PM      20      0.00      0.00     89.80      0.00      0.00     10.20

08:21:30 PM     CPU     %user     %nice   %system   %iowait    %steal     %idle
08:21:31 PM       4      0.00      0.00     91.58      0.00      0.00      8.42
08:21:31 PM       8      0.00      0.00     92.16      0.00      0.00      7.84
08:21:31 PM      12      0.00      0.00     91.92      0.00      0.00      8.08
08:21:31 PM      16      0.99      0.00     89.11      0.00      0.00      9.90
08:21:31 PM      20      0.00      0.00     91.92      0.00      0.00      8.08

08:21:31 PM     CPU     %user     %nice   %system   %iowait    %steal     %idle
08:21:32 PM       4      1.98      0.00     88.12      0.00      0.00      9.90
08:21:32 PM       8      1.96      0.00     87.25      0.00      0.00     10.78
08:21:32 PM      12      1.00      0.00     88.00      0.00      0.00     11.00
08:21:32 PM      16      1.04      0.00     82.29      0.00      0.00     16.67
08:21:32 PM      20      1.02      0.00     87.76      0.00      0.00     11.22

08:21:32 PM     CPU     %user     %nice   %system   %iowait    %steal     %idle
08:21:33 PM       4      0.00      0.00     85.15      0.00      0.00     14.85
08:21:33 PM       8      1.01      0.00     87.88      0.00      0.00     11.11
08:21:33 PM      12      1.02      0.00     87.76      0.00      0.00     11.22
08:21:33 PM      16      2.02      0.00     87.88      0.00      0.00     10.10
08:21:33 PM      20      1.05      0.00     85.26      0.00      0.00     13.68
