Linux 6.0.3 (genie03) 	08/31/2023 	_x86_64_	(64 CPU)

02:25:12 PM     CPU     %user     %nice   %system   %iowait    %steal     %idle
02:25:13 PM       4      0.00      0.00    100.00      0.00      0.00      0.00
02:25:13 PM       8      0.00      0.00    100.00      0.00      0.00      0.00

02:25:13 PM     CPU     %user     %nice   %system   %iowait    %steal     %idle
02:25:14 PM       4      0.00      0.00    100.00      0.00      0.00      0.00
02:25:14 PM       8      2.00      0.00     98.00      0.00      0.00      0.00

02:25:14 PM     CPU     %user     %nice   %system   %iowait    %steal     %idle
02:25:15 PM       4      1.00      0.00     99.00      0.00      0.00      0.00
02:25:15 PM       8      0.00      0.00    100.00      0.00      0.00      0.00

02:25:15 PM     CPU     %user     %nice   %system   %iowait    %steal     %idle
02:25:16 PM       4      0.00      0.00    100.00      0.00      0.00      0.00
02:25:16 PM       8      0.00      0.00    100.00      0.00      0.00      0.00

02:25:16 PM     CPU     %user     %nice   %system   %iowait    %steal     %idle
02:25:17 PM       4      0.00      0.00    100.00      0.00      0.00      0.00
02:25:17 PM       8      0.99      0.00     99.01      0.00      0.00      0.00

02:25:17 PM     CPU     %user     %nice   %system   %iowait    %steal     %idle
02:25:18 PM       4      1.00      0.00     99.00      0.00      0.00      0.00
02:25:18 PM       8      1.00      0.00     99.00      0.00      0.00      0.00

02:25:18 PM     CPU     %user     %nice   %system   %iowait    %steal     %idle
02:25:19 PM       4      0.99      0.00     99.01      0.00      0.00      0.00
02:25:19 PM       8      0.00      0.00    100.00      0.00      0.00      0.00

02:25:19 PM     CPU     %user     %nice   %system   %iowait    %steal     %idle
02:25:20 PM       4      1.00      0.00     99.00      0.00      0.00      0.00
02:25:20 PM       8      2.00      0.00     98.00      0.00      0.00      0.00

02:25:20 PM     CPU     %user     %nice   %system   %iowait    %steal     %idle
02:25:21 PM       4      0.00      0.00    100.00      0.00      0.00      0.00
02:25:21 PM       8      0.00      0.00    100.00      0.00      0.00      0.00

02:25:21 PM     CPU     %user     %nice   %system   %iowait    %steal     %idle
02:25:22 PM       4      0.00      0.00    100.00      0.00      0.00      0.00
02:25:22 PM       8      0.00      0.00    100.00      0.00      0.00      0.00

02:25:22 PM     CPU     %user     %nice   %system   %iowait    %steal     %idle
02:25:23 PM       4      1.00      0.00     99.00      0.00      0.00      0.00
02:25:23 PM       8      1.00      0.00     99.00      0.00      0.00      0.00

02:25:23 PM     CPU     %user     %nice   %system   %iowait    %steal     %idle
02:25:24 PM       4      0.00      0.00    100.00      0.00      0.00      0.00
02:25:24 PM       8      2.00      0.00     98.00      0.00      0.00      0.00

02:25:24 PM     CPU     %user     %nice   %system   %iowait    %steal     %idle
02:25:25 PM       4      0.00      0.00    100.00      0.00      0.00      0.00
02:25:25 PM       8      1.00      0.00     99.00      0.00      0.00      0.00

02:25:25 PM     CPU     %user     %nice   %system   %iowait    %steal     %idle
02:25:26 PM       4      0.00      0.00    100.00      0.00      0.00      0.00
02:25:26 PM       8      0.00      0.00    100.00      0.00      0.00      0.00

02:25:26 PM     CPU     %user     %nice   %system   %iowait    %steal     %idle
02:25:27 PM       4      1.01      0.00     98.99      0.00      0.00      0.00
02:25:27 PM       8      0.00      0.00    100.00      0.00      0.00      0.00
