Linux 6.0.3 (genie03) 	09/05/2023 	_x86_64_	(64 CPU)

08:26:42 PM     CPU     %user     %nice   %system   %iowait    %steal     %idle
08:26:43 PM       4      1.02      0.00     85.71      0.00      0.00     13.27
08:26:43 PM       8      0.99      0.00     84.16      0.00      0.00     14.85
08:26:43 PM      12      0.99      0.00     84.16      0.00      0.00     14.85
08:26:43 PM      16      0.99      0.00     85.15      0.00      0.00     13.86
08:26:43 PM      20      0.00      0.00     86.14      0.00      0.00     13.86

08:26:43 PM     CPU     %user     %nice   %system   %iowait    %steal     %idle
08:26:44 PM       4      0.00      0.00     86.14      0.00      0.00     13.86
08:26:44 PM       8      0.00      0.00     85.15      0.00      0.00     14.85
08:26:44 PM      12      0.00      0.00     87.25      0.00      0.00     12.75
08:26:44 PM      16      2.02      0.00     83.84      0.00      0.00     14.14
08:26:44 PM      20      1.98      0.00     84.16      0.00      0.00     13.86

08:26:44 PM     CPU     %user     %nice   %system   %iowait    %steal     %idle
08:26:45 PM       4      1.01      0.00     89.90      0.00      0.00      9.09
08:26:45 PM       8      1.02      0.00     87.76      0.00      0.00     11.22
08:26:45 PM      12      2.02      0.00     88.89      0.00      0.00      9.09
08:26:45 PM      16      2.02      0.00     86.87      0.00      0.00     11.11
08:26:45 PM      20      0.00      0.00     91.00      0.00      0.00      9.00

08:26:45 PM     CPU     %user     %nice   %system   %iowait    %steal     %idle
08:26:46 PM       4      0.00      0.00     87.13      0.00      0.00     12.87
08:26:46 PM       8      0.00      0.00     83.33      0.00      0.00     16.67
08:26:46 PM      12      0.00      0.00     86.60      0.00      0.00     13.40
08:26:46 PM      16      0.00      0.00     83.17      0.00      0.00     16.83
08:26:46 PM      20      1.94      0.00     85.44      0.00      0.00     12.62

08:26:46 PM     CPU     %user     %nice   %system   %iowait    %steal     %idle
08:26:47 PM       4      0.00      0.00     90.00      0.00      0.00     10.00
08:26:47 PM       8      0.00      0.00     88.89      0.00      0.00     11.11
08:26:47 PM      12      1.01      0.00     84.85      0.00      0.00     14.14
08:26:47 PM      16      0.99      0.00     87.13      0.00      0.00     11.88
08:26:47 PM      20      0.00      0.00     88.24      0.00      0.00     11.76

08:26:47 PM     CPU     %user     %nice   %system   %iowait    %steal     %idle
08:26:48 PM       4      0.00      0.00     92.86      0.00      0.00      7.14
08:26:48 PM       8      1.96      0.00     92.16      0.00      0.00      5.88
08:26:48 PM      12      1.00      0.00     94.00      0.00      0.00      5.00
08:26:48 PM      16      3.00      0.00     92.00      0.00      0.00      5.00
08:26:48 PM      20      0.98      0.00     93.14      0.00      0.00      5.88

08:26:48 PM     CPU     %user     %nice   %system   %iowait    %steal     %idle
08:26:49 PM       4      0.00      0.00    100.00      0.00      0.00      0.00
08:26:49 PM       8      1.00      0.00     99.00      0.00      0.00      0.00
08:26:49 PM      12      1.00      0.00     99.00      0.00      0.00      0.00
08:26:49 PM      16      0.00      0.00    100.00      0.00      0.00      0.00
08:26:49 PM      20      0.00      0.00    100.00      0.00      0.00      0.00

08:26:49 PM     CPU     %user     %nice   %system   %iowait    %steal     %idle
08:26:50 PM       4      0.97      0.00     93.20      0.00      0.00      5.83
08:26:50 PM       8      1.00      0.00     96.00      0.00      0.00      3.00
08:26:50 PM      12      1.02      0.00     96.94      0.00      0.00      2.04
08:26:50 PM      16      0.99      0.00     95.05      0.00      0.00      3.96
08:26:50 PM      20      1.00      0.00     96.00      0.00      0.00      3.00

08:26:50 PM     CPU     %user     %nice   %system   %iowait    %steal     %idle
08:26:51 PM       4      0.97      0.00     82.52      0.00      0.00     16.50
08:26:51 PM       8      0.96      0.00     85.58      0.00      0.00     13.46
08:26:51 PM      12      0.00      0.00     84.69      0.00      0.00     15.31
08:26:51 PM      16      1.00      0.00     88.00      0.00      0.00     11.00
08:26:51 PM      20      0.00      0.00     84.16      0.00      0.00     15.84

08:26:51 PM     CPU     %user     %nice   %system   %iowait    %steal     %idle
08:26:52 PM       4      0.00      0.00     86.87      0.00      0.00     13.13
08:26:52 PM       8      0.97      0.00     85.44      0.00      0.00     13.59
08:26:52 PM      12      1.94      0.00     84.47      0.00      0.00     13.59
08:26:52 PM      16      0.00      0.00     86.87      0.00      0.00     13.13
08:26:52 PM      20      0.98      0.00     87.25      0.00      0.00     11.76

08:26:52 PM     CPU     %user     %nice   %system   %iowait    %steal     %idle
08:26:53 PM       4      0.96      0.00     86.54      0.00      0.00     12.50
08:26:53 PM       8      0.00      0.00     85.15      0.00      0.00     14.85
08:26:53 PM      12      0.00      0.00     85.11      0.00      0.00     14.89
08:26:53 PM      16      1.00      0.00     87.00      0.00      0.00     12.00
08:26:53 PM      20      0.00      0.00     83.81      0.00      0.00     16.19

08:26:53 PM     CPU     %user     %nice   %system   %iowait    %steal     %idle
08:26:54 PM       4      0.98      0.00     91.18      0.00      0.00      7.84
08:26:54 PM       8      0.98      0.00     94.12      0.00      0.00      4.90
08:26:54 PM      12      2.02      0.00     87.88      0.00      0.00     10.10
08:26:54 PM      16      0.99      0.00     94.06      0.00      0.00      4.95
08:26:54 PM      20      0.99      0.00     93.07      0.00      0.00      5.94

08:26:54 PM     CPU     %user     %nice   %system   %iowait    %steal     %idle
08:26:55 PM       4      0.99      0.00     86.14      0.00      0.00     12.87
08:26:55 PM       8      0.00      0.00     86.67      0.00      0.00     13.33
08:26:55 PM      12      0.00      0.00     86.73      0.00      0.00     13.27
08:26:55 PM      16      0.98      0.00     84.31      0.00      0.00     14.71
08:26:55 PM      20      0.00      0.00     86.60      0.00      0.00     13.40

08:26:55 PM     CPU     %user     %nice   %system   %iowait    %steal     %idle
08:26:56 PM       4      0.00      0.00     89.58      0.00      0.00     10.42
08:26:56 PM       8      0.99      0.00     87.13      0.00      0.00     11.88
08:26:56 PM      12      0.99      0.00     89.11      0.00      0.00      9.90
08:26:56 PM      16      1.96      0.00     88.24      0.00      0.00      9.80
08:26:56 PM      20      0.00      0.00     88.89      0.00      0.00     11.11

08:26:56 PM     CPU     %user     %nice   %system   %iowait    %steal     %idle
08:26:57 PM       4      1.01      0.00     90.91      0.00      0.00      8.08
08:26:57 PM       8      0.99      0.00     90.10      0.00      0.00      8.91
08:26:57 PM      12      0.98      0.00     87.25      0.00      0.00     11.76
08:26:57 PM      16      1.00      0.00     90.00      0.00      0.00      9.00
08:26:57 PM      20      0.00      0.00     90.91      0.00      0.00      9.09
