Linux 6.0.3+ (genie03) 	12/21/2023 	_x86_64_	(64 CPU)

04:27:02 PM     CPU     %user     %nice   %system   %iowait    %steal     %idle
04:27:03 PM       4      0.00      0.00     96.81      0.00      0.00      3.19
04:27:03 PM       8      1.96      0.00     95.10      0.00      0.00      2.94
04:27:03 PM      12      2.00      0.00     94.00      0.00      0.00      4.00
04:27:03 PM      16      0.00      0.00     96.97      0.00      0.00      3.03
04:27:03 PM      20      1.00      0.00     96.00      0.00      0.00      3.00
04:27:03 PM      24      1.03      0.00     95.88      0.00      0.00      3.09

04:27:03 PM     CPU     %user     %nice   %system   %iowait    %steal     %idle
04:27:04 PM       4      1.02      0.00     95.92      0.00      0.00      3.06
04:27:04 PM       8      2.06      0.00     93.81      0.00      0.00      4.12
04:27:04 PM      12      1.02      0.00     95.92      0.00      0.00      3.06
04:27:04 PM      16      2.02      0.00     93.94      0.00      0.00      4.04
04:27:04 PM      20      1.02      0.00     95.92      0.00      0.00      3.06
04:27:04 PM      24      0.00      0.00     96.88      0.00      0.00      3.12

04:27:04 PM     CPU     %user     %nice   %system   %iowait    %steal     %idle
04:27:05 PM       4      0.99      0.00     96.04      0.00      0.00      2.97
04:27:05 PM       8      1.02      0.00     95.92      0.00      0.00      3.06
04:27:05 PM      12      0.00      0.00     95.92      0.00      0.00      4.08
04:27:05 PM      16      1.05      0.00     95.79      0.00      0.00      3.16
04:27:05 PM      20      0.00      0.00     97.00      0.00      0.00      3.00
04:27:05 PM      24      3.00      0.00     94.00      0.00      0.00      3.00

04:27:05 PM     CPU     %user     %nice   %system   %iowait    %steal     %idle
04:27:06 PM       4      0.00      0.00     96.91      0.00      0.00      3.09
04:27:06 PM       8      0.00      0.00     95.92      0.00      0.00      4.08
04:27:06 PM      12      1.00      0.00     95.00      0.00      0.00      4.00
04:27:06 PM      16      1.05      0.00     95.79      0.00      0.00      3.16
04:27:06 PM      20      1.03      0.00     95.88      0.00      0.00      3.09
04:27:06 PM      24      1.03      0.00     94.85      0.00      0.00      4.12

04:27:06 PM     CPU     %user     %nice   %system   %iowait    %steal     %idle
04:27:07 PM       4      1.02      0.00     94.90      0.00      0.00      4.08
04:27:07 PM       8      2.02      0.00     94.95      0.00      0.00      3.03
04:27:07 PM      12      0.99      0.00     95.05      0.00      0.00      3.96
04:27:07 PM      16      0.00      0.00     95.92      0.00      0.00      4.08
04:27:07 PM      20      1.03      0.00     95.88      0.00      0.00      3.09
04:27:07 PM      24      2.00      0.00     95.00      0.00      0.00      3.00

04:27:07 PM     CPU     %user     %nice   %system   %iowait    %steal     %idle
04:27:08 PM       4      1.00      0.00     96.00      0.00      0.00      3.00
04:27:08 PM       8      0.00      0.00     96.00      0.00      0.00      4.00
04:27:08 PM      12      0.00      0.00     96.94      0.00      0.00      3.06
04:27:08 PM      16      1.01      0.00     94.95      0.00      0.00      4.04
04:27:08 PM      20      0.00      0.00     96.94      0.00      0.00      3.06
04:27:08 PM      24      2.08      0.00     94.79      0.00      0.00      3.12

04:27:08 PM     CPU     %user     %nice   %system   %iowait    %steal     %idle
04:27:09 PM       4      2.00      0.00     95.00      0.00      0.00      3.00
04:27:09 PM       8      1.05      0.00     94.74      0.00      0.00      4.21
04:27:09 PM      12      1.02      0.00     94.90      0.00      0.00      4.08
04:27:09 PM      16      4.08      0.00     92.86      0.00      0.00      3.06
04:27:09 PM      20      2.04      0.00     94.90      0.00      0.00      3.06
04:27:09 PM      24      3.09      0.00     93.81      0.00      0.00      3.09

04:27:09 PM     CPU     %user     %nice   %system   %iowait    %steal     %idle
04:27:10 PM       4      0.00      0.00     95.88      0.00      0.00      4.12
04:27:10 PM       8      1.00      0.00     96.00      0.00      0.00      3.00
04:27:10 PM      12      1.02      0.00     94.90      0.00      0.00      4.08
04:27:10 PM      16      1.02      0.00     94.90      0.00      0.00      4.08
04:27:10 PM      20      2.08      0.00     93.75      0.00      0.00      4.17
04:27:10 PM      24      1.01      0.00     94.95      0.00      0.00      4.04

04:27:10 PM     CPU     %user     %nice   %system   %iowait    %steal     %idle
04:27:11 PM       4      1.01      0.00     95.96      0.00      0.00      3.03
04:27:11 PM       8      0.00      0.00     95.92      0.00      0.00      4.08
04:27:11 PM      12      2.08      0.00     93.75      0.00      0.00      4.17
04:27:11 PM      16      1.00      0.00     96.00      0.00      0.00      3.00
04:27:11 PM      20      1.03      0.00     95.88      0.00      0.00      3.09
04:27:11 PM      24      2.02      0.00     94.95      0.00      0.00      3.03

04:27:11 PM     CPU     %user     %nice   %system   %iowait    %steal     %idle
04:27:12 PM       4      1.03      0.00     95.88      0.00      0.00      3.09
04:27:12 PM       8      1.03      0.00     95.88      0.00      0.00      3.09
04:27:12 PM      12      0.00      0.00     95.96      0.00      0.00      4.04
04:27:12 PM      16      1.01      0.00     94.95      0.00      0.00      4.04
04:27:12 PM      20      1.03      0.00     95.88      0.00      0.00      3.09
04:27:12 PM      24      0.00      0.00     96.91      0.00      0.00      3.09

04:27:12 PM     CPU     %user     %nice   %system   %iowait    %steal     %idle
04:27:13 PM       4      3.00      0.00     94.00      0.00      0.00      3.00
04:27:13 PM       8      1.02      0.00     94.90      0.00      0.00      4.08
04:27:13 PM      12      0.00      0.00     96.88      0.00      0.00      3.12
04:27:13 PM      16      0.98      0.00     95.10      0.00      0.00      3.92
04:27:13 PM      20      2.06      0.00     93.81      0.00      0.00      4.12
04:27:13 PM      24      1.03      0.00     95.88      0.00      0.00      3.09

04:27:13 PM     CPU     %user     %nice   %system   %iowait    %steal     %idle
04:27:14 PM       4      1.03      0.00     95.88      0.00      0.00      3.09
04:27:14 PM       8      2.06      0.00     93.81      0.00      0.00      4.12
04:27:14 PM      12      2.97      0.00     93.07      0.00      0.00      3.96
04:27:14 PM      16      0.00      0.00     96.97      0.00      0.00      3.03
04:27:14 PM      20      0.00      0.00     95.79      0.00      0.00      4.21
04:27:14 PM      24      1.01      0.00     94.95      0.00      0.00      4.04

04:27:14 PM     CPU     %user     %nice   %system   %iowait    %steal     %idle
04:27:15 PM       4      2.04      0.00     94.90      0.00      0.00      3.06
04:27:15 PM       8      2.02      0.00     94.95      0.00      0.00      3.03
04:27:15 PM      12      2.04      0.00     93.88      0.00      0.00      4.08
04:27:15 PM      16      0.00      0.00     96.00      0.00      0.00      4.00
04:27:15 PM      20      2.00      0.00     95.00      0.00      0.00      3.00
04:27:15 PM      24      2.02      0.00     93.94      0.00      0.00      4.04

04:27:15 PM     CPU     %user     %nice   %system   %iowait    %steal     %idle
04:27:16 PM       4      0.00      0.00     95.92      0.00      0.00      4.08
04:27:16 PM       8      1.00      0.00     95.00      0.00      0.00      4.00
04:27:16 PM      12      1.04      0.00     94.79      0.00      0.00      4.17
04:27:16 PM      16      1.00      0.00     95.00      0.00      0.00      4.00
04:27:16 PM      20      2.04      0.00     94.90      0.00      0.00      3.06
04:27:16 PM      24      2.08      0.00     94.79      0.00      0.00      3.12

04:27:16 PM     CPU     %user     %nice   %system   %iowait    %steal     %idle
04:27:17 PM       4      0.99      0.00     96.04      0.00      0.00      2.97
04:27:17 PM       8      0.00      0.00     95.92      0.00      0.00      4.08
04:27:17 PM      12      0.00      0.00     96.88      0.00      0.00      3.12
04:27:17 PM      16      1.05      0.00     95.79      0.00      0.00      3.16
04:27:17 PM      20      1.01      0.00     95.96      0.00      0.00      3.03
04:27:17 PM      24      1.01      0.00     95.96      0.00      0.00      3.03

04:27:17 PM     CPU     %user     %nice   %system   %iowait    %steal     %idle
04:27:18 PM       4      0.00      0.00     95.92      0.00      0.00      4.08
04:27:18 PM       8      0.00      0.00     96.91      0.00      0.00      3.09
04:27:18 PM      12      0.00      0.00     94.00      0.00      0.00      6.00
04:27:18 PM      16      2.00      0.00     94.00      0.00      0.00      4.00
04:27:18 PM      20      0.00      0.00     95.92      0.00      0.00      4.08
04:27:18 PM      24      1.03      0.00     95.88      0.00      0.00      3.09

04:27:18 PM     CPU     %user     %nice   %system   %iowait    %steal     %idle
04:27:19 PM       4      1.05      0.00     95.79      0.00      0.00      3.16
04:27:19 PM       8      0.99      0.00     95.05      0.00      0.00      3.96
04:27:19 PM      12      1.01      0.00     94.95      0.00      0.00      4.04
04:27:19 PM      16      0.00      0.00     95.92      0.00      0.00      4.08
04:27:19 PM      20      1.03      0.00     95.88      0.00      0.00      3.09
04:27:19 PM      24      1.98      0.00     94.06      0.00      0.00      3.96

04:27:19 PM     CPU     %user     %nice   %system   %iowait    %steal     %idle
04:27:20 PM       4      2.08      0.00     94.79      0.00      0.00      3.12
04:27:20 PM       8      2.00      0.00     94.00      0.00      0.00      4.00
04:27:20 PM      12      1.03      0.00     93.81      0.00      0.00      5.15
04:27:20 PM      16      2.06      0.00     93.81      0.00      0.00      4.12
04:27:20 PM      20      2.04      0.00     94.90      0.00      0.00      3.06
04:27:20 PM      24      1.06      0.00     95.74      0.00      0.00      3.19

04:27:20 PM     CPU     %user     %nice   %system   %iowait    %steal     %idle
04:27:21 PM       4      1.01      0.00     94.95      0.00      0.00      4.04
04:27:21 PM       8      2.06      0.00     94.85      0.00      0.00      3.09
04:27:21 PM      12      1.01      0.00     94.95      0.00      0.00      4.04
04:27:21 PM      16      0.00      0.00     95.83      0.00      0.00      4.17
04:27:21 PM      20      0.00      0.00     96.84      0.00      0.00      3.16
04:27:21 PM      24      1.03      0.00     94.85      0.00      0.00      4.12

04:27:21 PM     CPU     %user     %nice   %system   %iowait    %steal     %idle
04:27:22 PM       4      1.02      0.00     95.92      0.00      0.00      3.06
04:27:22 PM       8      0.00      0.00     95.88      0.00      0.00      4.12
04:27:22 PM      12      1.05      0.00     95.79      0.00      0.00      3.16
04:27:22 PM      16      1.02      0.00     95.92      0.00      0.00      3.06
04:27:22 PM      20      1.03      0.00     94.85      0.00      0.00      4.12
04:27:22 PM      24      1.02      0.00     95.92      0.00      0.00      3.06

04:27:22 PM     CPU     %user     %nice   %system   %iowait    %steal     %idle
04:27:23 PM       4      1.04      0.00     95.83      0.00      0.00      3.12
04:27:23 PM       8      2.00      0.00     95.00      0.00      0.00      3.00
04:27:23 PM      12      1.01      0.00     94.95      0.00      0.00      4.04
04:27:23 PM      16      2.08      0.00     93.75      0.00      0.00      4.17
04:27:23 PM      20      0.00      0.00     97.00      0.00      0.00      3.00
04:27:23 PM      24      1.02      0.00     95.92      0.00      0.00      3.06

04:27:23 PM     CPU     %user     %nice   %system   %iowait    %steal     %idle
04:27:24 PM       4      1.02      0.00     94.90      0.00      0.00      4.08
04:27:24 PM       8      1.04      0.00     94.79      0.00      0.00      4.17
04:27:24 PM      12      1.02      0.00     95.92      0.00      0.00      3.06
04:27:24 PM      16      1.03      0.00     94.85      0.00      0.00      4.12
04:27:24 PM      20      3.06      0.00     93.88      0.00      0.00      3.06
04:27:24 PM      24      1.03      0.00     95.88      0.00      0.00      3.09

04:27:24 PM     CPU     %user     %nice   %system   %iowait    %steal     %idle
04:27:25 PM       4      1.00      0.00     96.00      0.00      0.00      3.00
04:27:25 PM       8      1.03      0.00     95.88      0.00      0.00      3.09
04:27:25 PM      12      2.04      0.00     93.88      0.00      0.00      4.08
04:27:25 PM      16      2.06      0.00     94.85      0.00      0.00      3.09
04:27:25 PM      20      0.00      0.00     95.92      0.00      0.00      4.08
04:27:25 PM      24      0.99      0.00     95.05      0.00      0.00      3.96

04:27:25 PM     CPU     %user     %nice   %system   %iowait    %steal     %idle
04:27:26 PM       4      2.00      0.00     94.00      0.00      0.00      4.00
04:27:26 PM       8      0.00      0.00     95.96      0.00      0.00      4.04
04:27:26 PM      12      1.03      0.00     94.85      0.00      0.00      4.12
04:27:26 PM      16      2.02      0.00     92.93      0.00      0.00      5.05
04:27:26 PM      20      0.00      0.00     95.83      0.00      0.00      4.17
04:27:26 PM      24      2.06      0.00     94.85      0.00      0.00      3.09

04:27:26 PM     CPU     %user     %nice   %system   %iowait    %steal     %idle
04:27:27 PM       4      1.01      0.00     95.96      0.00      0.00      3.03
04:27:27 PM       8      2.02      0.00     93.94      0.00      0.00      4.04
04:27:27 PM      12      1.02      0.00     94.90      0.00      0.00      4.08
04:27:27 PM      16      1.03      0.00     94.85      0.00      0.00      4.12
04:27:27 PM      20      1.02      0.00     95.92      0.00      0.00      3.06
04:27:27 PM      24      1.04      0.00     95.83      0.00      0.00      3.12
