Linux 6.0.3 (genie03) 	09/05/2023 	_x86_64_	(64 CPU)

08:37:01 PM     CPU     %user     %nice   %system   %iowait    %steal     %idle
08:37:02 PM       4      0.00      0.00     94.74      0.00      0.00      5.26
08:37:02 PM       8      1.00      0.00     95.00      0.00      0.00      4.00
08:37:02 PM      12      0.00      0.00     94.90      0.00      0.00      5.10
08:37:02 PM      16      0.00      0.00     92.93      0.00      0.00      7.07
08:37:02 PM      20      2.00      0.00     93.00      0.00      0.00      5.00

08:37:02 PM     CPU     %user     %nice   %system   %iowait    %steal     %idle
08:37:03 PM       4      1.03      0.00     95.88      0.00      0.00      3.09
08:37:03 PM       8      0.00      0.00     95.88      0.00      0.00      4.12
08:37:03 PM      12      1.04      0.00     94.79      0.00      0.00      4.17
08:37:03 PM      16      1.03      0.00     93.81      0.00      0.00      5.15
08:37:03 PM      20      1.01      0.00     93.94      0.00      0.00      5.05

08:37:03 PM     CPU     %user     %nice   %system   %iowait    %steal     %idle
08:37:04 PM       4      1.02      0.00     94.90      0.00      0.00      4.08
08:37:04 PM       8      1.02      0.00     95.92      0.00      0.00      3.06
08:37:04 PM      12      1.00      0.00     95.00      0.00      0.00      4.00
08:37:04 PM      16      1.01      0.00     93.94      0.00      0.00      5.05
08:37:04 PM      20      1.02      0.00     93.88      0.00      0.00      5.10

08:37:04 PM     CPU     %user     %nice   %system   %iowait    %steal     %idle
08:37:05 PM       4      1.01      0.00     94.95      0.00      0.00      4.04
08:37:05 PM       8      1.01      0.00     93.94      0.00      0.00      5.05
08:37:05 PM      12      1.00      0.00     94.00      0.00      0.00      5.00
08:37:05 PM      16      1.96      0.00     92.16      0.00      0.00      5.88
08:37:05 PM      20      0.98      0.00     94.12      0.00      0.00      4.90

08:37:05 PM     CPU     %user     %nice   %system   %iowait    %steal     %idle
08:37:06 PM       4      1.02      0.00     93.88      0.00      0.00      5.10
08:37:06 PM       8      1.03      0.00     94.85      0.00      0.00      4.12
08:37:06 PM      12      0.00      0.00     95.83      0.00      0.00      4.17
08:37:06 PM      16      1.02      0.00     92.86      0.00      0.00      6.12
08:37:06 PM      20      0.00      0.00     92.93      0.00      0.00      7.07

08:37:06 PM     CPU     %user     %nice   %system   %iowait    %steal     %idle
08:37:07 PM       4      1.03      0.00     94.85      0.00      0.00      4.12
08:37:07 PM       8      1.03      0.00     95.88      0.00      0.00      3.09
08:37:07 PM      12      2.00      0.00     94.00      0.00      0.00      4.00
08:37:07 PM      16      0.99      0.00     94.06      0.00      0.00      4.95
08:37:07 PM      20      1.00      0.00     95.00      0.00      0.00      4.00

08:37:07 PM     CPU     %user     %nice   %system   %iowait    %steal     %idle
08:37:08 PM       4      1.03      0.00     94.85      0.00      0.00      4.12
08:37:08 PM       8      1.02      0.00     93.88      0.00      0.00      5.10
08:37:08 PM      12      2.02      0.00     93.94      0.00      0.00      4.04
08:37:08 PM      16      1.03      0.00     93.81      0.00      0.00      5.15
08:37:08 PM      20      1.02      0.00     93.88      0.00      0.00      5.10

08:37:08 PM     CPU     %user     %nice   %system   %iowait    %steal     %idle
08:37:09 PM       4      1.03      0.00     94.85      0.00      0.00      4.12
08:37:09 PM       8      1.02      0.00     93.88      0.00      0.00      5.10
08:37:09 PM      12      1.01      0.00     93.94      0.00      0.00      5.05
08:37:09 PM      16      1.98      0.00     92.08      0.00      0.00      5.94
08:37:09 PM      20      1.00      0.00     93.00      0.00      0.00      6.00

08:37:09 PM     CPU     %user     %nice   %system   %iowait    %steal     %idle
08:37:10 PM       4      0.99      0.00     95.05      0.00      0.00      3.96
08:37:10 PM       8      0.00      0.00     95.88      0.00      0.00      4.12
08:37:10 PM      12      0.00      0.00     95.96      0.00      0.00      4.04
08:37:10 PM      16      1.00      0.00     94.00      0.00      0.00      5.00
08:37:10 PM      20      0.00      0.00     95.05      0.00      0.00      4.95

08:37:10 PM     CPU     %user     %nice   %system   %iowait    %steal     %idle
08:37:11 PM       4      1.01      0.00     94.95      0.00      0.00      4.04
08:37:11 PM       8      2.11      0.00     94.74      0.00      0.00      3.16
08:37:11 PM      12      0.00      0.00     94.74      0.00      0.00      5.26
08:37:11 PM      16      0.00      0.00     94.00      0.00      0.00      6.00
08:37:11 PM      20      1.98      0.00     93.07      0.00      0.00      4.95

08:37:11 PM     CPU     %user     %nice   %system   %iowait    %steal     %idle
08:37:12 PM       4      1.01      0.00     94.95      0.00      0.00      4.04
08:37:12 PM       8      0.00      0.00     94.90      0.00      0.00      5.10
08:37:12 PM      12      1.04      0.00     94.79      0.00      0.00      4.17
08:37:12 PM      16      2.00      0.00     93.00      0.00      0.00      5.00
08:37:12 PM      20      1.01      0.00     92.93      0.00      0.00      6.06

08:37:12 PM     CPU     %user     %nice   %system   %iowait    %steal     %idle
08:37:13 PM       4      0.00      0.00     95.96      0.00      0.00      4.04
08:37:13 PM       8      2.06      0.00     94.85      0.00      0.00      3.09
08:37:13 PM      12      1.05      0.00     94.74      0.00      0.00      4.21
08:37:13 PM      16      0.99      0.00     94.06      0.00      0.00      4.95
08:37:13 PM      20      1.02      0.00     94.90      0.00      0.00      4.08

08:37:13 PM     CPU     %user     %nice   %system   %iowait    %steal     %idle
08:37:14 PM       4      1.04      0.00     95.83      0.00      0.00      3.12
08:37:14 PM       8      0.00      0.00     95.79      0.00      0.00      4.21
08:37:14 PM      12      1.03      0.00     94.85      0.00      0.00      4.12
08:37:14 PM      16      0.00      0.00     94.79      0.00      0.00      5.21
08:37:14 PM      20      0.99      0.00     94.06      0.00      0.00      4.95

08:37:14 PM     CPU     %user     %nice   %system   %iowait    %steal     %idle
08:37:15 PM       4      0.00      0.00     95.96      0.00      0.00      4.04
08:37:15 PM       8      3.00      0.00     93.00      0.00      0.00      4.00
08:37:15 PM      12      1.00      0.00     95.00      0.00      0.00      4.00
08:37:15 PM      16      0.99      0.00     93.07      0.00      0.00      5.94
08:37:15 PM      20      0.00      0.00     94.79      0.00      0.00      5.21

08:37:15 PM     CPU     %user     %nice   %system   %iowait    %steal     %idle
08:37:16 PM       4      1.03      0.00     95.88      0.00      0.00      3.09
08:37:16 PM       8      1.02      0.00     93.88      0.00      0.00      5.10
08:37:16 PM      12      1.03      0.00     94.85      0.00      0.00      4.12
08:37:16 PM      16      2.04      0.00     93.88      0.00      0.00      4.08
08:37:16 PM      20      0.00      0.00     94.85      0.00      0.00      5.15
