Linux 6.0.3 (genie03) 	08/31/2023 	_x86_64_	(64 CPU)

01:57:30 PM     CPU     %user     %nice   %system   %iowait    %steal     %idle
01:57:31 PM       4      1.02      0.00     96.94      0.00      0.00      2.04
01:57:31 PM       8      0.00      0.00     97.89      0.00      0.00      2.11
01:57:31 PM      12      0.00      0.00     96.88      0.00      0.00      3.12
01:57:31 PM      16      1.04      0.00     96.88      0.00      0.00      2.08
01:57:31 PM      20      1.04      0.00     95.83      0.00      0.00      3.12

01:57:31 PM     CPU     %user     %nice   %system   %iowait    %steal     %idle
01:57:32 PM       4      1.03      0.00     97.94      0.00      0.00      1.03
01:57:32 PM       8      1.03      0.00     95.88      0.00      0.00      3.09
01:57:32 PM      12      1.05      0.00     95.79      0.00      0.00      3.16
01:57:32 PM      16      2.15      0.00     94.62      0.00      0.00      3.23
01:57:32 PM      20      2.06      0.00     95.88      0.00      0.00      2.06

01:57:32 PM     CPU     %user     %nice   %system   %iowait    %steal     %idle
01:57:33 PM       4      2.06      0.00     95.88      0.00      0.00      2.06
01:57:33 PM       8      1.04      0.00     96.88      0.00      0.00      2.08
01:57:33 PM      12      1.04      0.00     95.83      0.00      0.00      3.12
01:57:33 PM      16      2.13      0.00     95.74      0.00      0.00      2.13
01:57:33 PM      20      3.12      0.00     94.79      0.00      0.00      2.08

01:57:33 PM     CPU     %user     %nice   %system   %iowait    %steal     %idle
01:57:34 PM       4      1.04      0.00     96.88      0.00      0.00      2.08
01:57:34 PM       8      2.13      0.00     96.81      0.00      0.00      1.06
01:57:34 PM      12      1.04      0.00     95.83      0.00      0.00      3.12
01:57:34 PM      16      1.04      0.00     95.83      0.00      0.00      3.12
01:57:34 PM      20      0.00      0.00     96.94      0.00      0.00      3.06

01:57:34 PM     CPU     %user     %nice   %system   %iowait    %steal     %idle
01:57:35 PM       4      2.15      0.00     96.77      0.00      0.00      1.08
01:57:35 PM       8      0.00      0.00     96.91      0.00      0.00      3.09
01:57:35 PM      12      0.00      0.00     96.91      0.00      0.00      3.09
01:57:35 PM      16      1.06      0.00     96.81      0.00      0.00      2.13
01:57:35 PM      20      1.04      0.00     96.88      0.00      0.00      2.08

01:57:35 PM     CPU     %user     %nice   %system   %iowait    %steal     %idle
01:57:36 PM       4      1.04      0.00     96.88      0.00      0.00      2.08
01:57:36 PM       8      2.11      0.00     95.79      0.00      0.00      2.11
01:57:36 PM      12      2.11      0.00     94.74      0.00      0.00      3.16
01:57:36 PM      16      1.06      0.00     95.74      0.00      0.00      3.19
01:57:36 PM      20      1.06      0.00     95.74      0.00      0.00      3.19

01:57:36 PM     CPU     %user     %nice   %system   %iowait    %steal     %idle
01:57:37 PM       4      2.02      0.00     96.97      0.00      0.00      1.01
01:57:37 PM       8      2.08      0.00     95.83      0.00      0.00      2.08
01:57:37 PM      12      1.01      0.00     95.96      0.00      0.00      3.03
01:57:37 PM      16      0.00      0.00     96.88      0.00      0.00      3.12
01:57:37 PM      20      1.02      0.00     96.94      0.00      0.00      2.04

01:57:37 PM     CPU     %user     %nice   %system   %iowait    %steal     %idle
01:57:38 PM       4      1.06      0.00     96.81      0.00      0.00      2.13
01:57:38 PM       8      1.06      0.00     96.81      0.00      0.00      2.13
01:57:38 PM      12      1.04      0.00     95.83      0.00      0.00      3.12
01:57:38 PM      16      2.08      0.00     94.79      0.00      0.00      3.12
01:57:38 PM      20      1.03      0.00     96.91      0.00      0.00      2.06

01:57:38 PM     CPU     %user     %nice   %system   %iowait    %steal     %idle
01:57:39 PM       4      2.04      0.00     95.92      0.00      0.00      2.04
01:57:39 PM       8      2.08      0.00     95.83      0.00      0.00      2.08
01:57:39 PM      12      2.11      0.00     94.74      0.00      0.00      3.16
01:57:39 PM      16      2.17      0.00     94.57      0.00      0.00      3.26
01:57:39 PM      20      1.09      0.00     97.83      0.00      0.00      1.09

01:57:39 PM     CPU     %user     %nice   %system   %iowait    %steal     %idle
01:57:40 PM       4      1.05      0.00     97.89      0.00      0.00      1.05
01:57:40 PM       8      1.05      0.00     97.89      0.00      0.00      1.05
01:57:40 PM      12      0.00      0.00     96.74      0.00      0.00      3.26
01:57:40 PM      16      3.16      0.00     93.68      0.00      0.00      3.16
01:57:40 PM      20      2.11      0.00     95.79      0.00      0.00      2.11

01:57:40 PM     CPU     %user     %nice   %system   %iowait    %steal     %idle
01:57:41 PM       4      2.11      0.00     95.79      0.00      0.00      2.11
01:57:41 PM       8      2.06      0.00     95.88      0.00      0.00      2.06
01:57:41 PM      12      1.04      0.00     96.88      0.00      0.00      2.08
01:57:41 PM      16      1.04      0.00     96.88      0.00      0.00      2.08
01:57:41 PM      20      2.15      0.00     95.70      0.00      0.00      2.15

01:57:41 PM     CPU     %user     %nice   %system   %iowait    %steal     %idle
01:57:42 PM       4      2.06      0.00     94.85      0.00      0.00      3.09
01:57:42 PM       8      1.02      0.00     96.94      0.00      0.00      2.04
01:57:42 PM      12      3.06      0.00     93.88      0.00      0.00      3.06
01:57:42 PM      16      0.00      0.00     96.88      0.00      0.00      3.12
01:57:42 PM      20      2.08      0.00     96.88      0.00      0.00      1.04

01:57:42 PM     CPU     %user     %nice   %system   %iowait    %steal     %idle
01:57:43 PM       4      1.06      0.00     96.81      0.00      0.00      2.13
01:57:43 PM       8      1.08      0.00     96.77      0.00      0.00      2.15
01:57:43 PM      12      0.00      0.00     96.88      0.00      0.00      3.12
01:57:43 PM      16      3.12      0.00     93.75      0.00      0.00      3.12
01:57:43 PM      20      2.06      0.00     95.88      0.00      0.00      2.06

01:57:43 PM     CPU     %user     %nice   %system   %iowait    %steal     %idle
01:57:44 PM       4      2.08      0.00     95.83      0.00      0.00      2.08
01:57:44 PM       8      1.04      0.00     96.88      0.00      0.00      2.08
01:57:44 PM      12      0.00      0.00     97.94      0.00      0.00      2.06
01:57:44 PM      16      1.04      0.00     96.88      0.00      0.00      2.08
01:57:44 PM      20      2.11      0.00     96.84      0.00      0.00      1.05

01:57:44 PM     CPU     %user     %nice   %system   %iowait    %steal     %idle
01:57:45 PM       4      3.09      0.00     93.81      0.00      0.00      3.09
01:57:45 PM       8      2.08      0.00     95.83      0.00      0.00      2.08
01:57:45 PM      12      0.00      0.00     96.91      0.00      0.00      3.09
01:57:45 PM      16      1.04      0.00     95.83      0.00      0.00      3.12
01:57:45 PM      20      2.06      0.00     95.88      0.00      0.00      2.06
