Linux 6.0.3 (genie03) 	09/05/2023 	_x86_64_	(64 CPU)

08:00:18 PM     CPU     %user     %nice   %system   %iowait    %steal     %idle
08:00:19 PM       4      1.01      0.00     71.72      0.00      0.00     27.27
08:00:19 PM       8      0.00      0.00     78.00      0.00      0.00     22.00
08:00:19 PM      12      1.02      0.00     71.43      0.00      0.00     27.55
08:00:19 PM      16      0.00      0.00     74.51      0.00      0.00     25.49
08:00:19 PM      20      0.00      0.00     63.33      0.00      0.00     36.67

08:00:19 PM     CPU     %user     %nice   %system   %iowait    %steal     %idle
08:00:20 PM       4      1.98      0.00     73.27      0.00      0.00     24.75
08:00:20 PM       8      1.02      0.00     71.43      0.00      0.00     27.55
08:00:20 PM      12      0.00      0.00     74.26      0.00      0.00     25.74
08:00:20 PM      16      2.02      0.00     72.73      0.00      0.00     25.25
08:00:20 PM      20      0.98      0.00     75.49      0.00      0.00     23.53

08:00:20 PM     CPU     %user     %nice   %system   %iowait    %steal     %idle
08:00:21 PM       4      1.01      0.00     64.65      0.00      0.00     34.34
08:00:21 PM       8      2.04      0.00     75.51      0.00      0.00     22.45
08:00:21 PM      12      1.04      0.00     69.79      0.00      0.00     29.17
08:00:21 PM      16      0.96      0.00     78.85      0.00      0.00     20.19
08:00:21 PM      20      1.96      0.00     74.51      0.00      0.00     23.53

08:00:21 PM     CPU     %user     %nice   %system   %iowait    %steal     %idle
08:00:22 PM       4      1.09      0.00     67.39      0.00      0.00     31.52
08:00:22 PM       8      0.97      0.00     74.76      0.00      0.00     24.27
08:00:22 PM      12      2.00      0.00     72.00      0.00      0.00     26.00
08:00:22 PM      16      0.00      0.00     75.79      0.00      0.00     24.21
08:00:22 PM      20      2.02      0.00     71.72      0.00      0.00     26.26

08:00:22 PM     CPU     %user     %nice   %system   %iowait    %steal     %idle
08:00:23 PM       4      2.11      0.00     68.42      0.00      0.00     29.47
08:00:23 PM       8      1.01      0.00     73.74      0.00      0.00     25.25
08:00:23 PM      12      1.90      0.00     72.38      0.00      0.00     25.71
08:00:23 PM      16      2.02      0.00     73.74      0.00      0.00     24.24
08:00:23 PM      20      1.04      0.00     70.83      0.00      0.00     28.12

08:00:23 PM     CPU     %user     %nice   %system   %iowait    %steal     %idle
08:00:24 PM       4      1.92      0.00     68.27      0.00      0.00     29.81
08:00:24 PM       8      1.02      0.00     73.47      0.00      0.00     25.51
08:00:24 PM      12      2.04      0.00     72.45      0.00      0.00     25.51
08:00:24 PM      16      0.00      0.00     77.55      0.00      0.00     22.45
08:00:24 PM      20      1.00      0.00     73.00      0.00      0.00     26.00

08:00:24 PM     CPU     %user     %nice   %system   %iowait    %steal     %idle
08:00:25 PM       4      1.98      0.00     71.29      0.00      0.00     26.73
08:00:25 PM       8      2.02      0.00     69.70      0.00      0.00     28.28
08:00:25 PM      12      2.11      0.00     67.37      0.00      0.00     30.53
08:00:25 PM      16      1.03      0.00     73.20      0.00      0.00     25.77
08:00:25 PM      20      2.08      0.00     73.96      0.00      0.00     23.96

08:00:25 PM     CPU     %user     %nice   %system   %iowait    %steal     %idle
08:00:26 PM       4      0.00      0.00     75.00      0.00      0.00     25.00
08:00:26 PM       8      0.98      0.00     78.43      0.00      0.00     20.59
08:00:26 PM      12      1.02      0.00     70.41      0.00      0.00     28.57
08:00:26 PM      16      0.00      0.00     70.83      0.00      0.00     29.17
08:00:26 PM      20      0.00      0.00     70.10      0.00      0.00     29.90

08:00:26 PM     CPU     %user     %nice   %system   %iowait    %steal     %idle
08:00:27 PM       4      0.99      0.00     75.25      0.00      0.00     23.76
08:00:27 PM       8      2.08      0.00     64.58      0.00      0.00     33.33
08:00:27 PM      12      0.00      0.00     75.00      0.00      0.00     25.00
08:00:27 PM      16      1.01      0.00     72.73      0.00      0.00     26.26
08:00:27 PM      20      0.00      0.00     74.75      0.00      0.00     25.25

08:00:27 PM     CPU     %user     %nice   %system   %iowait    %steal     %idle
08:00:28 PM       4      1.01      0.00     68.69      0.00      0.00     30.30
08:00:28 PM       8      1.01      0.00     73.74      0.00      0.00     25.25
08:00:28 PM      12      1.05      0.00     70.53      0.00      0.00     28.42
08:00:28 PM      16      1.96      0.00     76.47      0.00      0.00     21.57
08:00:28 PM      20      2.04      0.00     71.43      0.00      0.00     26.53

08:00:28 PM     CPU     %user     %nice   %system   %iowait    %steal     %idle
08:00:29 PM       4      0.00      0.00     78.79      0.00      0.00     21.21
08:00:29 PM       8      2.11      0.00     69.47      0.00      0.00     28.42
08:00:29 PM      12      1.04      0.00     72.92      0.00      0.00     26.04
08:00:29 PM      16      2.04      0.00     70.41      0.00      0.00     27.55
08:00:29 PM      20      0.00      0.00     70.83      0.00      0.00     29.17

08:00:29 PM     CPU     %user     %nice   %system   %iowait    %steal     %idle
08:00:30 PM       4      0.00      0.00     72.34      0.00      0.00     27.66
08:00:30 PM       8      0.00      0.00     70.53      0.00      0.00     29.47
08:00:30 PM      12      1.00      0.00     73.00      0.00      0.00     26.00
08:00:30 PM      16      1.98      0.00     65.35      0.00      0.00     32.67
08:00:30 PM      20      2.04      0.00     73.47      0.00      0.00     24.49

08:00:30 PM     CPU     %user     %nice   %system   %iowait    %steal     %idle
08:00:31 PM       4      2.00      0.00     70.00      0.00      0.00     28.00
08:00:31 PM       8      1.02      0.00     70.41      0.00      0.00     28.57
08:00:31 PM      12      1.94      0.00     73.79      0.00      0.00     24.27
08:00:31 PM      16      0.00      0.00     73.96      0.00      0.00     26.04
08:00:31 PM      20      2.06      0.00     75.26      0.00      0.00     22.68

08:00:31 PM     CPU     %user     %nice   %system   %iowait    %steal     %idle
08:00:32 PM       4      1.05      0.00     73.68      0.00      0.00     25.26
08:00:32 PM       8      0.00      0.00     73.20      0.00      0.00     26.80
08:00:32 PM      12      2.00      0.00     71.00      0.00      0.00     27.00
08:00:32 PM      16      1.02      0.00     75.51      0.00      0.00     23.47
08:00:32 PM      20      1.02      0.00     69.39      0.00      0.00     29.59

08:00:32 PM     CPU     %user     %nice   %system   %iowait    %steal     %idle
08:00:33 PM       4      1.02      0.00     74.49      0.00      0.00     24.49
08:00:33 PM       8      1.98      0.00     75.25      0.00      0.00     22.77
08:00:33 PM      12      1.03      0.00     71.13      0.00      0.00     27.84
08:00:33 PM      16      1.01      0.00     71.72      0.00      0.00     27.27
08:00:33 PM      20      2.02      0.00     68.69      0.00      0.00     29.29
