Linux 6.0.3+ (genie03) 	12/21/2023 	_x86_64_	(64 CPU)

03:28:03 PM     CPU     %user     %nice   %system   %iowait    %steal     %idle
03:28:04 PM       4      0.85      0.00     82.20      0.00      0.00     16.95
03:28:04 PM       8      0.97      0.00     78.64      0.00      0.00     20.39
03:28:04 PM      12      0.85      0.00     80.51      0.00      0.00     18.64
03:28:04 PM      16      0.00      0.00     81.90      0.00      0.00     18.10
03:28:04 PM      20      1.14      0.00     75.00      0.00      0.00     23.86

03:28:04 PM     CPU     %user     %nice   %system   %iowait    %steal     %idle
03:28:05 PM       4      0.00      0.00     82.64      0.00      0.00     17.36
03:28:05 PM       8      1.90      0.00     78.10      0.00      0.00     20.00
03:28:05 PM      12      0.00      0.00     82.35      0.00      0.00     17.65
03:28:05 PM      16      0.00      0.00     82.05      0.00      0.00     17.95
03:28:05 PM      20      0.00      0.00     75.29      0.00      0.00     24.71

03:28:05 PM     CPU     %user     %nice   %system   %iowait    %steal     %idle
03:28:06 PM       4      0.84      0.00     82.35      0.00      0.00     16.81
03:28:06 PM       8      0.94      0.00     79.25      0.00      0.00     19.81
03:28:06 PM      12      0.00      0.00     81.82      0.00      0.00     18.18
03:28:06 PM      16      0.85      0.00     80.34      0.00      0.00     18.80
03:28:06 PM      20      0.00      0.00     77.01      0.00      0.00     22.99

03:28:06 PM     CPU     %user     %nice   %system   %iowait    %steal     %idle
03:28:07 PM       4      0.00      0.00     82.46      0.00      0.00     17.54
03:28:07 PM       8      0.97      0.00     78.64      0.00      0.00     20.39
03:28:07 PM      12      0.00      0.00     82.50      0.00      0.00     17.50
03:28:07 PM      16      0.85      0.00     81.36      0.00      0.00     17.80
03:28:07 PM      20      0.00      0.00     75.58      0.00      0.00     24.42

03:28:07 PM     CPU     %user     %nice   %system   %iowait    %steal     %idle
03:28:08 PM       4      0.88      0.00     80.70      0.00      0.00     18.42
03:28:08 PM       8      0.00      0.00     79.41      0.00      0.00     20.59
03:28:08 PM      12      0.00      0.00     81.82      0.00      0.00     18.18
03:28:08 PM      16      0.84      0.00     80.67      0.00      0.00     18.49
03:28:08 PM      20      2.13      0.00     75.53      0.00      0.00     22.34

03:28:08 PM     CPU     %user     %nice   %system   %iowait    %steal     %idle
03:28:09 PM       4      0.00      0.00     82.61      0.00      0.00     17.39
03:28:09 PM       8      1.92      0.00     77.88      0.00      0.00     20.19
03:28:09 PM      12      0.00      0.00     82.64      0.00      0.00     17.36
03:28:09 PM      16      0.00      0.00     82.20      0.00      0.00     17.80
03:28:09 PM      20      1.06      0.00     76.60      0.00      0.00     22.34

03:28:09 PM     CPU     %user     %nice   %system   %iowait    %steal     %idle
03:28:10 PM       4      0.86      0.00     81.03      0.00      0.00     18.10
03:28:10 PM       8      0.00      0.00     80.00      0.00      0.00     20.00
03:28:10 PM      12      0.82      0.00     81.15      0.00      0.00     18.03
03:28:10 PM      16      0.89      0.00     80.36      0.00      0.00     18.75
03:28:10 PM      20      1.04      0.00     77.08      0.00      0.00     21.88

03:28:10 PM     CPU     %user     %nice   %system   %iowait    %steal     %idle
03:28:11 PM       4      0.00      0.00     82.14      0.00      0.00     17.86
03:28:11 PM       8      0.92      0.00     79.82      0.00      0.00     19.27
03:28:11 PM      12      0.00      0.00     82.50      0.00      0.00     17.50
03:28:11 PM      16      0.00      0.00     81.42      0.00      0.00     18.58
03:28:11 PM      20      0.00      0.00     76.74      0.00      0.00     23.26

03:28:11 PM     CPU     %user     %nice   %system   %iowait    %steal     %idle
03:28:12 PM       4      0.86      0.00     81.03      0.00      0.00     18.10
03:28:12 PM       8      0.90      0.00     80.18      0.00      0.00     18.92
03:28:12 PM      12      0.83      0.00     81.82      0.00      0.00     17.36
03:28:12 PM      16      2.61      0.00     78.26      0.00      0.00     19.13
03:28:12 PM      20      0.00      0.00     77.42      0.00      0.00     22.58

03:28:12 PM     CPU     %user     %nice   %system   %iowait    %steal     %idle
03:28:13 PM       4      0.00      0.00     82.46      0.00      0.00     17.54
03:28:13 PM       8      0.94      0.00     79.25      0.00      0.00     19.81
03:28:13 PM      12      0.81      0.00     81.30      0.00      0.00     17.89
03:28:13 PM      16      0.93      0.00     79.63      0.00      0.00     19.44
03:28:13 PM      20      0.00      0.00     77.89      0.00      0.00     22.11

03:28:13 PM     CPU     %user     %nice   %system   %iowait    %steal     %idle
03:28:14 PM       4      0.00      0.00     81.42      0.00      0.00     18.58
03:28:14 PM       8      0.96      0.00     78.85      0.00      0.00     20.19
03:28:14 PM      12      0.00      0.00     81.82      0.00      0.00     18.18
03:28:14 PM      16      0.00      0.00     77.42      0.00      0.00     22.58
03:28:14 PM      20      1.09      0.00     77.17      0.00      0.00     21.74

03:28:14 PM     CPU     %user     %nice   %system   %iowait    %steal     %idle
03:28:15 PM       4      0.89      0.00     81.25      0.00      0.00     17.86
03:28:15 PM       8      0.00      0.00     80.73      0.00      0.00     19.27
03:28:15 PM      12      0.83      0.00     81.82      0.00      0.00     17.36
03:28:15 PM      16      0.00      0.00     73.49      0.00      0.00     26.51
03:28:15 PM      20      1.08      0.00     76.34      0.00      0.00     22.58

03:28:15 PM     CPU     %user     %nice   %system   %iowait    %steal     %idle
03:28:16 PM       4      0.00      0.00     80.37      0.00      0.00     19.63
03:28:16 PM       8      0.90      0.00     79.28      0.00      0.00     19.82
03:28:16 PM      12      0.83      0.00     80.99      0.00      0.00     18.18
03:28:16 PM      16      0.00      0.00     67.19      0.00      0.00     32.81
03:28:16 PM      20      0.00      0.00     78.57      0.00      0.00     21.43

03:28:16 PM     CPU     %user     %nice   %system   %iowait    %steal     %idle
03:28:17 PM       4      0.00      0.00     80.95      0.00      0.00     19.05
03:28:17 PM       8      0.89      0.00     80.36      0.00      0.00     18.75
03:28:17 PM      12      0.82      0.00     81.97      0.00      0.00     17.21
03:28:17 PM      16      0.00      0.00     68.66      0.00      0.00     31.34
03:28:17 PM      20      1.00      0.00     78.00      0.00      0.00     21.00

03:28:17 PM     CPU     %user     %nice   %system   %iowait    %steal     %idle
03:28:18 PM       4      0.95      0.00     79.05      0.00      0.00     20.00
03:28:18 PM       8      0.00      0.00     81.48      0.00      0.00     18.52
03:28:18 PM      12      0.83      0.00     80.99      0.00      0.00     18.18
03:28:18 PM      16      0.00      0.00     64.52      0.00      0.00     35.48
03:28:18 PM      20      0.00      0.00     78.79      0.00      0.00     21.21

03:28:18 PM     CPU     %user     %nice   %system   %iowait    %steal     %idle
03:28:19 PM       4      1.00      0.00     79.00      0.00      0.00     20.00
03:28:19 PM       8      0.00      0.00     80.18      0.00      0.00     19.82
03:28:19 PM      12      1.64      0.00     80.33      0.00      0.00     18.03
03:28:19 PM      16      0.00      0.00     67.19      0.00      0.00     32.81
03:28:19 PM      20      0.00      0.00     76.40      0.00      0.00     23.60

03:28:19 PM     CPU     %user     %nice   %system   %iowait    %steal     %idle
03:28:20 PM       4      0.00      0.00     78.57      0.00      0.00     21.43
03:28:20 PM       8      0.88      0.00     80.53      0.00      0.00     18.58
03:28:20 PM      12      0.82      0.00     81.97      0.00      0.00     17.21
03:28:20 PM      16      0.00      0.00     67.16      0.00      0.00     32.84
03:28:20 PM      20      0.99      0.00     78.22      0.00      0.00     20.79

03:28:20 PM     CPU     %user     %nice   %system   %iowait    %steal     %idle
03:28:21 PM       4      1.08      0.00     77.42      0.00      0.00     21.51
03:28:21 PM       8      0.87      0.00     81.74      0.00      0.00     17.39
03:28:21 PM      12      0.82      0.00     81.15      0.00      0.00     18.03
03:28:21 PM      16      0.00      0.00     68.18      0.00      0.00     31.82
03:28:21 PM      20      0.00      0.00     79.38      0.00      0.00     20.62

03:28:21 PM     CPU     %user     %nice   %system   %iowait    %steal     %idle
03:28:22 PM       4      0.00      0.00     75.58      0.00      0.00     24.42
03:28:22 PM       8      0.00      0.00     80.91      0.00      0.00     19.09
03:28:22 PM      12      0.83      0.00     81.82      0.00      0.00     17.36
03:28:22 PM      16      1.33      0.00     70.67      0.00      0.00     28.00
03:28:22 PM      20      0.00      0.00     77.66      0.00      0.00     22.34

03:28:22 PM     CPU     %user     %nice   %system   %iowait    %steal     %idle
03:28:23 PM       4      0.00      0.00     67.19      0.00      0.00     32.81
03:28:23 PM       8      0.00      0.00     81.58      0.00      0.00     18.42
03:28:23 PM      12      0.00      0.00     81.82      0.00      0.00     18.18
03:28:23 PM      16      0.00      0.00     69.86      0.00      0.00     30.14
03:28:23 PM      20      0.99      0.00     78.22      0.00      0.00     20.79

03:28:23 PM     CPU     %user     %nice   %system   %iowait    %steal     %idle
03:28:24 PM       4      1.52      0.00     68.18      0.00      0.00     30.30
03:28:24 PM       8      0.88      0.00     80.70      0.00      0.00     18.42
03:28:24 PM      12      0.82      0.00     81.97      0.00      0.00     17.21
03:28:24 PM      16      0.00      0.00     67.69      0.00      0.00     32.31
03:28:24 PM      20      0.00      0.00     80.77      0.00      0.00     19.23

03:28:24 PM     CPU     %user     %nice   %system   %iowait    %steal     %idle
03:28:25 PM       4      1.54      0.00     67.69      0.00      0.00     30.77
03:28:25 PM       8      0.85      0.00     81.36      0.00      0.00     17.80
03:28:25 PM      12      0.82      0.00     81.15      0.00      0.00     18.03
03:28:25 PM      16      1.39      0.00     68.06      0.00      0.00     30.56
03:28:25 PM      20      0.00      0.00     79.41      0.00      0.00     20.59

03:28:25 PM     CPU     %user     %nice   %system   %iowait    %steal     %idle
03:28:26 PM       4      0.00      0.00     71.01      0.00      0.00     28.99
03:28:26 PM       8      0.85      0.00     81.20      0.00      0.00     17.95
03:28:26 PM      12      0.83      0.00     81.82      0.00      0.00     17.36
03:28:26 PM      16      0.00      0.00     67.19      0.00      0.00     32.81
03:28:26 PM      20      0.96      0.00     78.85      0.00      0.00     20.19

03:28:26 PM     CPU     %user     %nice   %system   %iowait    %steal     %idle
03:28:27 PM       4      0.00      0.00     68.18      0.00      0.00     31.82
03:28:27 PM       8      0.00      0.00     82.05      0.00      0.00     17.95
03:28:27 PM      12      0.82      0.00     81.15      0.00      0.00     18.03
03:28:27 PM      16      0.00      0.00     68.57      0.00      0.00     31.43
03:28:27 PM      20      0.00      0.00     78.35      0.00      0.00     21.65

03:28:27 PM     CPU     %user     %nice   %system   %iowait    %steal     %idle
03:28:28 PM       4      0.00      0.00     68.18      0.00      0.00     31.82
03:28:28 PM       8      0.00      0.00     83.05      0.00      0.00     16.95
03:28:28 PM      12      0.83      0.00     81.67      0.00      0.00     17.50
03:28:28 PM      16      1.25      0.00     72.50      0.00      0.00     26.25
03:28:28 PM      20      0.00      0.00     80.95      0.00      0.00     19.05
