Linux 6.0.3 (genie03) 	08/31/2023 	_x86_64_	(64 CPU)

01:52:44 PM     CPU     %user     %nice   %system   %iowait    %steal     %idle
01:52:45 PM       4      0.00      0.00     68.06      0.00      0.00     31.94
01:52:45 PM       8      0.69      0.00     66.67      0.00      0.00     32.64
01:52:45 PM      12      1.35      0.00     66.22      0.00      0.00     32.43
01:52:45 PM      16      0.00      0.00      0.00      0.00      0.00    100.00
01:52:45 PM      20      0.00      0.00     68.24      0.00      0.00     31.76

01:52:45 PM     CPU     %user     %nice   %system   %iowait    %steal     %idle
01:52:46 PM       4      0.69      0.00     67.59      0.00      0.00     31.72
01:52:46 PM       8      1.42      0.00     65.25      0.00      0.00     33.33
01:52:46 PM      12      1.35      0.00     66.22      0.00      0.00     32.43
01:52:46 PM      16      0.00      0.00      0.00      0.00      0.00    100.00
01:52:46 PM      20      0.00      0.00     68.03      0.00      0.00     31.97

01:52:46 PM     CPU     %user     %nice   %system   %iowait    %steal     %idle
01:52:47 PM       4      0.00      0.00     67.36      0.00      0.00     32.64
01:52:47 PM       8      0.71      0.00     66.43      0.00      0.00     32.86
01:52:47 PM      12      1.35      0.00     66.22      0.00      0.00     32.43
01:52:47 PM      16      0.00      0.00      0.00      0.00      0.00    100.00
01:52:47 PM      20      0.00      0.00     67.81      0.00      0.00     32.19

01:52:47 PM     CPU     %user     %nice   %system   %iowait    %steal     %idle
01:52:48 PM       4      2.08      0.00     65.28      0.00      0.00     32.64
01:52:48 PM       8      0.00      0.00     66.90      0.00      0.00     33.10
01:52:48 PM      12      0.68      0.00     66.89      0.00      0.00     32.43
01:52:48 PM      16      0.00      0.00      2.00      0.00      0.00     98.00
01:52:48 PM      20      0.68      0.00     67.12      0.00      0.00     32.19

01:52:48 PM     CPU     %user     %nice   %system   %iowait    %steal     %idle
01:52:49 PM       4      1.41      0.00     66.20      0.00      0.00     32.39
01:52:49 PM       8      0.70      0.00     66.43      0.00      0.00     32.87
01:52:49 PM      12      2.01      0.00     65.77      0.00      0.00     32.21
01:52:49 PM      16      0.00      0.00      0.00      0.00      0.00    100.00
01:52:49 PM      20      0.68      0.00     67.35      0.00      0.00     31.97

01:52:49 PM     CPU     %user     %nice   %system   %iowait    %steal     %idle
01:52:50 PM       4      0.70      0.00     66.90      0.00      0.00     32.39
01:52:50 PM       8      0.00      0.00     67.59      0.00      0.00     32.41
01:52:50 PM      12      0.00      0.00     67.35      0.00      0.00     32.65
01:52:50 PM      16      0.00      0.00      0.00      0.00      0.00    100.00
01:52:50 PM      20      2.04      0.00     65.99      0.00      0.00     31.97

01:52:50 PM     CPU     %user     %nice   %system   %iowait    %steal     %idle
01:52:51 PM       4      0.00      0.00     66.67      0.00      0.00     33.33
01:52:51 PM       8      0.68      0.00     67.57      0.00      0.00     31.76
01:52:51 PM      12      0.68      0.00     66.89      0.00      0.00     32.43
01:52:51 PM      16      0.00      0.00      0.00      0.00      0.00    100.00
01:52:51 PM      20      2.05      0.00     65.75      0.00      0.00     32.19

01:52:51 PM     CPU     %user     %nice   %system   %iowait    %steal     %idle
01:52:52 PM       4      0.00      0.00     65.93      0.00      0.00     34.07
01:52:52 PM       8      0.69      0.00     67.59      0.00      0.00     31.72
01:52:52 PM      12      0.00      0.00     67.57      0.00      0.00     32.43
01:52:52 PM      16      0.00      0.00      0.00      0.00      0.00    100.00
01:52:52 PM      20      1.35      0.00     66.89      0.00      0.00     31.76

01:52:52 PM     CPU     %user     %nice   %system   %iowait    %steal     %idle
01:52:53 PM       4      0.72      0.00     66.19      0.00      0.00     33.09
01:52:53 PM       8      0.70      0.00     66.43      0.00      0.00     32.87
01:52:53 PM      12      0.68      0.00     67.57      0.00      0.00     31.76
01:52:53 PM      16      0.00      0.00      0.00      0.00      0.00    100.00
01:52:53 PM      20      0.68      0.00     67.12      0.00      0.00     32.19

01:52:53 PM     CPU     %user     %nice   %system   %iowait    %steal     %idle
01:52:54 PM       4      1.45      0.00     65.22      0.00      0.00     33.33
01:52:54 PM       8      0.68      0.00     67.81      0.00      0.00     31.51
01:52:54 PM      12      0.68      0.00     66.67      0.00      0.00     32.65
01:52:54 PM      16      0.00      0.00      0.00      0.00      0.00    100.00
01:52:54 PM      20      0.68      0.00     67.57      0.00      0.00     31.76

01:52:54 PM     CPU     %user     %nice   %system   %iowait    %steal     %idle
01:52:55 PM       4      0.00      0.00     67.83      0.00      0.00     32.17
01:52:55 PM       8      0.69      0.00     66.90      0.00      0.00     32.41
01:52:55 PM      12      0.68      0.00     66.89      0.00      0.00     32.43
01:52:55 PM      16      0.00      0.00      0.00      0.00      0.00    100.00
01:52:55 PM      20      0.68      0.00     67.35      0.00      0.00     31.97

01:52:55 PM     CPU     %user     %nice   %system   %iowait    %steal     %idle
01:52:56 PM       4      0.00      0.00     68.06      0.00      0.00     31.94
01:52:56 PM       8      0.00      0.00     66.90      0.00      0.00     33.10
01:52:56 PM      12      0.00      0.00     67.57      0.00      0.00     32.43
01:52:56 PM      16      0.00      0.00      0.00      0.00      0.00    100.00
01:52:56 PM      20      0.00      0.00     67.81      0.00      0.00     32.19

01:52:56 PM     CPU     %user     %nice   %system   %iowait    %steal     %idle
01:52:57 PM       4      0.71      0.00     65.71      0.00      0.00     33.57
01:52:57 PM       8      0.00      0.00     66.19      0.00      0.00     33.81
01:52:57 PM      12      0.00      0.00     67.57      0.00      0.00     32.43
01:52:57 PM      16      0.00      0.00      0.00      0.00      0.00    100.00
01:52:57 PM      20      0.68      0.00     67.57      0.00      0.00     31.76

01:52:57 PM     CPU     %user     %nice   %system   %iowait    %steal     %idle
01:52:58 PM       4      0.77      0.00     63.85      0.00      0.00     35.38
01:52:58 PM       8      0.00      0.00     67.59      0.00      0.00     32.41
01:52:58 PM      12      0.00      0.00     67.12      0.00      0.00     32.88
01:52:58 PM      16      0.00      0.00      0.00      0.00      0.00    100.00
01:52:58 PM      20      0.68      0.00     67.35      0.00      0.00     31.97

01:52:58 PM     CPU     %user     %nice   %system   %iowait    %steal     %idle
01:52:59 PM       4      0.00      0.00     63.28      0.00      0.00     36.72
01:52:59 PM       8      0.68      0.00     67.81      0.00      0.00     31.51
01:52:59 PM      12      0.00      0.00     68.03      0.00      0.00     31.97
01:52:59 PM      16      0.00      0.00      0.00      0.00      0.00    100.00
01:52:59 PM      20      1.36      0.00     66.67      0.00      0.00     31.97
