Linux 6.0.3+ (genie03) 	12/21/2023 	_x86_64_	(64 CPU)

04:37:50 PM     CPU     %user     %nice   %system   %iowait    %steal     %idle
04:37:51 PM       4      0.00      0.00    100.00      0.00      0.00      0.00
04:37:51 PM       8      0.99      0.00     99.01      0.00      0.00      0.00
04:37:51 PM      12      0.00      0.00    100.00      0.00      0.00      0.00
04:37:51 PM      16      1.00      0.00     99.00      0.00      0.00      0.00
04:37:51 PM      20      1.00      0.00     99.00      0.00      0.00      0.00

04:37:51 PM     CPU     %user     %nice   %system   %iowait    %steal     %idle
04:37:52 PM       4      0.00      0.00    100.00      0.00      0.00      0.00
04:37:52 PM       8      0.00      0.00    100.00      0.00      0.00      0.00
04:37:52 PM      12      1.00      0.00     99.00      0.00      0.00      0.00
04:37:52 PM      16      1.01      0.00     98.99      0.00      0.00      0.00
04:37:52 PM      20      0.00      0.00    100.00      0.00      0.00      0.00

04:37:52 PM     CPU     %user     %nice   %system   %iowait    %steal     %idle
04:37:53 PM       4      1.00      0.00     99.00      0.00      0.00      0.00
04:37:53 PM       8      0.00      0.00    100.00      0.00      0.00      0.00
04:37:53 PM      12      1.00      0.00     99.00      0.00      0.00      0.00
04:37:53 PM      16      1.00      0.00     99.00      0.00      0.00      0.00
04:37:53 PM      20      0.00      0.00    100.00      0.00      0.00      0.00

04:37:53 PM     CPU     %user     %nice   %system   %iowait    %steal     %idle
04:37:54 PM       4      0.99      0.00     99.01      0.00      0.00      0.00
04:37:54 PM       8      0.00      0.00    100.00      0.00      0.00      0.00
04:37:54 PM      12      1.00      0.00     99.00      0.00      0.00      0.00
04:37:54 PM      16      2.00      0.00     98.00      0.00      0.00      0.00
04:37:54 PM      20      1.01      0.00     98.99      0.00      0.00      0.00

04:37:54 PM     CPU     %user     %nice   %system   %iowait    %steal     %idle
04:37:55 PM       4      0.00      0.00    100.00      0.00      0.00      0.00
04:37:55 PM       8      0.99      0.00     99.01      0.00      0.00      0.00
04:37:55 PM      12      0.00      0.00    100.00      0.00      0.00      0.00
04:37:55 PM      16      0.00      0.00    100.00      0.00      0.00      0.00
04:37:55 PM      20      0.99      0.00     99.01      0.00      0.00      0.00

04:37:55 PM     CPU     %user     %nice   %system   %iowait    %steal     %idle
04:37:56 PM       4      1.98      0.00     98.02      0.00      0.00      0.00
04:37:56 PM       8      0.00      0.00    100.00      0.00      0.00      0.00
04:37:56 PM      12      1.00      0.00     99.00      0.00      0.00      0.00
04:37:56 PM      16      0.00      0.00    100.00      0.00      0.00      0.00
04:37:56 PM      20      0.00      0.00    100.00      0.00      0.00      0.00

04:37:56 PM     CPU     %user     %nice   %system   %iowait    %steal     %idle
04:37:57 PM       4      0.00      0.00    100.00      0.00      0.00      0.00
04:37:57 PM       8      0.99      0.00     99.01      0.00      0.00      0.00
04:37:57 PM      12      1.00      0.00     99.00      0.00      0.00      0.00
04:37:57 PM      16      0.00      0.00    100.00      0.00      0.00      0.00
04:37:57 PM      20      0.99      0.00     99.01      0.00      0.00      0.00

04:37:57 PM     CPU     %user     %nice   %system   %iowait    %steal     %idle
04:37:58 PM       4      0.00      0.00    100.00      0.00      0.00      0.00
04:37:58 PM       8      0.00      0.00    100.00      0.00      0.00      0.00
04:37:58 PM      12      0.99      0.00     99.01      0.00      0.00      0.00
04:37:58 PM      16      0.00      0.00    100.00      0.00      0.00      0.00
04:37:58 PM      20      0.00      0.00    100.00      0.00      0.00      0.00

04:37:58 PM     CPU     %user     %nice   %system   %iowait    %steal     %idle
04:37:59 PM       4      0.00      0.00    100.00      0.00      0.00      0.00
04:37:59 PM       8      0.00      0.00    100.00      0.00      0.00      0.00
04:37:59 PM      12      0.00      0.00    100.00      0.00      0.00      0.00
04:37:59 PM      16      0.00      0.00    100.00      0.00      0.00      0.00
04:37:59 PM      20      0.00      0.00    100.00      0.00      0.00      0.00

04:37:59 PM     CPU     %user     %nice   %system   %iowait    %steal     %idle
04:38:00 PM       4      0.99      0.00     99.01      0.00      0.00      0.00
04:38:00 PM       8      0.99      0.00     99.01      0.00      0.00      0.00
04:38:00 PM      12      0.00      0.00    100.00      0.00      0.00      0.00
04:38:00 PM      16      0.00      0.00    100.00      0.00      0.00      0.00
04:38:00 PM      20      0.99      0.00     99.01      0.00      0.00      0.00

04:38:00 PM     CPU     %user     %nice   %system   %iowait    %steal     %idle
04:38:01 PM       4      1.00      0.00     99.00      0.00      0.00      0.00
04:38:01 PM       8      0.00      0.00    100.00      0.00      0.00      0.00
04:38:01 PM      12      1.00      0.00     99.00      0.00      0.00      0.00
04:38:01 PM      16      1.00      0.00     99.00      0.00      0.00      0.00
04:38:01 PM      20      0.00      0.00    100.00      0.00      0.00      0.00

04:38:01 PM     CPU     %user     %nice   %system   %iowait    %steal     %idle
04:38:02 PM       4      0.00      0.00    100.00      0.00      0.00      0.00
04:38:02 PM       8      0.99      0.00     99.01      0.00      0.00      0.00
04:38:02 PM      12      1.00      0.00     99.00      0.00      0.00      0.00
04:38:02 PM      16      1.00      0.00     99.00      0.00      0.00      0.00
04:38:02 PM      20      1.01      0.00     98.99      0.00      0.00      0.00

04:38:02 PM     CPU     %user     %nice   %system   %iowait    %steal     %idle
04:38:03 PM       4      1.00      0.00     99.00      0.00      0.00      0.00
04:38:03 PM       8      0.00      0.00    100.00      0.00      0.00      0.00
04:38:03 PM      12      0.99      0.00     99.01      0.00      0.00      0.00
04:38:03 PM      16      1.00      0.00     99.00      0.00      0.00      0.00
04:38:03 PM      20      1.00      0.00     99.00      0.00      0.00      0.00

04:38:03 PM     CPU     %user     %nice   %system   %iowait    %steal     %idle
04:38:04 PM       4      1.00      0.00     99.00      0.00      0.00      0.00
04:38:04 PM       8      0.00      0.00    100.00      0.00      0.00      0.00
04:38:04 PM      12      0.00      0.00    100.00      0.00      0.00      0.00
04:38:04 PM      16      0.00      0.00    100.00      0.00      0.00      0.00
04:38:04 PM      20      1.00      0.00     99.00      0.00      0.00      0.00

04:38:04 PM     CPU     %user     %nice   %system   %iowait    %steal     %idle
04:38:05 PM       4      0.00      0.00    100.00      0.00      0.00      0.00
04:38:05 PM       8      0.99      0.00     99.01      0.00      0.00      0.00
04:38:05 PM      12      0.00      0.00    100.00      0.00      0.00      0.00
04:38:05 PM      16      1.00      0.00     99.00      0.00      0.00      0.00
04:38:05 PM      20      0.99      0.00     99.01      0.00      0.00      0.00

04:38:05 PM     CPU     %user     %nice   %system   %iowait    %steal     %idle
04:38:06 PM       4      1.00      0.00     99.00      0.00      0.00      0.00
04:38:06 PM       8      0.00      0.00    100.00      0.00      0.00      0.00
04:38:06 PM      12      1.98      0.00     98.02      0.00      0.00      0.00
04:38:06 PM      16      0.99      0.00     99.01      0.00      0.00      0.00
04:38:06 PM      20      1.00      0.00     99.00      0.00      0.00      0.00

04:38:06 PM     CPU     %user     %nice   %system   %iowait    %steal     %idle
04:38:07 PM       4      1.00      0.00     99.00      0.00      0.00      0.00
04:38:07 PM       8      1.00      0.00     99.00      0.00      0.00      0.00
04:38:07 PM      12      1.01      0.00     98.99      0.00      0.00      0.00
04:38:07 PM      16      0.00      0.00    100.00      0.00      0.00      0.00
04:38:07 PM      20      1.00      0.00     99.00      0.00      0.00      0.00

04:38:07 PM     CPU     %user     %nice   %system   %iowait    %steal     %idle
04:38:08 PM       4      0.00      0.00    100.00      0.00      0.00      0.00
04:38:08 PM       8      1.00      0.00     99.00      0.00      0.00      0.00
04:38:08 PM      12      0.00      0.00    100.00      0.00      0.00      0.00
04:38:08 PM      16      0.99      0.00     99.01      0.00      0.00      0.00
04:38:08 PM      20      1.00      0.00     99.00      0.00      0.00      0.00

04:38:08 PM     CPU     %user     %nice   %system   %iowait    %steal     %idle
04:38:09 PM       4      0.99      0.00     99.01      0.00      0.00      0.00
04:38:09 PM       8      1.00      0.00     99.00      0.00      0.00      0.00
04:38:09 PM      12      1.00      0.00     99.00      0.00      0.00      0.00
04:38:09 PM      16      0.00      0.00    100.00      0.00      0.00      0.00
04:38:09 PM      20      0.00      0.00    100.00      0.00      0.00      0.00

04:38:09 PM     CPU     %user     %nice   %system   %iowait    %steal     %idle
04:38:10 PM       4      0.00      0.00    100.00      0.00      0.00      0.00
04:38:10 PM       8      1.98      0.00     98.02      0.00      0.00      0.00
04:38:10 PM      12      0.00      0.00    100.00      0.00      0.00      0.00
04:38:10 PM      16      0.00      0.00    100.00      0.00      0.00      0.00
04:38:10 PM      20      1.00      0.00     99.00      0.00      0.00      0.00

04:38:10 PM     CPU     %user     %nice   %system   %iowait    %steal     %idle
04:38:11 PM       4      0.00      0.00    100.00      0.00      0.00      0.00
04:38:11 PM       8      0.00      0.00    100.00      0.00      0.00      0.00
04:38:11 PM      12      1.00      0.00     99.00      0.00      0.00      0.00
04:38:11 PM      16      0.99      0.00     99.01      0.00      0.00      0.00
04:38:11 PM      20      0.00      0.00    100.00      0.00      0.00      0.00

04:38:11 PM     CPU     %user     %nice   %system   %iowait    %steal     %idle
04:38:12 PM       4      0.99      0.00     99.01      0.00      0.00      0.00
04:38:12 PM       8      0.99      0.00     99.01      0.00      0.00      0.00
04:38:12 PM      12      0.99      0.00     99.01      0.00      0.00      0.00
04:38:12 PM      16      0.00      0.00    100.00      0.00      0.00      0.00
04:38:12 PM      20      0.00      0.00    100.00      0.00      0.00      0.00

04:38:12 PM     CPU     %user     %nice   %system   %iowait    %steal     %idle
04:38:13 PM       4      0.00      0.00    100.00      0.00      0.00      0.00
04:38:13 PM       8      0.00      0.00    100.00      0.00      0.00      0.00
04:38:13 PM      12      1.01      0.00     98.99      0.00      0.00      0.00
04:38:13 PM      16      1.01      0.00     98.99      0.00      0.00      0.00
04:38:13 PM      20      0.99      0.00     99.01      0.00      0.00      0.00

04:38:13 PM     CPU     %user     %nice   %system   %iowait    %steal     %idle
04:38:14 PM       4      0.00      0.00    100.00      0.00      0.00      0.00
04:38:14 PM       8      1.01      0.00     98.99      0.00      0.00      0.00
04:38:14 PM      12      0.00      0.00    100.00      0.00      0.00      0.00
04:38:14 PM      16      0.00      0.00    100.00      0.00      0.00      0.00
04:38:14 PM      20      0.00      0.00    100.00      0.00      0.00      0.00

04:38:14 PM     CPU     %user     %nice   %system   %iowait    %steal     %idle
04:38:15 PM       4      0.00      0.00    100.00      0.00      0.00      0.00
04:38:15 PM       8      0.00      0.00    100.00      0.00      0.00      0.00
04:38:15 PM      12      1.01      0.00     98.99      0.00      0.00      0.00
04:38:15 PM      16      1.00      0.00     99.00      0.00      0.00      0.00
04:38:15 PM      20      0.00      0.00    100.00      0.00      0.00      0.00
