Linux 6.0.3 (genie03) 	08/31/2023 	_x86_64_	(64 CPU)

02:10:53 PM     CPU     %user     %nice   %system   %iowait    %steal     %idle
02:10:54 PM       4      2.08      0.00     94.79      0.00      0.00      3.12
02:10:54 PM       8      1.01      0.00     94.95      0.00      0.00      4.04
02:10:54 PM      12      1.09      0.00     89.13      0.00      0.00      9.78
02:10:54 PM      16      1.08      0.00     95.70      0.00      0.00      3.23
02:10:54 PM      20      1.06      0.00     96.81      0.00      0.00      2.13

02:10:54 PM     CPU     %user     %nice   %system   %iowait    %steal     %idle
02:10:55 PM       4      2.08      0.00     94.79      0.00      0.00      3.12
02:10:55 PM       8      1.06      0.00     96.81      0.00      0.00      2.13
02:10:55 PM      12      1.00      0.00     94.00      0.00      0.00      5.00
02:10:55 PM      16      2.13      0.00     95.74      0.00      0.00      2.13
02:10:55 PM      20      1.05      0.00     96.84      0.00      0.00      2.11

02:10:55 PM     CPU     %user     %nice   %system   %iowait    %steal     %idle
02:10:56 PM       4      0.00      0.00     97.92      0.00      0.00      2.08
02:10:56 PM       8      2.11      0.00     94.74      0.00      0.00      3.16
02:10:56 PM      12      1.03      0.00     95.88      0.00      0.00      3.09
02:10:56 PM      16      2.13      0.00     94.68      0.00      0.00      3.19
02:10:56 PM      20      2.08      0.00     95.83      0.00      0.00      2.08

02:10:56 PM     CPU     %user     %nice   %system   %iowait    %steal     %idle
02:10:57 PM       4      0.00      0.00     96.97      0.00      0.00      3.03
02:10:57 PM       8      2.08      0.00     94.79      0.00      0.00      3.12
02:10:57 PM      12      0.00      0.00     96.97      0.00      0.00      3.03
02:10:57 PM      16      1.04      0.00     95.83      0.00      0.00      3.12
02:10:57 PM      20      1.08      0.00     96.77      0.00      0.00      2.15

02:10:57 PM     CPU     %user     %nice   %system   %iowait    %steal     %idle
02:10:58 PM       4      1.04      0.00     95.83      0.00      0.00      3.12
02:10:58 PM       8      1.03      0.00     96.91      0.00      0.00      2.06
02:10:58 PM      12      0.00      0.00     96.88      0.00      0.00      3.12
02:10:58 PM      16      2.08      0.00     95.83      0.00      0.00      2.08
02:10:58 PM      20      1.05      0.00     97.89      0.00      0.00      1.05

02:10:58 PM     CPU     %user     %nice   %system   %iowait    %steal     %idle
02:10:59 PM       4      2.13      0.00     94.68      0.00      0.00      3.19
02:10:59 PM       8      1.03      0.00     95.88      0.00      0.00      3.09
02:10:59 PM      12      2.06      0.00     93.81      0.00      0.00      4.12
02:10:59 PM      16      1.04      0.00     96.88      0.00      0.00      2.08
02:10:59 PM      20      1.04      0.00     96.88      0.00      0.00      2.08

02:10:59 PM     CPU     %user     %nice   %system   %iowait    %steal     %idle
02:11:00 PM       4      1.05      0.00     95.79      0.00      0.00      3.16
02:11:00 PM       8      1.09      0.00     96.74      0.00      0.00      2.17
02:11:00 PM      12      2.08      0.00     94.79      0.00      0.00      3.12
02:11:00 PM      16      0.00      0.00     97.98      0.00      0.00      2.02
02:11:00 PM      20      3.06      0.00     94.90      0.00      0.00      2.04

02:11:00 PM     CPU     %user     %nice   %system   %iowait    %steal     %idle
02:11:01 PM       4      0.00      0.00     96.88      0.00      0.00      3.12
02:11:01 PM       8      3.12      0.00     94.79      0.00      0.00      2.08
02:11:01 PM      12      2.08      0.00     93.75      0.00      0.00      4.17
02:11:01 PM      16      1.08      0.00     96.77      0.00      0.00      2.15
02:11:01 PM      20      0.00      0.00     97.96      0.00      0.00      2.04

02:11:01 PM     CPU     %user     %nice   %system   %iowait    %steal     %idle
02:11:02 PM       4      1.04      0.00     94.79      0.00      0.00      4.17
02:11:02 PM       8      2.08      0.00     95.83      0.00      0.00      2.08
02:11:02 PM      12      0.00      0.00     96.88      0.00      0.00      3.12
02:11:02 PM      16      3.19      0.00     94.68      0.00      0.00      2.13
02:11:02 PM      20      1.08      0.00     96.77      0.00      0.00      2.15

02:11:02 PM     CPU     %user     %nice   %system   %iowait    %steal     %idle
02:11:03 PM       4      1.04      0.00     95.83      0.00      0.00      3.12
02:11:03 PM       8      1.03      0.00     95.88      0.00      0.00      3.09
02:11:03 PM      12      2.13      0.00     93.62      0.00      0.00      4.26
02:11:03 PM      16      2.08      0.00     95.83      0.00      0.00      2.08
02:11:03 PM      20      2.08      0.00     95.83      0.00      0.00      2.08

02:11:03 PM     CPU     %user     %nice   %system   %iowait    %steal     %idle
02:11:04 PM       4      2.06      0.00     94.85      0.00      0.00      3.09
02:11:04 PM       8      2.06      0.00     94.85      0.00      0.00      3.09
02:11:04 PM      12      2.06      0.00     94.85      0.00      0.00      3.09
02:11:04 PM      16      2.08      0.00     95.83      0.00      0.00      2.08
02:11:04 PM      20      0.00      0.00     96.91      0.00      0.00      3.09

02:11:04 PM     CPU     %user     %nice   %system   %iowait    %steal     %idle
02:11:05 PM       4      1.04      0.00     94.79      0.00      0.00      4.17
02:11:05 PM       8      1.03      0.00     96.91      0.00      0.00      2.06
02:11:05 PM      12      2.08      0.00     93.75      0.00      0.00      4.17
02:11:05 PM      16      2.04      0.00     95.92      0.00      0.00      2.04
02:11:05 PM      20      1.08      0.00     96.77      0.00      0.00      2.15

02:11:05 PM     CPU     %user     %nice   %system   %iowait    %steal     %idle
02:11:06 PM       4      1.04      0.00     95.83      0.00      0.00      3.12
02:11:06 PM       8      0.00      0.00     96.94      0.00      0.00      3.06
02:11:06 PM      12      2.06      0.00     94.85      0.00      0.00      3.09
02:11:06 PM      16      1.06      0.00     95.74      0.00      0.00      3.19
02:11:06 PM      20      1.05      0.00     96.84      0.00      0.00      2.11

02:11:06 PM     CPU     %user     %nice   %system   %iowait    %steal     %idle
02:11:07 PM       4      3.16      0.00     93.68      0.00      0.00      3.16
02:11:07 PM       8      1.03      0.00     96.91      0.00      0.00      2.06
02:11:07 PM      12      2.04      0.00     93.88      0.00      0.00      4.08
02:11:07 PM      16      1.05      0.00     96.84      0.00      0.00      2.11
02:11:07 PM      20      1.02      0.00     96.94      0.00      0.00      2.04

02:11:07 PM     CPU     %user     %nice   %system   %iowait    %steal     %idle
02:11:08 PM       4      4.21      0.00     92.63      0.00      0.00      3.16
02:11:08 PM       8      1.06      0.00     96.81      0.00      0.00      2.13
02:11:08 PM      12      1.01      0.00     95.96      0.00      0.00      3.03
02:11:08 PM      16      1.05      0.00     96.84      0.00      0.00      2.11
02:11:08 PM      20      3.19      0.00     94.68      0.00      0.00      2.13
