Linux 6.0.3 (genie03) 	08/31/2023 	_x86_64_	(64 CPU)

01:55:07 PM     CPU     %user     %nice   %system   %iowait    %steal     %idle
01:55:08 PM       4      0.00      0.00     67.53      0.00      0.00     32.47
01:55:08 PM       8      1.09      0.00     70.65      0.00      0.00     28.26
01:55:08 PM      12      0.00      0.00     79.37      0.00      0.00     20.63
01:55:08 PM      16      0.79      0.00     78.57      0.00      0.00     20.63
01:55:08 PM      20      0.00      0.00     62.86      0.00      0.00     37.14

01:55:08 PM     CPU     %user     %nice   %system   %iowait    %steal     %idle
01:55:09 PM       4      1.54      0.00     60.00      0.00      0.00     38.46
01:55:09 PM       8      0.00      0.00     75.96      0.00      0.00     24.04
01:55:09 PM      12      0.00      0.00     79.20      0.00      0.00     20.80
01:55:09 PM      16      0.79      0.00     78.57      0.00      0.00     20.63
01:55:09 PM      20      0.00      0.00     64.79      0.00      0.00     35.21

01:55:09 PM     CPU     %user     %nice   %system   %iowait    %steal     %idle
01:55:10 PM       4      0.00      0.00     69.88      0.00      0.00     30.12
01:55:10 PM       8      0.00      0.00     74.49      0.00      0.00     25.51
01:55:10 PM      12      0.79      0.00     78.74      0.00      0.00     20.47
01:55:10 PM      16      0.79      0.00     78.57      0.00      0.00     20.63
01:55:10 PM      20      1.52      0.00     60.61      0.00      0.00     37.88

01:55:10 PM     CPU     %user     %nice   %system   %iowait    %steal     %idle
01:55:11 PM       4      0.00      0.00     63.38      0.00      0.00     36.62
01:55:11 PM       8      0.00      0.00     76.79      0.00      0.00     23.21
01:55:11 PM      12      0.79      0.00     78.57      0.00      0.00     20.63
01:55:11 PM      16      0.79      0.00     78.57      0.00      0.00     20.63
01:55:11 PM      20      0.00      0.00     57.38      0.00      0.00     42.62

01:55:11 PM     CPU     %user     %nice   %system   %iowait    %steal     %idle
01:55:12 PM       4      1.30      0.00     66.23      0.00      0.00     32.47
01:55:12 PM       8      1.87      0.00     74.77      0.00      0.00     23.36
01:55:12 PM      12      0.79      0.00     77.95      0.00      0.00     21.26
01:55:12 PM      16      0.00      0.00     79.20      0.00      0.00     20.80
01:55:12 PM      20      0.00      0.00     59.02      0.00      0.00     40.98

01:55:12 PM     CPU     %user     %nice   %system   %iowait    %steal     %idle
01:55:13 PM       4      0.00      0.00     66.22      0.00      0.00     33.78
01:55:13 PM       8      0.00      0.00     76.36      0.00      0.00     23.64
01:55:13 PM      12      0.00      0.00     79.20      0.00      0.00     20.80
01:55:13 PM      16      0.80      0.00     78.40      0.00      0.00     20.80
01:55:13 PM      20      0.00      0.00     61.54      0.00      0.00     38.46

01:55:13 PM     CPU     %user     %nice   %system   %iowait    %steal     %idle
01:55:14 PM       4      0.00      0.00     68.29      0.00      0.00     31.71
01:55:14 PM       8      0.93      0.00     75.93      0.00      0.00     23.15
01:55:14 PM      12      0.00      0.00     79.37      0.00      0.00     20.63
01:55:14 PM      16      0.80      0.00     78.40      0.00      0.00     20.80
01:55:14 PM      20      1.37      0.00     64.38      0.00      0.00     34.25

01:55:14 PM     CPU     %user     %nice   %system   %iowait    %steal     %idle
01:55:15 PM       4      1.23      0.00     67.90      0.00      0.00     30.86
01:55:15 PM       8      0.00      0.00     77.68      0.00      0.00     22.32
01:55:15 PM      12      0.00      0.00     79.20      0.00      0.00     20.80
01:55:15 PM      16      0.00      0.00     79.37      0.00      0.00     20.63
01:55:15 PM      20      1.41      0.00     63.38      0.00      0.00     35.21

01:55:15 PM     CPU     %user     %nice   %system   %iowait    %steal     %idle
01:55:16 PM       4      0.00      0.00     64.79      0.00      0.00     35.21
01:55:16 PM       8      0.00      0.00     78.63      0.00      0.00     21.37
01:55:16 PM      12      0.79      0.00     78.57      0.00      0.00     20.63
01:55:16 PM      16      0.79      0.00     78.57      0.00      0.00     20.63
01:55:16 PM      20      0.00      0.00     70.79      0.00      0.00     29.21

01:55:16 PM     CPU     %user     %nice   %system   %iowait    %steal     %idle
01:55:17 PM       4      0.00      0.00     68.75      0.00      0.00     31.25
01:55:17 PM       8      0.85      0.00     77.78      0.00      0.00     21.37
01:55:17 PM      12      0.00      0.00     79.37      0.00      0.00     20.63
01:55:17 PM      16      0.79      0.00     78.57      0.00      0.00     20.63
01:55:17 PM      20      0.00      0.00     68.75      0.00      0.00     31.25

01:55:17 PM     CPU     %user     %nice   %system   %iowait    %steal     %idle
01:55:18 PM       4      1.02      0.00     73.47      0.00      0.00     25.51
01:55:18 PM       8      1.68      0.00     76.47      0.00      0.00     21.85
01:55:18 PM      12      0.00      0.00     79.03      0.00      0.00     20.97
01:55:18 PM      16      0.00      0.00     79.03      0.00      0.00     20.97
01:55:18 PM      20      1.39      0.00     62.50      0.00      0.00     36.11

01:55:18 PM     CPU     %user     %nice   %system   %iowait    %steal     %idle
01:55:19 PM       4      0.00      0.00     62.12      0.00      0.00     37.88
01:55:19 PM       8      0.84      0.00     78.15      0.00      0.00     21.01
01:55:19 PM      12      1.57      0.00     77.95      0.00      0.00     20.47
01:55:19 PM      16      0.79      0.00     78.57      0.00      0.00     20.63
01:55:19 PM      20      1.27      0.00     67.09      0.00      0.00     31.65

01:55:19 PM     CPU     %user     %nice   %system   %iowait    %steal     %idle
01:55:20 PM       4      1.35      0.00     64.86      0.00      0.00     33.78
01:55:20 PM       8      0.00      0.00     78.86      0.00      0.00     21.14
01:55:20 PM      12      0.79      0.00     77.95      0.00      0.00     21.26
01:55:20 PM      16      0.00      0.00     79.53      0.00      0.00     20.47
01:55:20 PM      20      0.00      0.00     66.67      0.00      0.00     33.33

01:55:20 PM     CPU     %user     %nice   %system   %iowait    %steal     %idle
01:55:21 PM       4      0.00      0.00     69.77      0.00      0.00     30.23
01:55:21 PM       8      0.00      0.00     79.17      0.00      0.00     20.83
01:55:21 PM      12      0.79      0.00     78.57      0.00      0.00     20.63
01:55:21 PM      16      1.61      0.00     77.42      0.00      0.00     20.97
01:55:21 PM      20      0.00      0.00     57.38      0.00      0.00     42.62

01:55:21 PM     CPU     %user     %nice   %system   %iowait    %steal     %idle
01:55:22 PM       4      1.18      0.00     69.41      0.00      0.00     29.41
01:55:22 PM       8      0.00      0.00     78.15      0.00      0.00     21.85
01:55:22 PM      12      0.00      0.00     79.20      0.00      0.00     20.80
01:55:22 PM      16      0.80      0.00     79.20      0.00      0.00     20.00
01:55:22 PM      20      0.00      0.00     67.53      0.00      0.00     32.47
