Linux 6.0.3+ (genie03) 	12/21/2023 	_x86_64_	(64 CPU)

04:41:26 PM     CPU     %user     %nice   %system   %iowait    %steal     %idle
04:41:27 PM       4      0.00      0.00    100.00      0.00      0.00      0.00
04:41:27 PM       8      0.00      0.00    100.00      0.00      0.00      0.00
04:41:27 PM      12      0.00      0.00    100.00      0.00      0.00      0.00
04:41:27 PM      16      0.00      0.00    100.00      0.00      0.00      0.00
04:41:27 PM      20      0.00      0.00    100.00      0.00      0.00      0.00

04:41:27 PM     CPU     %user     %nice   %system   %iowait    %steal     %idle
04:41:28 PM       4      1.00      0.00     99.00      0.00      0.00      0.00
04:41:28 PM       8      1.00      0.00     99.00      0.00      0.00      0.00
04:41:28 PM      12      0.00      0.00    100.00      0.00      0.00      0.00
04:41:28 PM      16      0.00      0.00    100.00      0.00      0.00      0.00
04:41:28 PM      20      0.99      0.00     99.01      0.00      0.00      0.00

04:41:28 PM     CPU     %user     %nice   %system   %iowait    %steal     %idle
04:41:29 PM       4      1.00      0.00     99.00      0.00      0.00      0.00
04:41:29 PM       8      1.00      0.00     99.00      0.00      0.00      0.00
04:41:29 PM      12      0.00      0.00    100.00      0.00      0.00      0.00
04:41:29 PM      16      1.00      0.00     99.00      0.00      0.00      0.00
04:41:29 PM      20      0.00      0.00    100.00      0.00      0.00      0.00

04:41:29 PM     CPU     %user     %nice   %system   %iowait    %steal     %idle
04:41:30 PM       4      0.00      0.00    100.00      0.00      0.00      0.00
04:41:30 PM       8      1.00      0.00     99.00      0.00      0.00      0.00
04:41:30 PM      12      0.00      0.00    100.00      0.00      0.00      0.00
04:41:30 PM      16      1.00      0.00     99.00      0.00      0.00      0.00
04:41:30 PM      20      0.00      0.00    100.00      0.00      0.00      0.00

04:41:30 PM     CPU     %user     %nice   %system   %iowait    %steal     %idle
04:41:31 PM       4      0.00      0.00    100.00      0.00      0.00      0.00
04:41:31 PM       8      1.00      0.00     99.00      0.00      0.00      0.00
04:41:31 PM      12      0.98      0.00     99.02      0.00      0.00      0.00
04:41:31 PM      16      0.00      0.00    100.00      0.00      0.00      0.00
04:41:31 PM      20      1.00      0.00     99.00      0.00      0.00      0.00

04:41:31 PM     CPU     %user     %nice   %system   %iowait    %steal     %idle
04:41:32 PM       4      0.00      0.00    100.00      0.00      0.00      0.00
04:41:32 PM       8      0.99      0.00     99.01      0.00      0.00      0.00
04:41:32 PM      12      0.00      0.00    100.00      0.00      0.00      0.00
04:41:32 PM      16      1.00      0.00     99.00      0.00      0.00      0.00
04:41:32 PM      20      0.00      0.00    100.00      0.00      0.00      0.00

04:41:32 PM     CPU     %user     %nice   %system   %iowait    %steal     %idle
04:41:33 PM       4      0.00      0.00    100.00      0.00      0.00      0.00
04:41:33 PM       8      1.01      0.00     98.99      0.00      0.00      0.00
04:41:33 PM      12      1.00      0.00     99.00      0.00      0.00      0.00
04:41:33 PM      16      0.00      0.00    100.00      0.00      0.00      0.00
04:41:33 PM      20      0.00      0.00    100.00      0.00      0.00      0.00

04:41:33 PM     CPU     %user     %nice   %system   %iowait    %steal     %idle
04:41:34 PM       4      1.00      0.00     99.00      0.00      0.00      0.00
04:41:34 PM       8      1.00      0.00     99.00      0.00      0.00      0.00
04:41:34 PM      12      0.99      0.00     99.01      0.00      0.00      0.00
04:41:34 PM      16      0.99      0.00     99.01      0.00      0.00      0.00
04:41:34 PM      20      1.00      0.00     99.00      0.00      0.00      0.00

04:41:34 PM     CPU     %user     %nice   %system   %iowait    %steal     %idle
04:41:35 PM       4      0.00      0.00    100.00      0.00      0.00      0.00
04:41:35 PM       8      0.00      0.00    100.00      0.00      0.00      0.00
04:41:35 PM      12      0.00      0.00    100.00      0.00      0.00      0.00
04:41:35 PM      16      0.00      0.00    100.00      0.00      0.00      0.00
04:41:35 PM      20      0.99      0.00     99.01      0.00      0.00      0.00

04:41:35 PM     CPU     %user     %nice   %system   %iowait    %steal     %idle
04:41:36 PM       4      0.99      0.00     99.01      0.00      0.00      0.00
04:41:36 PM       8      0.00      0.00    100.00      0.00      0.00      0.00
04:41:36 PM      12      1.00      0.00     99.00      0.00      0.00      0.00
04:41:36 PM      16      0.00      0.00    100.00      0.00      0.00      0.00
04:41:36 PM      20      0.00      0.00    100.00      0.00      0.00      0.00

04:41:36 PM     CPU     %user     %nice   %system   %iowait    %steal     %idle
04:41:37 PM       4      0.00      0.00    100.00      0.00      0.00      0.00
04:41:37 PM       8      1.00      0.00     99.00      0.00      0.00      0.00
04:41:37 PM      12      0.00      0.00    100.00      0.00      0.00      0.00
04:41:37 PM      16      0.00      0.00    100.00      0.00      0.00      0.00
04:41:37 PM      20      1.01      0.00     98.99      0.00      0.00      0.00

04:41:37 PM     CPU     %user     %nice   %system   %iowait    %steal     %idle
04:41:38 PM       4      1.01      0.00     98.99      0.00      0.00      0.00
04:41:38 PM       8      0.00      0.00    100.00      0.00      0.00      0.00
04:41:38 PM      12      0.00      0.00    100.00      0.00      0.00      0.00
04:41:38 PM      16      0.99      0.00     99.01      0.00      0.00      0.00
04:41:38 PM      20      1.00      0.00     99.00      0.00      0.00      0.00

04:41:38 PM     CPU     %user     %nice   %system   %iowait    %steal     %idle
04:41:39 PM       4      1.00      0.00     99.00      0.00      0.00      0.00
04:41:39 PM       8      1.00      0.00     99.00      0.00      0.00      0.00
04:41:39 PM      12      1.00      0.00     99.00      0.00      0.00      0.00
04:41:39 PM      16      0.00      0.00    100.00      0.00      0.00      0.00
04:41:39 PM      20      1.00      0.00     99.00      0.00      0.00      0.00

04:41:39 PM     CPU     %user     %nice   %system   %iowait    %steal     %idle
04:41:40 PM       4      0.00      0.00    100.00      0.00      0.00      0.00
04:41:40 PM       8      0.00      0.00    100.00      0.00      0.00      0.00
04:41:40 PM      12      0.99      0.00     99.01      0.00      0.00      0.00
04:41:40 PM      16      1.00      0.00     99.00      0.00      0.00      0.00
04:41:40 PM      20      0.99      0.00     99.01      0.00      0.00      0.00

04:41:40 PM     CPU     %user     %nice   %system   %iowait    %steal     %idle
04:41:41 PM       4      0.00      0.00    100.00      0.00      0.00      0.00
04:41:41 PM       8      0.00      0.00    100.00      0.00      0.00      0.00
04:41:41 PM      12      1.01      0.00     98.99      0.00      0.00      0.00
04:41:41 PM      16      1.98      0.00     98.02      0.00      0.00      0.00
04:41:41 PM      20      0.00      0.00    100.00      0.00      0.00      0.00

04:41:41 PM     CPU     %user     %nice   %system   %iowait    %steal     %idle
04:41:42 PM       4      0.00      0.00    100.00      0.00      0.00      0.00
04:41:42 PM       8      0.99      0.00     99.01      0.00      0.00      0.00
04:41:42 PM      12      1.00      0.00     99.00      0.00      0.00      0.00
04:41:42 PM      16      0.00      0.00    100.00      0.00      0.00      0.00
04:41:42 PM      20      0.00      0.00    100.00      0.00      0.00      0.00

04:41:42 PM     CPU     %user     %nice   %system   %iowait    %steal     %idle
04:41:43 PM       4      0.00      0.00    100.00      0.00      0.00      0.00
04:41:43 PM       8      1.00      0.00     99.00      0.00      0.00      0.00
04:41:43 PM      12      1.00      0.00     99.00      0.00      0.00      0.00
04:41:43 PM      16      0.00      0.00    100.00      0.00      0.00      0.00
04:41:43 PM      20      0.00      0.00    100.00      0.00      0.00      0.00

04:41:43 PM     CPU     %user     %nice   %system   %iowait    %steal     %idle
04:41:44 PM       4      0.00      0.00    100.00      0.00      0.00      0.00
04:41:44 PM       8      0.00      0.00    100.00      0.00      0.00      0.00
04:41:44 PM      12      0.99      0.00     99.01      0.00      0.00      0.00
04:41:44 PM      16      1.00      0.00     99.00      0.00      0.00      0.00
04:41:44 PM      20      0.00      0.00    100.00      0.00      0.00      0.00

04:41:44 PM     CPU     %user     %nice   %system   %iowait    %steal     %idle
04:41:45 PM       4      0.00      0.00    100.00      0.00      0.00      0.00
04:41:45 PM       8      1.00      0.00     99.00      0.00      0.00      0.00
04:41:45 PM      12      0.00      0.00    100.00      0.00      0.00      0.00
04:41:45 PM      16      0.00      0.00    100.00      0.00      0.00      0.00
04:41:45 PM      20      2.00      0.00     98.00      0.00      0.00      0.00

04:41:45 PM     CPU     %user     %nice   %system   %iowait    %steal     %idle
04:41:46 PM       4      1.00      0.00     99.00      0.00      0.00      0.00
04:41:46 PM       8      2.00      0.00     98.00      0.00      0.00      0.00
04:41:46 PM      12      0.00      0.00    100.00      0.00      0.00      0.00
04:41:46 PM      16      1.00      0.00     99.00      0.00      0.00      0.00
04:41:46 PM      20      0.00      0.00    100.00      0.00      0.00      0.00

04:41:46 PM     CPU     %user     %nice   %system   %iowait    %steal     %idle
04:41:47 PM       4      0.99      0.00     99.01      0.00      0.00      0.00
04:41:47 PM       8      0.00      0.00    100.00      0.00      0.00      0.00
04:41:47 PM      12      0.00      0.00    100.00      0.00      0.00      0.00
04:41:47 PM      16      0.00      0.00    100.00      0.00      0.00      0.00
04:41:47 PM      20      0.00      0.00    100.00      0.00      0.00      0.00

04:41:47 PM     CPU     %user     %nice   %system   %iowait    %steal     %idle
04:41:48 PM       4      1.01      0.00     98.99      0.00      0.00      0.00
04:41:48 PM       8      0.99      0.00     99.01      0.00      0.00      0.00
04:41:48 PM      12      0.99      0.00     99.01      0.00      0.00      0.00
04:41:48 PM      16      0.00      0.00    100.00      0.00      0.00      0.00
04:41:48 PM      20      0.00      0.00    100.00      0.00      0.00      0.00

04:41:48 PM     CPU     %user     %nice   %system   %iowait    %steal     %idle
04:41:49 PM       4      0.00      0.00    100.00      0.00      0.00      0.00
04:41:49 PM       8      0.00      0.00    100.00      0.00      0.00      0.00
04:41:49 PM      12      1.00      0.00     99.00      0.00      0.00      0.00
04:41:49 PM      16      0.00      0.00    100.00      0.00      0.00      0.00
04:41:49 PM      20      1.00      0.00     99.00      0.00      0.00      0.00

04:41:49 PM     CPU     %user     %nice   %system   %iowait    %steal     %idle
04:41:50 PM       4      1.01      0.00     98.99      0.00      0.00      0.00
04:41:50 PM       8      0.00      0.00    100.00      0.00      0.00      0.00
04:41:50 PM      12      0.00      0.00    100.00      0.00      0.00      0.00
04:41:50 PM      16      1.00      0.00     99.00      0.00      0.00      0.00
04:41:50 PM      20      0.99      0.00     99.01      0.00      0.00      0.00

04:41:50 PM     CPU     %user     %nice   %system   %iowait    %steal     %idle
04:41:51 PM       4      0.99      0.00     99.01      0.00      0.00      0.00
04:41:51 PM       8      3.00      0.00     97.00      0.00      0.00      0.00
04:41:51 PM      12      0.00      0.00    100.00      0.00      0.00      0.00
04:41:51 PM      16      0.00      0.00    100.00      0.00      0.00      0.00
04:41:51 PM      20      0.00      0.00    100.00      0.00      0.00      0.00
