Linux 6.0.3 (genie03) 	09/05/2023 	_x86_64_	(64 CPU)

09:00:03 PM     CPU     %user     %nice   %system   %iowait    %steal     %idle
09:00:04 PM       4      1.02      0.00     68.37      0.00      0.00     30.61
09:00:04 PM       8      2.02      0.00     64.65      0.00      0.00     33.33
09:00:04 PM      12      1.04      0.00     69.79      0.00      0.00     29.17
09:00:04 PM      16      1.04      0.00     69.79      0.00      0.00     29.17
09:00:04 PM      20      1.00      0.00     69.00      0.00      0.00     30.00
09:00:04 PM      24      1.02      0.00     76.53      0.00      0.00     22.45
09:00:04 PM      28      0.00      0.00     72.16      0.00      0.00     27.84
09:00:04 PM      32      0.00      0.00      0.00      0.00      0.00    100.00

09:00:04 PM     CPU     %user     %nice   %system   %iowait    %steal     %idle
09:00:05 PM       4      1.94      0.00     70.87      0.00      0.00     27.18
09:00:05 PM       8      2.11      0.00     69.47      0.00      0.00     28.42
09:00:05 PM      12      2.00      0.00     70.00      0.00      0.00     28.00
09:00:05 PM      16      0.00      0.00     66.67      0.00      0.00     33.33
09:00:05 PM      20      0.00      0.00     74.26      0.00      0.00     25.74
09:00:05 PM      24      1.08      0.00     68.82      0.00      0.00     30.11
09:00:05 PM      28      0.00      0.00     71.88      0.00      0.00     28.12
09:00:05 PM      32      0.00      0.00      0.00      0.00      0.00    100.00

09:00:05 PM     CPU     %user     %nice   %system   %iowait    %steal     %idle
09:00:06 PM       4      0.99      0.00     70.30      0.00      0.00     28.71
09:00:06 PM       8      0.00      0.00     74.75      0.00      0.00     25.25
09:00:06 PM      12      1.89      0.00     71.70      0.00      0.00     26.42
09:00:06 PM      16      0.98      0.00     68.63      0.00      0.00     30.39
09:00:06 PM      20      1.00      0.00     75.00      0.00      0.00     24.00
09:00:06 PM      24      3.03      0.00     67.68      0.00      0.00     29.29
09:00:06 PM      28      1.00      0.00     71.00      0.00      0.00     28.00
09:00:06 PM      32      0.00      0.00      0.00      0.00      0.00    100.00

09:00:06 PM     CPU     %user     %nice   %system   %iowait    %steal     %idle
09:00:07 PM       4      1.04      0.00     68.75      0.00      0.00     30.21
09:00:07 PM       8      1.01      0.00     76.77      0.00      0.00     22.22
09:00:07 PM      12      0.00      0.00     70.00      0.00      0.00     30.00
09:00:07 PM      16      1.98      0.00     69.31      0.00      0.00     28.71
09:00:07 PM      20      2.00      0.00     69.00      0.00      0.00     29.00
09:00:07 PM      24      1.02      0.00     68.37      0.00      0.00     30.61
09:00:07 PM      28      1.01      0.00     67.68      0.00      0.00     31.31
09:00:07 PM      32      0.00      0.00      0.00      0.00      0.00    100.00

09:00:07 PM     CPU     %user     %nice   %system   %iowait    %steal     %idle
09:00:08 PM       4      1.01      0.00     72.73      0.00      0.00     26.26
09:00:08 PM       8      1.03      0.00     68.04      0.00      0.00     30.93
09:00:08 PM      12      0.99      0.00     69.31      0.00      0.00     29.70
09:00:08 PM      16      1.01      0.00     72.73      0.00      0.00     26.26
09:00:08 PM      20      0.99      0.00     71.29      0.00      0.00     27.72
09:00:08 PM      24      0.00      0.00     72.64      0.00      0.00     27.36
09:00:08 PM      28      1.06      0.00     72.34      0.00      0.00     26.60
09:00:08 PM      32      0.00      0.00      0.00      0.00      0.00    100.00

09:00:08 PM     CPU     %user     %nice   %system   %iowait    %steal     %idle
09:00:09 PM       4      1.04      0.00     67.71      0.00      0.00     31.25
09:00:09 PM       8      2.02      0.00     69.70      0.00      0.00     28.28
09:00:09 PM      12      1.94      0.00     70.87      0.00      0.00     27.18
09:00:09 PM      16      2.00      0.00     67.00      0.00      0.00     31.00
09:00:09 PM      20      1.05      0.00     67.37      0.00      0.00     31.58
09:00:09 PM      24      0.99      0.00     74.26      0.00      0.00     24.75
09:00:09 PM      28      2.02      0.00     72.73      0.00      0.00     25.25
09:00:09 PM      32      0.00      0.00      0.00      0.00      0.00    100.00

09:00:09 PM     CPU     %user     %nice   %system   %iowait    %steal     %idle
09:00:10 PM       4      0.00      0.00     69.47      0.00      0.00     30.53
09:00:10 PM       8      0.00      0.00     65.98      0.00      0.00     34.02
09:00:10 PM      12      0.00      0.00     67.37      0.00      0.00     32.63
09:00:10 PM      16      2.04      0.00     66.33      0.00      0.00     31.63
09:00:10 PM      20      1.04      0.00     72.92      0.00      0.00     26.04
09:00:10 PM      24      1.03      0.00     71.13      0.00      0.00     27.84
09:00:10 PM      28      0.00      0.00     72.55      0.00      0.00     27.45
09:00:10 PM      32      0.00      0.00      0.00      0.00      0.00    100.00

09:00:10 PM     CPU     %user     %nice   %system   %iowait    %steal     %idle
09:00:11 PM       4      1.02      0.00     69.39      0.00      0.00     29.59
09:00:11 PM       8      1.98      0.00     70.30      0.00      0.00     27.72
09:00:11 PM      12      1.00      0.00     73.00      0.00      0.00     26.00
09:00:11 PM      16      0.99      0.00     72.28      0.00      0.00     26.73
09:00:11 PM      20      1.01      0.00     62.63      0.00      0.00     36.36
09:00:11 PM      24      1.90      0.00     69.52      0.00      0.00     28.57
09:00:11 PM      28      1.05      0.00     67.37      0.00      0.00     31.58
09:00:11 PM      32      0.00      0.00      0.00      0.00      0.00    100.00

09:00:11 PM     CPU     %user     %nice   %system   %iowait    %steal     %idle
09:00:12 PM       4      1.04      0.00     70.83      0.00      0.00     28.12
09:00:12 PM       8      1.00      0.00     70.00      0.00      0.00     29.00
09:00:12 PM      12      1.05      0.00     65.26      0.00      0.00     33.68
09:00:12 PM      16      1.98      0.00     71.29      0.00      0.00     26.73
09:00:12 PM      20      1.08      0.00     68.82      0.00      0.00     30.11
09:00:12 PM      24      0.00      0.00     73.00      0.00      0.00     27.00
09:00:12 PM      28      2.04      0.00     70.41      0.00      0.00     27.55
09:00:12 PM      32      0.00      0.00      0.00      0.00      0.00    100.00

09:00:12 PM     CPU     %user     %nice   %system   %iowait    %steal     %idle
09:00:13 PM       4      3.03      0.00     67.68      0.00      0.00     29.29
09:00:13 PM       8      0.00      0.00     69.47      0.00      0.00     30.53
09:00:13 PM      12      1.04      0.00     69.79      0.00      0.00     29.17
09:00:13 PM      16      1.01      0.00     69.70      0.00      0.00     29.29
09:00:13 PM      20      1.04      0.00     70.83      0.00      0.00     28.12
09:00:13 PM      24      0.98      0.00     70.59      0.00      0.00     28.43
09:00:13 PM      28      1.02      0.00     67.35      0.00      0.00     31.63
09:00:13 PM      32      0.00      0.00      0.00      0.00      0.00    100.00

09:00:13 PM     CPU     %user     %nice   %system   %iowait    %steal     %idle
09:00:14 PM       4      2.06      0.00     69.07      0.00      0.00     28.87
09:00:14 PM       8      1.08      0.00     73.12      0.00      0.00     25.81
09:00:14 PM      12      0.99      0.00     65.35      0.00      0.00     33.66
09:00:14 PM      16      0.98      0.00     69.61      0.00      0.00     29.41
09:00:14 PM      20      1.03      0.00     70.10      0.00      0.00     28.87
09:00:14 PM      24      1.00      0.00     69.00      0.00      0.00     30.00
09:00:14 PM      28      1.01      0.00     70.71      0.00      0.00     28.28
09:00:14 PM      32      0.00      0.00      0.00      0.00      0.00    100.00

09:00:14 PM     CPU     %user     %nice   %system   %iowait    %steal     %idle
09:00:15 PM       4      0.00      0.00     75.96      0.00      0.00     24.04
09:00:15 PM       8      1.08      0.00     66.67      0.00      0.00     32.26
09:00:15 PM      12      3.16      0.00     69.47      0.00      0.00     27.37
09:00:15 PM      16      0.00      0.00     76.47      0.00      0.00     23.53
09:00:15 PM      20      0.99      0.00     73.27      0.00      0.00     25.74
09:00:15 PM      24      3.06      0.00     66.33      0.00      0.00     30.61
09:00:15 PM      28      2.13      0.00     64.89      0.00      0.00     32.98
09:00:15 PM      32      0.00      0.00      0.00      0.00      0.00    100.00

09:00:15 PM     CPU     %user     %nice   %system   %iowait    %steal     %idle
09:00:16 PM       4      0.97      0.00     67.96      0.00      0.00     31.07
09:00:16 PM       8      1.06      0.00     65.96      0.00      0.00     32.98
09:00:16 PM      12      0.00      0.00     72.28      0.00      0.00     27.72
09:00:16 PM      16      0.00      0.00     70.97      0.00      0.00     29.03
09:00:16 PM      20      0.95      0.00     73.33      0.00      0.00     25.71
09:00:16 PM      24      0.00      0.00     70.59      0.00      0.00     29.41
09:00:16 PM      28      1.08      0.00     68.82      0.00      0.00     30.11
09:00:16 PM      32      0.00      0.00      0.00      0.00      0.00    100.00

09:00:16 PM     CPU     %user     %nice   %system   %iowait    %steal     %idle
09:00:17 PM       4      1.00      0.00     70.00      0.00      0.00     29.00
09:00:17 PM       8      2.04      0.00     71.43      0.00      0.00     26.53
09:00:17 PM      12      3.06      0.00     68.37      0.00      0.00     28.57
09:00:17 PM      16      1.01      0.00     66.67      0.00      0.00     32.32
09:00:17 PM      20      1.94      0.00     71.84      0.00      0.00     26.21
09:00:17 PM      24      0.96      0.00     70.19      0.00      0.00     28.85
09:00:17 PM      28      0.99      0.00     71.29      0.00      0.00     27.72
09:00:17 PM      32      0.00      0.00      0.00      0.00      0.00    100.00

09:00:17 PM     CPU     %user     %nice   %system   %iowait    %steal     %idle
09:00:18 PM       4      0.99      0.00     70.30      0.00      0.00     28.71
09:00:18 PM       8      1.02      0.00     71.43      0.00      0.00     27.55
09:00:18 PM      12      1.06      0.00     68.09      0.00      0.00     30.85
09:00:18 PM      16      0.98      0.00     69.61      0.00      0.00     29.41
09:00:18 PM      20      2.02      0.00     72.73      0.00      0.00     25.25
09:00:18 PM      24      2.13      0.00     67.02      0.00      0.00     30.85
09:00:18 PM      28      2.11      0.00     62.11      0.00      0.00     35.79
09:00:18 PM      32      0.00      0.00      0.00      0.00      0.00    100.00
