Linux 6.0.3+ (genie03) 	12/21/2023 	_x86_64_	(64 CPU)

03:02:48 PM     CPU     %user     %nice   %system   %iowait    %steal     %idle
03:02:49 PM       4      3.12      0.00     93.75      0.00      0.00      3.12
03:02:49 PM       8      1.04      0.00     95.83      0.00      0.00      3.12
03:02:49 PM      12      0.00      0.00     95.96      0.00      0.00      4.04
03:02:49 PM      16      1.03      0.00     95.88      0.00      0.00      3.09
03:02:49 PM      20      1.08      0.00     95.70      0.00      0.00      3.23

03:02:49 PM     CPU     %user     %nice   %system   %iowait    %steal     %idle
03:02:50 PM       4      0.00      0.00     96.94      0.00      0.00      3.06
03:02:50 PM       8      3.06      0.00     92.86      0.00      0.00      4.08
03:02:50 PM      12      2.04      0.00     93.88      0.00      0.00      4.08
03:02:50 PM      16      2.04      0.00     94.90      0.00      0.00      3.06
03:02:50 PM      20      1.00      0.00     95.00      0.00      0.00      4.00

03:02:50 PM     CPU     %user     %nice   %system   %iowait    %steal     %idle
03:02:51 PM       4      1.02      0.00     95.92      0.00      0.00      3.06
03:02:51 PM       8      1.05      0.00     95.79      0.00      0.00      3.16
03:02:51 PM      12      1.02      0.00     95.92      0.00      0.00      3.06
03:02:51 PM      16      1.00      0.00     95.00      0.00      0.00      4.00
03:02:51 PM      20      1.00      0.00     96.00      0.00      0.00      3.00

03:02:51 PM     CPU     %user     %nice   %system   %iowait    %steal     %idle
03:02:52 PM       4      2.04      0.00     94.90      0.00      0.00      3.06
03:02:52 PM       8      0.00      0.00     97.00      0.00      0.00      3.00
03:02:52 PM      12      2.08      0.00     93.75      0.00      0.00      4.17
03:02:52 PM      16      1.02      0.00     94.90      0.00      0.00      4.08
03:02:52 PM      20      0.00      0.00     96.84      0.00      0.00      3.16

03:02:52 PM     CPU     %user     %nice   %system   %iowait    %steal     %idle
03:02:53 PM       4      1.01      0.00     95.96      0.00      0.00      3.03
03:02:53 PM       8      1.01      0.00     94.95      0.00      0.00      4.04
03:02:53 PM      12      0.00      0.00     95.83      0.00      0.00      4.17
03:02:53 PM      16      1.00      0.00     96.00      0.00      0.00      3.00
03:02:53 PM      20      2.00      0.00     95.00      0.00      0.00      3.00

03:02:53 PM     CPU     %user     %nice   %system   %iowait    %steal     %idle
03:02:54 PM       4      2.02      0.00     94.95      0.00      0.00      3.03
03:02:54 PM       8      2.02      0.00     94.95      0.00      0.00      3.03
03:02:54 PM      12      2.00      0.00     94.00      0.00      0.00      4.00
03:02:54 PM      16      1.02      0.00     95.92      0.00      0.00      3.06
03:02:54 PM      20      1.02      0.00     95.92      0.00      0.00      3.06

03:02:54 PM     CPU     %user     %nice   %system   %iowait    %steal     %idle
03:02:55 PM       4      1.02      0.00     95.92      0.00      0.00      3.06
03:02:55 PM       8      2.02      0.00     93.94      0.00      0.00      4.04
03:02:55 PM      12      1.05      0.00     95.79      0.00      0.00      3.16
03:02:55 PM      16      0.00      0.00     95.92      0.00      0.00      4.08
03:02:55 PM      20      2.04      0.00     93.88      0.00      0.00      4.08

03:02:55 PM     CPU     %user     %nice   %system   %iowait    %steal     %idle
03:02:56 PM       4      1.02      0.00     95.92      0.00      0.00      3.06
03:02:56 PM       8      2.04      0.00     94.90      0.00      0.00      3.06
03:02:56 PM      12      2.04      0.00     93.88      0.00      0.00      4.08
03:02:56 PM      16      2.06      0.00     94.85      0.00      0.00      3.09
03:02:56 PM      20      1.02      0.00     95.92      0.00      0.00      3.06

03:02:56 PM     CPU     %user     %nice   %system   %iowait    %steal     %idle
03:02:57 PM       4      0.99      0.00     95.05      0.00      0.00      3.96
03:02:57 PM       8      1.02      0.00     94.90      0.00      0.00      4.08
03:02:57 PM      12      1.01      0.00     94.95      0.00      0.00      4.04
03:02:57 PM      16      1.01      0.00     94.95      0.00      0.00      4.04
03:02:57 PM      20      2.08      0.00     93.75      0.00      0.00      4.17

03:02:57 PM     CPU     %user     %nice   %system   %iowait    %steal     %idle
03:02:58 PM       4      0.00      0.00     96.94      0.00      0.00      3.06
03:02:58 PM       8      2.06      0.00     94.85      0.00      0.00      3.09
03:02:58 PM      12      2.06      0.00     93.81      0.00      0.00      4.12
03:02:58 PM      16      2.02      0.00     94.95      0.00      0.00      3.03
03:02:58 PM      20      2.06      0.00     94.85      0.00      0.00      3.09

03:02:58 PM     CPU     %user     %nice   %system   %iowait    %steal     %idle
03:02:59 PM       4      2.02      0.00     94.95      0.00      0.00      3.03
03:02:59 PM       8      1.02      0.00     94.90      0.00      0.00      4.08
03:02:59 PM      12      2.02      0.00     93.94      0.00      0.00      4.04
03:02:59 PM      16      1.03      0.00     94.85      0.00      0.00      4.12
03:02:59 PM      20      0.00      0.00     96.00      0.00      0.00      4.00

03:02:59 PM     CPU     %user     %nice   %system   %iowait    %steal     %idle
03:03:00 PM       4      1.03      0.00     95.88      0.00      0.00      3.09
03:03:00 PM       8      2.11      0.00     94.74      0.00      0.00      3.16
03:03:00 PM      12      1.02      0.00     94.90      0.00      0.00      4.08
03:03:00 PM      16      2.04      0.00     93.88      0.00      0.00      4.08
03:03:00 PM      20      2.02      0.00     94.95      0.00      0.00      3.03

03:03:00 PM     CPU     %user     %nice   %system   %iowait    %steal     %idle
03:03:01 PM       4      1.00      0.00     95.00      0.00      0.00      4.00
03:03:01 PM       8      2.02      0.00     93.94      0.00      0.00      4.04
03:03:01 PM      12      1.02      0.00     95.92      0.00      0.00      3.06
03:03:01 PM      16      1.02      0.00     94.90      0.00      0.00      4.08
03:03:01 PM      20      1.04      0.00     94.79      0.00      0.00      4.17

03:03:01 PM     CPU     %user     %nice   %system   %iowait    %steal     %idle
03:03:02 PM       4      2.04      0.00     94.90      0.00      0.00      3.06
03:03:02 PM       8      1.04      0.00     95.83      0.00      0.00      3.12
03:03:02 PM      12      4.04      0.00     91.92      0.00      0.00      4.04
03:03:02 PM      16      0.00      0.00     97.00      0.00      0.00      3.00
03:03:02 PM      20      1.01      0.00     95.96      0.00      0.00      3.03

03:03:02 PM     CPU     %user     %nice   %system   %iowait    %steal     %idle
03:03:03 PM       4      1.00      0.00     96.00      0.00      0.00      3.00
03:03:03 PM       8      0.99      0.00     94.06      0.00      0.00      4.95
03:03:03 PM      12      0.00      0.00     95.92      0.00      0.00      4.08
03:03:03 PM      16      1.01      0.00     94.95      0.00      0.00      4.04
03:03:03 PM      20      1.00      0.00     95.00      0.00      0.00      4.00

03:03:03 PM     CPU     %user     %nice   %system   %iowait    %steal     %idle
03:03:04 PM       4      0.00      0.00     96.00      0.00      0.00      4.00
03:03:04 PM       8      2.06      0.00     94.85      0.00      0.00      3.09
03:03:04 PM      12      1.98      0.00     95.05      0.00      0.00      2.97
03:03:04 PM      16      1.01      0.00     95.96      0.00      0.00      3.03
03:03:04 PM      20      1.03      0.00     95.88      0.00      0.00      3.09

03:03:04 PM     CPU     %user     %nice   %system   %iowait    %steal     %idle
03:03:05 PM       4      1.03      0.00     95.88      0.00      0.00      3.09
03:03:05 PM       8      1.00      0.00     95.00      0.00      0.00      4.00
03:03:05 PM      12      0.00      0.00     96.04      0.00      0.00      3.96
03:03:05 PM      16      2.02      0.00     93.94      0.00      0.00      4.04
03:03:05 PM      20      2.00      0.00     95.00      0.00      0.00      3.00

03:03:05 PM     CPU     %user     %nice   %system   %iowait    %steal     %idle
03:03:06 PM       4      1.03      0.00     95.88      0.00      0.00      3.09
03:03:06 PM       8      1.02      0.00     94.90      0.00      0.00      4.08
03:03:06 PM      12      1.00      0.00     95.00      0.00      0.00      4.00
03:03:06 PM      16      0.00      0.00     96.00      0.00      0.00      4.00
03:03:06 PM      20      1.03      0.00     94.85      0.00      0.00      4.12

03:03:06 PM     CPU     %user     %nice   %system   %iowait    %steal     %idle
03:03:07 PM       4      1.00      0.00     95.00      0.00      0.00      4.00
03:03:07 PM       8      0.00      0.00     95.92      0.00      0.00      4.08
03:03:07 PM      12      3.03      0.00     92.93      0.00      0.00      4.04
03:03:07 PM      16      1.03      0.00     95.88      0.00      0.00      3.09
03:03:07 PM      20      2.08      0.00     92.71      0.00      0.00      5.21

03:03:07 PM     CPU     %user     %nice   %system   %iowait    %steal     %idle
03:03:08 PM       4      2.00      0.00     95.00      0.00      0.00      3.00
03:03:08 PM       8      2.00      0.00     95.00      0.00      0.00      3.00
03:03:08 PM      12      0.00      0.00     96.00      0.00      0.00      4.00
03:03:08 PM      16      1.02      0.00     94.90      0.00      0.00      4.08
03:03:08 PM      20      2.04      0.00     93.88      0.00      0.00      4.08

03:03:08 PM     CPU     %user     %nice   %system   %iowait    %steal     %idle
03:03:09 PM       4      1.01      0.00     94.95      0.00      0.00      4.04
03:03:09 PM       8      1.96      0.00     94.12      0.00      0.00      3.92
03:03:09 PM      12      2.11      0.00     93.68      0.00      0.00      4.21
03:03:09 PM      16      1.02      0.00     94.90      0.00      0.00      4.08
03:03:09 PM      20      1.04      0.00     95.83      0.00      0.00      3.12

03:03:09 PM     CPU     %user     %nice   %system   %iowait    %steal     %idle
03:03:10 PM       4      1.02      0.00     94.90      0.00      0.00      4.08
03:03:10 PM       8      0.00      0.00     95.92      0.00      0.00      4.08
03:03:10 PM      12      1.04      0.00     94.79      0.00      0.00      4.17
03:03:10 PM      16      2.04      0.00     94.90      0.00      0.00      3.06
03:03:10 PM      20      1.04      0.00     94.79      0.00      0.00      4.17

03:03:10 PM     CPU     %user     %nice   %system   %iowait    %steal     %idle
03:03:11 PM       4      2.02      0.00     93.94      0.00      0.00      4.04
03:03:11 PM       8      0.00      0.00     95.92      0.00      0.00      4.08
03:03:11 PM      12      1.02      0.00     94.90      0.00      0.00      4.08
03:03:11 PM      16      0.00      0.00     95.92      0.00      0.00      4.08
03:03:11 PM      20      2.11      0.00     93.68      0.00      0.00      4.21

03:03:11 PM     CPU     %user     %nice   %system   %iowait    %steal     %idle
03:03:12 PM       4      1.04      0.00     95.83      0.00      0.00      3.12
03:03:12 PM       8      2.00      0.00     95.00      0.00      0.00      3.00
03:03:12 PM      12      2.02      0.00     93.94      0.00      0.00      4.04
03:03:12 PM      16      1.01      0.00     94.95      0.00      0.00      4.04
03:03:12 PM      20      1.03      0.00     95.88      0.00      0.00      3.09

03:03:12 PM     CPU     %user     %nice   %system   %iowait    %steal     %idle
03:03:13 PM       4      1.01      0.00     94.95      0.00      0.00      4.04
03:03:13 PM       8      1.00      0.00     95.00      0.00      0.00      4.00
03:03:13 PM      12      2.00      0.00     94.00      0.00      0.00      4.00
03:03:13 PM      16      2.06      0.00     94.85      0.00      0.00      3.09
03:03:13 PM      20      1.01      0.00     95.96      0.00      0.00      3.03
