Linux 6.0.3+ (genie03) 	12/21/2023 	_x86_64_	(64 CPU)

04:16:15 PM     CPU     %user     %nice   %system   %iowait    %steal     %idle
04:16:16 PM       4      0.00      0.00    100.00      0.00      0.00      0.00
04:16:16 PM       8      1.00      0.00     99.00      0.00      0.00      0.00
04:16:16 PM      12      1.00      0.00     99.00      0.00      0.00      0.00

04:16:16 PM     CPU     %user     %nice   %system   %iowait    %steal     %idle
04:16:17 PM       4      0.00      0.00    100.00      0.00      0.00      0.00
04:16:17 PM       8      0.00      0.00    100.00      0.00      0.00      0.00
04:16:17 PM      12      0.00      0.00    100.00      0.00      0.00      0.00

04:16:17 PM     CPU     %user     %nice   %system   %iowait    %steal     %idle
04:16:18 PM       4      0.00      0.00    100.00      0.00      0.00      0.00
04:16:18 PM       8      1.00      0.00     99.00      0.00      0.00      0.00
04:16:18 PM      12      0.00      0.00    100.00      0.00      0.00      0.00

04:16:18 PM     CPU     %user     %nice   %system   %iowait    %steal     %idle
04:16:19 PM       4      1.00      0.00     99.00      0.00      0.00      0.00
04:16:19 PM       8      0.00      0.00    100.00      0.00      0.00      0.00
04:16:19 PM      12      1.00      0.00     99.00      0.00      0.00      0.00

04:16:19 PM     CPU     %user     %nice   %system   %iowait    %steal     %idle
04:16:20 PM       4      0.00      0.00    100.00      0.00      0.00      0.00
04:16:20 PM       8      1.00      0.00     99.00      0.00      0.00      0.00
04:16:20 PM      12      0.00      0.00    100.00      0.00      0.00      0.00

04:16:20 PM     CPU     %user     %nice   %system   %iowait    %steal     %idle
04:16:21 PM       4      0.00      0.00    100.00      0.00      0.00      0.00
04:16:21 PM       8      1.00      0.00     99.00      0.00      0.00      0.00
04:16:21 PM      12      0.99      0.00     99.01      0.00      0.00      0.00

04:16:21 PM     CPU     %user     %nice   %system   %iowait    %steal     %idle
04:16:22 PM       4      1.00      0.00     99.00      0.00      0.00      0.00
04:16:22 PM       8      0.00      0.00    100.00      0.00      0.00      0.00
04:16:22 PM      12      1.00      0.00     99.00      0.00      0.00      0.00

04:16:22 PM     CPU     %user     %nice   %system   %iowait    %steal     %idle
04:16:23 PM       4      0.00      0.00    100.00      0.00      0.00      0.00
04:16:23 PM       8      0.00      0.00    100.00      0.00      0.00      0.00
04:16:23 PM      12      0.00      0.00    100.00      0.00      0.00      0.00

04:16:23 PM     CPU     %user     %nice   %system   %iowait    %steal     %idle
04:16:24 PM       4      0.99      0.00     99.01      0.00      0.00      0.00
04:16:24 PM       8      0.00      0.00    100.00      0.00      0.00      0.00
04:16:24 PM      12      1.00      0.00     99.00      0.00      0.00      0.00

04:16:24 PM     CPU     %user     %nice   %system   %iowait    %steal     %idle
04:16:25 PM       4      0.00      0.00    100.00      0.00      0.00      0.00
04:16:25 PM       8      0.00      0.00    100.00      0.00      0.00      0.00
04:16:25 PM      12      1.01      0.00     98.99      0.00      0.00      0.00

04:16:25 PM     CPU     %user     %nice   %system   %iowait    %steal     %idle
04:16:26 PM       4      1.01      0.00     98.99      0.00      0.00      0.00
04:16:26 PM       8      1.00      0.00     99.00      0.00      0.00      0.00
04:16:26 PM      12      0.99      0.00     99.01      0.00      0.00      0.00

04:16:26 PM     CPU     %user     %nice   %system   %iowait    %steal     %idle
04:16:27 PM       4      0.99      0.00     99.01      0.00      0.00      0.00
04:16:27 PM       8      0.00      0.00    100.00      0.00      0.00      0.00
04:16:27 PM      12      0.00      0.00    100.00      0.00      0.00      0.00

04:16:27 PM     CPU     %user     %nice   %system   %iowait    %steal     %idle
04:16:28 PM       4      1.00      0.00     99.00      0.00      0.00      0.00
04:16:28 PM       8      1.00      0.00     99.00      0.00      0.00      0.00
04:16:28 PM      12      1.00      0.00     99.00      0.00      0.00      0.00

04:16:28 PM     CPU     %user     %nice   %system   %iowait    %steal     %idle
04:16:29 PM       4      0.00      0.00    100.00      0.00      0.00      0.00
04:16:29 PM       8      0.00      0.00    100.00      0.00      0.00      0.00
04:16:29 PM      12      1.00      0.00     99.00      0.00      0.00      0.00

04:16:29 PM     CPU     %user     %nice   %system   %iowait    %steal     %idle
04:16:30 PM       4      0.00      0.00    100.00      0.00      0.00      0.00
04:16:30 PM       8      1.00      0.00     99.00      0.00      0.00      0.00
04:16:30 PM      12      0.99      0.00     99.01      0.00      0.00      0.00

04:16:30 PM     CPU     %user     %nice   %system   %iowait    %steal     %idle
04:16:31 PM       4      0.00      0.00    100.00      0.00      0.00      0.00
04:16:31 PM       8      0.00      0.00    100.00      0.00      0.00      0.00
04:16:31 PM      12      0.00      0.00    100.00      0.00      0.00      0.00

04:16:31 PM     CPU     %user     %nice   %system   %iowait    %steal     %idle
04:16:32 PM       4      1.00      0.00     99.00      0.00      0.00      0.00
04:16:32 PM       8      0.99      0.00     99.01      0.00      0.00      0.00
04:16:32 PM      12      1.01      0.00     98.99      0.00      0.00      0.00

04:16:32 PM     CPU     %user     %nice   %system   %iowait    %steal     %idle
04:16:33 PM       4      0.00      0.00    100.00      0.00      0.00      0.00
04:16:33 PM       8      1.00      0.00     99.00      0.00      0.00      0.00
04:16:33 PM      12      0.99      0.00     99.01      0.00      0.00      0.00

04:16:33 PM     CPU     %user     %nice   %system   %iowait    %steal     %idle
04:16:34 PM       4      0.99      0.00     99.01      0.00      0.00      0.00
04:16:34 PM       8      0.00      0.00    100.00      0.00      0.00      0.00
04:16:34 PM      12      0.00      0.00    100.00      0.00      0.00      0.00

04:16:34 PM     CPU     %user     %nice   %system   %iowait    %steal     %idle
04:16:35 PM       4      0.00      0.00    100.00      0.00      0.00      0.00
04:16:35 PM       8      0.00      0.00    100.00      0.00      0.00      0.00
04:16:35 PM      12      1.96      0.00     98.04      0.00      0.00      0.00

04:16:35 PM     CPU     %user     %nice   %system   %iowait    %steal     %idle
04:16:36 PM       4      0.98      0.00     99.02      0.00      0.00      0.00
04:16:36 PM       8      1.00      0.00     99.00      0.00      0.00      0.00
04:16:36 PM      12      0.00      0.00    100.00      0.00      0.00      0.00

04:16:36 PM     CPU     %user     %nice   %system   %iowait    %steal     %idle
04:16:37 PM       4      0.00      0.00    100.00      0.00      0.00      0.00
04:16:37 PM       8      0.00      0.00    100.00      0.00      0.00      0.00
04:16:37 PM      12      1.00      0.00     99.00      0.00      0.00      0.00

04:16:37 PM     CPU     %user     %nice   %system   %iowait    %steal     %idle
04:16:38 PM       4      1.98      0.00     98.02      0.00      0.00      0.00
04:16:38 PM       8      1.00      0.00     99.00      0.00      0.00      0.00
04:16:38 PM      12      0.00      0.00    100.00      0.00      0.00      0.00

04:16:38 PM     CPU     %user     %nice   %system   %iowait    %steal     %idle
04:16:39 PM       4      0.00      0.00    100.00      0.00      0.00      0.00
04:16:39 PM       8      0.00      0.00    100.00      0.00      0.00      0.00
04:16:39 PM      12      1.00      0.00     99.00      0.00      0.00      0.00

04:16:39 PM     CPU     %user     %nice   %system   %iowait    %steal     %idle
04:16:40 PM       4      1.00      0.00     99.00      0.00      0.00      0.00
04:16:40 PM       8      0.00      0.00    100.00      0.00      0.00      0.00
04:16:40 PM      12      0.00      0.00    100.00      0.00      0.00      0.00
