Linux 6.0.3+ (genie03) 	12/21/2023 	_x86_64_	(64 CPU)

03:54:38 PM     CPU     %user     %nice   %system   %iowait    %steal     %idle
03:54:39 PM       4      1.00      0.00     99.00      0.00      0.00      0.00
03:54:39 PM       8      0.00      0.00    100.00      0.00      0.00      0.00
03:54:39 PM      12      1.00      0.00     99.00      0.00      0.00      0.00
03:54:39 PM      16      1.00      0.00     99.00      0.00      0.00      0.00
03:54:39 PM      20      0.99      0.00     99.01      0.00      0.00      0.00

03:54:39 PM     CPU     %user     %nice   %system   %iowait    %steal     %idle
03:54:40 PM       4      0.00      0.00    100.00      0.00      0.00      0.00
03:54:40 PM       8      0.00      0.00     98.02      0.00      0.00      1.98
03:54:40 PM      12      0.00      0.00    100.00      0.00      0.00      0.00
03:54:40 PM      16      0.00      0.00    100.00      0.00      0.00      0.00
03:54:40 PM      20      0.00      0.00    100.00      0.00      0.00      0.00

03:54:40 PM     CPU     %user     %nice   %system   %iowait    %steal     %idle
03:54:41 PM       4      0.00      0.00    100.00      0.00      0.00      0.00
03:54:41 PM       8      0.99      0.00     99.01      0.00      0.00      0.00
03:54:41 PM      12      0.00      0.00    100.00      0.00      0.00      0.00
03:54:41 PM      16      0.99      0.00     99.01      0.00      0.00      0.00
03:54:41 PM      20      0.00      0.00    100.00      0.00      0.00      0.00

03:54:41 PM     CPU     %user     %nice   %system   %iowait    %steal     %idle
03:54:42 PM       4      0.00      0.00    100.00      0.00      0.00      0.00
03:54:42 PM       8      0.00      0.00    100.00      0.00      0.00      0.00
03:54:42 PM      12      0.00      0.00    100.00      0.00      0.00      0.00
03:54:42 PM      16      0.00      0.00    100.00      0.00      0.00      0.00
03:54:42 PM      20      1.01      0.00     98.99      0.00      0.00      0.00

03:54:42 PM     CPU     %user     %nice   %system   %iowait    %steal     %idle
03:54:43 PM       4      0.00      0.00    100.00      0.00      0.00      0.00
03:54:43 PM       8      0.00      0.00    100.00      0.00      0.00      0.00
03:54:43 PM      12      0.99      0.00     99.01      0.00      0.00      0.00
03:54:43 PM      16      0.00      0.00    100.00      0.00      0.00      0.00
03:54:43 PM      20      0.00      0.00    100.00      0.00      0.00      0.00

03:54:43 PM     CPU     %user     %nice   %system   %iowait    %steal     %idle
03:54:44 PM       4      1.00      0.00     99.00      0.00      0.00      0.00
03:54:44 PM       8      1.00      0.00     99.00      0.00      0.00      0.00
03:54:44 PM      12      0.00      0.00    100.00      0.00      0.00      0.00
03:54:44 PM      16      0.00      0.00    100.00      0.00      0.00      0.00
03:54:44 PM      20      1.00      0.00     99.00      0.00      0.00      0.00

03:54:44 PM     CPU     %user     %nice   %system   %iowait    %steal     %idle
03:54:45 PM       4      1.00      0.00     99.00      0.00      0.00      0.00
03:54:45 PM       8      0.00      0.00    100.00      0.00      0.00      0.00
03:54:45 PM      12      0.99      0.00     99.01      0.00      0.00      0.00
03:54:45 PM      16      1.00      0.00     99.00      0.00      0.00      0.00
03:54:45 PM      20      0.00      0.00    100.00      0.00      0.00      0.00

03:54:45 PM     CPU     %user     %nice   %system   %iowait    %steal     %idle
03:54:46 PM       4      0.00      0.00    100.00      0.00      0.00      0.00
03:54:46 PM       8      0.00      0.00    100.00      0.00      0.00      0.00
03:54:46 PM      12      0.00      0.00    100.00      0.00      0.00      0.00
03:54:46 PM      16      0.99      0.00     99.01      0.00      0.00      0.00
03:54:46 PM      20      0.00      0.00    100.00      0.00      0.00      0.00

03:54:46 PM     CPU     %user     %nice   %system   %iowait    %steal     %idle
03:54:47 PM       4      0.99      0.00     99.01      0.00      0.00      0.00
03:54:47 PM       8      0.00      0.00    100.00      0.00      0.00      0.00
03:54:47 PM      12      0.00      0.00    100.00      0.00      0.00      0.00
03:54:47 PM      16      0.00      0.00    100.00      0.00      0.00      0.00
03:54:47 PM      20      1.01      0.00     98.99      0.00      0.00      0.00

03:54:47 PM     CPU     %user     %nice   %system   %iowait    %steal     %idle
03:54:48 PM       4      0.99      0.00     99.01      0.00      0.00      0.00
03:54:48 PM       8      1.00      0.00     99.00      0.00      0.00      0.00
03:54:48 PM      12      0.00      0.00    100.00      0.00      0.00      0.00
03:54:48 PM      16      0.00      0.00    100.00      0.00      0.00      0.00
03:54:48 PM      20      0.99      0.00     99.01      0.00      0.00      0.00

03:54:48 PM     CPU     %user     %nice   %system   %iowait    %steal     %idle
03:54:49 PM       4      0.00      0.00    100.00      0.00      0.00      0.00
03:54:49 PM       8      1.00      0.00     99.00      0.00      0.00      0.00
03:54:49 PM      12      0.00      0.00    100.00      0.00      0.00      0.00
03:54:49 PM      16      0.00      0.00    100.00      0.00      0.00      0.00
03:54:49 PM      20      0.00      0.00    100.00      0.00      0.00      0.00

03:54:49 PM     CPU     %user     %nice   %system   %iowait    %steal     %idle
03:54:50 PM       4      0.99      0.00     99.01      0.00      0.00      0.00
03:54:50 PM       8      0.00      0.00    100.00      0.00      0.00      0.00
03:54:50 PM      12      1.00      0.00     99.00      0.00      0.00      0.00
03:54:50 PM      16      0.00      0.00    100.00      0.00      0.00      0.00
03:54:50 PM      20      0.00      0.00    100.00      0.00      0.00      0.00

03:54:50 PM     CPU     %user     %nice   %system   %iowait    %steal     %idle
03:54:51 PM       4      0.00      0.00    100.00      0.00      0.00      0.00
03:54:51 PM       8      0.99      0.00     99.01      0.00      0.00      0.00
03:54:51 PM      12      1.00      0.00     99.00      0.00      0.00      0.00
03:54:51 PM      16      0.99      0.00     99.01      0.00      0.00      0.00
03:54:51 PM      20      0.00      0.00    100.00      0.00      0.00      0.00

03:54:51 PM     CPU     %user     %nice   %system   %iowait    %steal     %idle
03:54:52 PM       4      0.00      0.00    100.00      0.00      0.00      0.00
03:54:52 PM       8      1.01      0.00     98.99      0.00      0.00      0.00
03:54:52 PM      12      1.00      0.00     99.00      0.00      0.00      0.00
03:54:52 PM      16      1.00      0.00     98.00      0.00      0.00      1.00
03:54:52 PM      20      0.99      0.00     98.02      0.00      0.00      0.99

03:54:52 PM     CPU     %user     %nice   %system   %iowait    %steal     %idle
03:54:53 PM       4      0.00      0.00    100.00      0.00      0.00      0.00
03:54:53 PM       8      0.00      0.00    100.00      0.00      0.00      0.00
03:54:53 PM      12      0.00      0.00    100.00      0.00      0.00      0.00
03:54:53 PM      16      1.00      0.00     99.00      0.00      0.00      0.00
03:54:53 PM      20      0.00      0.00    100.00      0.00      0.00      0.00

03:54:53 PM     CPU     %user     %nice   %system   %iowait    %steal     %idle
03:54:54 PM       4      1.00      0.00     99.00      0.00      0.00      0.00
03:54:54 PM       8      0.00      0.00    100.00      0.00      0.00      0.00
03:54:54 PM      12      0.00      0.00    100.00      0.00      0.00      0.00
03:54:54 PM      16      0.00      0.00    100.00      0.00      0.00      0.00
03:54:54 PM      20      0.00      0.00    100.00      0.00      0.00      0.00

03:54:54 PM     CPU     %user     %nice   %system   %iowait    %steal     %idle
03:54:55 PM       4      1.00      0.00     99.00      0.00      0.00      0.00
03:54:55 PM       8      1.00      0.00     99.00      0.00      0.00      0.00
03:54:55 PM      12      1.00      0.00     99.00      0.00      0.00      0.00
03:54:55 PM      16      1.00      0.00     99.00      0.00      0.00      0.00
03:54:55 PM      20      0.00      0.00    100.00      0.00      0.00      0.00

03:54:55 PM     CPU     %user     %nice   %system   %iowait    %steal     %idle
03:54:56 PM       4      1.00      0.00     99.00      0.00      0.00      0.00
03:54:56 PM       8      1.00      0.00     99.00      0.00      0.00      0.00
03:54:56 PM      12      0.00      0.00    100.00      0.00      0.00      0.00
03:54:56 PM      16      0.00      0.00    100.00      0.00      0.00      0.00
03:54:56 PM      20      1.00      0.00     99.00      0.00      0.00      0.00

03:54:56 PM     CPU     %user     %nice   %system   %iowait    %steal     %idle
03:54:57 PM       4      0.00      0.00    100.00      0.00      0.00      0.00
03:54:57 PM       8      0.00      0.00    100.00      0.00      0.00      0.00
03:54:57 PM      12      0.00      0.00    100.00      0.00      0.00      0.00
03:54:57 PM      16      0.00      0.00    100.00      0.00      0.00      0.00
03:54:57 PM      20      0.99      0.00     99.01      0.00      0.00      0.00

03:54:57 PM     CPU     %user     %nice   %system   %iowait    %steal     %idle
03:54:58 PM       4      0.00      0.00    100.00      0.00      0.00      0.00
03:54:58 PM       8      0.99      0.00     99.01      0.00      0.00      0.00
03:54:58 PM      12      0.00      0.00    100.00      0.00      0.00      0.00
03:54:58 PM      16      0.00      0.00    100.00      0.00      0.00      0.00
03:54:58 PM      20      0.00      0.00    100.00      0.00      0.00      0.00

03:54:58 PM     CPU     %user     %nice   %system   %iowait    %steal     %idle
03:54:59 PM       4      1.00      0.00     99.00      0.00      0.00      0.00
03:54:59 PM       8      0.00      0.00    100.00      0.00      0.00      0.00
03:54:59 PM      12      0.00      0.00    100.00      0.00      0.00      0.00
03:54:59 PM      16      1.00      0.00     99.00      0.00      0.00      0.00
03:54:59 PM      20      0.00      0.00    100.00      0.00      0.00      0.00

03:54:59 PM     CPU     %user     %nice   %system   %iowait    %steal     %idle
03:55:00 PM       4      0.00      0.00    100.00      0.00      0.00      0.00
03:55:00 PM       8      0.00      0.00     98.99      0.00      0.00      1.01
03:55:00 PM      12      0.00      0.00    100.00      0.00      0.00      0.00
03:55:00 PM      16      0.99      0.00     99.01      0.00      0.00      0.00
03:55:00 PM      20      0.00      0.00    100.00      0.00      0.00      0.00

03:55:00 PM     CPU     %user     %nice   %system   %iowait    %steal     %idle
03:55:01 PM       4      0.99      0.00     99.01      0.00      0.00      0.00
03:55:01 PM       8      0.00      0.00    100.00      0.00      0.00      0.00
03:55:01 PM      12      0.99      0.00     99.01      0.00      0.00      0.00
03:55:01 PM      16      0.00      0.00    100.00      0.00      0.00      0.00
03:55:01 PM      20      1.98      0.00     98.02      0.00      0.00      0.00

03:55:01 PM     CPU     %user     %nice   %system   %iowait    %steal     %idle
03:55:02 PM       4      0.00      0.00    100.00      0.00      0.00      0.00
03:55:02 PM       8      0.00      0.00    100.00      0.00      0.00      0.00
03:55:02 PM      12      1.00      0.00     99.00      0.00      0.00      0.00
03:55:02 PM      16      0.00      0.00    100.00      0.00      0.00      0.00
03:55:02 PM      20      0.00      0.00    100.00      0.00      0.00      0.00

03:55:02 PM     CPU     %user     %nice   %system   %iowait    %steal     %idle
03:55:03 PM       4      0.00      0.00    100.00      0.00      0.00      0.00
03:55:03 PM       8      0.00      0.00    100.00      0.00      0.00      0.00
03:55:03 PM      12      0.00      0.00    100.00      0.00      0.00      0.00
03:55:03 PM      16      0.00      0.00    100.00      0.00      0.00      0.00
03:55:03 PM      20      0.00      0.00    100.00      0.00      0.00      0.00
