Linux 6.0.3 (genie03) 	08/31/2023 	_x86_64_	(64 CPU)

02:15:37 PM     CPU     %user     %nice   %system   %iowait    %steal     %idle
02:15:38 PM       4      0.00      0.00     96.77      0.00      0.00      3.23
02:15:38 PM       8      1.01      0.00     94.95      0.00      0.00      4.04
02:15:38 PM      12      2.15      0.00     94.62      0.00      0.00      3.23
02:15:38 PM      16      0.00      0.00     96.84      0.00      0.00      3.16
02:15:38 PM      20      1.04      0.00     95.83      0.00      0.00      3.12

02:15:38 PM     CPU     %user     %nice   %system   %iowait    %steal     %idle
02:15:39 PM       4      0.00      0.00     96.91      0.00      0.00      3.09
02:15:39 PM       8      2.04      0.00     94.90      0.00      0.00      3.06
02:15:39 PM      12      2.11      0.00     94.74      0.00      0.00      3.16
02:15:39 PM      16      2.02      0.00     94.95      0.00      0.00      3.03
02:15:39 PM      20      2.04      0.00     95.92      0.00      0.00      2.04

02:15:39 PM     CPU     %user     %nice   %system   %iowait    %steal     %idle
02:15:40 PM       4      2.06      0.00     94.85      0.00      0.00      3.09
02:15:40 PM       8      2.11      0.00     94.74      0.00      0.00      3.16
02:15:40 PM      12      2.08      0.00     94.79      0.00      0.00      3.12
02:15:40 PM      16      0.00      0.00     96.88      0.00      0.00      3.12
02:15:40 PM      20      0.00      0.00     96.77      0.00      0.00      3.23

02:15:40 PM     CPU     %user     %nice   %system   %iowait    %steal     %idle
02:15:41 PM       4      1.04      0.00     95.83      0.00      0.00      3.12
02:15:41 PM       8      1.02      0.00     95.92      0.00      0.00      3.06
02:15:41 PM      12      2.13      0.00     94.68      0.00      0.00      3.19
02:15:41 PM      16      2.15      0.00     94.62      0.00      0.00      3.23
02:15:41 PM      20      2.13      0.00     95.74      0.00      0.00      2.13

02:15:41 PM     CPU     %user     %nice   %system   %iowait    %steal     %idle
02:15:42 PM       4      2.08      0.00     95.83      0.00      0.00      2.08
02:15:42 PM       8      1.02      0.00     94.90      0.00      0.00      4.08
02:15:42 PM      12      1.03      0.00     95.88      0.00      0.00      3.09
02:15:42 PM      16      1.03      0.00     95.88      0.00      0.00      3.09
02:15:42 PM      20      0.00      0.00     96.88      0.00      0.00      3.12

02:15:42 PM     CPU     %user     %nice   %system   %iowait    %steal     %idle
02:15:43 PM       4      1.09      0.00     95.65      0.00      0.00      3.26
02:15:43 PM       8      1.05      0.00     95.79      0.00      0.00      3.16
02:15:43 PM      12      2.00      0.00     95.00      0.00      0.00      3.00
02:15:43 PM      16      2.08      0.00     93.75      0.00      0.00      4.17
02:15:43 PM      20      2.13      0.00     94.68      0.00      0.00      3.19

02:15:43 PM     CPU     %user     %nice   %system   %iowait    %steal     %idle
02:15:44 PM       4      0.00      0.00     96.94      0.00      0.00      3.06
02:15:44 PM       8      1.05      0.00     95.79      0.00      0.00      3.16
02:15:44 PM      12      2.06      0.00     94.85      0.00      0.00      3.09
02:15:44 PM      16      1.08      0.00     95.70      0.00      0.00      3.23
02:15:44 PM      20      1.03      0.00     95.88      0.00      0.00      3.09

02:15:44 PM     CPU     %user     %nice   %system   %iowait    %steal     %idle
02:15:45 PM       4      2.02      0.00     95.96      0.00      0.00      2.02
02:15:45 PM       8      2.15      0.00     94.62      0.00      0.00      3.23
02:15:45 PM      12      1.04      0.00     96.88      0.00      0.00      2.08
02:15:45 PM      16      2.06      0.00     94.85      0.00      0.00      3.09
02:15:45 PM      20      1.05      0.00     95.79      0.00      0.00      3.16

02:15:45 PM     CPU     %user     %nice   %system   %iowait    %steal     %idle
02:15:46 PM       4      2.11      0.00     94.74      0.00      0.00      3.16
02:15:46 PM       8      0.00      0.00     96.88      0.00      0.00      3.12
02:15:46 PM      12      1.08      0.00     95.70      0.00      0.00      3.23
02:15:46 PM      16      1.03      0.00     96.91      0.00      0.00      2.06
02:15:46 PM      20      0.00      0.00     97.83      0.00      0.00      2.17

02:15:46 PM     CPU     %user     %nice   %system   %iowait    %steal     %idle
02:15:47 PM       4      1.03      0.00     95.88      0.00      0.00      3.09
02:15:47 PM       8      0.00      0.00     96.81      0.00      0.00      3.19
02:15:47 PM      12      2.08      0.00     95.83      0.00      0.00      2.08
02:15:47 PM      16      1.01      0.00     94.95      0.00      0.00      4.04
02:15:47 PM      20      2.08      0.00     94.79      0.00      0.00      3.12

02:15:47 PM     CPU     %user     %nice   %system   %iowait    %steal     %idle
02:15:48 PM       4      1.04      0.00     96.88      0.00      0.00      2.08
02:15:48 PM       8      2.11      0.00     94.74      0.00      0.00      3.16
02:15:48 PM      12      2.06      0.00     94.85      0.00      0.00      3.09
02:15:48 PM      16      0.00      0.00     96.88      0.00      0.00      3.12
02:15:48 PM      20      0.00      0.00     97.89      0.00      0.00      2.11

02:15:48 PM     CPU     %user     %nice   %system   %iowait    %steal     %idle
02:15:49 PM       4      1.04      0.00     96.88      0.00      0.00      2.08
02:15:49 PM       8      2.06      0.00     94.85      0.00      0.00      3.09
02:15:49 PM      12      1.02      0.00     94.90      0.00      0.00      4.08
02:15:49 PM      16      0.00      0.00     96.88      0.00      0.00      3.12
02:15:49 PM      20      2.08      0.00     94.79      0.00      0.00      3.12

02:15:49 PM     CPU     %user     %nice   %system   %iowait    %steal     %idle
02:15:50 PM       4      1.02      0.00     96.94      0.00      0.00      2.04
02:15:50 PM       8      1.02      0.00     94.90      0.00      0.00      4.08
02:15:50 PM      12      3.12      0.00     93.75      0.00      0.00      3.12
02:15:50 PM      16      3.09      0.00     93.81      0.00      0.00      3.09
02:15:50 PM      20      2.04      0.00     95.92      0.00      0.00      2.04

02:15:50 PM     CPU     %user     %nice   %system   %iowait    %steal     %idle
02:15:51 PM       4      2.08      0.00     94.79      0.00      0.00      3.12
02:15:51 PM       8      1.03      0.00     95.88      0.00      0.00      3.09
02:15:51 PM      12      1.03      0.00     95.88      0.00      0.00      3.09
02:15:51 PM      16      2.08      0.00     94.79      0.00      0.00      3.12
02:15:51 PM      20      1.06      0.00     96.81      0.00      0.00      2.13

02:15:51 PM     CPU     %user     %nice   %system   %iowait    %steal     %idle
02:15:52 PM       4      0.00      0.00     97.89      0.00      0.00      2.11
02:15:52 PM       8      1.01      0.00     95.96      0.00      0.00      3.03
02:15:52 PM      12      3.12      0.00     93.75      0.00      0.00      3.12
02:15:52 PM      16      1.01      0.00     95.96      0.00      0.00      3.03
02:15:52 PM      20      0.00      0.00     97.92      0.00      0.00      2.08
