Linux 6.0.3 (genie03) 	08/31/2023 	_x86_64_	(64 CPU)

01:45:33 PM     CPU     %user     %nice   %system   %iowait    %steal     %idle
01:45:34 PM       4      0.99      0.00     99.01      0.00      0.00      0.00
01:45:34 PM       8      0.00      0.00    100.00      0.00      0.00      0.00
01:45:34 PM      12      1.00      0.00     99.00      0.00      0.00      0.00
01:45:34 PM      16      0.00      0.00    100.00      0.00      0.00      0.00
01:45:34 PM      20      0.98      0.00     99.02      0.00      0.00      0.00

01:45:34 PM     CPU     %user     %nice   %system   %iowait    %steal     %idle
01:45:35 PM       4      1.01      0.00     98.99      0.00      0.00      0.00
01:45:35 PM       8      0.00      0.00    100.00      0.00      0.00      0.00
01:45:35 PM      12      0.99      0.00     99.01      0.00      0.00      0.00
01:45:35 PM      16      0.00      0.00    100.00      0.00      0.00      0.00
01:45:35 PM      20      0.00      0.00    100.00      0.00      0.00      0.00

01:45:35 PM     CPU     %user     %nice   %system   %iowait    %steal     %idle
01:45:36 PM       4      0.00      0.00    100.00      0.00      0.00      0.00
01:45:36 PM       8      1.00      0.00     99.00      0.00      0.00      0.00
01:45:36 PM      12      0.00      0.00    100.00      0.00      0.00      0.00
01:45:36 PM      16      0.00      0.00    100.00      0.00      0.00      0.00
01:45:36 PM      20      0.00      0.00    100.00      0.00      0.00      0.00

01:45:36 PM     CPU     %user     %nice   %system   %iowait    %steal     %idle
01:45:37 PM       4      0.00      0.00    100.00      0.00      0.00      0.00
01:45:37 PM       8      0.00      0.00    100.00      0.00      0.00      0.00
01:45:37 PM      12      0.00      0.00    100.00      0.00      0.00      0.00
01:45:37 PM      16      0.99      0.00     99.01      0.00      0.00      0.00
01:45:37 PM      20      1.00      0.00     99.00      0.00      0.00      0.00

01:45:37 PM     CPU     %user     %nice   %system   %iowait    %steal     %idle
01:45:38 PM       4      0.00      0.00    100.00      0.00      0.00      0.00
01:45:38 PM       8      0.00      0.00    100.00      0.00      0.00      0.00
01:45:38 PM      12      0.00      0.00    100.00      0.00      0.00      0.00
01:45:38 PM      16      0.00      0.00    100.00      0.00      0.00      0.00
01:45:38 PM      20      0.00      0.00    100.00      0.00      0.00      0.00

01:45:38 PM     CPU     %user     %nice   %system   %iowait    %steal     %idle
01:45:39 PM       4      0.00      0.00    100.00      0.00      0.00      0.00
01:45:39 PM       8      0.00      0.00    100.00      0.00      0.00      0.00
01:45:39 PM      12      0.00      0.00    100.00      0.00      0.00      0.00
01:45:39 PM      16      0.00      0.00    100.00      0.00      0.00      0.00
01:45:39 PM      20      1.00      0.00     99.00      0.00      0.00      0.00

01:45:39 PM     CPU     %user     %nice   %system   %iowait    %steal     %idle
01:45:40 PM       4      1.00      0.00     99.00      0.00      0.00      0.00
01:45:40 PM       8      0.00      0.00    100.00      0.00      0.00      0.00
01:45:40 PM      12      1.00      0.00     99.00      0.00      0.00      0.00
01:45:40 PM      16      0.00      0.00    100.00      0.00      0.00      0.00
01:45:40 PM      20      1.00      0.00     99.00      0.00      0.00      0.00

01:45:40 PM     CPU     %user     %nice   %system   %iowait    %steal     %idle
01:45:41 PM       4      0.00      0.00    100.00      0.00      0.00      0.00
01:45:41 PM       8      0.00      0.00    100.00      0.00      0.00      0.00
01:45:41 PM      12      0.00      0.00    100.00      0.00      0.00      0.00
01:45:41 PM      16      0.99      0.00     99.01      0.00      0.00      0.00
01:45:41 PM      20      0.99      0.00     99.01      0.00      0.00      0.00

01:45:41 PM     CPU     %user     %nice   %system   %iowait    %steal     %idle
01:45:42 PM       4      0.00      0.00    100.00      0.00      0.00      0.00
01:45:42 PM       8      0.99      0.00     99.01      0.00      0.00      0.00
01:45:42 PM      12      0.99      0.00     99.01      0.00      0.00      0.00
01:45:42 PM      16      0.00      0.00    100.00      0.00      0.00      0.00
01:45:42 PM      20      0.00      0.00    100.00      0.00      0.00      0.00

01:45:42 PM     CPU     %user     %nice   %system   %iowait    %steal     %idle
01:45:43 PM       4      0.00      0.00    100.00      0.00      0.00      0.00
01:45:43 PM       8      0.00      0.00    100.00      0.00      0.00      0.00
01:45:43 PM      12      1.01      0.00     98.99      0.00      0.00      0.00
01:45:43 PM      16      0.00      0.00    100.00      0.00      0.00      0.00
01:45:43 PM      20      1.00      0.00     99.00      0.00      0.00      0.00

01:45:43 PM     CPU     %user     %nice   %system   %iowait    %steal     %idle
01:45:44 PM       4      2.02      0.00     97.98      0.00      0.00      0.00
01:45:44 PM       8      0.00      0.00    100.00      0.00      0.00      0.00
01:45:44 PM      12      0.99      0.00     99.01      0.00      0.00      0.00
01:45:44 PM      16      0.00      0.00    100.00      0.00      0.00      0.00
01:45:44 PM      20      1.98      0.00     98.02      0.00      0.00      0.00

01:45:44 PM     CPU     %user     %nice   %system   %iowait    %steal     %idle
01:45:45 PM       4      0.00      0.00    100.00      0.00      0.00      0.00
01:45:45 PM       8      0.00      0.00    100.00      0.00      0.00      0.00
01:45:45 PM      12      0.00      0.00    100.00      0.00      0.00      0.00
01:45:45 PM      16      0.99      0.00     99.01      0.00      0.00      0.00
01:45:45 PM      20      0.00      0.00    100.00      0.00      0.00      0.00

01:45:45 PM     CPU     %user     %nice   %system   %iowait    %steal     %idle
01:45:46 PM       4      0.00      0.00    100.00      0.00      0.00      0.00
01:45:46 PM       8      0.00      0.00    100.00      0.00      0.00      0.00
01:45:46 PM      12      0.00      0.00    100.00      0.00      0.00      0.00
01:45:46 PM      16      0.00      0.00    100.00      0.00      0.00      0.00
01:45:46 PM      20      0.00      0.00    100.00      0.00      0.00      0.00

01:45:46 PM     CPU     %user     %nice   %system   %iowait    %steal     %idle
01:45:47 PM       4      0.99      0.00     99.01      0.00      0.00      0.00
01:45:47 PM       8      0.00      0.00    100.00      0.00      0.00      0.00
01:45:47 PM      12      0.00      0.00    100.00      0.00      0.00      0.00
01:45:47 PM      16      0.00      0.00    100.00      0.00      0.00      0.00
01:45:47 PM      20      1.00      0.00     99.00      0.00      0.00      0.00

01:45:47 PM     CPU     %user     %nice   %system   %iowait    %steal     %idle
01:45:48 PM       4      0.00      0.00    100.00      0.00      0.00      0.00
01:45:48 PM       8      0.00      0.00    100.00      0.00      0.00      0.00
01:45:48 PM      12      0.00      0.00    100.00      0.00      0.00      0.00
01:45:48 PM      16      1.00      0.00     99.00      0.00      0.00      0.00
01:45:48 PM      20      0.99      0.00     99.01      0.00      0.00      0.00
