Linux 6.0.3+ (genie03) 	12/21/2023 	_x86_64_	(64 CPU)

04:30:38 PM     CPU     %user     %nice   %system   %iowait    %steal     %idle
04:30:39 PM       4      3.03      0.00     91.92      0.00      0.00      5.05
04:30:39 PM       8      1.05      0.00     92.63      0.00      0.00      6.32
04:30:39 PM      12      2.06      0.00     90.72      0.00      0.00      7.22
04:30:39 PM      16      2.02      0.00     90.91      0.00      0.00      7.07
04:30:39 PM      20      3.06      0.00     90.82      0.00      0.00      6.12
04:30:39 PM      24      1.94      0.00     91.26      0.00      0.00      6.80
04:30:39 PM      28      2.06      0.00     90.72      0.00      0.00      7.22

04:30:39 PM     CPU     %user     %nice   %system   %iowait    %steal     %idle
04:30:40 PM       4      2.04      0.00     92.86      0.00      0.00      5.10
04:30:40 PM       8      1.00      0.00     93.00      0.00      0.00      6.00
04:30:40 PM      12      2.97      0.00     90.10      0.00      0.00      6.93
04:30:40 PM      16      0.98      0.00     92.16      0.00      0.00      6.86
04:30:40 PM      20      1.00      0.00     94.00      0.00      0.00      5.00
04:30:40 PM      24      2.06      0.00     91.75      0.00      0.00      6.19
04:30:40 PM      28      2.02      0.00     90.91      0.00      0.00      7.07

04:30:40 PM     CPU     %user     %nice   %system   %iowait    %steal     %idle
04:30:41 PM       4      1.04      0.00     93.75      0.00      0.00      5.21
04:30:41 PM       8      2.04      0.00     91.84      0.00      0.00      6.12
04:30:41 PM      12      2.00      0.00     92.00      0.00      0.00      6.00
04:30:41 PM      16      1.01      0.00     91.92      0.00      0.00      7.07
04:30:41 PM      20      3.06      0.00     90.82      0.00      0.00      6.12
04:30:41 PM      24      1.98      0.00     91.09      0.00      0.00      6.93
04:30:41 PM      28      1.03      0.00     91.75      0.00      0.00      7.22

04:30:41 PM     CPU     %user     %nice   %system   %iowait    %steal     %idle
04:30:42 PM       4      2.06      0.00     92.78      0.00      0.00      5.15
04:30:42 PM       8      3.09      0.00     89.69      0.00      0.00      7.22
04:30:42 PM      12      2.11      0.00     90.53      0.00      0.00      7.37
04:30:42 PM      16      1.01      0.00     91.92      0.00      0.00      7.07
04:30:42 PM      20      1.01      0.00     92.93      0.00      0.00      6.06
04:30:42 PM      24      1.04      0.00     92.71      0.00      0.00      6.25
04:30:42 PM      28      2.13      0.00     91.49      0.00      0.00      6.38

04:30:42 PM     CPU     %user     %nice   %system   %iowait    %steal     %idle
04:30:43 PM       4      1.02      0.00     92.86      0.00      0.00      6.12
04:30:43 PM       8      2.02      0.00     90.91      0.00      0.00      7.07
04:30:43 PM      12      1.01      0.00     91.92      0.00      0.00      7.07
04:30:43 PM      16      3.96      0.00     89.11      0.00      0.00      6.93
04:30:43 PM      20      1.06      0.00     93.62      0.00      0.00      5.32
04:30:43 PM      24      2.04      0.00     90.82      0.00      0.00      7.14
04:30:43 PM      28      1.04      0.00     91.67      0.00      0.00      7.29

04:30:43 PM     CPU     %user     %nice   %system   %iowait    %steal     %idle
04:30:44 PM       4      2.13      0.00     88.30      0.00      0.00      9.57
04:30:44 PM       8      1.01      0.00     91.92      0.00      0.00      7.07
04:30:44 PM      12      2.04      0.00     90.82      0.00      0.00      7.14
04:30:44 PM      16      0.99      0.00     92.08      0.00      0.00      6.93
04:30:44 PM      20      1.03      0.00     91.75      0.00      0.00      7.22
04:30:44 PM      24      4.08      0.00     89.80      0.00      0.00      6.12
04:30:44 PM      28      0.00      0.00     93.00      0.00      0.00      7.00

04:30:44 PM     CPU     %user     %nice   %system   %iowait    %steal     %idle
04:30:45 PM       4      2.00      0.00     92.00      0.00      0.00      6.00
04:30:45 PM       8      1.00      0.00     93.00      0.00      0.00      6.00
04:30:45 PM      12      1.05      0.00     92.63      0.00      0.00      6.32
04:30:45 PM      16      0.00      0.00     93.81      0.00      0.00      6.19
04:30:45 PM      20      2.02      0.00     92.93      0.00      0.00      5.05
04:30:45 PM      24      0.00      0.00     92.55      0.00      0.00      7.45
04:30:45 PM      28      2.08      0.00     90.62      0.00      0.00      7.29

04:30:45 PM     CPU     %user     %nice   %system   %iowait    %steal     %idle
04:30:46 PM       4      2.06      0.00     91.75      0.00      0.00      6.19
04:30:46 PM       8      1.05      0.00     91.58      0.00      0.00      7.37
04:30:46 PM      12      1.03      0.00     91.75      0.00      0.00      7.22
04:30:46 PM      16      2.04      0.00     90.82      0.00      0.00      7.14
04:30:46 PM      20      2.11      0.00     91.58      0.00      0.00      6.32
04:30:46 PM      24      1.03      0.00     92.78      0.00      0.00      6.19
04:30:46 PM      28      1.98      0.00     91.09      0.00      0.00      6.93

04:30:46 PM     CPU     %user     %nice   %system   %iowait    %steal     %idle
04:30:47 PM       4      2.00      0.00     91.00      0.00      0.00      7.00
04:30:47 PM       8      1.02      0.00     91.84      0.00      0.00      7.14
04:30:47 PM      12      0.00      0.00     92.55      0.00      0.00      7.45
04:30:47 PM      16      1.94      0.00     91.26      0.00      0.00      6.80
04:30:47 PM      20      0.98      0.00     93.14      0.00      0.00      5.88
04:30:47 PM      24      2.04      0.00     90.82      0.00      0.00      7.14
04:30:47 PM      28      0.00      0.00     93.68      0.00      0.00      6.32

04:30:47 PM     CPU     %user     %nice   %system   %iowait    %steal     %idle
04:30:48 PM       4      2.06      0.00     91.75      0.00      0.00      6.19
04:30:48 PM       8      1.04      0.00     91.67      0.00      0.00      7.29
04:30:48 PM      12      1.03      0.00     92.78      0.00      0.00      6.19
04:30:48 PM      16      2.06      0.00     90.72      0.00      0.00      7.22
04:30:48 PM      20      2.06      0.00     91.75      0.00      0.00      6.19
04:30:48 PM      24      0.00      0.00     93.81      0.00      0.00      6.19
04:30:48 PM      28      2.94      0.00     90.20      0.00      0.00      6.86

04:30:48 PM     CPU     %user     %nice   %system   %iowait    %steal     %idle
04:30:49 PM       4      0.00      0.00     92.93      0.00      0.00      7.07
04:30:49 PM       8      3.03      0.00     90.91      0.00      0.00      6.06
04:30:49 PM      12      2.04      0.00     90.82      0.00      0.00      7.14
04:30:49 PM      16      2.08      0.00     90.62      0.00      0.00      7.29
04:30:49 PM      20      2.11      0.00     92.63      0.00      0.00      5.26
04:30:49 PM      24      2.02      0.00     90.91      0.00      0.00      7.07
04:30:49 PM      28      3.09      0.00     89.69      0.00      0.00      7.22

04:30:49 PM     CPU     %user     %nice   %system   %iowait    %steal     %idle
04:30:50 PM       4      2.02      0.00     91.92      0.00      0.00      6.06
04:30:50 PM       8      1.05      0.00     86.32      0.00      0.00     12.63
04:30:50 PM      12      1.01      0.00     91.92      0.00      0.00      7.07
04:30:50 PM      16      2.06      0.00     89.69      0.00      0.00      8.25
04:30:50 PM      20      3.96      0.00     89.11      0.00      0.00      6.93
04:30:50 PM      24      1.04      0.00     92.71      0.00      0.00      6.25
04:30:50 PM      28      2.04      0.00     90.82      0.00      0.00      7.14

04:30:50 PM     CPU     %user     %nice   %system   %iowait    %steal     %idle
04:30:51 PM       4      3.88      0.00     89.32      0.00      0.00      6.80
04:30:51 PM       8      1.98      0.00     86.14      0.00      0.00     11.88
04:30:51 PM      12      1.94      0.00     91.26      0.00      0.00      6.80
04:30:51 PM      16      2.06      0.00     90.72      0.00      0.00      7.22
04:30:51 PM      20      2.02      0.00     90.91      0.00      0.00      7.07
04:30:51 PM      24      2.00      0.00     91.00      0.00      0.00      7.00
04:30:51 PM      28      1.03      0.00     91.75      0.00      0.00      7.22

04:30:51 PM     CPU     %user     %nice   %system   %iowait    %steal     %idle
04:30:52 PM       4      0.00      0.00     93.81      0.00      0.00      6.19
04:30:52 PM       8      1.09      0.00     86.96      0.00      0.00     11.96
04:30:52 PM      12      1.01      0.00     92.93      0.00      0.00      6.06
04:30:52 PM      16      2.06      0.00     90.72      0.00      0.00      7.22
04:30:52 PM      20      2.04      0.00     91.84      0.00      0.00      6.12
04:30:52 PM      24      1.00      0.00     93.00      0.00      0.00      6.00
04:30:52 PM      28      3.06      0.00     89.80      0.00      0.00      7.14

04:30:52 PM     CPU     %user     %nice   %system   %iowait    %steal     %idle
04:30:53 PM       4      3.06      0.00     89.80      0.00      0.00      7.14
04:30:53 PM       8      1.00      0.00     92.00      0.00      0.00      7.00
04:30:53 PM      12      1.03      0.00     92.78      0.00      0.00      6.19
04:30:53 PM      16      2.06      0.00     90.72      0.00      0.00      7.22
04:30:53 PM      20      1.05      0.00     92.63      0.00      0.00      6.32
04:30:53 PM      24      2.02      0.00     90.91      0.00      0.00      7.07
04:30:53 PM      28      2.06      0.00     90.72      0.00      0.00      7.22

04:30:53 PM     CPU     %user     %nice   %system   %iowait    %steal     %idle
04:30:54 PM       4      1.03      0.00     92.78      0.00      0.00      6.19
04:30:54 PM       8      0.00      0.00     91.92      0.00      0.00      8.08
04:30:54 PM      12      0.00      0.00     92.55      0.00      0.00      7.45
04:30:54 PM      16      2.06      0.00     90.72      0.00      0.00      7.22
04:30:54 PM      20      0.00      0.00     93.62      0.00      0.00      6.38
04:30:54 PM      24      2.04      0.00     91.84      0.00      0.00      6.12
04:30:54 PM      28      1.05      0.00     92.63      0.00      0.00      6.32

04:30:54 PM     CPU     %user     %nice   %system   %iowait    %steal     %idle
04:30:55 PM       4      2.06      0.00     90.72      0.00      0.00      7.22
04:30:55 PM       8      2.02      0.00     90.91      0.00      0.00      7.07
04:30:55 PM      12      2.02      0.00     90.91      0.00      0.00      7.07
04:30:55 PM      16      0.99      0.00     92.08      0.00      0.00      6.93
04:30:55 PM      20      2.08      0.00     91.67      0.00      0.00      6.25
04:30:55 PM      24      0.00      0.00     93.88      0.00      0.00      6.12
04:30:55 PM      28      0.98      0.00     92.16      0.00      0.00      6.86

04:30:55 PM     CPU     %user     %nice   %system   %iowait    %steal     %idle
04:30:56 PM       4      1.02      0.00     92.86      0.00      0.00      6.12
04:30:56 PM       8      0.00      0.00     92.86      0.00      0.00      7.14
04:30:56 PM      12      1.08      0.00     92.47      0.00      0.00      6.45
04:30:56 PM      16      2.00      0.00     91.00      0.00      0.00      7.00
04:30:56 PM      20      3.19      0.00     91.49      0.00      0.00      5.32
04:30:56 PM      24      0.00      0.00     92.93      0.00      0.00      7.07
04:30:56 PM      28      2.08      0.00     90.62      0.00      0.00      7.29

04:30:56 PM     CPU     %user     %nice   %system   %iowait    %steal     %idle
04:30:57 PM       4      2.04      0.00     91.84      0.00      0.00      6.12
04:30:57 PM       8      1.02      0.00     91.84      0.00      0.00      7.14
04:30:57 PM      12      1.03      0.00     92.78      0.00      0.00      6.19
04:30:57 PM      16      2.08      0.00     90.62      0.00      0.00      7.29
04:30:57 PM      20      1.03      0.00     91.75      0.00      0.00      7.22
04:30:57 PM      24      2.08      0.00     91.67      0.00      0.00      6.25
04:30:57 PM      28      0.00      0.00     93.68      0.00      0.00      6.32

04:30:57 PM     CPU     %user     %nice   %system   %iowait    %steal     %idle
04:30:58 PM       4      0.00      0.00     92.71      0.00      0.00      7.29
04:30:58 PM       8      2.06      0.00     90.72      0.00      0.00      7.22
04:30:58 PM      12      3.19      0.00     90.43      0.00      0.00      6.38
04:30:58 PM      16      2.04      0.00     90.82      0.00      0.00      7.14
04:30:58 PM      20      3.03      0.00     89.90      0.00      0.00      7.07
04:30:58 PM      24      0.00      0.00     93.81      0.00      0.00      6.19
04:30:58 PM      28      2.06      0.00     90.72      0.00      0.00      7.22

04:30:58 PM     CPU     %user     %nice   %system   %iowait    %steal     %idle
04:30:59 PM       4      0.00      0.00     94.12      0.00      0.00      5.88
04:30:59 PM       8      3.09      0.00     89.69      0.00      0.00      7.22
04:30:59 PM      12      1.05      0.00     93.68      0.00      0.00      5.26
04:30:59 PM      16      2.02      0.00     90.91      0.00      0.00      7.07
04:30:59 PM      20      3.09      0.00     90.72      0.00      0.00      6.19
04:30:59 PM      24      2.02      0.00     91.92      0.00      0.00      6.06
04:30:59 PM      28      2.97      0.00     90.10      0.00      0.00      6.93

04:30:59 PM     CPU     %user     %nice   %system   %iowait    %steal     %idle
04:31:00 PM       4      2.00      0.00     92.00      0.00      0.00      6.00
04:31:00 PM       8      2.02      0.00     90.91      0.00      0.00      7.07
04:31:00 PM      12      1.01      0.00     91.92      0.00      0.00      7.07
04:31:00 PM      16      0.00      0.00     92.78      0.00      0.00      7.22
04:31:00 PM      20      2.97      0.00     90.10      0.00      0.00      6.93
04:31:00 PM      24      1.98      0.00     92.08      0.00      0.00      5.94
04:31:00 PM      28      1.03      0.00     92.78      0.00      0.00      6.19

04:31:00 PM     CPU     %user     %nice   %system   %iowait    %steal     %idle
04:31:01 PM       4      1.03      0.00     92.78      0.00      0.00      6.19
04:31:01 PM       8      2.02      0.00     91.92      0.00      0.00      6.06
04:31:01 PM      12      2.04      0.00     90.82      0.00      0.00      7.14
04:31:01 PM      16      1.06      0.00     91.49      0.00      0.00      7.45
04:31:01 PM      20      2.04      0.00     90.82      0.00      0.00      7.14
04:31:01 PM      24      2.06      0.00     91.75      0.00      0.00      6.19
04:31:01 PM      28      2.97      0.00     90.10      0.00      0.00      6.93

04:31:01 PM     CPU     %user     %nice   %system   %iowait    %steal     %idle
04:31:02 PM       4      0.00      0.00     93.75      0.00      0.00      6.25
04:31:02 PM       8      2.04      0.00     90.82      0.00      0.00      7.14
04:31:02 PM      12      3.03      0.00     89.90      0.00      0.00      7.07
04:31:02 PM      16      2.04      0.00     90.82      0.00      0.00      7.14
04:31:02 PM      20      2.02      0.00     91.92      0.00      0.00      6.06
04:31:02 PM      24      3.06      0.00     89.80      0.00      0.00      7.14
04:31:02 PM      28      2.02      0.00     90.91      0.00      0.00      7.07

04:31:02 PM     CPU     %user     %nice   %system   %iowait    %steal     %idle
04:31:03 PM       4      2.04      0.00     91.84      0.00      0.00      6.12
04:31:03 PM       8      2.13      0.00     91.49      0.00      0.00      6.38
04:31:03 PM      12      0.00      0.00     92.71      0.00      0.00      7.29
04:31:03 PM      16      2.11      0.00     91.58      0.00      0.00      6.32
04:31:03 PM      20      2.04      0.00     91.84      0.00      0.00      6.12
04:31:03 PM      24      2.08      0.00     91.67      0.00      0.00      6.25
04:31:03 PM      28      1.03      0.00     91.75      0.00      0.00      7.22
