Linux 6.0.3+ (genie03) 	12/21/2023 	_x86_64_	(64 CPU)

04:23:26 PM     CPU     %user     %nice   %system   %iowait    %steal     %idle
04:23:27 PM       4      1.00      0.00     98.00      0.00      0.00      1.00
04:23:27 PM       8      0.99      0.00     98.02      0.00      0.00      0.99
04:23:27 PM      12      0.00      0.00     97.98      0.00      0.00      2.02
04:23:27 PM      16      2.00      0.00     96.00      0.00      0.00      2.00
04:23:27 PM      20      2.02      0.00     96.97      0.00      0.00      1.01

04:23:27 PM     CPU     %user     %nice   %system   %iowait    %steal     %idle
04:23:28 PM       4      0.00      0.00     97.98      0.00      0.00      2.02
04:23:28 PM       8      0.00      0.00     98.98      0.00      0.00      1.02
04:23:28 PM      12      2.04      0.00     96.94      0.00      0.00      1.02
04:23:28 PM      16      1.02      0.00     97.96      0.00      0.00      1.02
04:23:28 PM      20      2.97      0.00     95.05      0.00      0.00      1.98

04:23:28 PM     CPU     %user     %nice   %system   %iowait    %steal     %idle
04:23:29 PM       4      3.00      0.00     96.00      0.00      0.00      1.00
04:23:29 PM       8      1.00      0.00     97.00      0.00      0.00      2.00
04:23:29 PM      12      1.01      0.00     97.98      0.00      0.00      1.01
04:23:29 PM      16      3.03      0.00     94.95      0.00      0.00      2.02
04:23:29 PM      20      0.00      0.00     98.98      0.00      0.00      1.02

04:23:29 PM     CPU     %user     %nice   %system   %iowait    %steal     %idle
04:23:30 PM       4      0.00      0.00     98.98      0.00      0.00      1.02
04:23:30 PM       8      1.00      0.00     98.00      0.00      0.00      1.00
04:23:30 PM      12      1.01      0.00     96.97      0.00      0.00      2.02
04:23:30 PM      16      0.00      0.00     98.98      0.00      0.00      1.02
04:23:30 PM      20      1.02      0.00     97.96      0.00      0.00      1.02

04:23:30 PM     CPU     %user     %nice   %system   %iowait    %steal     %idle
04:23:31 PM       4      1.00      0.00     97.00      0.00      0.00      2.00
04:23:31 PM       8      0.00      0.00     97.94      0.00      0.00      2.06
04:23:31 PM      12      1.03      0.00     97.94      0.00      0.00      1.03
04:23:31 PM      16      1.02      0.00     97.96      0.00      0.00      1.02
04:23:31 PM      20      1.00      0.00     98.00      0.00      0.00      1.00

04:23:31 PM     CPU     %user     %nice   %system   %iowait    %steal     %idle
04:23:32 PM       4      0.00      0.00     98.98      0.00      0.00      1.02
04:23:32 PM       8      2.00      0.00     96.00      0.00      0.00      2.00
04:23:32 PM      12      2.00      0.00     96.00      0.00      0.00      2.00
04:23:32 PM      16      0.00      0.00     98.99      0.00      0.00      1.01
04:23:32 PM      20      0.00      0.00     98.00      0.00      0.00      2.00

04:23:32 PM     CPU     %user     %nice   %system   %iowait    %steal     %idle
04:23:33 PM       4      0.00      0.00     98.02      0.00      0.00      1.98
04:23:33 PM       8      3.06      0.00     95.92      0.00      0.00      1.02
04:23:33 PM      12      1.01      0.00     97.98      0.00      0.00      1.01
04:23:33 PM      16      0.99      0.00     97.03      0.00      0.00      1.98
04:23:33 PM      20      1.04      0.00     97.92      0.00      0.00      1.04

04:23:33 PM     CPU     %user     %nice   %system   %iowait    %steal     %idle
04:23:34 PM       4      1.02      0.00     97.96      0.00      0.00      1.02
04:23:34 PM       8      2.00      0.00     96.00      0.00      0.00      2.00
04:23:34 PM      12      0.00      0.00     97.94      0.00      0.00      2.06
04:23:34 PM      16      1.03      0.00     97.94      0.00      0.00      1.03
04:23:34 PM      20      0.00      0.00     97.96      0.00      0.00      2.04

04:23:34 PM     CPU     %user     %nice   %system   %iowait    %steal     %idle
04:23:35 PM       4      2.00      0.00     96.00      0.00      0.00      2.00
04:23:35 PM       8      1.01      0.00     97.98      0.00      0.00      1.01
04:23:35 PM      12      1.01      0.00     97.98      0.00      0.00      1.01
04:23:35 PM      16      1.01      0.00     97.98      0.00      0.00      1.01
04:23:35 PM      20      1.03      0.00     97.94      0.00      0.00      1.03

04:23:35 PM     CPU     %user     %nice   %system   %iowait    %steal     %idle
04:23:36 PM       4      1.03      0.00     97.94      0.00      0.00      1.03
04:23:36 PM       8      0.00      0.00     98.99      0.00      0.00      1.01
04:23:36 PM      12      1.01      0.00     96.97      0.00      0.00      2.02
04:23:36 PM      16      1.03      0.00     97.94      0.00      0.00      1.03
04:23:36 PM      20      0.00      0.00     98.97      0.00      0.00      1.03

04:23:36 PM     CPU     %user     %nice   %system   %iowait    %steal     %idle
04:23:37 PM       4      1.02      0.00     97.96      0.00      0.00      1.02
04:23:37 PM       8      1.02      0.00     97.96      0.00      0.00      1.02
04:23:37 PM      12      1.02      0.00     96.94      0.00      0.00      2.04
04:23:37 PM      16      1.01      0.00     96.97      0.00      0.00      2.02
04:23:37 PM      20      1.02      0.00     97.96      0.00      0.00      1.02

04:23:37 PM     CPU     %user     %nice   %system   %iowait    %steal     %idle
04:23:38 PM       4      0.00      0.00     98.00      0.00      0.00      2.00
04:23:38 PM       8      1.01      0.00     97.98      0.00      0.00      1.01
04:23:38 PM      12      1.01      0.00     97.98      0.00      0.00      1.01
04:23:38 PM      16      0.00      0.00     98.96      0.00      0.00      1.04
04:23:38 PM      20      1.00      0.00     97.00      0.00      0.00      2.00

04:23:38 PM     CPU     %user     %nice   %system   %iowait    %steal     %idle
04:23:39 PM       4      1.03      0.00     97.94      0.00      0.00      1.03
04:23:39 PM       8      0.00      0.00     97.98      0.00      0.00      2.02
04:23:39 PM      12      0.00      0.00     98.00      0.00      0.00      2.00
04:23:39 PM      16      1.00      0.00     97.00      0.00      0.00      2.00
04:23:39 PM      20      2.02      0.00     96.97      0.00      0.00      1.01

04:23:39 PM     CPU     %user     %nice   %system   %iowait    %steal     %idle
04:23:40 PM       4      1.98      0.00     97.03      0.00      0.00      0.99
04:23:40 PM       8      1.04      0.00     97.92      0.00      0.00      1.04
04:23:40 PM      12      0.00      0.00     97.89      0.00      0.00      2.11
04:23:40 PM      16      0.00      0.00     98.99      0.00      0.00      1.01
04:23:40 PM      20      1.01      0.00     97.98      0.00      0.00      1.01

04:23:40 PM     CPU     %user     %nice   %system   %iowait    %steal     %idle
04:23:41 PM       4      0.00      0.00     97.94      0.00      0.00      2.06
04:23:41 PM       8      1.03      0.00     97.94      0.00      0.00      1.03
04:23:41 PM      12      0.00      0.00     97.98      0.00      0.00      2.02
04:23:41 PM      16      3.03      0.00     95.96      0.00      0.00      1.01
04:23:41 PM      20      1.01      0.00     97.98      0.00      0.00      1.01

04:23:41 PM     CPU     %user     %nice   %system   %iowait    %steal     %idle
04:23:42 PM       4      1.00      0.00     98.00      0.00      0.00      1.00
04:23:42 PM       8      1.01      0.00     95.96      0.00      0.00      3.03
04:23:42 PM      12      0.00      0.00     98.97      0.00      0.00      1.03
04:23:42 PM      16      0.00      0.00     98.98      0.00      0.00      1.02
04:23:42 PM      20      0.00      0.00     98.98      0.00      0.00      1.02

04:23:42 PM     CPU     %user     %nice   %system   %iowait    %steal     %idle
04:23:43 PM       4      0.00      0.00     97.98      0.00      0.00      2.02
04:23:43 PM       8      1.01      0.00     97.98      0.00      0.00      1.01
04:23:43 PM      12      1.01      0.00     96.97      0.00      0.00      2.02
04:23:43 PM      16      1.01      0.00     96.97      0.00      0.00      2.02
04:23:43 PM      20      1.01      0.00     97.98      0.00      0.00      1.01

04:23:43 PM     CPU     %user     %nice   %system   %iowait    %steal     %idle
04:23:44 PM       4      1.00      0.00     98.00      0.00      0.00      1.00
04:23:44 PM       8      0.00      0.00     98.00      0.00      0.00      2.00
04:23:44 PM      12      1.04      0.00     96.88      0.00      0.00      2.08
04:23:44 PM      16      0.00      0.00     98.99      0.00      0.00      1.01
04:23:44 PM      20      0.00      0.00     98.99      0.00      0.00      1.01

04:23:44 PM     CPU     %user     %nice   %system   %iowait    %steal     %idle
04:23:45 PM       4      1.03      0.00     97.94      0.00      0.00      1.03
04:23:45 PM       8      2.04      0.00     95.92      0.00      0.00      2.04
04:23:45 PM      12      1.00      0.00     97.00      0.00      0.00      2.00
04:23:45 PM      16      1.03      0.00     96.91      0.00      0.00      2.06
04:23:45 PM      20      2.04      0.00     96.94      0.00      0.00      1.02

04:23:45 PM     CPU     %user     %nice   %system   %iowait    %steal     %idle
04:23:46 PM       4      2.97      0.00     96.04      0.00      0.00      0.99
04:23:46 PM       8      1.01      0.00     96.97      0.00      0.00      2.02
04:23:46 PM      12      1.00      0.00     98.00      0.00      0.00      1.00
04:23:46 PM      16      0.00      0.00     98.98      0.00      0.00      1.02
04:23:46 PM      20      1.02      0.00     96.94      0.00      0.00      2.04

04:23:46 PM     CPU     %user     %nice   %system   %iowait    %steal     %idle
04:23:47 PM       4      1.02      0.00     97.96      0.00      0.00      1.02
04:23:47 PM       8      2.00      0.00     97.00      0.00      0.00      1.00
04:23:47 PM      12      0.00      0.00     97.96      0.00      0.00      2.04
04:23:47 PM      16      0.98      0.00     97.06      0.00      0.00      1.96
04:23:47 PM      20      1.02      0.00     97.96      0.00      0.00      1.02

04:23:47 PM     CPU     %user     %nice   %system   %iowait    %steal     %idle
04:23:48 PM       4      0.00      0.00     97.98      0.00      0.00      2.02
04:23:48 PM       8      1.01      0.00     97.98      0.00      0.00      1.01
04:23:48 PM      12      2.00      0.00     97.00      0.00      0.00      1.00
04:23:48 PM      16      1.01      0.00     96.97      0.00      0.00      2.02
04:23:48 PM      20      2.00      0.00     96.00      0.00      0.00      2.00

04:23:48 PM     CPU     %user     %nice   %system   %iowait    %steal     %idle
04:23:49 PM       4      1.01      0.00     97.98      0.00      0.00      1.01
04:23:49 PM       8      2.00      0.00     96.00      0.00      0.00      2.00
04:23:49 PM      12      1.03      0.00     97.94      0.00      0.00      1.03
04:23:49 PM      16      0.00      0.00     98.00      0.00      0.00      2.00
04:23:49 PM      20      1.03      0.00     97.94      0.00      0.00      1.03

04:23:49 PM     CPU     %user     %nice   %system   %iowait    %steal     %idle
04:23:50 PM       4      1.02      0.00     96.94      0.00      0.00      2.04
04:23:50 PM       8      0.00      0.00     97.94      0.00      0.00      2.06
04:23:50 PM      12      1.00      0.00     97.00      0.00      0.00      2.00
04:23:50 PM      16      2.06      0.00     96.91      0.00      0.00      1.03
04:23:50 PM      20      0.00      0.00     98.98      0.00      0.00      1.02

04:23:50 PM     CPU     %user     %nice   %system   %iowait    %steal     %idle
04:23:51 PM       4      1.04      0.00     97.92      0.00      0.00      1.04
04:23:51 PM       8      1.01      0.00     96.97      0.00      0.00      2.02
04:23:51 PM      12      2.00      0.00     97.00      0.00      0.00      1.00
04:23:51 PM      16      1.00      0.00     97.00      0.00      0.00      2.00
04:23:51 PM      20      0.00      0.00     98.98      0.00      0.00      1.02
