Linux 6.0.3 (genie03) 	08/31/2023 	_x86_64_	(64 CPU)

01:43:09 PM     CPU     %user     %nice   %system   %iowait    %steal     %idle
01:43:10 PM       4      0.00      0.00    100.00      0.00      0.00      0.00
01:43:10 PM       8      1.00      0.00     99.00      0.00      0.00      0.00
01:43:10 PM      12      0.00      0.00    100.00      0.00      0.00      0.00
01:43:10 PM      16      0.99      0.00     99.01      0.00      0.00      0.00
01:43:10 PM      20      0.00      0.00    100.00      0.00      0.00      0.00

01:43:10 PM     CPU     %user     %nice   %system   %iowait    %steal     %idle
01:43:11 PM       4      0.00      0.00    100.00      0.00      0.00      0.00
01:43:11 PM       8      0.00      0.00    100.00      0.00      0.00      0.00
01:43:11 PM      12      1.00      0.00     99.00      0.00      0.00      0.00
01:43:11 PM      16      0.00      0.00    100.00      0.00      0.00      0.00
01:43:11 PM      20      1.00      0.00     99.00      0.00      0.00      0.00

01:43:11 PM     CPU     %user     %nice   %system   %iowait    %steal     %idle
01:43:12 PM       4      0.99      0.00     99.01      0.00      0.00      0.00
01:43:12 PM       8      0.99      0.00     99.01      0.00      0.00      0.00
01:43:12 PM      12      0.00      0.00    100.00      0.00      0.00      0.00
01:43:12 PM      16      0.00      0.00    100.00      0.00      0.00      0.00
01:43:12 PM      20      0.00      0.00    100.00      0.00      0.00      0.00

01:43:12 PM     CPU     %user     %nice   %system   %iowait    %steal     %idle
01:43:13 PM       4      0.00      0.00    100.00      0.00      0.00      0.00
01:43:13 PM       8      0.00      0.00    100.00      0.00      0.00      0.00
01:43:13 PM      12      0.00      0.00    100.00      0.00      0.00      0.00
01:43:13 PM      16      1.00      0.00     99.00      0.00      0.00      0.00
01:43:13 PM      20      0.00      0.00    100.00      0.00      0.00      0.00

01:43:13 PM     CPU     %user     %nice   %system   %iowait    %steal     %idle
01:43:14 PM       4      0.00      0.00    100.00      0.00      0.00      0.00
01:43:14 PM       8      1.00      0.00     99.00      0.00      0.00      0.00
01:43:14 PM      12      0.00      0.00    100.00      0.00      0.00      0.00
01:43:14 PM      16      0.00      0.00    100.00      0.00      0.00      0.00
01:43:14 PM      20      1.00      0.00     99.00      0.00      0.00      0.00

01:43:14 PM     CPU     %user     %nice   %system   %iowait    %steal     %idle
01:43:15 PM       4      0.00      0.00    100.00      0.00      0.00      0.00
01:43:15 PM       8      1.00      0.00     99.00      0.00      0.00      0.00
01:43:15 PM      12      0.99      0.00     99.01      0.00      0.00      0.00
01:43:15 PM      16      0.00      0.00    100.00      0.00      0.00      0.00
01:43:15 PM      20      0.00      0.00    100.00      0.00      0.00      0.00

01:43:15 PM     CPU     %user     %nice   %system   %iowait    %steal     %idle
01:43:16 PM       4      0.00      0.00    100.00      0.00      0.00      0.00
01:43:16 PM       8      1.00      0.00     99.00      0.00      0.00      0.00
01:43:16 PM      12      0.00      0.00    100.00      0.00      0.00      0.00
01:43:16 PM      16      1.00      0.00     99.00      0.00      0.00      0.00
01:43:16 PM      20      0.00      0.00    100.00      0.00      0.00      0.00

01:43:16 PM     CPU     %user     %nice   %system   %iowait    %steal     %idle
01:43:17 PM       4      0.99      0.00     99.01      0.00      0.00      0.00
01:43:17 PM       8      0.00      0.00    100.00      0.00      0.00      0.00
01:43:17 PM      12      0.00      0.00    100.00      0.00      0.00      0.00
01:43:17 PM      16      0.00      0.00    100.00      0.00      0.00      0.00
01:43:17 PM      20      0.00      0.00    100.00      0.00      0.00      0.00

01:43:17 PM     CPU     %user     %nice   %system   %iowait    %steal     %idle
01:43:18 PM       4      0.00      0.00    100.00      0.00      0.00      0.00
01:43:18 PM       8      1.98      0.00     98.02      0.00      0.00      0.00
01:43:18 PM      12      0.99      0.00     99.01      0.00      0.00      0.00
01:43:18 PM      16      0.00      0.00    100.00      0.00      0.00      0.00
01:43:18 PM      20      1.00      0.00     99.00      0.00      0.00      0.00

01:43:18 PM     CPU     %user     %nice   %system   %iowait    %steal     %idle
01:43:19 PM       4      0.00      0.00    100.00      0.00      0.00      0.00
01:43:19 PM       8      0.00      0.00    100.00      0.00      0.00      0.00
01:43:19 PM      12      0.00      0.00    100.00      0.00      0.00      0.00
01:43:19 PM      16      1.00      0.00     99.00      0.00      0.00      0.00
01:43:19 PM      20      0.00      0.00    100.00      0.00      0.00      0.00

01:43:19 PM     CPU     %user     %nice   %system   %iowait    %steal     %idle
01:43:20 PM       4      0.00      0.00    100.00      0.00      0.00      0.00
01:43:20 PM       8      0.00      0.00    100.00      0.00      0.00      0.00
01:43:20 PM      12      0.00      0.00    100.00      0.00      0.00      0.00
01:43:20 PM      16      0.00      0.00    100.00      0.00      0.00      0.00
01:43:20 PM      20      0.00      0.00    100.00      0.00      0.00      0.00

01:43:20 PM     CPU     %user     %nice   %system   %iowait    %steal     %idle
01:43:21 PM       4      1.00      0.00     99.00      0.00      0.00      0.00
01:43:21 PM       8      1.00      0.00     99.00      0.00      0.00      0.00
01:43:21 PM      12      1.00      0.00     99.00      0.00      0.00      0.00
01:43:21 PM      16      0.00      0.00    100.00      0.00      0.00      0.00
01:43:21 PM      20      1.00      0.00     99.00      0.00      0.00      0.00

01:43:21 PM     CPU     %user     %nice   %system   %iowait    %steal     %idle
01:43:22 PM       4      0.00      0.00    100.00      0.00      0.00      0.00
01:43:22 PM       8      0.00      0.00    100.00      0.00      0.00      0.00
01:43:22 PM      12      0.00      0.00    100.00      0.00      0.00      0.00
01:43:22 PM      16      0.00      0.00    100.00      0.00      0.00      0.00
01:43:22 PM      20      1.00      0.00     99.00      0.00      0.00      0.00

01:43:22 PM     CPU     %user     %nice   %system   %iowait    %steal     %idle
01:43:23 PM       4      1.00      0.00     99.00      0.00      0.00      0.00
01:43:23 PM       8      1.01      0.00     98.99      0.00      0.00      0.00
01:43:23 PM      12      1.98      0.00     98.02      0.00      0.00      0.00
01:43:23 PM      16      1.00      0.00     99.00      0.00      0.00      0.00
01:43:23 PM      20      1.00      0.00     99.00      0.00      0.00      0.00

01:43:23 PM     CPU     %user     %nice   %system   %iowait    %steal     %idle
01:43:24 PM       4      0.00      0.00    100.00      0.00      0.00      0.00
01:43:24 PM       8      0.99      0.00     99.01      0.00      0.00      0.00
01:43:24 PM      12      0.00      0.00    100.00      0.00      0.00      0.00
01:43:24 PM      16      1.00      0.00     99.00      0.00      0.00      0.00
01:43:24 PM      20      0.00      0.00    100.00      0.00      0.00      0.00
