Linux 6.0.3 (genie03) 	09/05/2023 	_x86_64_	(64 CPU)

08:18:13 PM     CPU     %user     %nice   %system   %iowait    %steal     %idle
08:18:14 PM       4      1.02      0.00     93.88      0.00      0.00      5.10
08:18:14 PM       8      0.00      0.00     92.31      0.00      0.00      7.69
08:18:14 PM      12      0.00      0.00     93.75      0.00      0.00      6.25
08:18:14 PM      16      0.99      0.00     92.08      0.00      0.00      6.93
08:18:14 PM      20      1.02      0.00     92.86      0.00      0.00      6.12

08:18:14 PM     CPU     %user     %nice   %system   %iowait    %steal     %idle
08:18:15 PM       4      1.03      0.00     93.81      0.00      0.00      5.15
08:18:15 PM       8      2.06      0.00     93.81      0.00      0.00      4.12
08:18:15 PM      12      2.08      0.00     92.71      0.00      0.00      5.21
08:18:15 PM      16      1.02      0.00     93.88      0.00      0.00      5.10
08:18:15 PM      20      0.00      0.00     94.85      0.00      0.00      5.15

08:18:15 PM     CPU     %user     %nice   %system   %iowait    %steal     %idle
08:18:16 PM       4      2.08      0.00     92.71      0.00      0.00      5.21
08:18:16 PM       8      0.00      0.00     95.92      0.00      0.00      4.08
08:18:16 PM      12      0.00      0.00     93.75      0.00      0.00      6.25
08:18:16 PM      16      0.00      0.00     94.00      0.00      0.00      6.00
08:18:16 PM      20      1.02      0.00     94.90      0.00      0.00      4.08

08:18:16 PM     CPU     %user     %nice   %system   %iowait    %steal     %idle
08:18:17 PM       4      1.06      0.00     93.62      0.00      0.00      5.32
08:18:17 PM       8      2.06      0.00     90.72      0.00      0.00      7.22
08:18:17 PM      12      2.04      0.00     91.84      0.00      0.00      6.12
08:18:17 PM      16      1.04      0.00     94.79      0.00      0.00      4.17
08:18:17 PM      20      1.98      0.00     93.07      0.00      0.00      4.95

08:18:17 PM     CPU     %user     %nice   %system   %iowait    %steal     %idle
08:18:18 PM       4      1.02      0.00     92.86      0.00      0.00      6.12
08:18:18 PM       8      1.01      0.00     93.94      0.00      0.00      5.05
08:18:18 PM      12      2.02      0.00     92.93      0.00      0.00      5.05
08:18:18 PM      16      1.00      0.00     95.00      0.00      0.00      4.00
08:18:18 PM      20      1.03      0.00     94.85      0.00      0.00      4.12

08:18:18 PM     CPU     %user     %nice   %system   %iowait    %steal     %idle
08:18:19 PM       4      1.01      0.00     98.99      0.00      0.00      0.00
08:18:19 PM       8      1.00      0.00     99.00      0.00      0.00      0.00
08:18:19 PM      12      0.00      0.00    100.00      0.00      0.00      0.00
08:18:19 PM      16      1.00      0.00     99.00      0.00      0.00      0.00
08:18:19 PM      20      1.00      0.00     99.00      0.00      0.00      0.00

08:18:19 PM     CPU     %user     %nice   %system   %iowait    %steal     %idle
08:18:20 PM       4      0.00      0.00    100.00      0.00      0.00      0.00
08:18:20 PM       8      0.00      0.00    100.00      0.00      0.00      0.00
08:18:20 PM      12      0.00      0.00    100.00      0.00      0.00      0.00
08:18:20 PM      16      0.00      0.00    100.00      0.00      0.00      0.00
08:18:20 PM      20      1.00      0.00     99.00      0.00      0.00      0.00

08:18:20 PM     CPU     %user     %nice   %system   %iowait    %steal     %idle
08:18:21 PM       4      1.00      0.00     99.00      0.00      0.00      0.00
08:18:21 PM       8      0.00      0.00    100.00      0.00      0.00      0.00
08:18:21 PM      12      0.00      0.00    100.00      0.00      0.00      0.00
08:18:21 PM      16      0.00      0.00    100.00      0.00      0.00      0.00
08:18:21 PM      20      0.00      0.00    100.00      0.00      0.00      0.00

08:18:21 PM     CPU     %user     %nice   %system   %iowait    %steal     %idle
08:18:22 PM       4      0.99      0.00     99.01      0.00      0.00      0.00
08:18:22 PM       8      0.00      0.00    100.00      0.00      0.00      0.00
08:18:22 PM      12      1.00      0.00     99.00      0.00      0.00      0.00
08:18:22 PM      16      0.99      0.00     99.01      0.00      0.00      0.00
08:18:22 PM      20      1.00      0.00     99.00      0.00      0.00      0.00

08:18:22 PM     CPU     %user     %nice   %system   %iowait    %steal     %idle
08:18:23 PM       4      1.00      0.00     99.00      0.00      0.00      0.00
08:18:23 PM       8      0.00      0.00    100.00      0.00      0.00      0.00
08:18:23 PM      12      1.00      0.00     99.00      0.00      0.00      0.00
08:18:23 PM      16      1.00      0.00     99.00      0.00      0.00      0.00
08:18:23 PM      20      2.00      0.00     98.00      0.00      0.00      0.00

08:18:23 PM     CPU     %user     %nice   %system   %iowait    %steal     %idle
08:18:24 PM       4      0.00      0.00    100.00      0.00      0.00      0.00
08:18:24 PM       8      0.00      0.00    100.00      0.00      0.00      0.00
08:18:24 PM      12      0.00      0.00    100.00      0.00      0.00      0.00
08:18:24 PM      16      0.00      0.00    100.00      0.00      0.00      0.00
08:18:24 PM      20      1.00      0.00     99.00      0.00      0.00      0.00

08:18:24 PM     CPU     %user     %nice   %system   %iowait    %steal     %idle
08:18:25 PM       4      0.00      0.00    100.00      0.00      0.00      0.00
08:18:25 PM       8      0.99      0.00     99.01      0.00      0.00      0.00
08:18:25 PM      12      1.00      0.00     99.00      0.00      0.00      0.00
08:18:25 PM      16      1.00      0.00     99.00      0.00      0.00      0.00
08:18:25 PM      20      0.00      0.00    100.00      0.00      0.00      0.00

08:18:25 PM     CPU     %user     %nice   %system   %iowait    %steal     %idle
08:18:26 PM       4      2.00      0.00     96.00      0.00      0.00      2.00
08:18:26 PM       8      1.00      0.00     96.00      0.00      0.00      3.00
08:18:26 PM      12      0.00      0.00     98.97      0.00      0.00      1.03
08:18:26 PM      16      1.01      0.00     96.97      0.00      0.00      2.02
08:18:26 PM      20      0.00      0.00     97.98      0.00      0.00      2.02

08:18:26 PM     CPU     %user     %nice   %system   %iowait    %steal     %idle
08:18:27 PM       4      1.03      0.00     95.88      0.00      0.00      3.09
08:18:27 PM       8      2.02      0.00     94.95      0.00      0.00      3.03
08:18:27 PM      12      1.06      0.00     94.68      0.00      0.00      4.26
08:18:27 PM      16      2.04      0.00     93.88      0.00      0.00      4.08
08:18:27 PM      20      2.00      0.00     93.00      0.00      0.00      5.00

08:18:27 PM     CPU     %user     %nice   %system   %iowait    %steal     %idle
08:18:28 PM       4      1.02      0.00     91.84      0.00      0.00      7.14
08:18:28 PM       8      1.02      0.00     93.88      0.00      0.00      5.10
08:18:28 PM      12      0.00      0.00     92.16      0.00      0.00      7.84
08:18:28 PM      16      0.00      0.00     93.88      0.00      0.00      6.12
08:18:28 PM      20      0.00      0.00     93.81      0.00      0.00      6.19
