Linux 6.0.3 (genie03) 	08/31/2023 	_x86_64_	(64 CPU)

01:33:35 PM     CPU     %user     %nice   %system   %iowait    %steal     %idle
01:33:36 PM       4      1.02      0.00     89.80      0.00      0.00      9.18
01:33:36 PM       8      2.02      0.00     94.95      0.00      0.00      3.03
01:33:36 PM      12      0.00      0.00     90.72      0.00      0.00      9.28
01:33:36 PM      16      1.02      0.00     95.92      0.00      0.00      3.06
01:33:36 PM      20      1.01      0.00     89.90      0.00      0.00      9.09

01:33:36 PM     CPU     %user     %nice   %system   %iowait    %steal     %idle
01:33:37 PM       4      1.06      0.00     95.74      0.00      0.00      3.19
01:33:37 PM       8      1.03      0.00     95.88      0.00      0.00      3.09
01:33:37 PM      12      1.04      0.00     89.58      0.00      0.00      9.38
01:33:37 PM      16      1.03      0.00     95.88      0.00      0.00      3.09
01:33:37 PM      20      0.00      0.00     91.92      0.00      0.00      8.08

01:33:37 PM     CPU     %user     %nice   %system   %iowait    %steal     %idle
01:33:38 PM       4      1.08      0.00     96.77      0.00      0.00      2.15
01:33:38 PM       8      2.06      0.00     94.85      0.00      0.00      3.09
01:33:38 PM      12      2.04      0.00     87.76      0.00      0.00     10.20
01:33:38 PM      16      2.02      0.00     94.95      0.00      0.00      3.03
01:33:38 PM      20      1.03      0.00     89.69      0.00      0.00      9.28

01:33:38 PM     CPU     %user     %nice   %system   %iowait    %steal     %idle
01:33:39 PM       4      3.19      0.00     93.62      0.00      0.00      3.19
01:33:39 PM       8      2.04      0.00     93.88      0.00      0.00      4.08
01:33:39 PM      12      0.00      0.00     89.90      0.00      0.00     10.10
01:33:39 PM      16      0.00      0.00     96.94      0.00      0.00      3.06
01:33:39 PM      20      1.02      0.00     89.80      0.00      0.00      9.18

01:33:39 PM     CPU     %user     %nice   %system   %iowait    %steal     %idle
01:33:40 PM       4      1.02      0.00     95.92      0.00      0.00      3.06
01:33:40 PM       8      0.00      0.00     96.88      0.00      0.00      3.12
01:33:40 PM      12      1.08      0.00     89.25      0.00      0.00      9.68
01:33:40 PM      16      1.04      0.00     96.88      0.00      0.00      2.08
01:33:40 PM      20      0.00      0.00     90.62      0.00      0.00      9.38

01:33:40 PM     CPU     %user     %nice   %system   %iowait    %steal     %idle
01:33:41 PM       4      2.08      0.00     95.83      0.00      0.00      2.08
01:33:41 PM       8      2.00      0.00     94.00      0.00      0.00      4.00
01:33:41 PM      12      1.01      0.00     89.90      0.00      0.00      9.09
01:33:41 PM      16      0.00      0.00     96.84      0.00      0.00      3.16
01:33:41 PM      20      0.00      0.00     90.72      0.00      0.00      9.28

01:33:41 PM     CPU     %user     %nice   %system   %iowait    %steal     %idle
01:33:42 PM       4      2.06      0.00     94.85      0.00      0.00      3.09
01:33:42 PM       8      2.02      0.00     94.95      0.00      0.00      3.03
01:33:42 PM      12      1.03      0.00     93.81      0.00      0.00      5.15
01:33:42 PM      16      1.04      0.00     95.83      0.00      0.00      3.12
01:33:42 PM      20      0.00      0.00     91.30      0.00      0.00      8.70

01:33:42 PM     CPU     %user     %nice   %system   %iowait    %steal     %idle
01:33:43 PM       4      2.02      0.00     94.95      0.00      0.00      3.03
01:33:43 PM       8      1.05      0.00     95.79      0.00      0.00      3.16
01:33:43 PM      12      3.23      0.00     93.55      0.00      0.00      3.23
01:33:43 PM      16      1.04      0.00     95.83      0.00      0.00      3.12
01:33:43 PM      20      0.00      0.00     91.75      0.00      0.00      8.25

01:33:43 PM     CPU     %user     %nice   %system   %iowait    %steal     %idle
01:33:44 PM       4      0.00      0.00     97.89      0.00      0.00      2.11
01:33:44 PM       8      2.08      0.00     94.79      0.00      0.00      3.12
01:33:44 PM      12      1.01      0.00     95.96      0.00      0.00      3.03
01:33:44 PM      16      3.06      0.00     93.88      0.00      0.00      3.06
01:33:44 PM      20      1.05      0.00     90.53      0.00      0.00      8.42

01:33:44 PM     CPU     %user     %nice   %system   %iowait    %steal     %idle
01:33:45 PM       4      0.00      0.00     96.94      0.00      0.00      3.06
01:33:45 PM       8      1.01      0.00     94.95      0.00      0.00      4.04
01:33:45 PM      12      1.05      0.00     95.79      0.00      0.00      3.16
01:33:45 PM      16      3.19      0.00     93.62      0.00      0.00      3.19
01:33:45 PM      20      2.08      0.00     94.79      0.00      0.00      3.12

01:33:45 PM     CPU     %user     %nice   %system   %iowait    %steal     %idle
01:33:46 PM       4      2.13      0.00     94.68      0.00      0.00      3.19
01:33:46 PM       8      1.01      0.00     95.96      0.00      0.00      3.03
01:33:46 PM      12      2.94      0.00     93.14      0.00      0.00      3.92
01:33:46 PM      16      0.00      0.00     96.84      0.00      0.00      3.16
01:33:46 PM      20      1.04      0.00     96.88      0.00      0.00      2.08

01:33:46 PM     CPU     %user     %nice   %system   %iowait    %steal     %idle
01:33:47 PM       4      0.00      0.00     97.96      0.00      0.00      2.04
01:33:47 PM       8      1.04      0.00     95.83      0.00      0.00      3.12
01:33:47 PM      12      2.04      0.00     95.92      0.00      0.00      2.04
01:33:47 PM      16      2.04      0.00     95.92      0.00      0.00      2.04
01:33:47 PM      20      1.03      0.00     95.88      0.00      0.00      3.09

01:33:47 PM     CPU     %user     %nice   %system   %iowait    %steal     %idle
01:33:48 PM       4      1.00      0.00     96.00      0.00      0.00      3.00
01:33:48 PM       8      0.00      0.00     96.91      0.00      0.00      3.09
01:33:48 PM      12      2.08      0.00     94.79      0.00      0.00      3.12
01:33:48 PM      16      1.05      0.00     95.79      0.00      0.00      3.16
01:33:48 PM      20      1.03      0.00     96.91      0.00      0.00      2.06

01:33:48 PM     CPU     %user     %nice   %system   %iowait    %steal     %idle
01:33:49 PM       4      1.05      0.00     96.84      0.00      0.00      2.11
01:33:49 PM       8      2.06      0.00     94.85      0.00      0.00      3.09
01:33:49 PM      12      1.06      0.00     95.74      0.00      0.00      3.19
01:33:49 PM      16      1.05      0.00     95.79      0.00      0.00      3.16
01:33:49 PM      20      2.13      0.00     94.68      0.00      0.00      3.19

01:33:49 PM     CPU     %user     %nice   %system   %iowait    %steal     %idle
01:33:50 PM       4      1.04      0.00     96.88      0.00      0.00      2.08
01:33:50 PM       8      1.03      0.00     95.88      0.00      0.00      3.09
01:33:50 PM      12      1.03      0.00     95.88      0.00      0.00      3.09
01:33:50 PM      16      1.08      0.00     95.70      0.00      0.00      3.23
01:33:50 PM      20      2.08      0.00     94.79      0.00      0.00      3.12
