Linux 6.0.3 (genie03) 	08/31/2023 	_x86_64_	(64 CPU)

01:50:21 PM     CPU     %user     %nice   %system   %iowait    %steal     %idle
01:50:22 PM       4      0.00      0.00      1.41      0.00      0.00     98.59
01:50:22 PM       8      0.00      0.00      1.43      0.00      0.00     98.57
01:50:22 PM      12      0.00      0.00      0.00      0.00      0.00    100.00
01:50:22 PM      16      0.00      0.00      0.00      0.00      0.00    100.00
01:50:22 PM      20      0.00      0.00      0.00      0.00      0.00    100.00

01:50:22 PM     CPU     %user     %nice   %system   %iowait    %steal     %idle
01:50:23 PM       4      0.00      0.00      1.43      0.00      0.00     98.57
01:50:23 PM       8      0.00      0.00      2.78      0.00      0.00     97.22
01:50:23 PM      12      0.00      0.00      0.00      0.00      0.00    100.00
01:50:23 PM      16      0.00      0.00      0.00      0.00      0.00    100.00
01:50:23 PM      20      0.00      0.00      0.00      0.00      0.00    100.00

01:50:23 PM     CPU     %user     %nice   %system   %iowait    %steal     %idle
01:50:24 PM       4      0.00      0.00      1.41      0.00      0.00     98.59
01:50:24 PM       8      0.00      0.00      1.43      0.00      0.00     98.57
01:50:24 PM      12      0.00      0.00      0.00      0.00      0.00    100.00
01:50:24 PM      16      0.00      0.00      0.00      0.00      0.00    100.00
01:50:24 PM      20      0.00      0.00      0.00      0.00      0.00    100.00

01:50:24 PM     CPU     %user     %nice   %system   %iowait    %steal     %idle
01:50:25 PM       4      0.00      0.00      1.43      0.00      0.00     98.57
01:50:25 PM       8      0.00      0.00      1.41      0.00      0.00     98.59
01:50:25 PM      12      0.00      0.00      0.00      0.00      0.00    100.00
01:50:25 PM      16      0.00      0.00      0.00      0.00      0.00    100.00
01:50:25 PM      20      0.00      0.00      0.00      0.00      0.00    100.00

01:50:25 PM     CPU     %user     %nice   %system   %iowait    %steal     %idle
01:50:26 PM       4      0.00      0.00      0.00      0.00      0.00    100.00
01:50:26 PM       8      0.00      0.00      1.43      0.00      0.00     98.57
01:50:26 PM      12      0.00      0.00      0.00      0.00      0.00    100.00
01:50:26 PM      16      0.00      0.00      0.00      0.00      0.00    100.00
01:50:26 PM      20      0.00      0.00      0.00      0.00      0.00    100.00

01:50:26 PM     CPU     %user     %nice   %system   %iowait    %steal     %idle
01:50:27 PM       4      0.00      0.00      1.43      0.00      0.00     98.57
01:50:27 PM       8      0.00      0.00      1.41      0.00      0.00     98.59
01:50:27 PM      12      0.00      0.00      0.00      0.00      0.00    100.00
01:50:27 PM      16      0.00      0.00      0.00      0.00      0.00    100.00
01:50:27 PM      20      0.00      0.00      0.00      0.00      0.00    100.00

01:50:27 PM     CPU     %user     %nice   %system   %iowait    %steal     %idle
01:50:28 PM       4      0.00      0.00      0.00      0.00      0.00    100.00
01:50:28 PM       8      0.00      0.00      0.00      0.00      0.00    100.00
01:50:28 PM      12      0.00      0.00      0.00      0.00      0.00    100.00
01:50:28 PM      16      0.00      0.00      0.00      0.00      0.00    100.00
01:50:28 PM      20      0.00      0.00      0.00      0.00      0.00    100.00

01:50:28 PM     CPU     %user     %nice   %system   %iowait    %steal     %idle
01:50:29 PM       4      0.00      0.00      0.00      0.00      0.00    100.00
01:50:29 PM       8      0.00      0.00      0.00      0.00      0.00    100.00
01:50:29 PM      12      0.00      0.00      0.00      0.00      0.00    100.00
01:50:29 PM      16      0.00      0.00      0.00      0.00      0.00    100.00
01:50:29 PM      20      0.00      0.00      0.00      0.00      0.00    100.00

01:50:29 PM     CPU     %user     %nice   %system   %iowait    %steal     %idle
01:50:30 PM       4      0.00      0.00      1.41      0.00      0.00     98.59
01:50:30 PM       8      0.00      0.00      0.00      0.00      0.00    100.00
01:50:30 PM      12      0.00      0.00      0.00      0.00      0.00    100.00
01:50:30 PM      16      0.00      0.00      0.00      0.00      0.00    100.00
01:50:30 PM      20      0.00      0.00      0.00      0.00      0.00    100.00

01:50:30 PM     CPU     %user     %nice   %system   %iowait    %steal     %idle
01:50:31 PM       4      0.00      0.00      0.00      0.00      0.00    100.00
01:50:31 PM       8      0.00      0.00      0.00      0.00      0.00    100.00
01:50:31 PM      12      0.00      0.00      0.00      0.00      0.00    100.00
01:50:31 PM      16      0.00      0.00      0.00      0.00      0.00    100.00
01:50:31 PM      20      0.00      0.00      0.00      0.00      0.00    100.00

01:50:31 PM     CPU     %user     %nice   %system   %iowait    %steal     %idle
01:50:32 PM       4      0.00      0.00      0.00      0.00      0.00    100.00
01:50:32 PM       8      0.00      0.00      0.00      0.00      0.00    100.00
01:50:32 PM      12      0.00      0.00      0.00      0.00      0.00    100.00
01:50:32 PM      16      0.00      0.00      0.00      0.00      0.00    100.00
01:50:32 PM      20      0.00      0.00      0.00      0.00      0.00    100.00

01:50:32 PM     CPU     %user     %nice   %system   %iowait    %steal     %idle
01:50:33 PM       4      0.00      0.00      0.00      0.00      0.00    100.00
01:50:33 PM       8      0.00      0.00      0.00      0.00      0.00    100.00
01:50:33 PM      12      0.00      0.00      0.00      0.00      0.00    100.00
01:50:33 PM      16      0.00      0.00      0.00      0.00      0.00    100.00
01:50:33 PM      20      0.00      0.00      0.00      0.00      0.00    100.00

01:50:33 PM     CPU     %user     %nice   %system   %iowait    %steal     %idle
01:50:34 PM       4      0.00      0.00      0.00      0.00      0.00    100.00
01:50:34 PM       8      0.00      0.00      0.00      0.00      0.00    100.00
01:50:34 PM      12      0.00      0.00      0.00      0.00      0.00    100.00
01:50:34 PM      16      0.00      0.00      0.00      0.00      0.00    100.00
01:50:34 PM      20      0.00      0.00      0.00      0.00      0.00    100.00

01:50:34 PM     CPU     %user     %nice   %system   %iowait    %steal     %idle
01:50:35 PM       4      0.00      0.00      0.00      0.00      0.00    100.00
01:50:35 PM       8      0.00      0.00      1.43      0.00      0.00     98.57
01:50:35 PM      12      0.00      0.00      0.00      0.00      0.00    100.00
01:50:35 PM      16      0.00      0.00      0.00      0.00      0.00    100.00
01:50:35 PM      20      0.00      0.00      0.00      0.00      0.00    100.00

01:50:35 PM     CPU     %user     %nice   %system   %iowait    %steal     %idle
01:50:36 PM       4      0.00      0.00      0.00      0.00      0.00    100.00
01:50:36 PM       8      0.00      0.00      0.00      0.00      0.00    100.00
01:50:36 PM      12      0.00      0.00      0.00      0.00      0.00    100.00
01:50:36 PM      16      0.00      0.00      0.00      0.00      0.00    100.00
01:50:36 PM      20      0.00      0.00      0.00      0.00      0.00    100.00
