Linux 6.0.3 (genie03) 	09/05/2023 	_x86_64_	(64 CPU)

07:50:04 PM     CPU     %user     %nice   %system   %iowait    %steal     %idle
07:50:05 PM       4      0.99      0.00     80.20      0.00      0.00     18.81
07:50:05 PM       8      1.02      0.00     78.57      0.00      0.00     20.41
07:50:05 PM      12      0.00      0.00     83.65      0.00      0.00     16.35
07:50:05 PM      16      0.99      0.00     80.20      0.00      0.00     18.81
07:50:05 PM      20      1.00      0.00     81.00      0.00      0.00     18.00

07:50:05 PM     CPU     %user     %nice   %system   %iowait    %steal     %idle
07:50:06 PM       4      0.94      0.00     79.25      0.00      0.00     19.81
07:50:06 PM       8      1.02      0.00     77.55      0.00      0.00     21.43
07:50:06 PM      12      0.99      0.00     81.19      0.00      0.00     17.82
07:50:06 PM      16      2.00      0.00     79.00      0.00      0.00     19.00
07:50:06 PM      20      2.02      0.00     77.78      0.00      0.00     20.20

07:50:06 PM     CPU     %user     %nice   %system   %iowait    %steal     %idle
07:50:07 PM       4      0.00      0.00     80.81      0.00      0.00     19.19
07:50:07 PM       8      0.00      0.00     76.53      0.00      0.00     23.47
07:50:07 PM      12      0.99      0.00     81.19      0.00      0.00     17.82
07:50:07 PM      16      0.99      0.00     81.19      0.00      0.00     17.82
07:50:07 PM      20      1.03      0.00     83.51      0.00      0.00     15.46

07:50:07 PM     CPU     %user     %nice   %system   %iowait    %steal     %idle
07:50:08 PM       4      2.08      0.00     78.12      0.00      0.00     19.79
07:50:08 PM       8      0.00      0.00     82.00      0.00      0.00     18.00
07:50:08 PM      12      1.03      0.00     79.38      0.00      0.00     19.59
07:50:08 PM      16      0.00      0.00     79.80      0.00      0.00     20.20
07:50:08 PM      20      0.00      0.00     78.43      0.00      0.00     21.57

07:50:08 PM     CPU     %user     %nice   %system   %iowait    %steal     %idle
07:50:09 PM       4      1.00      0.00     79.00      0.00      0.00     20.00
07:50:09 PM       8      0.00      0.00     78.79      0.00      0.00     21.21
07:50:09 PM      12      1.01      0.00     80.81      0.00      0.00     18.18
07:50:09 PM      16      2.04      0.00     77.55      0.00      0.00     20.41
07:50:09 PM      20      0.98      0.00     79.41      0.00      0.00     19.61

07:50:09 PM     CPU     %user     %nice   %system   %iowait    %steal     %idle
07:50:10 PM       4      1.01      0.00     77.78      0.00      0.00     21.21
07:50:10 PM       8      1.02      0.00     82.65      0.00      0.00     16.33
07:50:10 PM      12      0.95      0.00     80.00      0.00      0.00     19.05
07:50:10 PM      16      0.99      0.00     78.22      0.00      0.00     20.79
07:50:10 PM      20      0.99      0.00     80.20      0.00      0.00     18.81

07:50:10 PM     CPU     %user     %nice   %system   %iowait    %steal     %idle
07:50:11 PM       4      1.00      0.00     79.00      0.00      0.00     20.00
07:50:11 PM       8      1.96      0.00     79.41      0.00      0.00     18.63
07:50:11 PM      12      1.98      0.00     80.20      0.00      0.00     17.82
07:50:11 PM      16      1.02      0.00     76.53      0.00      0.00     22.45
07:50:11 PM      20      0.98      0.00     83.33      0.00      0.00     15.69

07:50:11 PM     CPU     %user     %nice   %system   %iowait    %steal     %idle
07:50:12 PM       4      0.97      0.00     80.58      0.00      0.00     18.45
07:50:12 PM       8      1.02      0.00     77.55      0.00      0.00     21.43
07:50:12 PM      12      0.99      0.00     80.20      0.00      0.00     18.81
07:50:12 PM      16      1.00      0.00     79.00      0.00      0.00     20.00
07:50:12 PM      20      0.00      0.00     77.88      0.00      0.00     22.12

07:50:12 PM     CPU     %user     %nice   %system   %iowait    %steal     %idle
07:50:13 PM       4      1.01      0.00     79.80      0.00      0.00     19.19
07:50:13 PM       8      1.02      0.00     80.61      0.00      0.00     18.37
07:50:13 PM      12      1.92      0.00     77.88      0.00      0.00     20.19
07:50:13 PM      16      0.99      0.00     76.24      0.00      0.00     22.77
07:50:13 PM      20      2.08      0.00     78.12      0.00      0.00     19.79

07:50:13 PM     CPU     %user     %nice   %system   %iowait    %steal     %idle
07:50:14 PM       4      0.99      0.00     82.18      0.00      0.00     16.83
07:50:14 PM       8      0.00      0.00     83.00      0.00      0.00     17.00
07:50:14 PM      12      1.00      0.00     77.00      0.00      0.00     22.00
07:50:14 PM      16      2.11      0.00     77.89      0.00      0.00     20.00
07:50:14 PM      20      0.00      0.00     81.82      0.00      0.00     18.18

07:50:14 PM     CPU     %user     %nice   %system   %iowait    %steal     %idle
07:50:15 PM       4      0.00      0.00    100.00      0.00      0.00      0.00
07:50:15 PM       8      1.00      0.00     99.00      0.00      0.00      0.00
07:50:15 PM      12      0.00      0.00    100.00      0.00      0.00      0.00
07:50:15 PM      16      0.00      0.00    100.00      0.00      0.00      0.00
07:50:15 PM      20      0.00      0.00    100.00      0.00      0.00      0.00

07:50:15 PM     CPU     %user     %nice   %system   %iowait    %steal     %idle
07:50:16 PM       4      0.00      0.00     88.35      0.00      0.00     11.65
07:50:16 PM       8      0.00      0.00     90.00      0.00      0.00     10.00
07:50:16 PM      12      0.98      0.00     91.18      0.00      0.00      7.84
07:50:16 PM      16      1.94      0.00     86.41      0.00      0.00     11.65
07:50:16 PM      20      1.94      0.00     91.26      0.00      0.00      6.80

07:50:16 PM     CPU     %user     %nice   %system   %iowait    %steal     %idle
07:50:17 PM       4      0.93      0.00     78.70      0.00      0.00     20.37
07:50:17 PM       8      1.96      0.00     80.39      0.00      0.00     17.65
07:50:17 PM      12      0.99      0.00     76.24      0.00      0.00     22.77
07:50:17 PM      16      1.03      0.00     79.38      0.00      0.00     19.59
07:50:17 PM      20      0.00      0.00     81.25      0.00      0.00     18.75

07:50:17 PM     CPU     %user     %nice   %system   %iowait    %steal     %idle
07:50:18 PM       4      0.99      0.00     81.19      0.00      0.00     17.82
07:50:18 PM       8      0.98      0.00     77.45      0.00      0.00     21.57
07:50:18 PM      12      0.00      0.00     80.61      0.00      0.00     19.39
07:50:18 PM      16      1.02      0.00     76.53      0.00      0.00     22.45
07:50:18 PM      20      1.98      0.00     81.19      0.00      0.00     16.83

07:50:18 PM     CPU     %user     %nice   %system   %iowait    %steal     %idle
07:50:19 PM       4      1.02      0.00     76.53      0.00      0.00     22.45
07:50:19 PM       8      1.02      0.00     78.57      0.00      0.00     20.41
07:50:19 PM      12      0.97      0.00     81.55      0.00      0.00     17.48
07:50:19 PM      16      1.98      0.00     78.22      0.00      0.00     19.80
07:50:19 PM      20      0.00      0.00     84.38      0.00      0.00     15.62
