Linux 6.0.3 (genie03) 	09/05/2023 	_x86_64_	(64 CPU)

08:42:09 PM     CPU     %user     %nice   %system   %iowait    %steal     %idle
08:42:10 PM       4      1.01      0.00     98.99      0.00      0.00      0.00
08:42:10 PM       8      1.00      0.00     99.00      0.00      0.00      0.00
08:42:10 PM      12      1.00      0.00     99.00      0.00      0.00      0.00
08:42:10 PM      16      0.00      0.00    100.00      0.00      0.00      0.00
08:42:10 PM      20      0.00      0.00    100.00      0.00      0.00      0.00

08:42:10 PM     CPU     %user     %nice   %system   %iowait    %steal     %idle
08:42:11 PM       4      1.01      0.00     83.84      0.00      0.00     15.15
08:42:11 PM       8      0.00      0.00     84.00      0.00      0.00     16.00
08:42:11 PM      12      0.99      0.00     82.18      0.00      0.00     16.83
08:42:11 PM      16      2.02      0.00     78.79      0.00      0.00     19.19
08:42:11 PM      20      0.00      0.00     81.19      0.00      0.00     18.81

08:42:11 PM     CPU     %user     %nice   %system   %iowait    %steal     %idle
08:42:12 PM       4      0.99      0.00     78.22      0.00      0.00     20.79
08:42:12 PM       8      0.97      0.00     79.61      0.00      0.00     19.42
08:42:12 PM      12      0.00      0.00     83.33      0.00      0.00     16.67
08:42:12 PM      16      0.00      0.00     78.35      0.00      0.00     21.65
08:42:12 PM      20      0.00      0.00     82.47      0.00      0.00     17.53

08:42:12 PM     CPU     %user     %nice   %system   %iowait    %steal     %idle
08:42:13 PM       4      0.00      0.00     83.50      0.00      0.00     16.50
08:42:13 PM       8      0.99      0.00     83.17      0.00      0.00     15.84
08:42:13 PM      12      0.00      0.00     83.00      0.00      0.00     17.00
08:42:13 PM      16      1.02      0.00     81.63      0.00      0.00     17.35
08:42:13 PM      20      0.96      0.00     83.65      0.00      0.00     15.38

08:42:13 PM     CPU     %user     %nice   %system   %iowait    %steal     %idle
08:42:14 PM       4      0.99      0.00     78.22      0.00      0.00     20.79
08:42:14 PM       8      0.94      0.00     82.08      0.00      0.00     16.98
08:42:14 PM      12      0.98      0.00     81.37      0.00      0.00     17.65
08:42:14 PM      16      0.98      0.00     77.45      0.00      0.00     21.57
08:42:14 PM      20      1.01      0.00     81.82      0.00      0.00     17.17

08:42:14 PM     CPU     %user     %nice   %system   %iowait    %steal     %idle
08:42:15 PM       4      0.00      0.00     82.69      0.00      0.00     17.31
08:42:15 PM       8      0.93      0.00     81.31      0.00      0.00     17.76
08:42:15 PM      12      0.00      0.00     80.81      0.00      0.00     19.19
08:42:15 PM      16      0.00      0.00     81.63      0.00      0.00     18.37
08:42:15 PM      20      0.00      0.00     79.81      0.00      0.00     20.19

08:42:15 PM     CPU     %user     %nice   %system   %iowait    %steal     %idle
08:42:16 PM       4      0.97      0.00     80.58      0.00      0.00     18.45
08:42:16 PM       8      1.92      0.00     83.65      0.00      0.00     14.42
08:42:16 PM      12      1.96      0.00     77.45      0.00      0.00     20.59
08:42:16 PM      16      1.01      0.00     83.84      0.00      0.00     15.15
08:42:16 PM      20      2.02      0.00     77.78      0.00      0.00     20.20

08:42:16 PM     CPU     %user     %nice   %system   %iowait    %steal     %idle
08:42:17 PM       4      0.97      0.00     81.55      0.00      0.00     17.48
08:42:17 PM       8      0.00      0.00     81.44      0.00      0.00     18.56
08:42:17 PM      12      0.00      0.00     80.61      0.00      0.00     19.39
08:42:17 PM      16      1.00      0.00     79.00      0.00      0.00     20.00
08:42:17 PM      20      1.03      0.00     78.35      0.00      0.00     20.62

08:42:17 PM     CPU     %user     %nice   %system   %iowait    %steal     %idle
08:42:18 PM       4      0.00      0.00     80.81      0.00      0.00     19.19
08:42:18 PM       8      2.00      0.00     81.00      0.00      0.00     17.00
08:42:18 PM      12      0.97      0.00     78.64      0.00      0.00     20.39
08:42:18 PM      16      0.00      0.00     83.17      0.00      0.00     16.83
08:42:18 PM      20      1.94      0.00     78.64      0.00      0.00     19.42

08:42:18 PM     CPU     %user     %nice   %system   %iowait    %steal     %idle
08:42:19 PM       4      2.00      0.00     78.00      0.00      0.00     20.00
08:42:19 PM       8      0.00      0.00     80.81      0.00      0.00     19.19
08:42:19 PM      12      1.02      0.00     81.63      0.00      0.00     17.35
08:42:19 PM      16      1.01      0.00     81.82      0.00      0.00     17.17
08:42:19 PM      20      1.01      0.00     76.77      0.00      0.00     22.22

08:42:19 PM     CPU     %user     %nice   %system   %iowait    %steal     %idle
08:42:20 PM       4      1.01      0.00     82.83      0.00      0.00     16.16
08:42:20 PM       8      1.02      0.00     78.57      0.00      0.00     20.41
08:42:20 PM      12      0.00      0.00     84.69      0.00      0.00     15.31
08:42:20 PM      16      0.00      0.00     77.32      0.00      0.00     22.68
08:42:20 PM      20      1.98      0.00     80.20      0.00      0.00     17.82

08:42:20 PM     CPU     %user     %nice   %system   %iowait    %steal     %idle
08:42:21 PM       4      0.98      0.00     88.24      0.00      0.00     10.78
08:42:21 PM       8      1.00      0.00     88.00      0.00      0.00     11.00
08:42:21 PM      12      1.05      0.00     88.42      0.00      0.00     10.53
08:42:21 PM      16      0.99      0.00     89.11      0.00      0.00      9.90
08:42:21 PM      20      1.05      0.00     87.37      0.00      0.00     11.58

08:42:21 PM     CPU     %user     %nice   %system   %iowait    %steal     %idle
08:42:22 PM       4      1.01      0.00     77.78      0.00      0.00     21.21
08:42:22 PM       8      0.00      0.00     83.17      0.00      0.00     16.83
08:42:22 PM      12      0.99      0.00     79.21      0.00      0.00     19.80
08:42:22 PM      16      1.01      0.00     78.79      0.00      0.00     20.20
08:42:22 PM      20      0.00      0.00     81.55      0.00      0.00     18.45

08:42:22 PM     CPU     %user     %nice   %system   %iowait    %steal     %idle
08:42:23 PM       4      0.99      0.00     79.21      0.00      0.00     19.80
08:42:23 PM       8      0.96      0.00     79.81      0.00      0.00     19.23
08:42:23 PM      12      1.02      0.00     78.57      0.00      0.00     20.41
08:42:23 PM      16      1.03      0.00     79.38      0.00      0.00     19.59
08:42:23 PM      20      1.01      0.00     77.78      0.00      0.00     21.21

08:42:23 PM     CPU     %user     %nice   %system   %iowait    %steal     %idle
08:42:24 PM       4      2.02      0.00     78.79      0.00      0.00     19.19
08:42:24 PM       8      1.00      0.00     78.00      0.00      0.00     21.00
08:42:24 PM      12      0.00      0.00     82.35      0.00      0.00     17.65
08:42:24 PM      16      0.99      0.00     83.17      0.00      0.00     15.84
08:42:24 PM      20      1.00      0.00     80.00      0.00      0.00     19.00
