Linux 6.0.3 (genie03) 	08/31/2023 	_x86_64_	(64 CPU)

02:27:34 PM     CPU     %user     %nice   %system   %iowait    %steal     %idle
02:27:35 PM       4      1.01      0.00     98.99      0.00      0.00      0.00
02:27:35 PM       8      0.99      0.00     99.01      0.00      0.00      0.00
02:27:35 PM      12      0.99      0.00     99.01      0.00      0.00      0.00

02:27:35 PM     CPU     %user     %nice   %system   %iowait    %steal     %idle
02:27:36 PM       4      1.00      0.00     99.00      0.00      0.00      0.00
02:27:36 PM       8      0.00      0.00    100.00      0.00      0.00      0.00
02:27:36 PM      12      1.00      0.00     99.00      0.00      0.00      0.00

02:27:36 PM     CPU     %user     %nice   %system   %iowait    %steal     %idle
02:27:37 PM       4      0.00      0.00    100.00      0.00      0.00      0.00
02:27:37 PM       8      0.00      0.00    100.00      0.00      0.00      0.00
02:27:37 PM      12      1.01      0.00     98.99      0.00      0.00      0.00

02:27:37 PM     CPU     %user     %nice   %system   %iowait    %steal     %idle
02:27:38 PM       4      1.01      0.00     98.99      0.00      0.00      0.00
02:27:38 PM       8      0.99      0.00     99.01      0.00      0.00      0.00
02:27:38 PM      12      0.99      0.00     99.01      0.00      0.00      0.00

02:27:38 PM     CPU     %user     %nice   %system   %iowait    %steal     %idle
02:27:39 PM       4      0.99      0.00     99.01      0.00      0.00      0.00
02:27:39 PM       8      1.00      0.00     99.00      0.00      0.00      0.00
02:27:39 PM      12      1.01      0.00     98.99      0.00      0.00      0.00

02:27:39 PM     CPU     %user     %nice   %system   %iowait    %steal     %idle
02:27:40 PM       4      0.00      0.00    100.00      0.00      0.00      0.00
02:27:40 PM       8      0.00      0.00    100.00      0.00      0.00      0.00
02:27:40 PM      12      0.00      0.00    100.00      0.00      0.00      0.00

02:27:40 PM     CPU     %user     %nice   %system   %iowait    %steal     %idle
02:27:41 PM       4      1.00      0.00     99.00      0.00      0.00      0.00
02:27:41 PM       8      0.00      0.00    100.00      0.00      0.00      0.00
02:27:41 PM      12      0.99      0.00     99.01      0.00      0.00      0.00

02:27:41 PM     CPU     %user     %nice   %system   %iowait    %steal     %idle
02:27:42 PM       4      0.00      0.00    100.00      0.00      0.00      0.00
02:27:42 PM       8      0.00      0.00    100.00      0.00      0.00      0.00
02:27:42 PM      12      0.00      0.00    100.00      0.00      0.00      0.00

02:27:42 PM     CPU     %user     %nice   %system   %iowait    %steal     %idle
02:27:43 PM       4      1.00      0.00     99.00      0.00      0.00      0.00
02:27:43 PM       8      0.99      0.00     98.02      0.00      0.00      0.99
02:27:43 PM      12      0.00      0.00    100.00      0.00      0.00      0.00

02:27:43 PM     CPU     %user     %nice   %system   %iowait    %steal     %idle
02:27:44 PM       4      0.00      0.00    100.00      0.00      0.00      0.00
02:27:44 PM       8      0.99      0.00     99.01      0.00      0.00      0.00
02:27:44 PM      12      0.99      0.00     99.01      0.00      0.00      0.00

02:27:44 PM     CPU     %user     %nice   %system   %iowait    %steal     %idle
02:27:45 PM       4      0.00      0.00    100.00      0.00      0.00      0.00
02:27:45 PM       8      1.00      0.00     99.00      0.00      0.00      0.00
02:27:45 PM      12      0.00      0.00    100.00      0.00      0.00      0.00

02:27:45 PM     CPU     %user     %nice   %system   %iowait    %steal     %idle
02:27:46 PM       4      0.99      0.00     99.01      0.00      0.00      0.00
02:27:46 PM       8      1.01      0.00     98.99      0.00      0.00      0.00
02:27:46 PM      12      1.00      0.00     99.00      0.00      0.00      0.00

02:27:46 PM     CPU     %user     %nice   %system   %iowait    %steal     %idle
02:27:47 PM       4      0.00      0.00    100.00      0.00      0.00      0.00
02:27:47 PM       8      0.00      0.00    100.00      0.00      0.00      0.00
02:27:47 PM      12      0.00      0.00    100.00      0.00      0.00      0.00

02:27:47 PM     CPU     %user     %nice   %system   %iowait    %steal     %idle
02:27:48 PM       4      0.00      0.00    100.00      0.00      0.00      0.00
02:27:48 PM       8      0.00      0.00    100.00      0.00      0.00      0.00
02:27:48 PM      12      1.00      0.00     99.00      0.00      0.00      0.00

02:27:48 PM     CPU     %user     %nice   %system   %iowait    %steal     %idle
02:27:49 PM       4      0.00      0.00    100.00      0.00      0.00      0.00
02:27:49 PM       8      0.00      0.00    100.00      0.00      0.00      0.00
02:27:49 PM      12      1.00      0.00     99.00      0.00      0.00      0.00
