Linux 6.0.3+ (genie03) 	12/21/2023 	_x86_64_	(64 CPU)

02:51:59 PM     CPU     %user     %nice   %system   %iowait    %steal     %idle
02:52:00 PM       4      1.00      0.00     99.00      0.00      0.00      0.00
02:52:00 PM       8      1.00      0.00     99.00      0.00      0.00      0.00
02:52:00 PM      12      1.00      0.00     99.00      0.00      0.00      0.00
02:52:00 PM      16      0.00      0.00    100.00      0.00      0.00      0.00
02:52:00 PM      20      1.00      0.00     99.00      0.00      0.00      0.00

02:52:00 PM     CPU     %user     %nice   %system   %iowait    %steal     %idle
02:52:01 PM       4      0.00      0.00    100.00      0.00      0.00      0.00
02:52:01 PM       8      1.00      0.00     99.00      0.00      0.00      0.00
02:52:01 PM      12      0.00      0.00    100.00      0.00      0.00      0.00
02:52:01 PM      16      0.00      0.00    100.00      0.00      0.00      0.00
02:52:01 PM      20      0.00      0.00    100.00      0.00      0.00      0.00

02:52:01 PM     CPU     %user     %nice   %system   %iowait    %steal     %idle
02:52:02 PM       4      0.00      0.00    100.00      0.00      0.00      0.00
02:52:02 PM       8      0.00      0.00    100.00      0.00      0.00      0.00
02:52:02 PM      12      0.00      0.00    100.00      0.00      0.00      0.00
02:52:02 PM      16      1.98      0.00     98.02      0.00      0.00      0.00
02:52:02 PM      20      0.00      0.00    100.00      0.00      0.00      0.00

02:52:02 PM     CPU     %user     %nice   %system   %iowait    %steal     %idle
02:52:03 PM       4      1.00      0.00     99.00      0.00      0.00      0.00
02:52:03 PM       8      1.98      0.00     98.02      0.00      0.00      0.00
02:52:03 PM      12      1.98      0.00     98.02      0.00      0.00      0.00
02:52:03 PM      16      1.00      0.00     99.00      0.00      0.00      0.00
02:52:03 PM      20      1.00      0.00     99.00      0.00      0.00      0.00

02:52:03 PM     CPU     %user     %nice   %system   %iowait    %steal     %idle
02:52:04 PM       4      0.99      0.00     99.01      0.00      0.00      0.00
02:52:04 PM       8      0.00      0.00    100.00      0.00      0.00      0.00
02:52:04 PM      12      0.00      0.00    100.00      0.00      0.00      0.00
02:52:04 PM      16      0.00      0.00    100.00      0.00      0.00      0.00
02:52:04 PM      20      0.00      0.00    100.00      0.00      0.00      0.00

02:52:04 PM     CPU     %user     %nice   %system   %iowait    %steal     %idle
02:52:05 PM       4      0.00      0.00    100.00      0.00      0.00      0.00
02:52:05 PM       8      0.00      0.00    100.00      0.00      0.00      0.00
02:52:05 PM      12      1.00      0.00     99.00      0.00      0.00      0.00
02:52:05 PM      16      1.00      0.00     99.00      0.00      0.00      0.00
02:52:05 PM      20      0.00      0.00    100.00      0.00      0.00      0.00

02:52:05 PM     CPU     %user     %nice   %system   %iowait    %steal     %idle
02:52:06 PM       4      0.00      0.00    100.00      0.00      0.00      0.00
02:52:06 PM       8      1.98      0.00     98.02      0.00      0.00      0.00
02:52:06 PM      12      0.00      0.00    100.00      0.00      0.00      0.00
02:52:06 PM      16      0.00      0.00    100.00      0.00      0.00      0.00
02:52:06 PM      20      0.00      0.00    100.00      0.00      0.00      0.00

02:52:06 PM     CPU     %user     %nice   %system   %iowait    %steal     %idle
02:52:07 PM       4      0.00      0.00    100.00      0.00      0.00      0.00
02:52:07 PM       8      0.00      0.00    100.00      0.00      0.00      0.00
02:52:07 PM      12      0.00      0.00    100.00      0.00      0.00      0.00
02:52:07 PM      16      1.00      0.00     99.00      0.00      0.00      0.00
02:52:07 PM      20      0.00      0.00    100.00      0.00      0.00      0.00

02:52:07 PM     CPU     %user     %nice   %system   %iowait    %steal     %idle
02:52:08 PM       4      0.99      0.00     99.01      0.00      0.00      0.00
02:52:08 PM       8      1.00      0.00     99.00      0.00      0.00      0.00
02:52:08 PM      12      0.99      0.00     99.01      0.00      0.00      0.00
02:52:08 PM      16      0.00      0.00    100.00      0.00      0.00      0.00
02:52:08 PM      20      0.00      0.00    100.00      0.00      0.00      0.00

02:52:08 PM     CPU     %user     %nice   %system   %iowait    %steal     %idle
02:52:09 PM       4      0.00      0.00    100.00      0.00      0.00      0.00
02:52:09 PM       8      2.00      0.00     98.00      0.00      0.00      0.00
02:52:09 PM      12      1.00      0.00     99.00      0.00      0.00      0.00
02:52:09 PM      16      1.01      0.00     98.99      0.00      0.00      0.00
02:52:09 PM      20      0.00      0.00    100.00      0.00      0.00      0.00

02:52:09 PM     CPU     %user     %nice   %system   %iowait    %steal     %idle
02:52:10 PM       4      0.99      0.00     99.01      0.00      0.00      0.00
02:52:10 PM       8      0.00      0.00    100.00      0.00      0.00      0.00
02:52:10 PM      12      0.00      0.00    100.00      0.00      0.00      0.00
02:52:10 PM      16      0.00      0.00    100.00      0.00      0.00      0.00
02:52:10 PM      20      2.00      0.00     98.00      0.00      0.00      0.00

02:52:10 PM     CPU     %user     %nice   %system   %iowait    %steal     %idle
02:52:11 PM       4      0.00      0.00    100.00      0.00      0.00      0.00
02:52:11 PM       8      0.00      0.00    100.00      0.00      0.00      0.00
02:52:11 PM      12      1.00      0.00     99.00      0.00      0.00      0.00
02:52:11 PM      16      0.00      0.00    100.00      0.00      0.00      0.00
02:52:11 PM      20      0.00      0.00    100.00      0.00      0.00      0.00

02:52:11 PM     CPU     %user     %nice   %system   %iowait    %steal     %idle
02:52:12 PM       4      0.99      0.00     99.01      0.00      0.00      0.00
02:52:12 PM       8      0.00      0.00    100.00      0.00      0.00      0.00
02:52:12 PM      12      0.99      0.00     99.01      0.00      0.00      0.00
02:52:12 PM      16      0.00      0.00    100.00      0.00      0.00      0.00
02:52:12 PM      20      0.99      0.00     99.01      0.00      0.00      0.00

02:52:12 PM     CPU     %user     %nice   %system   %iowait    %steal     %idle
02:52:13 PM       4      1.01      0.00     98.99      0.00      0.00      0.00
02:52:13 PM       8      1.00      0.00     99.00      0.00      0.00      0.00
02:52:13 PM      12      0.00      0.00    100.00      0.00      0.00      0.00
02:52:13 PM      16      0.00      0.00    100.00      0.00      0.00      0.00
02:52:13 PM      20      0.00      0.00    100.00      0.00      0.00      0.00

02:52:13 PM     CPU     %user     %nice   %system   %iowait    %steal     %idle
02:52:14 PM       4      0.00      0.00    100.00      0.00      0.00      0.00
02:52:14 PM       8      2.00      0.00     98.00      0.00      0.00      0.00
02:52:14 PM      12      1.00      0.00     99.00      0.00      0.00      0.00
02:52:14 PM      16      0.99      0.00     99.01      0.00      0.00      0.00
02:52:14 PM      20      0.00      0.00    100.00      0.00      0.00      0.00

02:52:14 PM     CPU     %user     %nice   %system   %iowait    %steal     %idle
02:52:15 PM       4      0.00      0.00    100.00      0.00      0.00      0.00
02:52:15 PM       8      0.00      0.00    100.00      0.00      0.00      0.00
02:52:15 PM      12      0.00      0.00    100.00      0.00      0.00      0.00
02:52:15 PM      16      0.00      0.00    100.00      0.00      0.00      0.00
02:52:15 PM      20      0.00      0.00    100.00      0.00      0.00      0.00

02:52:15 PM     CPU     %user     %nice   %system   %iowait    %steal     %idle
02:52:16 PM       4      0.00      0.00    100.00      0.00      0.00      0.00
02:52:16 PM       8      0.00      0.00    100.00      0.00      0.00      0.00
02:52:16 PM      12      1.00      0.00     99.00      0.00      0.00      0.00
02:52:16 PM      16      1.01      0.00     98.99      0.00      0.00      0.00
02:52:16 PM      20      0.00      0.00    100.00      0.00      0.00      0.00

02:52:16 PM     CPU     %user     %nice   %system   %iowait    %steal     %idle
02:52:17 PM       4      0.00      0.00    100.00      0.00      0.00      0.00
02:52:17 PM       8      0.00      0.00    100.00      0.00      0.00      0.00
02:52:17 PM      12      1.98      0.00     98.02      0.00      0.00      0.00
02:52:17 PM      16      1.00      0.00     99.00      0.00      0.00      0.00
02:52:17 PM      20      0.99      0.00     99.01      0.00      0.00      0.00

02:52:17 PM     CPU     %user     %nice   %system   %iowait    %steal     %idle
02:52:18 PM       4      0.00      0.00    100.00      0.00      0.00      0.00
02:52:18 PM       8      0.99      0.00     99.01      0.00      0.00      0.00
02:52:18 PM      12      0.00      0.00    100.00      0.00      0.00      0.00
02:52:18 PM      16      0.00      0.00    100.00      0.00      0.00      0.00
02:52:18 PM      20      0.00      0.00    100.00      0.00      0.00      0.00

02:52:18 PM     CPU     %user     %nice   %system   %iowait    %steal     %idle
02:52:19 PM       4      1.00      0.00     99.00      0.00      0.00      0.00
02:52:19 PM       8      1.01      0.00     98.99      0.00      0.00      0.00
02:52:19 PM      12      0.00      0.00    100.00      0.00      0.00      0.00
02:52:19 PM      16      0.00      0.00    100.00      0.00      0.00      0.00
02:52:19 PM      20      0.00      0.00    100.00      0.00      0.00      0.00

02:52:19 PM     CPU     %user     %nice   %system   %iowait    %steal     %idle
02:52:20 PM       4      0.99      0.00     99.01      0.00      0.00      0.00
02:52:20 PM       8      0.00      0.00    100.00      0.00      0.00      0.00
02:52:20 PM      12      1.01      0.00     98.99      0.00      0.00      0.00
02:52:20 PM      16      1.00      0.00     99.00      0.00      0.00      0.00
02:52:20 PM      20      0.99      0.00     99.01      0.00      0.00      0.00

02:52:20 PM     CPU     %user     %nice   %system   %iowait    %steal     %idle
02:52:21 PM       4      1.01      0.00     98.99      0.00      0.00      0.00
02:52:21 PM       8      0.00      0.00    100.00      0.00      0.00      0.00
02:52:21 PM      12      0.00      0.00    100.00      0.00      0.00      0.00
02:52:21 PM      16      0.00      0.00    100.00      0.00      0.00      0.00
02:52:21 PM      20      0.00      0.00    100.00      0.00      0.00      0.00

02:52:21 PM     CPU     %user     %nice   %system   %iowait    %steal     %idle
02:52:22 PM       4      0.00      0.00    100.00      0.00      0.00      0.00
02:52:22 PM       8      1.98      0.00     98.02      0.00      0.00      0.00
02:52:22 PM      12      0.00      0.00    100.00      0.00      0.00      0.00
02:52:22 PM      16      0.00      0.00    100.00      0.00      0.00      0.00
02:52:22 PM      20      0.00      0.00    100.00      0.00      0.00      0.00

02:52:22 PM     CPU     %user     %nice   %system   %iowait    %steal     %idle
02:52:23 PM       4      0.00      0.00    100.00      0.00      0.00      0.00
02:52:23 PM       8      0.00      0.00    100.00      0.00      0.00      0.00
02:52:23 PM      12      1.00      0.00     99.00      0.00      0.00      0.00
02:52:23 PM      16      1.00      0.00     99.00      0.00      0.00      0.00
02:52:23 PM      20      0.00      0.00    100.00      0.00      0.00      0.00

02:52:23 PM     CPU     %user     %nice   %system   %iowait    %steal     %idle
02:52:24 PM       4      1.00      0.00     99.00      0.00      0.00      0.00
02:52:24 PM       8      0.00      0.00    100.00      0.00      0.00      0.00
02:52:24 PM      12      0.00      0.00    100.00      0.00      0.00      0.00
02:52:24 PM      16      0.00      0.00    100.00      0.00      0.00      0.00
02:52:24 PM      20      0.00      0.00    100.00      0.00      0.00      0.00
