Linux 6.0.3+ (genie03) 	12/21/2023 	_x86_64_	(64 CPU)

04:34:14 PM     CPU     %user     %nice   %system   %iowait    %steal     %idle
04:34:15 PM       4      2.08      0.00     92.71      0.00      0.00      5.21
04:34:15 PM       8      1.98      0.00     91.09      0.00      0.00      6.93
04:34:15 PM      12      2.06      0.00     91.75      0.00      0.00      6.19
04:34:15 PM      16      2.04      0.00     91.84      0.00      0.00      6.12
04:34:15 PM      20      1.05      0.00     93.68      0.00      0.00      5.26
04:34:15 PM      24      1.03      0.00     92.78      0.00      0.00      6.19
04:34:15 PM      28      4.12      0.00     88.66      0.00      0.00      7.22
04:34:15 PM      32      0.00      0.00      0.00      0.00      0.00    100.00

04:34:15 PM     CPU     %user     %nice   %system   %iowait    %steal     %idle
04:34:16 PM       4      2.02      0.00     92.93      0.00      0.00      5.05
04:34:16 PM       8      2.00      0.00     92.00      0.00      0.00      6.00
04:34:16 PM      12      1.06      0.00     92.55      0.00      0.00      6.38
04:34:16 PM      16      1.03      0.00     92.78      0.00      0.00      6.19
04:34:16 PM      20      2.06      0.00     91.75      0.00      0.00      6.19
04:34:16 PM      24      3.12      0.00     91.67      0.00      0.00      5.21
04:34:16 PM      28      1.02      0.00     92.86      0.00      0.00      6.12
04:34:16 PM      32      0.00      0.00      0.00      0.00      0.00    100.00

04:34:16 PM     CPU     %user     %nice   %system   %iowait    %steal     %idle
04:34:17 PM       4      2.08      0.00     91.67      0.00      0.00      6.25
04:34:17 PM       8      1.05      0.00     92.63      0.00      0.00      6.32
04:34:17 PM      12      1.03      0.00     92.78      0.00      0.00      6.19
04:34:17 PM      16      1.06      0.00     92.55      0.00      0.00      6.38
04:34:17 PM      20      2.06      0.00     91.75      0.00      0.00      6.19
04:34:17 PM      24      0.00      0.00     94.74      0.00      0.00      5.26
04:34:17 PM      28      3.09      0.00     89.69      0.00      0.00      7.22
04:34:17 PM      32      0.00      0.00      0.00      0.00      0.00    100.00

04:34:17 PM     CPU     %user     %nice   %system   %iowait    %steal     %idle
04:34:18 PM       4      2.06      0.00     91.75      0.00      0.00      6.19
04:34:18 PM       8      0.00      0.00     93.68      0.00      0.00      6.32
04:34:18 PM      12      3.06      0.00     90.82      0.00      0.00      6.12
04:34:18 PM      16      1.06      0.00     92.55      0.00      0.00      6.38
04:34:18 PM      20      1.05      0.00     91.58      0.00      0.00      7.37
04:34:18 PM      24      2.06      0.00     91.75      0.00      0.00      6.19
04:34:18 PM      28      2.02      0.00     90.91      0.00      0.00      7.07
04:34:18 PM      32      0.00      0.00      0.00      0.00      0.00    100.00

04:34:18 PM     CPU     %user     %nice   %system   %iowait    %steal     %idle
04:34:19 PM       4      3.16      0.00     90.53      0.00      0.00      6.32
04:34:19 PM       8      1.02      0.00     92.86      0.00      0.00      6.12
04:34:19 PM      12      2.08      0.00     92.71      0.00      0.00      5.21
04:34:19 PM      16      2.06      0.00     92.78      0.00      0.00      5.15
04:34:19 PM      20      1.03      0.00     91.75      0.00      0.00      7.22
04:34:19 PM      24      2.06      0.00     92.78      0.00      0.00      5.15
04:34:19 PM      28      1.03      0.00     91.75      0.00      0.00      7.22
04:34:19 PM      32      0.00      0.00      0.00      0.00      0.00    100.00

04:34:19 PM     CPU     %user     %nice   %system   %iowait    %steal     %idle
04:34:20 PM       4      1.02      0.00     92.86      0.00      0.00      6.12
04:34:20 PM       8      0.99      0.00     92.08      0.00      0.00      6.93
04:34:20 PM      12      2.11      0.00     91.58      0.00      0.00      6.32
04:34:20 PM      16      1.06      0.00     92.55      0.00      0.00      6.38
04:34:20 PM      20      2.04      0.00     91.84      0.00      0.00      6.12
04:34:20 PM      24      0.00      0.00     94.62      0.00      0.00      5.38
04:34:20 PM      28      1.06      0.00     92.55      0.00      0.00      6.38
04:34:20 PM      32      0.00      0.00      0.00      0.00      0.00    100.00

04:34:20 PM     CPU     %user     %nice   %system   %iowait    %steal     %idle
04:34:21 PM       4      2.08      0.00     92.71      0.00      0.00      5.21
04:34:21 PM       8      2.08      0.00     92.71      0.00      0.00      5.21
04:34:21 PM      12      1.06      0.00     93.62      0.00      0.00      5.32
04:34:21 PM      16      1.01      0.00     92.93      0.00      0.00      6.06
04:34:21 PM      20      1.02      0.00     92.86      0.00      0.00      6.12
04:34:21 PM      24      2.06      0.00     92.78      0.00      0.00      5.15
04:34:21 PM      28      1.01      0.00     91.92      0.00      0.00      7.07
04:34:21 PM      32      0.00      0.00      0.00      0.00      0.00    100.00

04:34:21 PM     CPU     %user     %nice   %system   %iowait    %steal     %idle
04:34:22 PM       4      1.08      0.00     91.40      0.00      0.00      7.53
04:34:22 PM       8      2.08      0.00     91.67      0.00      0.00      6.25
04:34:22 PM      12      3.03      0.00     89.90      0.00      0.00      7.07
04:34:22 PM      16      1.03      0.00     93.81      0.00      0.00      5.15
04:34:22 PM      20      2.00      0.00     92.00      0.00      0.00      6.00
04:34:22 PM      24      2.11      0.00     85.26      0.00      0.00     12.63
04:34:22 PM      28      1.03      0.00     92.78      0.00      0.00      6.19
04:34:22 PM      32      0.00      0.00      0.00      0.00      0.00    100.00

04:34:22 PM     CPU     %user     %nice   %system   %iowait    %steal     %idle
04:34:23 PM       4      0.00      0.00     93.94      0.00      0.00      6.06
04:34:23 PM       8      3.12      0.00     89.58      0.00      0.00      7.29
04:34:23 PM      12      0.00      0.00     93.75      0.00      0.00      6.25
04:34:23 PM      16      1.06      0.00     91.49      0.00      0.00      7.45
04:34:23 PM      20      1.06      0.00     87.23      0.00      0.00     11.70
04:34:23 PM      24      1.00      0.00     85.00      0.00      0.00     14.00
04:34:23 PM      28      0.00      0.00     92.86      0.00      0.00      7.14
04:34:23 PM      32      0.00      0.00      0.00      0.00      0.00    100.00

04:34:23 PM     CPU     %user     %nice   %system   %iowait    %steal     %idle
04:34:24 PM       4      2.06      0.00     91.75      0.00      0.00      6.19
04:34:24 PM       8      2.00      0.00     92.00      0.00      0.00      6.00
04:34:24 PM      12      1.02      0.00     92.86      0.00      0.00      6.12
04:34:24 PM      16      1.04      0.00     93.75      0.00      0.00      5.21
04:34:24 PM      20      2.13      0.00     88.30      0.00      0.00      9.57
04:34:24 PM      24      2.11      0.00     87.37      0.00      0.00     10.53
04:34:24 PM      28      1.94      0.00     91.26      0.00      0.00      6.80
04:34:24 PM      32      0.00      0.00      0.00      0.00      0.00    100.00

04:34:24 PM     CPU     %user     %nice   %system   %iowait    %steal     %idle
04:34:25 PM       4      2.04      0.00     91.84      0.00      0.00      6.12
04:34:25 PM       8      1.02      0.00     92.86      0.00      0.00      6.12
04:34:25 PM      12      1.98      0.00     91.09      0.00      0.00      6.93
04:34:25 PM      16      2.11      0.00     91.58      0.00      0.00      6.32
04:34:25 PM      20      1.03      0.00     92.78      0.00      0.00      6.19
04:34:25 PM      24      1.05      0.00     92.63      0.00      0.00      6.32
04:34:25 PM      28      2.00      0.00     91.00      0.00      0.00      7.00
04:34:25 PM      32      0.00      0.00      0.00      0.00      0.00    100.00

04:34:25 PM     CPU     %user     %nice   %system   %iowait    %steal     %idle
04:34:26 PM       4      1.04      0.00     85.42      0.00      0.00     13.54
04:34:26 PM       8      2.06      0.00     91.75      0.00      0.00      6.19
04:34:26 PM      12      2.04      0.00     91.84      0.00      0.00      6.12
04:34:26 PM      16      0.99      0.00     93.07      0.00      0.00      5.94
04:34:26 PM      20      1.00      0.00     93.00      0.00      0.00      6.00
04:34:26 PM      24      1.03      0.00     88.66      0.00      0.00     10.31
04:34:26 PM      28      2.13      0.00     90.43      0.00      0.00      7.45
04:34:26 PM      32      0.00      0.00      0.00      0.00      0.00    100.00

04:34:26 PM     CPU     %user     %nice   %system   %iowait    %steal     %idle
04:34:27 PM       4      2.15      0.00     91.40      0.00      0.00      6.45
04:34:27 PM       8      0.00      0.00     93.75      0.00      0.00      6.25
04:34:27 PM      12      2.11      0.00     90.53      0.00      0.00      7.37
04:34:27 PM      16      1.11      0.00     93.33      0.00      0.00      5.56
04:34:27 PM      20      1.03      0.00     92.78      0.00      0.00      6.19
04:34:27 PM      24      2.06      0.00     91.75      0.00      0.00      6.19
04:34:27 PM      28      3.00      0.00     91.00      0.00      0.00      6.00
04:34:27 PM      32      0.00      0.00      0.00      0.00      0.00    100.00

04:34:27 PM     CPU     %user     %nice   %system   %iowait    %steal     %idle
04:34:28 PM       4      1.06      0.00     93.62      0.00      0.00      5.32
04:34:28 PM       8      2.06      0.00     91.75      0.00      0.00      6.19
04:34:28 PM      12      1.06      0.00     92.55      0.00      0.00      6.38
04:34:28 PM      16      2.11      0.00     91.58      0.00      0.00      6.32
04:34:28 PM      20      1.03      0.00     93.81      0.00      0.00      5.15
04:34:28 PM      24      1.03      0.00     92.78      0.00      0.00      6.19
04:34:28 PM      28      1.00      0.00     93.00      0.00      0.00      6.00
04:34:28 PM      32      0.00      0.00      0.00      0.00      0.00    100.00

04:34:28 PM     CPU     %user     %nice   %system   %iowait    %steal     %idle
04:34:29 PM       4      1.03      0.00     92.78      0.00      0.00      6.19
04:34:29 PM       8      2.04      0.00     91.84      0.00      0.00      6.12
04:34:29 PM      12      1.00      0.00     93.00      0.00      0.00      6.00
04:34:29 PM      16      3.16      0.00     91.58      0.00      0.00      5.26
04:34:29 PM      20      0.00      0.00     93.68      0.00      0.00      6.32
04:34:29 PM      24      2.06      0.00     92.78      0.00      0.00      5.15
04:34:29 PM      28      0.00      0.00     93.62      0.00      0.00      6.38
04:34:29 PM      32      0.00      0.00      0.00      0.00      0.00    100.00

04:34:29 PM     CPU     %user     %nice   %system   %iowait    %steal     %idle
04:34:30 PM       4      1.01      0.00     92.93      0.00      0.00      6.06
04:34:30 PM       8      2.00      0.00     92.00      0.00      0.00      6.00
04:34:30 PM      12      1.00      0.00     77.00      0.00      0.00     22.00
04:34:30 PM      16      0.00      0.00     92.78      0.00      0.00      7.22
04:34:30 PM      20      1.00      0.00     92.00      0.00      0.00      7.00
04:34:30 PM      24      0.00      0.00     79.80      0.00      0.00     20.20
04:34:30 PM      28      3.00      0.00     90.00      0.00      0.00      7.00
04:34:30 PM      32      0.00      0.00      0.00      0.00      0.00    100.00

04:34:30 PM     CPU     %user     %nice   %system   %iowait    %steal     %idle
04:34:31 PM       4      0.00      0.00     93.68      0.00      0.00      6.32
04:34:31 PM       8      1.02      0.00     92.86      0.00      0.00      6.12
04:34:31 PM      12      0.00      0.00     78.12      0.00      0.00     21.88
04:34:31 PM      16      3.06      0.00     90.82      0.00      0.00      6.12
04:34:31 PM      20      2.04      0.00     91.84      0.00      0.00      6.12
04:34:31 PM      24      2.02      0.00     88.89      0.00      0.00      9.09
04:34:31 PM      28      0.00      0.00     92.93      0.00      0.00      7.07
04:34:31 PM      32      0.00      0.00      0.00      0.00      0.00    100.00

04:34:31 PM     CPU     %user     %nice   %system   %iowait    %steal     %idle
04:34:32 PM       4      1.02      0.00     92.86      0.00      0.00      6.12
04:34:32 PM       8      1.00      0.00     93.00      0.00      0.00      6.00
04:34:32 PM      12      1.00      0.00     81.00      0.00      0.00     18.00
04:34:32 PM      16      1.04      0.00     92.71      0.00      0.00      6.25
04:34:32 PM      20      2.02      0.00     90.91      0.00      0.00      7.07
04:34:32 PM      24      1.03      0.00     92.78      0.00      0.00      6.19
04:34:32 PM      28      3.03      0.00     89.90      0.00      0.00      7.07
04:34:32 PM      32      0.00      0.00      0.00      0.00      0.00    100.00

04:34:32 PM     CPU     %user     %nice   %system   %iowait    %steal     %idle
04:34:33 PM       4      1.06      0.00     93.62      0.00      0.00      5.32
04:34:33 PM       8      2.13      0.00     93.62      0.00      0.00      4.26
04:34:33 PM      12      1.03      0.00     91.75      0.00      0.00      7.22
04:34:33 PM      16      1.03      0.00     92.78      0.00      0.00      6.19
04:34:33 PM      20      1.02      0.00     92.86      0.00      0.00      6.12
04:34:33 PM      24      3.16      0.00     90.53      0.00      0.00      6.32
04:34:33 PM      28      0.00      0.00     93.81      0.00      0.00      6.19
04:34:33 PM      32      0.00      0.00      0.00      0.00      0.00    100.00

04:34:33 PM     CPU     %user     %nice   %system   %iowait    %steal     %idle
04:34:34 PM       4      2.13      0.00     91.49      0.00      0.00      6.38
04:34:34 PM       8      1.06      0.00     92.55      0.00      0.00      6.38
04:34:34 PM      12      2.06      0.00     90.72      0.00      0.00      7.22
04:34:34 PM      16      1.03      0.00     92.78      0.00      0.00      6.19
04:34:34 PM      20      2.11      0.00     90.53      0.00      0.00      7.37
04:34:34 PM      24      0.00      0.00     93.81      0.00      0.00      6.19
04:34:34 PM      28      2.97      0.00     90.10      0.00      0.00      6.93
04:34:34 PM      32      0.00      0.00      0.00      0.00      0.00    100.00

04:34:34 PM     CPU     %user     %nice   %system   %iowait    %steal     %idle
04:34:35 PM       4      3.19      0.00     90.43      0.00      0.00      6.38
04:34:35 PM       8      2.04      0.00     92.86      0.00      0.00      5.10
04:34:35 PM      12      2.08      0.00     90.62      0.00      0.00      7.29
04:34:35 PM      16      1.02      0.00     92.86      0.00      0.00      6.12
04:34:35 PM      20      3.12      0.00     90.62      0.00      0.00      6.25
04:34:35 PM      24      2.02      0.00     91.92      0.00      0.00      6.06
04:34:35 PM      28      4.08      0.00     89.80      0.00      0.00      6.12
04:34:35 PM      32      0.00      0.00      0.00      0.00      0.00    100.00

04:34:35 PM     CPU     %user     %nice   %system   %iowait    %steal     %idle
04:34:36 PM       4      1.05      0.00     93.68      0.00      0.00      5.26
04:34:36 PM       8      2.13      0.00     91.49      0.00      0.00      6.38
04:34:36 PM      12      0.00      0.00     92.71      0.00      0.00      7.29
04:34:36 PM      16      1.01      0.00     92.93      0.00      0.00      6.06
04:34:36 PM      20      1.05      0.00     92.63      0.00      0.00      6.32
04:34:36 PM      24      0.00      0.00     93.68      0.00      0.00      6.32
04:34:36 PM      28      0.00      0.00     93.07      0.00      0.00      6.93
04:34:36 PM      32      0.00      0.00      0.00      0.00      0.00    100.00

04:34:36 PM     CPU     %user     %nice   %system   %iowait    %steal     %idle
04:34:37 PM       4      2.13      0.00     91.49      0.00      0.00      6.38
04:34:37 PM       8      2.02      0.00     92.93      0.00      0.00      5.05
04:34:37 PM      12      1.03      0.00     91.75      0.00      0.00      7.22
04:34:37 PM      16      0.00      0.00     93.55      0.00      0.00      6.45
04:34:37 PM      20      1.01      0.00     91.92      0.00      0.00      7.07
04:34:37 PM      24      1.00      0.00     92.00      0.00      0.00      7.00
04:34:37 PM      28      1.02      0.00     92.86      0.00      0.00      6.12
04:34:37 PM      32      0.00      0.00      0.00      0.00      0.00    100.00

04:34:37 PM     CPU     %user     %nice   %system   %iowait    %steal     %idle
04:34:38 PM       4      2.06      0.00     91.75      0.00      0.00      6.19
04:34:38 PM       8      1.01      0.00     92.93      0.00      0.00      6.06
04:34:38 PM      12      1.03      0.00     91.75      0.00      0.00      7.22
04:34:38 PM      16      2.11      0.00     90.53      0.00      0.00      7.37
04:34:38 PM      20      1.01      0.00     92.93      0.00      0.00      6.06
04:34:38 PM      24      1.02      0.00     90.82      0.00      0.00      8.16
04:34:38 PM      28      2.06      0.00     91.75      0.00      0.00      6.19
04:34:38 PM      32      0.00      0.00      0.00      0.00      0.00    100.00

04:34:38 PM     CPU     %user     %nice   %system   %iowait    %steal     %idle
04:34:39 PM       4      0.00      0.00     94.79      0.00      0.00      5.21
04:34:39 PM       8      2.13      0.00     91.49      0.00      0.00      6.38
04:34:39 PM      12      2.00      0.00     91.00      0.00      0.00      7.00
04:34:39 PM      16      1.04      0.00     93.75      0.00      0.00      5.21
04:34:39 PM      20      2.06      0.00     90.72      0.00      0.00      7.22
04:34:39 PM      24      1.04      0.00     92.71      0.00      0.00      6.25
04:34:39 PM      28      2.02      0.00     91.92      0.00      0.00      6.06
04:34:39 PM      32      0.00      0.00      0.00      0.00      0.00    100.00
