Linux 6.0.3+ (genie03) 	12/21/2023 	_x86_64_	(64 CPU)

03:42:13 PM     CPU     %user     %nice   %system   %iowait    %steal     %idle
03:42:14 PM       4      1.00      0.00     99.00      0.00      0.00      0.00
03:42:14 PM       8      0.00      0.00    100.00      0.00      0.00      0.00
03:42:14 PM      12      0.00      0.00    100.00      0.00      0.00      0.00
03:42:14 PM      16      0.00      0.00    100.00      0.00      0.00      0.00
03:42:14 PM      20      0.00      0.00    100.00      0.00      0.00      0.00

03:42:14 PM     CPU     %user     %nice   %system   %iowait    %steal     %idle
03:42:15 PM       4      0.00      0.00    100.00      0.00      0.00      0.00
03:42:15 PM       8      0.00      0.00    100.00      0.00      0.00      0.00
03:42:15 PM      12      0.99      0.00     99.01      0.00      0.00      0.00
03:42:15 PM      16      1.00      0.00     99.00      0.00      0.00      0.00
03:42:15 PM      20      1.00      0.00     99.00      0.00      0.00      0.00

03:42:15 PM     CPU     %user     %nice   %system   %iowait    %steal     %idle
03:42:16 PM       4      0.00      0.00    100.00      0.00      0.00      0.00
03:42:16 PM       8      1.00      0.00     99.00      0.00      0.00      0.00
03:42:16 PM      12      0.00      0.00    100.00      0.00      0.00      0.00
03:42:16 PM      16      0.99      0.00     99.01      0.00      0.00      0.00
03:42:16 PM      20      0.00      0.00    100.00      0.00      0.00      0.00

03:42:16 PM     CPU     %user     %nice   %system   %iowait    %steal     %idle
03:42:17 PM       4      1.98      0.00     98.02      0.00      0.00      0.00
03:42:17 PM       8      0.00      0.00    100.00      0.00      0.00      0.00
03:42:17 PM      12      0.00      0.00    100.00      0.00      0.00      0.00
03:42:17 PM      16      0.00      0.00    100.00      0.00      0.00      0.00
03:42:17 PM      20      0.00      0.00    100.00      0.00      0.00      0.00

03:42:17 PM     CPU     %user     %nice   %system   %iowait    %steal     %idle
03:42:18 PM       4      0.00      0.00    100.00      0.00      0.00      0.00
03:42:18 PM       8      0.99      0.00     99.01      0.00      0.00      0.00
03:42:18 PM      12      0.00      0.00    100.00      0.00      0.00      0.00
03:42:18 PM      16      0.00      0.00    100.00      0.00      0.00      0.00
03:42:18 PM      20      0.00      0.00    100.00      0.00      0.00      0.00

03:42:18 PM     CPU     %user     %nice   %system   %iowait    %steal     %idle
03:42:19 PM       4      0.00      0.00    100.00      0.00      0.00      0.00
03:42:19 PM       8      0.00      0.00    100.00      0.00      0.00      0.00
03:42:19 PM      12      0.00      0.00    100.00      0.00      0.00      0.00
03:42:19 PM      16      0.00      0.00    100.00      0.00      0.00      0.00
03:42:19 PM      20      1.00      0.00     99.00      0.00      0.00      0.00

03:42:19 PM     CPU     %user     %nice   %system   %iowait    %steal     %idle
03:42:20 PM       4      0.99      0.00     99.01      0.00      0.00      0.00
03:42:20 PM       8      0.00      0.00    100.00      0.00      0.00      0.00
03:42:20 PM      12      0.99      0.00     99.01      0.00      0.00      0.00
03:42:20 PM      16      1.00      0.00     99.00      0.00      0.00      0.00
03:42:20 PM      20      0.00      0.00    100.00      0.00      0.00      0.00

03:42:20 PM     CPU     %user     %nice   %system   %iowait    %steal     %idle
03:42:21 PM       4      0.00      0.00    100.00      0.00      0.00      0.00
03:42:21 PM       8      1.00      0.00     99.00      0.00      0.00      0.00
03:42:21 PM      12      1.01      0.00     98.99      0.00      0.00      0.00
03:42:21 PM      16      0.00      0.00    100.00      0.00      0.00      0.00
03:42:21 PM      20      1.00      0.00     99.00      0.00      0.00      0.00

03:42:21 PM     CPU     %user     %nice   %system   %iowait    %steal     %idle
03:42:22 PM       4      0.00      0.00    100.00      0.00      0.00      0.00
03:42:22 PM       8      0.00      0.00    100.00      0.00      0.00      0.00
03:42:22 PM      12      0.00      0.00    100.00      0.00      0.00      0.00
03:42:22 PM      16      0.00      0.00    100.00      0.00      0.00      0.00
03:42:22 PM      20      0.00      0.00    100.00      0.00      0.00      0.00

03:42:22 PM     CPU     %user     %nice   %system   %iowait    %steal     %idle
03:42:23 PM       4      0.99      0.00     99.01      0.00      0.00      0.00
03:42:23 PM       8      0.00      0.00    100.00      0.00      0.00      0.00
03:42:23 PM      12      1.00      0.00     99.00      0.00      0.00      0.00
03:42:23 PM      16      0.00      0.00    100.00      0.00      0.00      0.00
03:42:23 PM      20      1.00      0.00     99.00      0.00      0.00      0.00

03:42:23 PM     CPU     %user     %nice   %system   %iowait    %steal     %idle
03:42:24 PM       4      0.00      0.00    100.00      0.00      0.00      0.00
03:42:24 PM       8      0.00      0.00    100.00      0.00      0.00      0.00
03:42:24 PM      12      0.00      0.00    100.00      0.00      0.00      0.00
03:42:24 PM      16      0.99      0.00     99.01      0.00      0.00      0.00
03:42:24 PM      20      1.00      0.00     99.00      0.00      0.00      0.00

03:42:24 PM     CPU     %user     %nice   %system   %iowait    %steal     %idle
03:42:25 PM       4      0.00      0.00    100.00      0.00      0.00      0.00
03:42:25 PM       8      0.00      0.00    100.00      0.00      0.00      0.00
03:42:25 PM      12      0.00      0.00    100.00      0.00      0.00      0.00
03:42:25 PM      16      1.01      0.00     98.99      0.00      0.00      0.00
03:42:25 PM      20      0.00      0.00    100.00      0.00      0.00      0.00

03:42:25 PM     CPU     %user     %nice   %system   %iowait    %steal     %idle
03:42:26 PM       4      1.00      0.00     99.00      0.00      0.00      0.00
03:42:26 PM       8      0.99      0.00     99.01      0.00      0.00      0.00
03:42:26 PM      12      0.99      0.00     99.01      0.00      0.00      0.00
03:42:26 PM      16      0.00      0.00    100.00      0.00      0.00      0.00
03:42:26 PM      20      0.00      0.00    100.00      0.00      0.00      0.00

03:42:26 PM     CPU     %user     %nice   %system   %iowait    %steal     %idle
03:42:27 PM       4      0.00      0.00    100.00      0.00      0.00      0.00
03:42:27 PM       8      0.00      0.00    100.00      0.00      0.00      0.00
03:42:27 PM      12      0.00      0.00    100.00      0.00      0.00      0.00
03:42:27 PM      16      0.00      0.00    100.00      0.00      0.00      0.00
03:42:27 PM      20      0.00      0.00    100.00      0.00      0.00      0.00

03:42:27 PM     CPU     %user     %nice   %system   %iowait    %steal     %idle
03:42:28 PM       4      0.00      0.00    100.00      0.00      0.00      0.00
03:42:28 PM       8      0.00      0.00    100.00      0.00      0.00      0.00
03:42:28 PM      12      0.00      0.00    100.00      0.00      0.00      0.00
03:42:28 PM      16      0.00      0.00    100.00      0.00      0.00      0.00
03:42:28 PM      20      1.00      0.00     99.00      0.00      0.00      0.00

03:42:28 PM     CPU     %user     %nice   %system   %iowait    %steal     %idle
03:42:29 PM       4      1.00      0.00     99.00      0.00      0.00      0.00
03:42:29 PM       8      0.00      0.00    100.00      0.00      0.00      0.00
03:42:29 PM      12      0.00      0.00    100.00      0.00      0.00      0.00
03:42:29 PM      16      1.00      0.00     99.00      0.00      0.00      0.00
03:42:29 PM      20      0.00      0.00    100.00      0.00      0.00      0.00

03:42:29 PM     CPU     %user     %nice   %system   %iowait    %steal     %idle
03:42:30 PM       4      0.00      0.00    100.00      0.00      0.00      0.00
03:42:30 PM       8      1.98      0.00     98.02      0.00      0.00      0.00
03:42:30 PM      12      1.00      0.00     99.00      0.00      0.00      0.00
03:42:30 PM      16      1.00      0.00     99.00      0.00      0.00      0.00
03:42:30 PM      20      0.00      0.00    100.00      0.00      0.00      0.00

03:42:30 PM     CPU     %user     %nice   %system   %iowait    %steal     %idle
03:42:31 PM       4      0.00      0.00    100.00      0.00      0.00      0.00
03:42:31 PM       8      0.00      0.00    100.00      0.00      0.00      0.00
03:42:31 PM      12      1.00      0.00     99.00      0.00      0.00      0.00
03:42:31 PM      16      0.00      0.00    100.00      0.00      0.00      0.00
03:42:31 PM      20      0.00      0.00    100.00      0.00      0.00      0.00

03:42:31 PM     CPU     %user     %nice   %system   %iowait    %steal     %idle
03:42:32 PM       4      0.00      0.00    100.00      0.00      0.00      0.00
03:42:32 PM       8      0.00      0.00    100.00      0.00      0.00      0.00
03:42:32 PM      12      0.00      0.00    100.00      0.00      0.00      0.00
03:42:32 PM      16      0.00      0.00    100.00      0.00      0.00      0.00
03:42:32 PM      20      0.00      0.00    100.00      0.00      0.00      0.00

03:42:32 PM     CPU     %user     %nice   %system   %iowait    %steal     %idle
03:42:33 PM       4      0.00      0.00    100.00      0.00      0.00      0.00
03:42:33 PM       8      0.00      0.00    100.00      0.00      0.00      0.00
03:42:33 PM      12      0.99      0.00     99.01      0.00      0.00      0.00
03:42:33 PM      16      1.00      0.00     99.00      0.00      0.00      0.00
03:42:33 PM      20      0.00      0.00    100.00      0.00      0.00      0.00

03:42:33 PM     CPU     %user     %nice   %system   %iowait    %steal     %idle
03:42:34 PM       4      1.00      0.00     99.00      0.00      0.00      0.00
03:42:34 PM       8      0.00      0.00    100.00      0.00      0.00      0.00
03:42:34 PM      12      0.00      0.00    100.00      0.00      0.00      0.00
03:42:34 PM      16      0.00      0.00    100.00      0.00      0.00      0.00
03:42:34 PM      20      1.00      0.00     99.00      0.00      0.00      0.00

03:42:34 PM     CPU     %user     %nice   %system   %iowait    %steal     %idle
03:42:35 PM       4      0.00      0.00    100.00      0.00      0.00      0.00
03:42:35 PM       8      2.00      0.00     98.00      0.00      0.00      0.00
03:42:35 PM      12      0.00      0.00    100.00      0.00      0.00      0.00
03:42:35 PM      16      0.99      0.00     99.01      0.00      0.00      0.00
03:42:35 PM      20      1.00      0.00     99.00      0.00      0.00      0.00

03:42:35 PM     CPU     %user     %nice   %system   %iowait    %steal     %idle
03:42:36 PM       4      0.00      0.00    100.00      0.00      0.00      0.00
03:42:36 PM       8      0.00      0.00    100.00      0.00      0.00      0.00
03:42:36 PM      12      0.00      0.00    100.00      0.00      0.00      0.00
03:42:36 PM      16      1.01      0.00     98.99      0.00      0.00      0.00
03:42:36 PM      20      0.00      0.00    100.00      0.00      0.00      0.00

03:42:36 PM     CPU     %user     %nice   %system   %iowait    %steal     %idle
03:42:37 PM       4      0.00      0.00    100.00      0.00      0.00      0.00
03:42:37 PM       8      0.00      0.00    100.00      0.00      0.00      0.00
03:42:37 PM      12      0.00      0.00    100.00      0.00      0.00      0.00
03:42:37 PM      16      0.00      0.00    100.00      0.00      0.00      0.00
03:42:37 PM      20      0.00      0.00    100.00      0.00      0.00      0.00

03:42:37 PM     CPU     %user     %nice   %system   %iowait    %steal     %idle
03:42:38 PM       4      0.00      0.00    100.00      0.00      0.00      0.00
03:42:38 PM       8      0.00      0.00    100.00      0.00      0.00      0.00
03:42:38 PM      12      0.00      0.00    100.00      0.00      0.00      0.00
03:42:38 PM      16      0.00      0.00    100.00      0.00      0.00      0.00
03:42:38 PM      20      0.00      0.00    100.00      0.00      0.00      0.00
