Linux 6.0.3 (genie03) 	09/05/2023 	_x86_64_	(64 CPU)

08:54:56 PM     CPU     %user     %nice   %system   %iowait    %steal     %idle
08:54:57 PM       4      2.00      0.00     75.00      0.00      0.00     23.00
08:54:57 PM       8      2.00      0.00     77.00      0.00      0.00     21.00
08:54:57 PM      12      2.04      0.00     69.39      0.00      0.00     28.57
08:54:57 PM      16      1.01      0.00     74.75      0.00      0.00     24.24
08:54:57 PM      20      3.12      0.00     72.92      0.00      0.00     23.96
08:54:57 PM      24      0.97      0.00     76.70      0.00      0.00     22.33

08:54:57 PM     CPU     %user     %nice   %system   %iowait    %steal     %idle
08:54:58 PM       4      0.00      0.00     74.00      0.00      0.00     26.00
08:54:58 PM       8      0.00      0.00     73.47      0.00      0.00     26.53
08:54:58 PM      12      0.00      0.00     76.00      0.00      0.00     24.00
08:54:58 PM      16      0.99      0.00     75.25      0.00      0.00     23.76
08:54:58 PM      20      0.99      0.00     70.30      0.00      0.00     28.71
08:54:58 PM      24      2.00      0.00     74.00      0.00      0.00     24.00

08:54:58 PM     CPU     %user     %nice   %system   %iowait    %steal     %idle
08:54:59 PM       4      2.02      0.00     68.69      0.00      0.00     29.29
08:54:59 PM       8      2.06      0.00     73.20      0.00      0.00     24.74
08:54:59 PM      12      1.96      0.00     73.53      0.00      0.00     24.51
08:54:59 PM      16      2.91      0.00     72.82      0.00      0.00     24.27
08:54:59 PM      20      1.01      0.00     70.71      0.00      0.00     28.28
08:54:59 PM      24      2.08      0.00     75.00      0.00      0.00     22.92

08:54:59 PM     CPU     %user     %nice   %system   %iowait    %steal     %idle
08:55:00 PM       4      1.90      0.00     75.24      0.00      0.00     22.86
08:55:00 PM       8      1.06      0.00     73.40      0.00      0.00     25.53
08:55:00 PM      12      2.15      0.00     74.19      0.00      0.00     23.66
08:55:00 PM      16      0.99      0.00     71.29      0.00      0.00     27.72
08:55:00 PM      20      2.08      0.00     73.96      0.00      0.00     23.96
08:55:00 PM      24      1.05      0.00     73.68      0.00      0.00     25.26

08:55:00 PM     CPU     %user     %nice   %system   %iowait    %steal     %idle
08:55:01 PM       4      0.00      0.00     76.04      0.00      0.00     23.96
08:55:01 PM       8      2.02      0.00     73.74      0.00      0.00     24.24
08:55:01 PM      12      2.02      0.00     71.72      0.00      0.00     26.26
08:55:01 PM      16      2.02      0.00     77.78      0.00      0.00     20.20
08:55:01 PM      20      0.97      0.00     70.87      0.00      0.00     28.16
08:55:01 PM      24      1.01      0.00     73.74      0.00      0.00     25.25

08:55:01 PM     CPU     %user     %nice   %system   %iowait    %steal     %idle
08:55:02 PM       4      1.06      0.00     77.66      0.00      0.00     21.28
08:55:02 PM       8      1.03      0.00     74.23      0.00      0.00     24.74
08:55:02 PM      12      1.94      0.00     72.82      0.00      0.00     25.24
08:55:02 PM      16      2.02      0.00     69.70      0.00      0.00     28.28
08:55:02 PM      20      2.06      0.00     73.20      0.00      0.00     24.74
08:55:02 PM      24      0.95      0.00     72.38      0.00      0.00     26.67

08:55:02 PM     CPU     %user     %nice   %system   %iowait    %steal     %idle
08:55:03 PM       4      3.00      0.00     69.00      0.00      0.00     28.00
08:55:03 PM       8      0.00      0.00     70.53      0.00      0.00     29.47
08:55:03 PM      12      0.00      0.00     77.89      0.00      0.00     22.11
08:55:03 PM      16      0.00      0.00     78.00      0.00      0.00     22.00
08:55:03 PM      20      1.04      0.00     71.88      0.00      0.00     27.08
08:55:03 PM      24      2.13      0.00     72.34      0.00      0.00     25.53

08:55:03 PM     CPU     %user     %nice   %system   %iowait    %steal     %idle
08:55:04 PM       4      0.00      0.00     72.28      0.00      0.00     27.72
08:55:04 PM       8      2.11      0.00     71.58      0.00      0.00     26.32
08:55:04 PM      12      2.00      0.00     75.00      0.00      0.00     23.00
08:55:04 PM      16      1.05      0.00     74.74      0.00      0.00     24.21
08:55:04 PM      20      1.00      0.00     77.00      0.00      0.00     22.00
08:55:04 PM      24      2.20      0.00     68.13      0.00      0.00     29.67

08:55:04 PM     CPU     %user     %nice   %system   %iowait    %steal     %idle
08:55:05 PM       4      3.16      0.00     67.37      0.00      0.00     29.47
08:55:05 PM       8      2.13      0.00     69.15      0.00      0.00     28.72
08:55:05 PM      12      1.05      0.00     73.68      0.00      0.00     25.26
08:55:05 PM      16      0.00      0.00     75.51      0.00      0.00     24.49
08:55:05 PM      20      1.98      0.00     73.27      0.00      0.00     24.75
08:55:05 PM      24      2.08      0.00     77.08      0.00      0.00     20.83

08:55:05 PM     CPU     %user     %nice   %system   %iowait    %steal     %idle
08:55:06 PM       4      1.03      0.00     74.23      0.00      0.00     24.74
08:55:06 PM       8      2.97      0.00     69.31      0.00      0.00     27.72
08:55:06 PM      12      1.05      0.00     73.68      0.00      0.00     25.26
08:55:06 PM      16      1.01      0.00     78.79      0.00      0.00     20.20
08:55:06 PM      20      1.02      0.00     71.43      0.00      0.00     27.55
08:55:06 PM      24      0.98      0.00     73.53      0.00      0.00     25.49

08:55:06 PM     CPU     %user     %nice   %system   %iowait    %steal     %idle
08:55:07 PM       4      0.95      0.00     74.29      0.00      0.00     24.76
08:55:07 PM       8      1.00      0.00     69.00      0.00      0.00     30.00
08:55:07 PM      12      1.02      0.00     69.39      0.00      0.00     29.59
08:55:07 PM      16      0.00      0.00     73.68      0.00      0.00     26.32
08:55:07 PM      20      0.00      0.00     74.75      0.00      0.00     25.25
08:55:07 PM      24      1.02      0.00     75.51      0.00      0.00     23.47

08:55:07 PM     CPU     %user     %nice   %system   %iowait    %steal     %idle
08:55:08 PM       4      1.04      0.00     72.92      0.00      0.00     26.04
08:55:08 PM       8      0.98      0.00     75.49      0.00      0.00     23.53
08:55:08 PM      12      1.02      0.00     76.53      0.00      0.00     22.45
08:55:08 PM      16      1.02      0.00     74.49      0.00      0.00     24.49
08:55:08 PM      20      1.00      0.00     76.00      0.00      0.00     23.00
08:55:08 PM      24      0.98      0.00     75.49      0.00      0.00     23.53

08:55:08 PM     CPU     %user     %nice   %system   %iowait    %steal     %idle
08:55:09 PM       4      1.02      0.00     79.59      0.00      0.00     19.39
08:55:09 PM       8      0.99      0.00     73.27      0.00      0.00     25.74
08:55:09 PM      12      0.00      0.00     71.72      0.00      0.00     28.28
08:55:09 PM      16      0.00      0.00     77.45      0.00      0.00     22.55
08:55:09 PM      20      1.01      0.00     69.70      0.00      0.00     29.29
08:55:09 PM      24      0.99      0.00     76.24      0.00      0.00     22.77

08:55:09 PM     CPU     %user     %nice   %system   %iowait    %steal     %idle
08:55:10 PM       4      0.00      0.00     77.88      0.00      0.00     22.12
08:55:10 PM       8      2.02      0.00     76.77      0.00      0.00     21.21
08:55:10 PM      12      1.87      0.00     69.16      0.00      0.00     28.97
08:55:10 PM      16      1.98      0.00     71.29      0.00      0.00     26.73
08:55:10 PM      20      0.00      0.00     77.23      0.00      0.00     22.77
08:55:10 PM      24      2.06      0.00     71.13      0.00      0.00     26.80

08:55:10 PM     CPU     %user     %nice   %system   %iowait    %steal     %idle
08:55:11 PM       4      2.04      0.00     73.47      0.00      0.00     24.49
08:55:11 PM       8      2.04      0.00     69.39      0.00      0.00     28.57
08:55:11 PM      12      1.06      0.00     74.47      0.00      0.00     24.47
08:55:11 PM      16      0.00      0.00     78.00      0.00      0.00     22.00
08:55:11 PM      20      2.06      0.00     71.13      0.00      0.00     26.80
08:55:11 PM      24      0.00      0.00     76.60      0.00      0.00     23.40
