Linux 6.0.3 (genie03) 	09/05/2023 	_x86_64_	(64 CPU)

07:55:10 PM     CPU     %user     %nice   %system   %iowait    %steal     %idle
07:55:11 PM       4      0.96      0.00     75.00      0.00      0.00     24.04
07:55:11 PM       8      0.98      0.00     79.41      0.00      0.00     19.61
07:55:11 PM      12      0.98      0.00     82.35      0.00      0.00     16.67
07:55:11 PM      16      2.04      0.00     81.63      0.00      0.00     16.33
07:55:11 PM      20      1.04      0.00     79.17      0.00      0.00     19.79

07:55:11 PM     CPU     %user     %nice   %system   %iowait    %steal     %idle
07:55:12 PM       4      0.99      0.00     78.22      0.00      0.00     20.79
07:55:12 PM       8      0.00      0.00     82.18      0.00      0.00     17.82
07:55:12 PM      12      0.00      0.00     80.20      0.00      0.00     19.80
07:55:12 PM      16      0.97      0.00     80.58      0.00      0.00     18.45
07:55:12 PM      20      0.00      0.00     80.58      0.00      0.00     19.42

07:55:12 PM     CPU     %user     %nice   %system   %iowait    %steal     %idle
07:55:13 PM       4      2.04      0.00     78.57      0.00      0.00     19.39
07:55:13 PM       8      1.02      0.00     78.57      0.00      0.00     20.41
07:55:13 PM      12      0.99      0.00     82.18      0.00      0.00     16.83
07:55:13 PM      16      2.02      0.00     78.79      0.00      0.00     19.19
07:55:13 PM      20      0.98      0.00     77.45      0.00      0.00     21.57

07:55:13 PM     CPU     %user     %nice   %system   %iowait    %steal     %idle
07:55:14 PM       4      0.00      0.00     75.25      0.00      0.00     24.75
07:55:14 PM       8      0.96      0.00     81.73      0.00      0.00     17.31
07:55:14 PM      12      1.02      0.00     77.55      0.00      0.00     21.43
07:55:14 PM      16      0.00      0.00     78.79      0.00      0.00     21.21
07:55:14 PM      20      0.00      0.00     81.82      0.00      0.00     18.18

07:55:14 PM     CPU     %user     %nice   %system   %iowait    %steal     %idle
07:55:15 PM       4      1.04      0.00     79.17      0.00      0.00     19.79
07:55:15 PM       8      1.01      0.00     81.82      0.00      0.00     17.17
07:55:15 PM      12      0.97      0.00     78.64      0.00      0.00     20.39
07:55:15 PM      16      1.03      0.00     73.20      0.00      0.00     25.77
07:55:15 PM      20      0.00      0.00     82.65      0.00      0.00     17.35

07:55:15 PM     CPU     %user     %nice   %system   %iowait    %steal     %idle
07:55:16 PM       4      0.98      0.00     93.14      0.00      0.00      5.88
07:55:16 PM       8      0.00      0.00     94.12      0.00      0.00      5.88
07:55:16 PM      12      0.00      0.00     95.00      0.00      0.00      5.00
07:55:16 PM      16      0.00      0.00     93.94      0.00      0.00      6.06
07:55:16 PM      20      0.98      0.00     95.10      0.00      0.00      3.92

07:55:16 PM     CPU     %user     %nice   %system   %iowait    %steal     %idle
07:55:17 PM       4      0.00      0.00    100.00      0.00      0.00      0.00
07:55:17 PM       8      1.00      0.00     99.00      0.00      0.00      0.00
07:55:17 PM      12      1.00      0.00     99.00      0.00      0.00      0.00
07:55:17 PM      16      1.00      0.00     99.00      0.00      0.00      0.00
07:55:17 PM      20      1.00      0.00     99.00      0.00      0.00      0.00

07:55:17 PM     CPU     %user     %nice   %system   %iowait    %steal     %idle
07:55:18 PM       4      0.00      0.00    100.00      0.00      0.00      0.00
07:55:18 PM       8      1.00      0.00     99.00      0.00      0.00      0.00
07:55:18 PM      12      0.00      0.00    100.00      0.00      0.00      0.00
07:55:18 PM      16      1.00      0.00     99.00      0.00      0.00      0.00
07:55:18 PM      20      0.00      0.00    100.00      0.00      0.00      0.00

07:55:18 PM     CPU     %user     %nice   %system   %iowait    %steal     %idle
07:55:19 PM       4      1.01      0.00     82.83      0.00      0.00     16.16
07:55:19 PM       8      0.00      0.00     88.24      0.00      0.00     11.76
07:55:19 PM      12      1.02      0.00     83.67      0.00      0.00     15.31
07:55:19 PM      16      2.00      0.00     83.00      0.00      0.00     15.00
07:55:19 PM      20      0.97      0.00     81.55      0.00      0.00     17.48

07:55:19 PM     CPU     %user     %nice   %system   %iowait    %steal     %idle
07:55:20 PM       4      0.99      0.00     89.11      0.00      0.00      9.90
07:55:20 PM       8      0.99      0.00     87.13      0.00      0.00     11.88
07:55:20 PM      12      1.05      0.00     87.37      0.00      0.00     11.58
07:55:20 PM      16      1.03      0.00     87.63      0.00      0.00     11.34
07:55:20 PM      20      0.00      0.00     87.63      0.00      0.00     12.37

07:55:20 PM     CPU     %user     %nice   %system   %iowait    %steal     %idle
07:55:21 PM       4      0.00      0.00    100.00      0.00      0.00      0.00
07:55:21 PM       8      1.00      0.00     99.00      0.00      0.00      0.00
07:55:21 PM      12      1.00      0.00     99.00      0.00      0.00      0.00
07:55:21 PM      16      1.00      0.00     99.00      0.00      0.00      0.00
07:55:21 PM      20      1.00      0.00     99.00      0.00      0.00      0.00

07:55:21 PM     CPU     %user     %nice   %system   %iowait    %steal     %idle
07:55:22 PM       4      0.00      0.00    100.00      0.00      0.00      0.00
07:55:22 PM       8      0.00      0.00    100.00      0.00      0.00      0.00
07:55:22 PM      12      0.00      0.00    100.00      0.00      0.00      0.00
07:55:22 PM      16      0.99      0.00     99.01      0.00      0.00      0.00
07:55:22 PM      20      0.00      0.00    100.00      0.00      0.00      0.00

07:55:22 PM     CPU     %user     %nice   %system   %iowait    %steal     %idle
07:55:23 PM       4      0.99      0.00     99.01      0.00      0.00      0.00
07:55:23 PM       8      0.00      0.00    100.00      0.00      0.00      0.00
07:55:23 PM      12      0.99      0.00     99.01      0.00      0.00      0.00
07:55:23 PM      16      0.00      0.00    100.00      0.00      0.00      0.00
07:55:23 PM      20      0.00      0.00    100.00      0.00      0.00      0.00

07:55:23 PM     CPU     %user     %nice   %system   %iowait    %steal     %idle
07:55:24 PM       4      0.00      0.00    100.00      0.00      0.00      0.00
07:55:24 PM       8      0.00      0.00    100.00      0.00      0.00      0.00
07:55:24 PM      12      0.00      0.00    100.00      0.00      0.00      0.00
07:55:24 PM      16      1.00      0.00     99.00      0.00      0.00      0.00
07:55:24 PM      20      0.99      0.00     99.01      0.00      0.00      0.00

07:55:24 PM     CPU     %user     %nice   %system   %iowait    %steal     %idle
07:55:25 PM       4      2.00      0.00     98.00      0.00      0.00      0.00
07:55:25 PM       8      0.00      0.00    100.00      0.00      0.00      0.00
07:55:25 PM      12      0.00      0.00    100.00      0.00      0.00      0.00
07:55:25 PM      16      1.00      0.00     99.00      0.00      0.00      0.00
07:55:25 PM      20      0.99      0.00     99.01      0.00      0.00      0.00
