Linux 6.0.3+ (genie03) 	12/21/2023 	_x86_64_	(64 CPU)

03:48:40 PM     CPU     %user     %nice   %system   %iowait    %steal     %idle
03:48:41 PM       4      0.00      0.00     88.00      0.00      0.00     12.00
03:48:41 PM       8      0.98      0.00     83.33      0.00      0.00     15.69
03:48:41 PM      12      0.99      0.00     79.21      0.00      0.00     19.80
03:48:41 PM      16      0.00      0.00     84.00      0.00      0.00     16.00
03:48:41 PM      20      0.99      0.00     85.15      0.00      0.00     13.86

03:48:41 PM     CPU     %user     %nice   %system   %iowait    %steal     %idle
03:48:42 PM       4      0.97      0.00     87.38      0.00      0.00     11.65
03:48:42 PM       8      0.00      0.00     85.29      0.00      0.00     14.71
03:48:42 PM      12      0.00      0.00     78.43      0.00      0.00     21.57
03:48:42 PM      16      0.00      0.00     88.78      0.00      0.00     11.22
03:48:42 PM      20      0.00      0.00     86.14      0.00      0.00     13.86

03:48:42 PM     CPU     %user     %nice   %system   %iowait    %steal     %idle
03:48:43 PM       4      1.00      0.00     81.00      0.00      0.00     18.00
03:48:43 PM       8      0.98      0.00     87.25      0.00      0.00     11.76
03:48:43 PM      12      0.97      0.00     75.73      0.00      0.00     23.30
03:48:43 PM      16      0.00      0.00     85.15      0.00      0.00     14.85
03:48:43 PM      20      0.98      0.00     83.33      0.00      0.00     15.69

03:48:43 PM     CPU     %user     %nice   %system   %iowait    %steal     %idle
03:48:44 PM       4      0.00      0.00     87.13      0.00      0.00     12.87
03:48:44 PM       8      0.00      0.00     88.00      0.00      0.00     12.00
03:48:44 PM      12      0.00      0.00     82.00      0.00      0.00     18.00
03:48:44 PM      16      0.00      0.00     86.54      0.00      0.00     13.46
03:48:44 PM      20      1.01      0.00     85.86      0.00      0.00     13.13

03:48:44 PM     CPU     %user     %nice   %system   %iowait    %steal     %idle
03:48:45 PM       4      0.97      0.00     86.41      0.00      0.00     12.62
03:48:45 PM       8      1.00      0.00     84.00      0.00      0.00     15.00
03:48:45 PM      12      0.00      0.00     81.00      0.00      0.00     19.00
03:48:45 PM      16      0.00      0.00     86.14      0.00      0.00     13.86
03:48:45 PM      20      0.00      0.00     87.37      0.00      0.00     12.63

03:48:45 PM     CPU     %user     %nice   %system   %iowait    %steal     %idle
03:48:46 PM       4      0.00      0.00     87.50      0.00      0.00     12.50
03:48:46 PM       8      0.00      0.00     87.13      0.00      0.00     12.87
03:48:46 PM      12      0.00      0.00     73.74      0.00      0.00     26.26
03:48:46 PM      16      0.96      0.00     85.58      0.00      0.00     13.46
03:48:46 PM      20      0.95      0.00     82.86      0.00      0.00     16.19

03:48:46 PM     CPU     %user     %nice   %system   %iowait    %steal     %idle
03:48:47 PM       4      0.00      0.00     85.71      0.00      0.00     14.29
03:48:47 PM       8      0.98      0.00     82.35      0.00      0.00     16.67
03:48:47 PM      12      1.98      0.00     80.20      0.00      0.00     17.82
03:48:47 PM      16      0.00      0.00     86.73      0.00      0.00     13.27
03:48:47 PM      20      0.00      0.00     88.66      0.00      0.00     11.34

03:48:47 PM     CPU     %user     %nice   %system   %iowait    %steal     %idle
03:48:48 PM       4      0.00      0.00     87.00      0.00      0.00     13.00
03:48:48 PM       8      0.00      0.00     89.52      0.00      0.00     10.48
03:48:48 PM      12      0.00      0.00     75.49      0.00      0.00     24.51
03:48:48 PM      16      0.99      0.00     86.14      0.00      0.00     12.87
03:48:48 PM      20      0.00      0.00     85.71      0.00      0.00     14.29

03:48:48 PM     CPU     %user     %nice   %system   %iowait    %steal     %idle
03:48:49 PM       4      0.99      0.00     86.14      0.00      0.00     12.87
03:48:49 PM       8      2.02      0.00     81.82      0.00      0.00     16.16
03:48:49 PM      12      1.03      0.00     80.41      0.00      0.00     18.56
03:48:49 PM      16      1.00      0.00     86.00      0.00      0.00     13.00
03:48:49 PM      20      0.97      0.00     84.47      0.00      0.00     14.56

03:48:49 PM     CPU     %user     %nice   %system   %iowait    %steal     %idle
03:48:50 PM       4      0.00      0.00     85.29      0.00      0.00     14.71
03:48:50 PM       8      1.89      0.00     85.85      0.00      0.00     12.26
03:48:50 PM      12      1.02      0.00     78.57      0.00      0.00     20.41
03:48:50 PM      16      1.04      0.00     87.50      0.00      0.00     11.46
03:48:50 PM      20      1.00      0.00     86.00      0.00      0.00     13.00

03:48:50 PM     CPU     %user     %nice   %system   %iowait    %steal     %idle
03:48:51 PM       4      0.97      0.00     85.44      0.00      0.00     13.59
03:48:51 PM       8      0.00      0.00     87.63      0.00      0.00     12.37
03:48:51 PM      12      0.98      0.00     80.39      0.00      0.00     18.63
03:48:51 PM      16      0.00      0.00     87.76      0.00      0.00     12.24
03:48:51 PM      20      0.00      0.00     85.29      0.00      0.00     14.71

03:48:51 PM     CPU     %user     %nice   %system   %iowait    %steal     %idle
03:48:52 PM       4      1.06      0.00     82.98      0.00      0.00     15.96
03:48:52 PM       8      0.95      0.00     84.76      0.00      0.00     14.29
03:48:52 PM      12      0.00      0.00     79.17      0.00      0.00     20.83
03:48:52 PM      16      0.00      0.00     87.76      0.00      0.00     12.24
03:48:52 PM      20      0.00      0.00     86.27      0.00      0.00     13.73

03:48:52 PM     CPU     %user     %nice   %system   %iowait    %steal     %idle
03:48:53 PM       4      0.00      0.00     85.15      0.00      0.00     14.85
03:48:53 PM       8      1.00      0.00     85.00      0.00      0.00     14.00
03:48:53 PM      12      1.01      0.00     81.82      0.00      0.00     17.17
03:48:53 PM      16      0.00      0.00     84.21      0.00      0.00     15.79
03:48:53 PM      20      1.02      0.00     85.71      0.00      0.00     13.27

03:48:53 PM     CPU     %user     %nice   %system   %iowait    %steal     %idle
03:48:54 PM       4      0.97      0.00     83.50      0.00      0.00     15.53
03:48:54 PM       8      0.99      0.00     84.16      0.00      0.00     14.85
03:48:54 PM      12      0.00      0.00     82.35      0.00      0.00     17.65
03:48:54 PM      16      0.97      0.00     85.44      0.00      0.00     13.59
03:48:54 PM      20      0.00      0.00     87.25      0.00      0.00     12.75

03:48:54 PM     CPU     %user     %nice   %system   %iowait    %steal     %idle
03:48:55 PM       4      0.96      0.00     86.54      0.00      0.00     12.50
03:48:55 PM       8      1.02      0.00     84.69      0.00      0.00     14.29
03:48:55 PM      12      0.00      0.00     83.67      0.00      0.00     16.33
03:48:55 PM      16      0.00      0.00     84.38      0.00      0.00     15.62
03:48:55 PM      20      1.00      0.00     86.00      0.00      0.00     13.00

03:48:55 PM     CPU     %user     %nice   %system   %iowait    %steal     %idle
03:48:56 PM       4      0.98      0.00     88.24      0.00      0.00     10.78
03:48:56 PM       8      0.00      0.00     87.00      0.00      0.00     13.00
03:48:56 PM      12      1.96      0.00     78.43      0.00      0.00     19.61
03:48:56 PM      16      1.02      0.00     85.71      0.00      0.00     13.27
03:48:56 PM      20      0.00      0.00     86.14      0.00      0.00     13.86

03:48:56 PM     CPU     %user     %nice   %system   %iowait    %steal     %idle
03:48:57 PM       4      0.96      0.00     83.65      0.00      0.00     15.38
03:48:57 PM       8      0.98      0.00     87.25      0.00      0.00     11.76
03:48:57 PM      12      0.98      0.00     77.45      0.00      0.00     21.57
03:48:57 PM      16      1.01      0.00     86.87      0.00      0.00     12.12
03:48:57 PM      20      0.98      0.00     83.33      0.00      0.00     15.69

03:48:57 PM     CPU     %user     %nice   %system   %iowait    %steal     %idle
03:48:58 PM       4      0.00      0.00     87.50      0.00      0.00     12.50
03:48:58 PM       8      1.01      0.00     87.88      0.00      0.00     11.11
03:48:58 PM      12      0.99      0.00     77.23      0.00      0.00     21.78
03:48:58 PM      16      0.00      0.00     86.00      0.00      0.00     14.00
03:48:58 PM      20      1.01      0.00     85.86      0.00      0.00     13.13

03:48:58 PM     CPU     %user     %nice   %system   %iowait    %steal     %idle
03:48:59 PM       4      0.00      0.00     86.46      0.00      0.00     13.54
03:48:59 PM       8      1.02      0.00     86.73      0.00      0.00     12.24
03:48:59 PM      12      0.00      0.00     75.00      0.00      0.00     25.00
03:48:59 PM      16      1.02      0.00     83.67      0.00      0.00     15.31
03:48:59 PM      20      0.00      0.00     87.13      0.00      0.00     12.87

03:48:59 PM     CPU     %user     %nice   %system   %iowait    %steal     %idle
03:49:00 PM       4      0.98      0.00     83.33      0.00      0.00     15.69
03:49:00 PM       8      0.00      0.00     87.00      0.00      0.00     13.00
03:49:00 PM      12      0.00      0.00     80.20      0.00      0.00     19.80
03:49:00 PM      16      0.00      0.00     90.00      0.00      0.00     10.00
03:49:00 PM      20      1.00      0.00     85.00      0.00      0.00     14.00

03:49:00 PM     CPU     %user     %nice   %system   %iowait    %steal     %idle
03:49:01 PM       4      0.99      0.00     86.14      0.00      0.00     12.87
03:49:01 PM       8      0.00      0.00     86.14      0.00      0.00     13.86
03:49:01 PM      12      0.99      0.00     78.22      0.00      0.00     20.79
03:49:01 PM      16      0.00      0.00     86.14      0.00      0.00     13.86
03:49:01 PM      20      0.00      0.00     86.54      0.00      0.00     13.46

03:49:01 PM     CPU     %user     %nice   %system   %iowait    %steal     %idle
03:49:02 PM       4      1.01      0.00     84.85      0.00      0.00     14.14
03:49:02 PM       8      2.04      0.00     84.69      0.00      0.00     13.27
03:49:02 PM      12      1.94      0.00     82.52      0.00      0.00     15.53
03:49:02 PM      16      0.99      0.00     82.18      0.00      0.00     16.83
03:49:02 PM      20      0.00      0.00     89.00      0.00      0.00     11.00

03:49:02 PM     CPU     %user     %nice   %system   %iowait    %steal     %idle
03:49:03 PM       4      0.99      0.00     84.16      0.00      0.00     14.85
03:49:03 PM       8      0.00      0.00     86.87      0.00      0.00     13.13
03:49:03 PM      12      0.99      0.00     72.28      0.00      0.00     26.73
03:49:03 PM      16      1.00      0.00     86.00      0.00      0.00     13.00
03:49:03 PM      20      1.02      0.00     85.71      0.00      0.00     13.27

03:49:03 PM     CPU     %user     %nice   %system   %iowait    %steal     %idle
03:49:04 PM       4      0.96      0.00     87.50      0.00      0.00     11.54
03:49:04 PM       8      0.00      0.00     83.17      0.00      0.00     16.83
03:49:04 PM      12      1.03      0.00     79.38      0.00      0.00     19.59
03:49:04 PM      16      0.00      0.00     83.84      0.00      0.00     16.16
03:49:04 PM      20      0.00      0.00     84.31      0.00      0.00     15.69

03:49:04 PM     CPU     %user     %nice   %system   %iowait    %steal     %idle
03:49:05 PM       4      1.00      0.00     84.00      0.00      0.00     15.00
03:49:05 PM       8      1.96      0.00     85.29      0.00      0.00     12.75
03:49:05 PM      12      0.98      0.00     85.29      0.00      0.00     13.73
03:49:05 PM      16      0.96      0.00     86.54      0.00      0.00     12.50
03:49:05 PM      20      0.00      0.00     86.87      0.00      0.00     13.13
