Linux 6.0.3 (genie03) 	08/31/2023 	_x86_64_	(64 CPU)

02:20:25 PM     CPU     %user     %nice   %system   %iowait    %steal     %idle
02:20:26 PM       4      1.05      0.00     94.74      0.00      0.00      4.21
02:20:26 PM       8      2.06      0.00     93.81      0.00      0.00      4.12
02:20:26 PM      12      3.12      0.00     92.71      0.00      0.00      4.17
02:20:26 PM      16      1.00      0.00     94.00      0.00      0.00      5.00
02:20:26 PM      20      1.06      0.00     87.23      0.00      0.00     11.70

02:20:26 PM     CPU     %user     %nice   %system   %iowait    %steal     %idle
02:20:27 PM       4      1.06      0.00     95.74      0.00      0.00      3.19
02:20:27 PM       8      2.06      0.00     94.85      0.00      0.00      3.09
02:20:27 PM      12      3.12      0.00     92.71      0.00      0.00      4.17
02:20:27 PM      16      2.04      0.00     93.88      0.00      0.00      4.08
02:20:27 PM      20      1.01      0.00     91.92      0.00      0.00      7.07

02:20:27 PM     CPU     %user     %nice   %system   %iowait    %steal     %idle
02:20:28 PM       4      2.11      0.00     93.68      0.00      0.00      4.21
02:20:28 PM       8      2.04      0.00     93.88      0.00      0.00      4.08
02:20:28 PM      12      1.04      0.00     95.83      0.00      0.00      3.12
02:20:28 PM      16      1.05      0.00     95.79      0.00      0.00      3.16
02:20:28 PM      20      0.00      0.00     96.81      0.00      0.00      3.19

02:20:28 PM     CPU     %user     %nice   %system   %iowait    %steal     %idle
02:20:29 PM       4      1.02      0.00     94.90      0.00      0.00      4.08
02:20:29 PM       8      0.00      0.00     96.84      0.00      0.00      3.16
02:20:29 PM      12      1.06      0.00     94.68      0.00      0.00      4.26
02:20:29 PM      16      3.09      0.00     92.78      0.00      0.00      4.12
02:20:29 PM      20      2.06      0.00     94.85      0.00      0.00      3.09

02:20:29 PM     CPU     %user     %nice   %system   %iowait    %steal     %idle
02:20:30 PM       4      2.11      0.00     94.74      0.00      0.00      3.16
02:20:30 PM       8      1.02      0.00     94.90      0.00      0.00      4.08
02:20:30 PM      12      2.06      0.00     93.81      0.00      0.00      4.12
02:20:30 PM      16      2.15      0.00     93.55      0.00      0.00      4.30
02:20:30 PM      20      1.03      0.00     94.85      0.00      0.00      4.12

02:20:30 PM     CPU     %user     %nice   %system   %iowait    %steal     %idle
02:20:31 PM       4      1.05      0.00     94.74      0.00      0.00      4.21
02:20:31 PM       8      1.01      0.00     95.96      0.00      0.00      3.03
02:20:31 PM      12      1.06      0.00     94.68      0.00      0.00      4.26
02:20:31 PM      16      2.11      0.00     93.68      0.00      0.00      4.21
02:20:31 PM      20      1.04      0.00     95.83      0.00      0.00      3.12

02:20:31 PM     CPU     %user     %nice   %system   %iowait    %steal     %idle
02:20:32 PM       4      3.09      0.00     92.78      0.00      0.00      4.12
02:20:32 PM       8      2.15      0.00     94.62      0.00      0.00      3.23
02:20:32 PM      12      1.06      0.00     95.74      0.00      0.00      3.19
02:20:32 PM      16      1.00      0.00     95.00      0.00      0.00      4.00
02:20:32 PM      20      1.06      0.00     95.74      0.00      0.00      3.19

02:20:32 PM     CPU     %user     %nice   %system   %iowait    %steal     %idle
02:20:33 PM       4      1.06      0.00     95.74      0.00      0.00      3.19
02:20:33 PM       8      1.05      0.00     95.79      0.00      0.00      3.16
02:20:33 PM      12      4.12      0.00     91.75      0.00      0.00      4.12
02:20:33 PM      16      1.04      0.00     94.79      0.00      0.00      4.17
02:20:33 PM      20      2.06      0.00     94.85      0.00      0.00      3.09

02:20:33 PM     CPU     %user     %nice   %system   %iowait    %steal     %idle
02:20:34 PM       4      1.06      0.00     94.68      0.00      0.00      4.26
02:20:34 PM       8      2.06      0.00     93.81      0.00      0.00      4.12
02:20:34 PM      12      1.04      0.00     95.83      0.00      0.00      3.12
02:20:34 PM      16      2.00      0.00     95.00      0.00      0.00      3.00
02:20:34 PM      20      1.03      0.00     95.88      0.00      0.00      3.09

02:20:34 PM     CPU     %user     %nice   %system   %iowait    %steal     %idle
02:20:35 PM       4      2.08      0.00     93.75      0.00      0.00      4.17
02:20:35 PM       8      2.11      0.00     94.74      0.00      0.00      3.16
02:20:35 PM      12      1.03      0.00     94.85      0.00      0.00      4.12
02:20:35 PM      16      1.00      0.00     95.00      0.00      0.00      4.00
02:20:35 PM      20      0.00      0.00     95.83      0.00      0.00      4.17

02:20:35 PM     CPU     %user     %nice   %system   %iowait    %steal     %idle
02:20:36 PM       4      1.02      0.00     93.88      0.00      0.00      5.10
02:20:36 PM       8      4.21      0.00     91.58      0.00      0.00      4.21
02:20:36 PM      12      1.05      0.00     94.74      0.00      0.00      4.21
02:20:36 PM      16      1.02      0.00     94.90      0.00      0.00      4.08
02:20:36 PM      20      2.13      0.00     94.68      0.00      0.00      3.19

02:20:36 PM     CPU     %user     %nice   %system   %iowait    %steal     %idle
02:20:37 PM       4      1.03      0.00     94.85      0.00      0.00      4.12
02:20:37 PM       8      0.00      0.00     96.74      0.00      0.00      3.26
02:20:37 PM      12      2.15      0.00     94.62      0.00      0.00      3.23
02:20:37 PM      16      1.03      0.00     93.81      0.00      0.00      5.15
02:20:37 PM      20      2.00      0.00     94.00      0.00      0.00      4.00

02:20:37 PM     CPU     %user     %nice   %system   %iowait    %steal     %idle
02:20:38 PM       4      1.03      0.00     94.85      0.00      0.00      4.12
02:20:38 PM       8      1.03      0.00     94.85      0.00      0.00      4.12
02:20:38 PM      12      1.03      0.00     94.85      0.00      0.00      4.12
02:20:38 PM      16      1.00      0.00     95.00      0.00      0.00      4.00
02:20:38 PM      20      3.16      0.00     92.63      0.00      0.00      4.21

02:20:38 PM     CPU     %user     %nice   %system   %iowait    %steal     %idle
02:20:39 PM       4      2.08      0.00     94.79      0.00      0.00      3.12
02:20:39 PM       8      2.15      0.00     93.55      0.00      0.00      4.30
02:20:39 PM      12      2.13      0.00     93.62      0.00      0.00      4.26
02:20:39 PM      16      1.04      0.00     94.79      0.00      0.00      4.17
02:20:39 PM      20      1.05      0.00     95.79      0.00      0.00      3.16

02:20:39 PM     CPU     %user     %nice   %system   %iowait    %steal     %idle
02:20:40 PM       4      3.09      0.00     92.78      0.00      0.00      4.12
02:20:40 PM       8      2.11      0.00     94.74      0.00      0.00      3.16
02:20:40 PM      12      0.00      0.00     96.70      0.00      0.00      3.30
02:20:40 PM      16      1.04      0.00     95.83      0.00      0.00      3.12
02:20:40 PM      20      2.04      0.00     94.90      0.00      0.00      3.06
