Linux 6.0.3+ (genie03) 	12/21/2023 	_x86_64_	(64 CPU)

03:35:46 PM     CPU     %user     %nice   %system   %iowait    %steal     %idle
03:35:47 PM       4      0.00      0.00    100.00      0.00      0.00      0.00
03:35:47 PM       8      0.00      0.00    100.00      0.00      0.00      0.00
03:35:47 PM      12      0.99      0.00     99.01      0.00      0.00      0.00
03:35:47 PM      16      0.00      0.00    100.00      0.00      0.00      0.00
03:35:47 PM      20      0.00      0.00    100.00      0.00      0.00      0.00

03:35:47 PM     CPU     %user     %nice   %system   %iowait    %steal     %idle
03:35:48 PM       4      0.00      0.00    100.00      0.00      0.00      0.00
03:35:48 PM       8      0.00      0.00    100.00      0.00      0.00      0.00
03:35:48 PM      12      1.00      0.00     99.00      0.00      0.00      0.00
03:35:48 PM      16      0.00      0.00    100.00      0.00      0.00      0.00
03:35:48 PM      20      0.00      0.00    100.00      0.00      0.00      0.00

03:35:48 PM     CPU     %user     %nice   %system   %iowait    %steal     %idle
03:35:49 PM       4      0.00      0.00    100.00      0.00      0.00      0.00
03:35:49 PM       8      0.99      0.00     99.01      0.00      0.00      0.00
03:35:49 PM      12      0.00      0.00    100.00      0.00      0.00      0.00
03:35:49 PM      16      0.00      0.00    100.00      0.00      0.00      0.00
03:35:49 PM      20      0.00      0.00    100.00      0.00      0.00      0.00

03:35:49 PM     CPU     %user     %nice   %system   %iowait    %steal     %idle
03:35:50 PM       4      0.00      0.00    100.00      0.00      0.00      0.00
03:35:50 PM       8      0.00      0.00    100.00      0.00      0.00      0.00
03:35:50 PM      12      0.00      0.00    100.00      0.00      0.00      0.00
03:35:50 PM      16      0.99      0.00     99.01      0.00      0.00      0.00
03:35:50 PM      20      0.00      0.00    100.00      0.00      0.00      0.00

03:35:50 PM     CPU     %user     %nice   %system   %iowait    %steal     %idle
03:35:51 PM       4      0.00      0.00    100.00      0.00      0.00      0.00
03:35:51 PM       8      0.00      0.00    100.00      0.00      0.00      0.00
03:35:51 PM      12      0.00      0.00    100.00      0.00      0.00      0.00
03:35:51 PM      16      0.00      0.00    100.00      0.00      0.00      0.00
03:35:51 PM      20      0.00      0.00    100.00      0.00      0.00      0.00

03:35:51 PM     CPU     %user     %nice   %system   %iowait    %steal     %idle
03:35:52 PM       4      0.00      0.00    100.00      0.00      0.00      0.00
03:35:52 PM       8      0.00      0.00    100.00      0.00      0.00      0.00
03:35:52 PM      12      0.99      0.00     99.01      0.00      0.00      0.00
03:35:52 PM      16      0.00      0.00    100.00      0.00      0.00      0.00
03:35:52 PM      20      0.00      0.00    100.00      0.00      0.00      0.00

03:35:52 PM     CPU     %user     %nice   %system   %iowait    %steal     %idle
03:35:53 PM       4      0.00      0.00    100.00      0.00      0.00      0.00
03:35:53 PM       8      0.99      0.00     99.01      0.00      0.00      0.00
03:35:53 PM      12      1.01      0.00     98.99      0.00      0.00      0.00
03:35:53 PM      16      0.00      0.00    100.00      0.00      0.00      0.00
03:35:53 PM      20      0.00      0.00    100.00      0.00      0.00      0.00

03:35:53 PM     CPU     %user     %nice   %system   %iowait    %steal     %idle
03:35:54 PM       4      0.00      0.00    100.00      0.00      0.00      0.00
03:35:54 PM       8      0.00      0.00    100.00      0.00      0.00      0.00
03:35:54 PM      12      0.99      0.00     99.01      0.00      0.00      0.00
03:35:54 PM      16      0.00      0.00    100.00      0.00      0.00      0.00
03:35:54 PM      20      0.99      0.00     99.01      0.00      0.00      0.00

03:35:54 PM     CPU     %user     %nice   %system   %iowait    %steal     %idle
03:35:55 PM       4      1.98      0.00     98.02      0.00      0.00      0.00
03:35:55 PM       8      0.99      0.00     99.01      0.00      0.00      0.00
03:35:55 PM      12      0.00      0.00    100.00      0.00      0.00      0.00
03:35:55 PM      16      1.00      0.00     99.00      0.00      0.00      0.00
03:35:55 PM      20      0.00      0.00    100.00      0.00      0.00      0.00

03:35:55 PM     CPU     %user     %nice   %system   %iowait    %steal     %idle
03:35:56 PM       4      0.00      0.00    100.00      0.00      0.00      0.00
03:35:56 PM       8      0.00      0.00    100.00      0.00      0.00      0.00
03:35:56 PM      12      1.00      0.00     99.00      0.00      0.00      0.00
03:35:56 PM      16      0.00      0.00    100.00      0.00      0.00      0.00
03:35:56 PM      20      0.00      0.00    100.00      0.00      0.00      0.00

03:35:56 PM     CPU     %user     %nice   %system   %iowait    %steal     %idle
03:35:57 PM       4      0.00      0.00    100.00      0.00      0.00      0.00
03:35:57 PM       8      1.00      0.00     99.00      0.00      0.00      0.00
03:35:57 PM      12      0.00      0.00    100.00      0.00      0.00      0.00
03:35:57 PM      16      0.00      0.00    100.00      0.00      0.00      0.00
03:35:57 PM      20      1.00      0.00     99.00      0.00      0.00      0.00

03:35:57 PM     CPU     %user     %nice   %system   %iowait    %steal     %idle
03:35:58 PM       4      0.99      0.00     99.01      0.00      0.00      0.00
03:35:58 PM       8      1.00      0.00     99.00      0.00      0.00      0.00
03:35:58 PM      12      1.00      0.00     99.00      0.00      0.00      0.00
03:35:58 PM      16      0.00      0.00    100.00      0.00      0.00      0.00
03:35:58 PM      20      0.00      0.00    100.00      0.00      0.00      0.00

03:35:58 PM     CPU     %user     %nice   %system   %iowait    %steal     %idle
03:35:59 PM       4      1.00      0.00     99.00      0.00      0.00      0.00
03:35:59 PM       8      0.00      0.00    100.00      0.00      0.00      0.00
03:35:59 PM      12      0.00      0.00    100.00      0.00      0.00      0.00
03:35:59 PM      16      0.00      0.00    100.00      0.00      0.00      0.00
03:35:59 PM      20      0.00      0.00    100.00      0.00      0.00      0.00

03:35:59 PM     CPU     %user     %nice   %system   %iowait    %steal     %idle
03:36:00 PM       4      0.00      0.00    100.00      0.00      0.00      0.00
03:36:00 PM       8      0.00      0.00    100.00      0.00      0.00      0.00
03:36:00 PM      12      1.01      0.00     98.99      0.00      0.00      0.00
03:36:00 PM      16      0.00      0.00    100.00      0.00      0.00      0.00
03:36:00 PM      20      0.99      0.00     99.01      0.00      0.00      0.00

03:36:00 PM     CPU     %user     %nice   %system   %iowait    %steal     %idle
03:36:01 PM       4      1.00      0.00     99.00      0.00      0.00      0.00
03:36:01 PM       8      1.00      0.00     99.00      0.00      0.00      0.00
03:36:01 PM      12      0.99      0.00     99.01      0.00      0.00      0.00
03:36:01 PM      16      0.99      0.00     99.01      0.00      0.00      0.00
03:36:01 PM      20      0.00      0.00    100.00      0.00      0.00      0.00

03:36:01 PM     CPU     %user     %nice   %system   %iowait    %steal     %idle
03:36:02 PM       4      1.00      0.00     99.00      0.00      0.00      0.00
03:36:02 PM       8      0.99      0.00     99.01      0.00      0.00      0.00
03:36:02 PM      12      1.00      0.00     99.00      0.00      0.00      0.00
03:36:02 PM      16      0.00      0.00    100.00      0.00      0.00      0.00
03:36:02 PM      20      1.00      0.00     99.00      0.00      0.00      0.00

03:36:02 PM     CPU     %user     %nice   %system   %iowait    %steal     %idle
03:36:03 PM       4      0.00      0.00    100.00      0.00      0.00      0.00
03:36:03 PM       8      0.00      0.00    100.00      0.00      0.00      0.00
03:36:03 PM      12      0.00      0.00    100.00      0.00      0.00      0.00
03:36:03 PM      16      0.00      0.00    100.00      0.00      0.00      0.00
03:36:03 PM      20      1.01      0.00     98.99      0.00      0.00      0.00

03:36:03 PM     CPU     %user     %nice   %system   %iowait    %steal     %idle
03:36:04 PM       4      0.00      0.00    100.00      0.00      0.00      0.00
03:36:04 PM       8      0.00      0.00    100.00      0.00      0.00      0.00
03:36:04 PM      12      0.00      0.00    100.00      0.00      0.00      0.00
03:36:04 PM      16      0.00      0.00    100.00      0.00      0.00      0.00
03:36:04 PM      20      0.00      0.00    100.00      0.00      0.00      0.00

03:36:04 PM     CPU     %user     %nice   %system   %iowait    %steal     %idle
03:36:05 PM       4      0.99      0.00     98.02      0.00      0.00      0.99
03:36:05 PM       8      0.00      0.00    100.00      0.00      0.00      0.00
03:36:05 PM      12      1.00      0.00     99.00      0.00      0.00      0.00
03:36:05 PM      16      0.99      0.00     99.01      0.00      0.00      0.00
03:36:05 PM      20      0.99      0.00     99.01      0.00      0.00      0.00

03:36:05 PM     CPU     %user     %nice   %system   %iowait    %steal     %idle
03:36:06 PM       4      0.00      0.00    100.00      0.00      0.00      0.00
03:36:06 PM       8      0.00      0.00    100.00      0.00      0.00      0.00
03:36:06 PM      12      0.00      0.00    100.00      0.00      0.00      0.00
03:36:06 PM      16      0.00      0.00    100.00      0.00      0.00      0.00
03:36:06 PM      20      0.00      0.00    100.00      0.00      0.00      0.00

03:36:06 PM     CPU     %user     %nice   %system   %iowait    %steal     %idle
03:36:07 PM       4      0.99      0.00     99.01      0.00      0.00      0.00
03:36:07 PM       8      0.00      0.00    100.00      0.00      0.00      0.00
03:36:07 PM      12      1.00      0.00     99.00      0.00      0.00      0.00
03:36:07 PM      16      0.00      0.00    100.00      0.00      0.00      0.00
03:36:07 PM      20      0.00      0.00    100.00      0.00      0.00      0.00

03:36:07 PM     CPU     %user     %nice   %system   %iowait    %steal     %idle
03:36:08 PM       4      0.00      0.00    100.00      0.00      0.00      0.00
03:36:08 PM       8      0.99      0.00     99.01      0.00      0.00      0.00
03:36:08 PM      12      0.00      0.00    100.00      0.00      0.00      0.00
03:36:08 PM      16      0.00      0.00    100.00      0.00      0.00      0.00
03:36:08 PM      20      1.01      0.00     98.99      0.00      0.00      0.00

03:36:08 PM     CPU     %user     %nice   %system   %iowait    %steal     %idle
03:36:09 PM       4      0.99      0.00     99.01      0.00      0.00      0.00
03:36:09 PM       8      0.00      0.00    100.00      0.00      0.00      0.00
03:36:09 PM      12      0.00      0.00    100.00      0.00      0.00      0.00
03:36:09 PM      16      1.00      0.00     99.00      0.00      0.00      0.00
03:36:09 PM      20      1.00      0.00     99.00      0.00      0.00      0.00

03:36:09 PM     CPU     %user     %nice   %system   %iowait    %steal     %idle
03:36:10 PM       4      0.00      0.00    100.00      0.00      0.00      0.00
03:36:10 PM       8      0.00      0.00    100.00      0.00      0.00      0.00
03:36:10 PM      12      0.00      0.00    100.00      0.00      0.00      0.00
03:36:10 PM      16      1.01      0.00     98.99      0.00      0.00      0.00
03:36:10 PM      20      1.00      0.00     99.00      0.00      0.00      0.00

03:36:10 PM     CPU     %user     %nice   %system   %iowait    %steal     %idle
03:36:11 PM       4      1.00      0.00     99.00      0.00      0.00      0.00
03:36:11 PM       8      0.99      0.00     99.01      0.00      0.00      0.00
03:36:11 PM      12      0.99      0.00     99.01      0.00      0.00      0.00
03:36:11 PM      16      0.00      0.00    100.00      0.00      0.00      0.00
03:36:11 PM      20      0.99      0.00     99.01      0.00      0.00      0.00
