Linux 6.0.3 (genie03) 	09/05/2023 	_x86_64_	(64 CPU)

07:57:45 PM     CPU     %user     %nice   %system   %iowait    %steal     %idle
07:57:46 PM       4      1.01      0.00     72.73      0.00      0.00     26.26
07:57:46 PM       8      1.04      0.00     72.92      0.00      0.00     26.04
07:57:46 PM      12      1.01      0.00     70.71      0.00      0.00     28.28
07:57:46 PM      16      1.05      0.00     74.74      0.00      0.00     24.21
07:57:46 PM      20      1.00      0.00     79.00      0.00      0.00     20.00

07:57:46 PM     CPU     %user     %nice   %system   %iowait    %steal     %idle
07:57:47 PM       4      0.00      0.00     72.73      0.00      0.00     27.27
07:57:47 PM       8      0.00      0.00     76.53      0.00      0.00     23.47
07:57:47 PM      12      1.03      0.00     71.13      0.00      0.00     27.84
07:57:47 PM      16      1.03      0.00     71.13      0.00      0.00     27.84
07:57:47 PM      20      2.02      0.00     72.73      0.00      0.00     25.25

07:57:47 PM     CPU     %user     %nice   %system   %iowait    %steal     %idle
07:57:48 PM       4      1.05      0.00     73.68      0.00      0.00     25.26
07:57:48 PM       8      2.02      0.00     72.73      0.00      0.00     25.25
07:57:48 PM      12      0.97      0.00     70.87      0.00      0.00     28.16
07:57:48 PM      16      1.03      0.00     70.10      0.00      0.00     28.87
07:57:48 PM      20      1.02      0.00     70.41      0.00      0.00     28.57

07:57:48 PM     CPU     %user     %nice   %system   %iowait    %steal     %idle
07:57:49 PM       4      2.02      0.00     73.74      0.00      0.00     24.24
07:57:49 PM       8      1.96      0.00     75.49      0.00      0.00     22.55
07:57:49 PM      12      2.04      0.00     70.41      0.00      0.00     27.55
07:57:49 PM      16      1.06      0.00     72.34      0.00      0.00     26.60
07:57:49 PM      20      1.05      0.00     70.53      0.00      0.00     28.42

07:57:49 PM     CPU     %user     %nice   %system   %iowait    %steal     %idle
07:57:50 PM       4      0.00      0.00     74.00      0.00      0.00     26.00
07:57:50 PM       8      1.02      0.00     72.45      0.00      0.00     26.53
07:57:50 PM      12      1.00      0.00     69.00      0.00      0.00     30.00
07:57:50 PM      16      1.03      0.00     72.16      0.00      0.00     26.80
07:57:50 PM      20      1.03      0.00     73.20      0.00      0.00     25.77

07:57:50 PM     CPU     %user     %nice   %system   %iowait    %steal     %idle
07:57:51 PM       4      1.05      0.00     69.47      0.00      0.00     29.47
07:57:51 PM       8      0.98      0.00     70.59      0.00      0.00     28.43
07:57:51 PM      12      1.02      0.00     73.47      0.00      0.00     25.51
07:57:51 PM      16      0.98      0.00     73.53      0.00      0.00     25.49
07:57:51 PM      20      1.05      0.00     72.63      0.00      0.00     26.32

07:57:51 PM     CPU     %user     %nice   %system   %iowait    %steal     %idle
07:57:52 PM       4      0.99      0.00     72.28      0.00      0.00     26.73
07:57:52 PM       8      1.06      0.00     65.96      0.00      0.00     32.98
07:57:52 PM      12      1.03      0.00     72.16      0.00      0.00     26.80
07:57:52 PM      16      2.04      0.00     68.37      0.00      0.00     29.59
07:57:52 PM      20      1.02      0.00     75.51      0.00      0.00     23.47

07:57:52 PM     CPU     %user     %nice   %system   %iowait    %steal     %idle
07:57:53 PM       4      0.98      0.00     69.61      0.00      0.00     29.41
07:57:53 PM       8      1.00      0.00     72.00      0.00      0.00     27.00
07:57:53 PM      12      2.91      0.00     67.96      0.00      0.00     29.13
07:57:53 PM      16      0.00      0.00     75.00      0.00      0.00     25.00
07:57:53 PM      20      0.99      0.00     73.27      0.00      0.00     25.74

07:57:53 PM     CPU     %user     %nice   %system   %iowait    %steal     %idle
07:57:54 PM       4      0.00      0.00     72.34      0.00      0.00     27.66
07:57:54 PM       8      1.03      0.00     72.16      0.00      0.00     26.80
07:57:54 PM      12      2.04      0.00     69.39      0.00      0.00     28.57
07:57:54 PM      16      2.00      0.00     74.00      0.00      0.00     24.00
07:57:54 PM      20      1.05      0.00     70.53      0.00      0.00     28.42

07:57:54 PM     CPU     %user     %nice   %system   %iowait    %steal     %idle
07:57:55 PM       4      1.01      0.00     71.72      0.00      0.00     27.27
07:57:55 PM       8      0.00      0.00     71.72      0.00      0.00     28.28
07:57:55 PM      12      2.00      0.00     71.00      0.00      0.00     27.00
07:57:55 PM      16      0.98      0.00     73.53      0.00      0.00     25.49
07:57:55 PM      20      2.00      0.00     73.00      0.00      0.00     25.00

07:57:55 PM     CPU     %user     %nice   %system   %iowait    %steal     %idle
07:57:56 PM       4      2.02      0.00     72.73      0.00      0.00     25.25
07:57:56 PM       8      1.02      0.00     72.45      0.00      0.00     26.53
07:57:56 PM      12      1.05      0.00     70.53      0.00      0.00     28.42
07:57:56 PM      16      1.05      0.00     71.58      0.00      0.00     27.37
07:57:56 PM      20      0.00      0.00     67.33      0.00      0.00     32.67

07:57:56 PM     CPU     %user     %nice   %system   %iowait    %steal     %idle
07:57:57 PM       4      1.03      0.00     72.16      0.00      0.00     26.80
07:57:57 PM       8      2.04      0.00     72.45      0.00      0.00     25.51
07:57:57 PM      12      3.03      0.00     66.67      0.00      0.00     30.30
07:57:57 PM      16      2.04      0.00     70.41      0.00      0.00     27.55
07:57:57 PM      20      2.13      0.00     70.21      0.00      0.00     27.66

07:57:57 PM     CPU     %user     %nice   %system   %iowait    %steal     %idle
07:57:58 PM       4      0.00      0.00     71.58      0.00      0.00     28.42
07:57:58 PM       8      2.04      0.00     70.41      0.00      0.00     27.55
07:57:58 PM      12      1.98      0.00     71.29      0.00      0.00     26.73
07:57:58 PM      16      1.85      0.00     71.30      0.00      0.00     26.85
07:57:58 PM      20      1.01      0.00     73.74      0.00      0.00     25.25

07:57:58 PM     CPU     %user     %nice   %system   %iowait    %steal     %idle
07:57:59 PM       4      1.01      0.00     72.73      0.00      0.00     26.26
07:57:59 PM       8      1.04      0.00     77.08      0.00      0.00     21.88
07:57:59 PM      12      1.03      0.00     72.16      0.00      0.00     26.80
07:57:59 PM      16      1.03      0.00     65.98      0.00      0.00     32.99
07:57:59 PM      20      3.06      0.00     69.39      0.00      0.00     27.55

07:57:59 PM     CPU     %user     %nice   %system   %iowait    %steal     %idle
07:58:00 PM       4      1.94      0.00     74.76      0.00      0.00     23.30
07:58:00 PM       8      0.00      0.00     70.71      0.00      0.00     29.29
07:58:00 PM      12      1.03      0.00     72.16      0.00      0.00     26.80
07:58:00 PM      16      2.02      0.00     71.72      0.00      0.00     26.26
07:58:00 PM      20      0.98      0.00     67.65      0.00      0.00     31.37
