Linux 6.0.3 (genie03) 	09/05/2023 	_x86_64_	(64 CPU)

08:52:23 PM     CPU     %user     %nice   %system   %iowait    %steal     %idle
08:52:24 PM       4      0.00      0.00    100.00      0.00      0.00      0.00
08:52:24 PM       8      0.00      0.00    100.00      0.00      0.00      0.00
08:52:24 PM      12      0.99      0.00     99.01      0.00      0.00      0.00
08:52:24 PM      16      0.00      0.00    100.00      0.00      0.00      0.00

08:52:24 PM     CPU     %user     %nice   %system   %iowait    %steal     %idle
08:52:25 PM       4      1.01      0.00     98.99      0.00      0.00      0.00
08:52:25 PM       8      1.00      0.00     99.00      0.00      0.00      0.00
08:52:25 PM      12      0.00      0.00    100.00      0.00      0.00      0.00
08:52:25 PM      16      1.96      0.00     98.04      0.00      0.00      0.00

08:52:25 PM     CPU     %user     %nice   %system   %iowait    %steal     %idle
08:52:26 PM       4      0.99      0.00     99.01      0.00      0.00      0.00
08:52:26 PM       8      1.00      0.00     99.00      0.00      0.00      0.00
08:52:26 PM      12      1.00      0.00     99.00      0.00      0.00      0.00
08:52:26 PM      16      0.00      0.00    100.00      0.00      0.00      0.00

08:52:26 PM     CPU     %user     %nice   %system   %iowait    %steal     %idle
08:52:27 PM       4      0.00      0.00    100.00      0.00      0.00      0.00
08:52:27 PM       8      1.98      0.00     98.02      0.00      0.00      0.00
08:52:27 PM      12      0.00      0.00    100.00      0.00      0.00      0.00
08:52:27 PM      16      0.00      0.00    100.00      0.00      0.00      0.00

08:52:27 PM     CPU     %user     %nice   %system   %iowait    %steal     %idle
08:52:28 PM       4      0.99      0.00     99.01      0.00      0.00      0.00
08:52:28 PM       8      0.00      0.00    100.00      0.00      0.00      0.00
08:52:28 PM      12      0.00      0.00    100.00      0.00      0.00      0.00
08:52:28 PM      16      0.00      0.00    100.00      0.00      0.00      0.00

08:52:28 PM     CPU     %user     %nice   %system   %iowait    %steal     %idle
08:52:29 PM       4      0.00      0.00    100.00      0.00      0.00      0.00
08:52:29 PM       8      0.00      0.00    100.00      0.00      0.00      0.00
08:52:29 PM      12      0.00      0.00    100.00      0.00      0.00      0.00
08:52:29 PM      16      0.00      0.00    100.00      0.00      0.00      0.00

08:52:29 PM     CPU     %user     %nice   %system   %iowait    %steal     %idle
08:52:30 PM       4      1.98      0.00     98.02      0.00      0.00      0.00
08:52:30 PM       8      0.00      0.00    100.00      0.00      0.00      0.00
08:52:30 PM      12      1.98      0.00     98.02      0.00      0.00      0.00
08:52:30 PM      16      1.00      0.00     99.00      0.00      0.00      0.00

08:52:30 PM     CPU     %user     %nice   %system   %iowait    %steal     %idle
08:52:31 PM       4      0.00      0.00    100.00      0.00      0.00      0.00
08:52:31 PM       8      0.00      0.00    100.00      0.00      0.00      0.00
08:52:31 PM      12      0.00      0.00    100.00      0.00      0.00      0.00
08:52:31 PM      16      0.00      0.00    100.00      0.00      0.00      0.00

08:52:31 PM     CPU     %user     %nice   %system   %iowait    %steal     %idle
08:52:32 PM       4      1.98      0.00     98.02      0.00      0.00      0.00
08:52:32 PM       8      0.00      0.00    100.00      0.00      0.00      0.00
08:52:32 PM      12      1.00      0.00     99.00      0.00      0.00      0.00
08:52:32 PM      16      1.00      0.00     99.00      0.00      0.00      0.00

08:52:32 PM     CPU     %user     %nice   %system   %iowait    %steal     %idle
08:52:33 PM       4      0.00      0.00    100.00      0.00      0.00      0.00
08:52:33 PM       8      1.00      0.00     99.00      0.00      0.00      0.00
08:52:33 PM      12      1.00      0.00     99.00      0.00      0.00      0.00
08:52:33 PM      16      0.00      0.00    100.00      0.00      0.00      0.00

08:52:33 PM     CPU     %user     %nice   %system   %iowait    %steal     %idle
08:52:34 PM       4      0.99      0.00     99.01      0.00      0.00      0.00
08:52:34 PM       8      0.00      0.00    100.00      0.00      0.00      0.00
08:52:34 PM      12      0.00      0.00    100.00      0.00      0.00      0.00
08:52:34 PM      16      0.00      0.00    100.00      0.00      0.00      0.00

08:52:34 PM     CPU     %user     %nice   %system   %iowait    %steal     %idle
08:52:35 PM       4      1.00      0.00     99.00      0.00      0.00      0.00
08:52:35 PM       8      0.00      0.00    100.00      0.00      0.00      0.00
08:52:35 PM      12      0.99      0.00     99.01      0.00      0.00      0.00
08:52:35 PM      16      0.00      0.00    100.00      0.00      0.00      0.00

08:52:35 PM     CPU     %user     %nice   %system   %iowait    %steal     %idle
08:52:36 PM       4      0.00      0.00    100.00      0.00      0.00      0.00
08:52:36 PM       8      0.00      0.00    100.00      0.00      0.00      0.00
08:52:36 PM      12      0.99      0.00     99.01      0.00      0.00      0.00
08:52:36 PM      16      0.99      0.00     98.02      0.00      0.00      0.99

08:52:36 PM     CPU     %user     %nice   %system   %iowait    %steal     %idle
08:52:37 PM       4      0.00      0.00    100.00      0.00      0.00      0.00
08:52:37 PM       8      0.99      0.00     99.01      0.00      0.00      0.00
08:52:37 PM      12      0.00      0.00    100.00      0.00      0.00      0.00
08:52:37 PM      16      0.00      0.00    100.00      0.00      0.00      0.00

08:52:37 PM     CPU     %user     %nice   %system   %iowait    %steal     %idle
08:52:38 PM       4      0.00      0.00    100.00      0.00      0.00      0.00
08:52:38 PM       8      0.00      0.00    100.00      0.00      0.00      0.00
08:52:38 PM      12      1.00      0.00     99.00      0.00      0.00      0.00
08:52:38 PM      16      0.98      0.00     99.02      0.00      0.00      0.00
