Linux 6.0.3 (genie03) 	08/31/2023 	_x86_64_	(64 CPU)

02:34:44 PM     CPU     %user     %nice   %system   %iowait    %steal     %idle
02:34:45 PM       4      2.00      0.00     92.00      0.00      0.00      6.00
02:34:45 PM       8      3.09      0.00     89.69      0.00      0.00      7.22
02:34:45 PM      12      2.20      0.00     92.31      0.00      0.00      5.49
02:34:45 PM      16      1.05      0.00     93.68      0.00      0.00      5.26
02:34:45 PM      20      1.02      0.00     92.86      0.00      0.00      6.12
02:34:45 PM      24      2.08      0.00     92.71      0.00      0.00      5.21
02:34:45 PM      28      2.15      0.00     91.40      0.00      0.00      6.45

02:34:45 PM     CPU     %user     %nice   %system   %iowait    %steal     %idle
02:34:46 PM       4      1.06      0.00     92.55      0.00      0.00      6.38
02:34:46 PM       8      2.11      0.00     92.63      0.00      0.00      5.26
02:34:46 PM      12      2.17      0.00     91.30      0.00      0.00      6.52
02:34:46 PM      16      1.06      0.00     92.55      0.00      0.00      6.38
02:34:46 PM      20      2.17      0.00     91.30      0.00      0.00      6.52
02:34:46 PM      24      4.35      0.00     89.13      0.00      0.00      6.52
02:34:46 PM      28      3.16      0.00     89.47      0.00      0.00      7.37

02:34:46 PM     CPU     %user     %nice   %system   %iowait    %steal     %idle
02:34:47 PM       4      3.06      0.00     90.82      0.00      0.00      6.12
02:34:47 PM       8      2.15      0.00     92.47      0.00      0.00      5.38
02:34:47 PM      12      4.26      0.00     90.43      0.00      0.00      5.32
02:34:47 PM      16      0.00      0.00     94.62      0.00      0.00      5.38
02:34:47 PM      20      2.15      0.00     90.32      0.00      0.00      7.53
02:34:47 PM      24      3.12      0.00     90.62      0.00      0.00      6.25
02:34:47 PM      28      3.19      0.00     91.49      0.00      0.00      5.32

02:34:47 PM     CPU     %user     %nice   %system   %iowait    %steal     %idle
02:34:48 PM       4      4.30      0.00     89.25      0.00      0.00      6.45
02:34:48 PM       8      0.00      0.00     93.75      0.00      0.00      6.25
02:34:48 PM      12      1.09      0.00     92.39      0.00      0.00      6.52
02:34:48 PM      16      2.11      0.00     91.58      0.00      0.00      6.32
02:34:48 PM      20      2.11      0.00     91.58      0.00      0.00      6.32
02:34:48 PM      24      1.05      0.00     92.63      0.00      0.00      6.32
02:34:48 PM      28      1.09      0.00     91.30      0.00      0.00      7.61

02:34:48 PM     CPU     %user     %nice   %system   %iowait    %steal     %idle
02:34:49 PM       4      3.09      0.00     91.75      0.00      0.00      5.15
02:34:49 PM       8      3.19      0.00     90.43      0.00      0.00      6.38
02:34:49 PM      12      3.16      0.00     89.47      0.00      0.00      7.37
02:34:49 PM      16      3.30      0.00     90.11      0.00      0.00      6.59
02:34:49 PM      20      2.08      0.00     91.67      0.00      0.00      6.25
02:34:49 PM      24      3.06      0.00     90.82      0.00      0.00      6.12
02:34:49 PM      28      1.04      0.00     93.75      0.00      0.00      5.21

02:34:49 PM     CPU     %user     %nice   %system   %iowait    %steal     %idle
02:34:50 PM       4      2.15      0.00     91.40      0.00      0.00      6.45
02:34:50 PM       8      3.03      0.00     90.91      0.00      0.00      6.06
02:34:50 PM      12      0.00      0.00     94.51      0.00      0.00      5.49
02:34:50 PM      16      3.19      0.00     91.49      0.00      0.00      5.32
02:34:50 PM      20      3.23      0.00     89.25      0.00      0.00      7.53
02:34:50 PM      24      2.15      0.00     91.40      0.00      0.00      6.45
02:34:50 PM      28      3.12      0.00     89.58      0.00      0.00      7.29

02:34:50 PM     CPU     %user     %nice   %system   %iowait    %steal     %idle
02:34:51 PM       4      2.06      0.00     91.75      0.00      0.00      6.19
02:34:51 PM       8      3.12      0.00     90.62      0.00      0.00      6.25
02:34:51 PM      12      4.26      0.00     89.36      0.00      0.00      6.38
02:34:51 PM      16      2.13      0.00     91.49      0.00      0.00      6.38
02:34:51 PM      20      3.19      0.00     91.49      0.00      0.00      5.32
02:34:51 PM      24      3.09      0.00     90.72      0.00      0.00      6.19
02:34:51 PM      28      4.26      0.00     89.36      0.00      0.00      6.38

02:34:51 PM     CPU     %user     %nice   %system   %iowait    %steal     %idle
02:34:52 PM       4      2.08      0.00     90.62      0.00      0.00      7.29
02:34:52 PM       8      1.09      0.00     91.30      0.00      0.00      7.61
02:34:52 PM      12      2.20      0.00     91.21      0.00      0.00      6.59
02:34:52 PM      16      2.08      0.00     91.67      0.00      0.00      6.25
02:34:52 PM      20      0.00      0.00     94.74      0.00      0.00      5.26
02:34:52 PM      24      1.03      0.00     93.81      0.00      0.00      5.15
02:34:52 PM      28      4.21      0.00     88.42      0.00      0.00      7.37

02:34:52 PM     CPU     %user     %nice   %system   %iowait    %steal     %idle
02:34:53 PM       4      2.11      0.00     93.68      0.00      0.00      4.21
02:34:53 PM       8      2.13      0.00     91.49      0.00      0.00      6.38
02:34:53 PM      12      4.21      0.00     89.47      0.00      0.00      6.32
02:34:53 PM      16      2.11      0.00     92.63      0.00      0.00      5.26
02:34:53 PM      20      3.16      0.00     90.53      0.00      0.00      6.32
02:34:53 PM      24      4.08      0.00     89.80      0.00      0.00      6.12
02:34:53 PM      28      2.15      0.00     91.40      0.00      0.00      6.45

02:34:53 PM     CPU     %user     %nice   %system   %iowait    %steal     %idle
02:34:54 PM       4      1.05      0.00     92.63      0.00      0.00      6.32
02:34:54 PM       8      0.00      0.00     94.62      0.00      0.00      5.38
02:34:54 PM      12      1.03      0.00     92.78      0.00      0.00      6.19
02:34:54 PM      16      2.11      0.00     91.58      0.00      0.00      6.32
02:34:54 PM      20      2.08      0.00     91.67      0.00      0.00      6.25
02:34:54 PM      24      2.15      0.00     92.47      0.00      0.00      5.38
02:34:54 PM      28      1.08      0.00     92.47      0.00      0.00      6.45

02:34:54 PM     CPU     %user     %nice   %system   %iowait    %steal     %idle
02:34:55 PM       4      3.06      0.00     90.82      0.00      0.00      6.12
02:34:55 PM       8      2.06      0.00     90.72      0.00      0.00      7.22
02:34:55 PM      12      2.15      0.00     92.47      0.00      0.00      5.38
02:34:55 PM      16      2.06      0.00     91.75      0.00      0.00      6.19
02:34:55 PM      20      3.12      0.00     89.58      0.00      0.00      7.29
02:34:55 PM      24      3.16      0.00     89.47      0.00      0.00      7.37
02:34:55 PM      28      1.04      0.00     90.62      0.00      0.00      8.33

02:34:55 PM     CPU     %user     %nice   %system   %iowait    %steal     %idle
02:34:56 PM       4      2.08      0.00     91.67      0.00      0.00      6.25
02:34:56 PM       8      2.04      0.00     92.86      0.00      0.00      5.10
02:34:56 PM      12      2.11      0.00     92.63      0.00      0.00      5.26
02:34:56 PM      16      1.10      0.00     91.21      0.00      0.00      7.69
02:34:56 PM      20      1.11      0.00     92.22      0.00      0.00      6.67
02:34:56 PM      24      2.08      0.00     91.67      0.00      0.00      6.25
02:34:56 PM      28      1.05      0.00     92.63      0.00      0.00      6.32

02:34:56 PM     CPU     %user     %nice   %system   %iowait    %steal     %idle
02:34:57 PM       4      2.06      0.00     92.78      0.00      0.00      5.15
02:34:57 PM       8      2.04      0.00     91.84      0.00      0.00      6.12
02:34:57 PM      12      2.11      0.00     91.58      0.00      0.00      6.32
02:34:57 PM      16      3.19      0.00     90.43      0.00      0.00      6.38
02:34:57 PM      20      2.20      0.00     91.21      0.00      0.00      6.59
02:34:57 PM      24      2.27      0.00     92.05      0.00      0.00      5.68
02:34:57 PM      28      5.38      0.00     89.25      0.00      0.00      5.38

02:34:57 PM     CPU     %user     %nice   %system   %iowait    %steal     %idle
02:34:58 PM       4      2.20      0.00     92.31      0.00      0.00      5.49
02:34:58 PM       8      2.15      0.00     91.40      0.00      0.00      6.45
02:34:58 PM      12      3.09      0.00     90.72      0.00      0.00      6.19
02:34:58 PM      16      2.04      0.00     91.84      0.00      0.00      6.12
02:34:58 PM      20      3.09      0.00     90.72      0.00      0.00      6.19
02:34:58 PM      24      1.06      0.00     91.49      0.00      0.00      7.45
02:34:58 PM      28      3.06      0.00     90.82      0.00      0.00      6.12

02:34:58 PM     CPU     %user     %nice   %system   %iowait    %steal     %idle
02:34:59 PM       4      2.08      0.00     91.67      0.00      0.00      6.25
02:34:59 PM       8      3.16      0.00     90.53      0.00      0.00      6.32
02:34:59 PM      12      2.06      0.00     91.75      0.00      0.00      6.19
02:34:59 PM      16      4.04      0.00     90.91      0.00      0.00      5.05
02:34:59 PM      20      3.23      0.00     91.40      0.00      0.00      5.38
02:34:59 PM      24      2.17      0.00     91.30      0.00      0.00      6.52
02:34:59 PM      28      2.15      0.00     91.40      0.00      0.00      6.45
