Linux 6.0.3 (genie03) 	08/31/2023 	_x86_64_	(64 CPU)

02:18:01 PM     CPU     %user     %nice   %system   %iowait    %steal     %idle
02:18:02 PM       4      2.15      0.00     86.02      0.00      0.00     11.83
02:18:02 PM       8      1.04      0.00     95.83      0.00      0.00      3.12
02:18:02 PM      12      3.23      0.00     93.55      0.00      0.00      3.23
02:18:02 PM      16      1.05      0.00     95.79      0.00      0.00      3.16
02:18:02 PM      20      1.98      0.00     94.06      0.00      0.00      3.96

02:18:02 PM     CPU     %user     %nice   %system   %iowait    %steal     %idle
02:18:03 PM       4      0.00      0.00     89.36      0.00      0.00     10.64
02:18:03 PM       8      2.04      0.00     94.90      0.00      0.00      3.06
02:18:03 PM      12      2.02      0.00     94.95      0.00      0.00      3.03
02:18:03 PM      16      3.09      0.00     92.78      0.00      0.00      4.12
02:18:03 PM      20      1.09      0.00     95.65      0.00      0.00      3.26

02:18:03 PM     CPU     %user     %nice   %system   %iowait    %steal     %idle
02:18:04 PM       4      1.94      0.00     87.38      0.00      0.00     10.68
02:18:04 PM       8      1.04      0.00     94.79      0.00      0.00      4.17
02:18:04 PM      12      0.00      0.00     96.84      0.00      0.00      3.16
02:18:04 PM      16      2.06      0.00     93.81      0.00      0.00      4.12
02:18:04 PM      20      1.03      0.00     94.85      0.00      0.00      4.12

02:18:04 PM     CPU     %user     %nice   %system   %iowait    %steal     %idle
02:18:05 PM       4      0.00      0.00     88.66      0.00      0.00     11.34
02:18:05 PM       8      1.04      0.00     94.79      0.00      0.00      4.17
02:18:05 PM      12      2.08      0.00     93.75      0.00      0.00      4.17
02:18:05 PM      16      3.09      0.00     93.81      0.00      0.00      3.09
02:18:05 PM      20      1.05      0.00     95.79      0.00      0.00      3.16

02:18:05 PM     CPU     %user     %nice   %system   %iowait    %steal     %idle
02:18:06 PM       4      0.00      0.00     89.00      0.00      0.00     11.00
02:18:06 PM       8      2.04      0.00     94.90      0.00      0.00      3.06
02:18:06 PM      12      2.15      0.00     94.62      0.00      0.00      3.23
02:18:06 PM      16      2.15      0.00     93.55      0.00      0.00      4.30
02:18:06 PM      20      1.01      0.00     94.95      0.00      0.00      4.04

02:18:06 PM     CPU     %user     %nice   %system   %iowait    %steal     %idle
02:18:07 PM       4      1.08      0.00     88.17      0.00      0.00     10.75
02:18:07 PM       8      0.00      0.00     95.79      0.00      0.00      4.21
02:18:07 PM      12      2.13      0.00     94.68      0.00      0.00      3.19
02:18:07 PM      16      2.04      0.00     94.90      0.00      0.00      3.06
02:18:07 PM      20      1.05      0.00     95.79      0.00      0.00      3.16

02:18:07 PM     CPU     %user     %nice   %system   %iowait    %steal     %idle
02:18:08 PM       4      2.04      0.00     86.73      0.00      0.00     11.22
02:18:08 PM       8      2.04      0.00     94.90      0.00      0.00      3.06
02:18:08 PM      12      2.04      0.00     93.88      0.00      0.00      4.08
02:18:08 PM      16      3.09      0.00     92.78      0.00      0.00      4.12
02:18:08 PM      20      1.05      0.00     94.74      0.00      0.00      4.21

02:18:08 PM     CPU     %user     %nice   %system   %iowait    %steal     %idle
02:18:09 PM       4      0.00      0.00     88.30      0.00      0.00     11.70
02:18:09 PM       8      1.01      0.00     94.95      0.00      0.00      4.04
02:18:09 PM      12      0.00      0.00     96.91      0.00      0.00      3.09
02:18:09 PM      16      2.06      0.00     94.85      0.00      0.00      3.09
02:18:09 PM      20      1.05      0.00     95.79      0.00      0.00      3.16

02:18:09 PM     CPU     %user     %nice   %system   %iowait    %steal     %idle
02:18:10 PM       4      1.05      0.00     88.42      0.00      0.00     10.53
02:18:10 PM       8      3.09      0.00     93.81      0.00      0.00      3.09
02:18:10 PM      12      2.08      0.00     94.79      0.00      0.00      3.12
02:18:10 PM      16      2.13      0.00     93.62      0.00      0.00      4.26
02:18:10 PM      20      2.06      0.00     94.85      0.00      0.00      3.09

02:18:10 PM     CPU     %user     %nice   %system   %iowait    %steal     %idle
02:18:11 PM       4      0.00      0.00     89.01      0.00      0.00     10.99
02:18:11 PM       8      2.08      0.00     94.79      0.00      0.00      3.12
02:18:11 PM      12      2.02      0.00     94.95      0.00      0.00      3.03
02:18:11 PM      16      1.03      0.00     95.88      0.00      0.00      3.09
02:18:11 PM      20      0.00      0.00     95.92      0.00      0.00      4.08

02:18:11 PM     CPU     %user     %nice   %system   %iowait    %steal     %idle
02:18:12 PM       4      1.96      0.00     87.25      0.00      0.00     10.78
02:18:12 PM       8      4.17      0.00     92.71      0.00      0.00      3.12
02:18:12 PM      12      1.03      0.00     94.85      0.00      0.00      4.12
02:18:12 PM      16      1.04      0.00     94.79      0.00      0.00      4.17
02:18:12 PM      20      1.06      0.00     95.74      0.00      0.00      3.19

02:18:12 PM     CPU     %user     %nice   %system   %iowait    %steal     %idle
02:18:13 PM       4      0.00      0.00     90.72      0.00      0.00      9.28
02:18:13 PM       8      0.00      0.00     95.88      0.00      0.00      4.12
02:18:13 PM      12      0.00      0.00     96.84      0.00      0.00      3.16
02:18:13 PM      16      1.04      0.00     95.83      0.00      0.00      3.12
02:18:13 PM      20      2.11      0.00     94.74      0.00      0.00      3.16

02:18:13 PM     CPU     %user     %nice   %system   %iowait    %steal     %idle
02:18:14 PM       4      2.13      0.00     94.68      0.00      0.00      3.19
02:18:14 PM       8      2.08      0.00     94.79      0.00      0.00      3.12
02:18:14 PM      12      1.03      0.00     94.85      0.00      0.00      4.12
02:18:14 PM      16      2.11      0.00     94.74      0.00      0.00      3.16
02:18:14 PM      20      1.06      0.00     94.68      0.00      0.00      4.26

02:18:14 PM     CPU     %user     %nice   %system   %iowait    %steal     %idle
02:18:15 PM       4      0.00      0.00     95.83      0.00      0.00      4.17
02:18:15 PM       8      1.02      0.00     94.90      0.00      0.00      4.08
02:18:15 PM      12      2.15      0.00     94.62      0.00      0.00      3.23
02:18:15 PM      16      2.22      0.00     93.33      0.00      0.00      4.44
02:18:15 PM      20      1.05      0.00     95.79      0.00      0.00      3.16

02:18:15 PM     CPU     %user     %nice   %system   %iowait    %steal     %idle
02:18:16 PM       4      1.03      0.00     95.88      0.00      0.00      3.09
02:18:16 PM       8      1.09      0.00     95.65      0.00      0.00      3.26
02:18:16 PM      12      1.98      0.00     94.06      0.00      0.00      3.96
02:18:16 PM      16      1.02      0.00     94.90      0.00      0.00      4.08
02:18:16 PM      20      2.06      0.00     94.85      0.00      0.00      3.09
