Linux 6.0.3 (genie03) 	09/05/2023 	_x86_64_	(64 CPU)

08:02:52 PM     CPU     %user     %nice   %system   %iowait    %steal     %idle
08:02:53 PM       4      0.00      0.00    100.00      0.00      0.00      0.00
08:02:53 PM       8      0.00      0.00    100.00      0.00      0.00      0.00
08:02:53 PM      12      0.99      0.00     99.01      0.00      0.00      0.00
08:02:53 PM      16      0.00      0.00    100.00      0.00      0.00      0.00
08:02:53 PM      20      0.00      0.00    100.00      0.00      0.00      0.00

08:02:53 PM     CPU     %user     %nice   %system   %iowait    %steal     %idle
08:02:54 PM       4      0.00      0.00    100.00      0.00      0.00      0.00
08:02:54 PM       8      1.00      0.00     99.00      0.00      0.00      0.00
08:02:54 PM      12      1.00      0.00     99.00      0.00      0.00      0.00
08:02:54 PM      16      1.01      0.00     98.99      0.00      0.00      0.00
08:02:54 PM      20      0.00      0.00    100.00      0.00      0.00      0.00

08:02:54 PM     CPU     %user     %nice   %system   %iowait    %steal     %idle
08:02:55 PM       4      1.01      0.00     98.99      0.00      0.00      0.00
08:02:55 PM       8      0.00      0.00    100.00      0.00      0.00      0.00
08:02:55 PM      12      0.00      0.00    100.00      0.00      0.00      0.00
08:02:55 PM      16      0.00      0.00    100.00      0.00      0.00      0.00
08:02:55 PM      20      0.00      0.00    100.00      0.00      0.00      0.00

08:02:55 PM     CPU     %user     %nice   %system   %iowait    %steal     %idle
08:02:56 PM       4      0.00      0.00    100.00      0.00      0.00      0.00
08:02:56 PM       8      0.00      0.00    100.00      0.00      0.00      0.00
08:02:56 PM      12      0.00      0.00    100.00      0.00      0.00      0.00
08:02:56 PM      16      0.99      0.00     99.01      0.00      0.00      0.00
08:02:56 PM      20      0.99      0.00     99.01      0.00      0.00      0.00

08:02:56 PM     CPU     %user     %nice   %system   %iowait    %steal     %idle
08:02:57 PM       4      1.00      0.00     99.00      0.00      0.00      0.00
08:02:57 PM       8      1.00      0.00     99.00      0.00      0.00      0.00
08:02:57 PM      12      0.00      0.00    100.00      0.00      0.00      0.00
08:02:57 PM      16      0.00      0.00    100.00      0.00      0.00      0.00
08:02:57 PM      20      1.00      0.00     99.00      0.00      0.00      0.00

08:02:57 PM     CPU     %user     %nice   %system   %iowait    %steal     %idle
08:02:58 PM       4      0.00      0.00    100.00      0.00      0.00      0.00
08:02:58 PM       8      0.00      0.00    100.00      0.00      0.00      0.00
08:02:58 PM      12      0.00      0.00    100.00      0.00      0.00      0.00
08:02:58 PM      16      0.00      0.00    100.00      0.00      0.00      0.00
08:02:58 PM      20      0.00      0.00    100.00      0.00      0.00      0.00

08:02:58 PM     CPU     %user     %nice   %system   %iowait    %steal     %idle
08:02:59 PM       4      0.00      0.00    100.00      0.00      0.00      0.00
08:02:59 PM       8      0.00      0.00    100.00      0.00      0.00      0.00
08:02:59 PM      12      0.99      0.00     99.01      0.00      0.00      0.00
08:02:59 PM      16      1.00      0.00     99.00      0.00      0.00      0.00
08:02:59 PM      20      0.00      0.00    100.00      0.00      0.00      0.00

08:02:59 PM     CPU     %user     %nice   %system   %iowait    %steal     %idle
08:03:00 PM       4      0.00      0.00    100.00      0.00      0.00      0.00
08:03:00 PM       8      0.00      0.00    100.00      0.00      0.00      0.00
08:03:00 PM      12      0.00      0.00    100.00      0.00      0.00      0.00
08:03:00 PM      16      0.00      0.00    100.00      0.00      0.00      0.00
08:03:00 PM      20      0.99      0.00     99.01      0.00      0.00      0.00

08:03:00 PM     CPU     %user     %nice   %system   %iowait    %steal     %idle
08:03:01 PM       4      0.00      0.00    100.00      0.00      0.00      0.00
08:03:01 PM       8      0.00      0.00    100.00      0.00      0.00      0.00
08:03:01 PM      12      1.00      0.00     99.00      0.00      0.00      0.00
08:03:01 PM      16      1.00      0.00     99.00      0.00      0.00      0.00
08:03:01 PM      20      0.00      0.00    100.00      0.00      0.00      0.00

08:03:01 PM     CPU     %user     %nice   %system   %iowait    %steal     %idle
08:03:02 PM       4      0.00      0.00    100.00      0.00      0.00      0.00
08:03:02 PM       8      0.00      0.00    100.00      0.00      0.00      0.00
08:03:02 PM      12      0.99      0.00     99.01      0.00      0.00      0.00
08:03:02 PM      16      0.00      0.00    100.00      0.00      0.00      0.00
08:03:02 PM      20      1.00      0.00     99.00      0.00      0.00      0.00

08:03:02 PM     CPU     %user     %nice   %system   %iowait    %steal     %idle
08:03:03 PM       4      0.99      0.00     99.01      0.00      0.00      0.00
08:03:03 PM       8      0.00      0.00    100.00      0.00      0.00      0.00
08:03:03 PM      12      0.00      0.00    100.00      0.00      0.00      0.00
08:03:03 PM      16      0.00      0.00    100.00      0.00      0.00      0.00
08:03:03 PM      20      0.00      0.00    100.00      0.00      0.00      0.00

08:03:03 PM     CPU     %user     %nice   %system   %iowait    %steal     %idle
08:03:04 PM       4      0.00      0.00    100.00      0.00      0.00      0.00
08:03:04 PM       8      0.00      0.00    100.00      0.00      0.00      0.00
08:03:04 PM      12      1.00      0.00     99.00      0.00      0.00      0.00
08:03:04 PM      16      0.00      0.00    100.00      0.00      0.00      0.00
08:03:04 PM      20      0.00      0.00    100.00      0.00      0.00      0.00

08:03:04 PM     CPU     %user     %nice   %system   %iowait    %steal     %idle
08:03:05 PM       4      0.00      0.00    100.00      0.00      0.00      0.00
08:03:05 PM       8      0.00      0.00    100.00      0.00      0.00      0.00
08:03:05 PM      12      0.00      0.00    100.00      0.00      0.00      0.00
08:03:05 PM      16      0.00      0.00    100.00      0.00      0.00      0.00
08:03:05 PM      20      0.99      0.00     99.01      0.00      0.00      0.00

08:03:05 PM     CPU     %user     %nice   %system   %iowait    %steal     %idle
08:03:06 PM       4      1.00      0.00     99.00      0.00      0.00      0.00
08:03:06 PM       8      0.00      0.00    100.00      0.00      0.00      0.00
08:03:06 PM      12      0.00      0.00    100.00      0.00      0.00      0.00
08:03:06 PM      16      0.00      0.00    100.00      0.00      0.00      0.00
08:03:06 PM      20      0.00      0.00    100.00      0.00      0.00      0.00

08:03:06 PM     CPU     %user     %nice   %system   %iowait    %steal     %idle
08:03:07 PM       4      0.00      0.00    100.00      0.00      0.00      0.00
08:03:07 PM       8      1.00      0.00     99.00      0.00      0.00      0.00
08:03:07 PM      12      1.98      0.00     98.02      0.00      0.00      0.00
08:03:07 PM      16      1.01      0.00     98.99      0.00      0.00      0.00
08:03:07 PM      20      1.00      0.00     99.00      0.00      0.00      0.00
