Linux 6.0.3+ (genie03) 	12/21/2023 	_x86_64_	(64 CPU)

03:17:15 PM     CPU     %user     %nice   %system   %iowait    %steal     %idle
03:17:16 PM       4      0.99      0.00     98.02      0.00      0.00      0.99
03:17:16 PM       8      1.00      0.00     93.00      0.00      0.00      6.00
03:17:16 PM      12      0.00      0.00     99.01      0.00      0.00      0.99
03:17:16 PM      16      0.00      0.00     96.00      0.00      0.00      4.00
03:17:16 PM      20      0.99      0.00     98.02      0.00      0.00      0.99

03:17:16 PM     CPU     %user     %nice   %system   %iowait    %steal     %idle
03:17:17 PM       4      0.00      0.00    100.00      0.00      0.00      0.00
03:17:17 PM       8      0.00      0.00     85.86      0.00      0.00     14.14
03:17:17 PM      12      0.00      0.00    100.00      0.00      0.00      0.00
03:17:17 PM      16      0.00      0.00     94.95      0.00      0.00      5.05
03:17:17 PM      20      0.00      0.00     99.00      0.00      0.00      1.00

03:17:17 PM     CPU     %user     %nice   %system   %iowait    %steal     %idle
03:17:18 PM       4      0.00      0.00     98.98      0.00      0.00      1.02
03:17:18 PM       8      0.00      0.00     90.00      0.00      0.00     10.00
03:17:18 PM      12      0.99      0.00     98.02      0.00      0.00      0.99
03:17:18 PM      16      0.00      0.00     96.04      0.00      0.00      3.96
03:17:18 PM      20      0.00      0.00     99.01      0.00      0.00      0.99

03:17:18 PM     CPU     %user     %nice   %system   %iowait    %steal     %idle
03:17:19 PM       4      1.00      0.00     98.00      0.00      0.00      1.00
03:17:19 PM       8      0.00      0.00     92.08      0.00      0.00      7.92
03:17:19 PM      12      1.00      0.00     98.00      0.00      0.00      1.00
03:17:19 PM      16      0.00      0.00     96.00      0.00      0.00      4.00
03:17:19 PM      20      0.00      0.00    100.00      0.00      0.00      0.00

03:17:19 PM     CPU     %user     %nice   %system   %iowait    %steal     %idle
03:17:20 PM       4      0.00      0.00     99.00      0.00      0.00      1.00
03:17:20 PM       8      0.00      0.00     85.57      0.00      0.00     14.43
03:17:20 PM      12      0.00      0.00    100.00      0.00      0.00      0.00
03:17:20 PM      16      0.00      0.00     98.99      0.00      0.00      1.01
03:17:20 PM      20      0.00      0.00     98.99      0.00      0.00      1.01

03:17:20 PM     CPU     %user     %nice   %system   %iowait    %steal     %idle
03:17:21 PM       4      0.00      0.00    100.00      0.00      0.00      0.00
03:17:21 PM       8      0.00      0.00     96.97      0.00      0.00      3.03
03:17:21 PM      12      0.00      0.00     99.00      0.00      0.00      1.00
03:17:21 PM      16      0.00      0.00     99.00      0.00      0.00      1.00
03:17:21 PM      20      1.00      0.00     98.00      0.00      0.00      1.00

03:17:21 PM     CPU     %user     %nice   %system   %iowait    %steal     %idle
03:17:22 PM       4      0.00      0.00     99.01      0.00      0.00      0.99
03:17:22 PM       8      1.01      0.00     88.89      0.00      0.00     10.10
03:17:22 PM      12      0.00      0.00     99.00      0.00      0.00      1.00
03:17:22 PM      16      0.00      0.00     96.04      0.00      0.00      3.96
03:17:22 PM      20      0.00      0.00     98.98      0.00      0.00      1.02

03:17:22 PM     CPU     %user     %nice   %system   %iowait    %steal     %idle
03:17:23 PM       4      1.00      0.00     98.00      0.00      0.00      1.00
03:17:23 PM       8      0.00      0.00     96.04      0.00      0.00      3.96
03:17:23 PM      12      0.99      0.00     99.01      0.00      0.00      0.00
03:17:23 PM      16      1.01      0.00     89.90      0.00      0.00      9.09
03:17:23 PM      20      0.00      0.00     99.01      0.00      0.00      0.99

03:17:23 PM     CPU     %user     %nice   %system   %iowait    %steal     %idle
03:17:24 PM       4      0.00      0.00    100.00      0.00      0.00      0.00
03:17:24 PM       8      0.00      0.00     96.94      0.00      0.00      3.06
03:17:24 PM      12      1.00      0.00     98.00      0.00      0.00      1.00
03:17:24 PM      16      0.00      0.00     87.88      0.00      0.00     12.12
03:17:24 PM      20      0.00      0.00     99.00      0.00      0.00      1.00

03:17:24 PM     CPU     %user     %nice   %system   %iowait    %steal     %idle
03:17:25 PM       4      0.00      0.00     99.00      0.00      0.00      1.00
03:17:25 PM       8      1.98      0.00     97.03      0.00      0.00      0.99
03:17:25 PM      12      0.00      0.00     99.00      0.00      0.00      1.00
03:17:25 PM      16      0.00      0.00     97.03      0.00      0.00      2.97
03:17:25 PM      20      1.01      0.00     97.98      0.00      0.00      1.01

03:17:25 PM     CPU     %user     %nice   %system   %iowait    %steal     %idle
03:17:26 PM       4      0.00      0.00     99.00      0.00      0.00      1.00
03:17:26 PM       8      0.00      0.00     96.97      0.00      0.00      3.03
03:17:26 PM      12      0.00      0.00     99.00      0.00      0.00      1.00
03:17:26 PM      16      0.00      0.00     97.00      0.00      0.00      3.00
03:17:26 PM      20      0.99      0.00     98.02      0.00      0.00      0.99

03:17:26 PM     CPU     %user     %nice   %system   %iowait    %steal     %idle
03:17:27 PM       4      1.01      0.00     98.99      0.00      0.00      0.00
03:17:27 PM       8      0.00      0.00     96.97      0.00      0.00      3.03
03:17:27 PM      12      1.00      0.00     99.00      0.00      0.00      0.00
03:17:27 PM      16      1.00      0.00     92.00      0.00      0.00      7.00
03:17:27 PM      20      0.00      0.00     98.99      0.00      0.00      1.01

03:17:27 PM     CPU     %user     %nice   %system   %iowait    %steal     %idle
03:17:28 PM       4      0.99      0.00     98.02      0.00      0.00      0.99
03:17:28 PM       8      0.00      0.00     92.86      0.00      0.00      7.14
03:17:28 PM      12      0.00      0.00     99.00      0.00      0.00      1.00
03:17:28 PM      16      1.02      0.00     91.84      0.00      0.00      7.14
03:17:28 PM      20      0.00      0.00     98.99      0.00      0.00      1.01

03:17:28 PM     CPU     %user     %nice   %system   %iowait    %steal     %idle
03:17:29 PM       4      0.00      0.00     99.00      0.00      0.00      1.00
03:17:29 PM       8      0.00      0.00     90.82      0.00      0.00      9.18
03:17:29 PM      12      0.00      0.00     99.00      0.00      0.00      1.00
03:17:29 PM      16      0.00      0.00     92.00      0.00      0.00      8.00
03:17:29 PM      20      0.00      0.00    100.00      0.00      0.00      0.00

03:17:29 PM     CPU     %user     %nice   %system   %iowait    %steal     %idle
03:17:30 PM       4      0.00      0.00    100.00      0.00      0.00      0.00
03:17:30 PM       8      0.00      0.00     88.78      0.00      0.00     11.22
03:17:30 PM      12      0.99      0.00     99.01      0.00      0.00      0.00
03:17:30 PM      16      0.00      0.00     95.96      0.00      0.00      4.04
03:17:30 PM      20      0.99      0.00     98.02      0.00      0.00      0.99

03:17:30 PM     CPU     %user     %nice   %system   %iowait    %steal     %idle
03:17:31 PM       4      0.00      0.00     99.01      0.00      0.00      0.99
03:17:31 PM       8      0.00      0.00     89.90      0.00      0.00     10.10
03:17:31 PM      12      0.00      0.00     98.98      0.00      0.00      1.02
03:17:31 PM      16      0.00      0.00     88.00      0.00      0.00     12.00
03:17:31 PM      20      0.00      0.00     99.00      0.00      0.00      1.00

03:17:31 PM     CPU     %user     %nice   %system   %iowait    %steal     %idle
03:17:32 PM       4      0.00      0.00     99.00      0.00      0.00      1.00
03:17:32 PM       8      1.00      0.00     93.00      0.00      0.00      6.00
03:17:32 PM      12      0.99      0.00     99.01      0.00      0.00      0.00
03:17:32 PM      16      0.00      0.00     96.97      0.00      0.00      3.03
03:17:32 PM      20      0.00      0.00     98.99      0.00      0.00      1.01

03:17:32 PM     CPU     %user     %nice   %system   %iowait    %steal     %idle
03:17:33 PM       4      0.00      0.00     99.00      0.00      0.00      1.00
03:17:33 PM       8      0.00      0.00     96.94      0.00      0.00      3.06
03:17:33 PM      12      0.00      0.00     98.99      0.00      0.00      1.01
03:17:33 PM      16      0.00      0.00     96.00      0.00      0.00      4.00
03:17:33 PM      20      0.00      0.00     98.99      0.00      0.00      1.01

03:17:33 PM     CPU     %user     %nice   %system   %iowait    %steal     %idle
03:17:34 PM       4      0.99      0.00     98.02      0.00      0.00      0.99
03:17:34 PM       8      0.00      0.00     91.92      0.00      0.00      8.08
03:17:34 PM      12      0.99      0.00     98.02      0.00      0.00      0.99
03:17:34 PM      16      0.00      0.00     93.00      0.00      0.00      7.00
03:17:34 PM      20      0.00      0.00     99.00      0.00      0.00      1.00

03:17:34 PM     CPU     %user     %nice   %system   %iowait    %steal     %idle
03:17:35 PM       4      0.00      0.00     99.01      0.00      0.00      0.99
03:17:35 PM       8      2.02      0.00     90.91      0.00      0.00      7.07
03:17:35 PM      12      0.00      0.00     99.00      0.00      0.00      1.00
03:17:35 PM      16      1.01      0.00     92.93      0.00      0.00      6.06
03:17:35 PM      20      0.00      0.00     99.00      0.00      0.00      1.00

03:17:35 PM     CPU     %user     %nice   %system   %iowait    %steal     %idle
03:17:36 PM       4      0.00      0.00     98.98      0.00      0.00      1.02
03:17:36 PM       8      0.00      0.00     92.93      0.00      0.00      7.07
03:17:36 PM      12      1.00      0.00     99.00      0.00      0.00      0.00
03:17:36 PM      16      0.98      0.00     95.10      0.00      0.00      3.92
03:17:36 PM      20      0.00      0.00     98.99      0.00      0.00      1.01

03:17:36 PM     CPU     %user     %nice   %system   %iowait    %steal     %idle
03:17:37 PM       4      0.00      0.00     99.01      0.00      0.00      0.99
03:17:37 PM       8      0.00      0.00     94.95      0.00      0.00      5.05
03:17:37 PM      12      0.00      0.00     99.00      0.00      0.00      1.00
03:17:37 PM      16      0.00      0.00     92.86      0.00      0.00      7.14
03:17:37 PM      20      0.00      0.00     99.00      0.00      0.00      1.00

03:17:37 PM     CPU     %user     %nice   %system   %iowait    %steal     %idle
03:17:38 PM       4      0.99      0.00     98.02      0.00      0.00      0.99
03:17:38 PM       8      1.01      0.00     97.98      0.00      0.00      1.01
03:17:38 PM      12      0.00      0.00     99.00      0.00      0.00      1.00
03:17:38 PM      16      0.00      0.00     88.89      0.00      0.00     11.11
03:17:38 PM      20      0.00      0.00     98.99      0.00      0.00      1.01

03:17:38 PM     CPU     %user     %nice   %system   %iowait    %steal     %idle
03:17:39 PM       4      0.00      0.00     98.99      0.00      0.00      1.01
03:17:39 PM       8      0.00      0.00     91.00      0.00      0.00      9.00
03:17:39 PM      12      0.00      0.00    100.00      0.00      0.00      0.00
03:17:39 PM      16      0.00      0.00     88.00      0.00      0.00     12.00
03:17:39 PM      20      0.99      0.00     98.02      0.00      0.00      0.99

03:17:39 PM     CPU     %user     %nice   %system   %iowait    %steal     %idle
03:17:40 PM       4      0.00      0.00     99.00      0.00      0.00      1.00
03:17:40 PM       8      0.00      0.00     96.00      0.00      0.00      4.00
03:17:40 PM      12      0.00      0.00     98.99      0.00      0.00      1.01
03:17:40 PM      16      0.00      0.00     96.97      0.00      0.00      3.03
03:17:40 PM      20      0.00      0.00     99.00      0.00      0.00      1.00
