Linux 6.0.3+ (genie03) 	12/21/2023 	_x86_64_	(64 CPU)

02:37:36 PM     CPU     %user     %nice   %system   %iowait    %steal     %idle
02:37:37 PM       4      0.99      0.00     98.02      0.00      0.00      0.99
02:37:37 PM       8      1.04      0.00     97.92      0.00      0.00      1.04
02:37:37 PM      12      2.08      0.00     96.88      0.00      0.00      1.04
02:37:37 PM      16      0.00      0.00     99.00      0.00      0.00      1.00
02:37:37 PM      20      2.04      0.00     96.94      0.00      0.00      1.02

02:37:37 PM     CPU     %user     %nice   %system   %iowait    %steal     %idle
02:37:38 PM       4      1.05      0.00     98.95      0.00      0.00      0.00
02:37:38 PM       8      1.01      0.00     97.98      0.00      0.00      1.01
02:37:38 PM      12      0.00      0.00     98.98      0.00      0.00      1.02
02:37:38 PM      16      2.00      0.00     97.00      0.00      0.00      1.00
02:37:38 PM      20      1.04      0.00     97.92      0.00      0.00      1.04

02:37:38 PM     CPU     %user     %nice   %system   %iowait    %steal     %idle
02:37:39 PM       4      1.01      0.00     97.98      0.00      0.00      1.01
02:37:39 PM       8      0.00      0.00     98.95      0.00      0.00      1.05
02:37:39 PM      12      2.02      0.00     96.97      0.00      0.00      1.01
02:37:39 PM      16      2.06      0.00     96.91      0.00      0.00      1.03
02:37:39 PM      20      0.00      0.00     98.98      0.00      0.00      1.02

02:37:39 PM     CPU     %user     %nice   %system   %iowait    %steal     %idle
02:37:40 PM       4      1.03      0.00     97.94      0.00      0.00      1.03
02:37:40 PM       8      1.03      0.00     96.91      0.00      0.00      2.06
02:37:40 PM      12      0.00      0.00     98.95      0.00      0.00      1.05
02:37:40 PM      16      0.00      0.00     98.99      0.00      0.00      1.01
02:37:40 PM      20      1.02      0.00     97.96      0.00      0.00      1.02

02:37:40 PM     CPU     %user     %nice   %system   %iowait    %steal     %idle
02:37:41 PM       4      1.03      0.00     97.94      0.00      0.00      1.03
02:37:41 PM       8      1.03      0.00     96.91      0.00      0.00      2.06
02:37:41 PM      12      1.02      0.00     96.94      0.00      0.00      2.04
02:37:41 PM      16      1.01      0.00     97.98      0.00      0.00      1.01
02:37:41 PM      20      0.00      0.00     98.99      0.00      0.00      1.01

02:37:41 PM     CPU     %user     %nice   %system   %iowait    %steal     %idle
02:37:42 PM       4      1.01      0.00     97.98      0.00      0.00      1.01
02:37:42 PM       8      2.02      0.00     96.97      0.00      0.00      1.01
02:37:42 PM      12      1.02      0.00     97.96      0.00      0.00      1.02
02:37:42 PM      16      2.04      0.00     96.94      0.00      0.00      1.02
02:37:42 PM      20      1.03      0.00     97.94      0.00      0.00      1.03

02:37:42 PM     CPU     %user     %nice   %system   %iowait    %steal     %idle
02:37:43 PM       4      2.02      0.00     96.97      0.00      0.00      1.01
02:37:43 PM       8      0.00      0.00     99.00      0.00      0.00      1.00
02:37:43 PM      12      2.02      0.00     96.97      0.00      0.00      1.01
02:37:43 PM      16      1.02      0.00     97.96      0.00      0.00      1.02
02:37:43 PM      20      1.01      0.00     97.98      0.00      0.00      1.01

02:37:43 PM     CPU     %user     %nice   %system   %iowait    %steal     %idle
02:37:44 PM       4      1.01      0.00     97.98      0.00      0.00      1.01
02:37:44 PM       8      1.05      0.00     97.89      0.00      0.00      1.05
02:37:44 PM      12      0.00      0.00     98.97      0.00      0.00      1.03
02:37:44 PM      16      1.00      0.00     98.00      0.00      0.00      1.00
02:37:44 PM      20      1.02      0.00     97.96      0.00      0.00      1.02

02:37:44 PM     CPU     %user     %nice   %system   %iowait    %steal     %idle
02:37:45 PM       4      1.02      0.00     97.96      0.00      0.00      1.02
02:37:45 PM       8      2.02      0.00     96.97      0.00      0.00      1.01
02:37:45 PM      12      1.04      0.00     96.88      0.00      0.00      2.08
02:37:45 PM      16      2.02      0.00     96.97      0.00      0.00      1.01
02:37:45 PM      20      1.00      0.00     98.00      0.00      0.00      1.00

02:37:45 PM     CPU     %user     %nice   %system   %iowait    %steal     %idle
02:37:46 PM       4      1.03      0.00     96.91      0.00      0.00      2.06
02:37:46 PM       8      1.03      0.00     97.94      0.00      0.00      1.03
02:37:46 PM      12      1.02      0.00     97.96      0.00      0.00      1.02
02:37:46 PM      16      1.02      0.00     97.96      0.00      0.00      1.02
02:37:46 PM      20      2.08      0.00     96.88      0.00      0.00      1.04

02:37:46 PM     CPU     %user     %nice   %system   %iowait    %steal     %idle
02:37:47 PM       4      0.00      0.00     98.98      0.00      0.00      1.02
02:37:47 PM       8      1.01      0.00     96.97      0.00      0.00      2.02
02:37:47 PM      12      0.00      0.00     98.97      0.00      0.00      1.03
02:37:47 PM      16      1.00      0.00     97.00      0.00      0.00      2.00
02:37:47 PM      20      1.02      0.00     97.96      0.00      0.00      1.02

02:37:47 PM     CPU     %user     %nice   %system   %iowait    %steal     %idle
02:37:48 PM       4      1.00      0.00     98.00      0.00      0.00      1.00
02:37:48 PM       8      1.01      0.00     96.97      0.00      0.00      2.02
02:37:48 PM      12      1.02      0.00     96.94      0.00      0.00      2.04
02:37:48 PM      16      0.00      0.00     98.97      0.00      0.00      1.03
02:37:48 PM      20      1.02      0.00     96.94      0.00      0.00      2.04

02:37:48 PM     CPU     %user     %nice   %system   %iowait    %steal     %idle
02:37:49 PM       4      0.00      0.00     98.97      0.00      0.00      1.03
02:37:49 PM       8      0.00      0.00     98.99      0.00      0.00      1.01
02:37:49 PM      12      1.02      0.00     97.96      0.00      0.00      1.02
02:37:49 PM      16      0.00      0.00     98.96      0.00      0.00      1.04
02:37:49 PM      20      2.02      0.00     96.97      0.00      0.00      1.01

02:37:49 PM     CPU     %user     %nice   %system   %iowait    %steal     %idle
02:37:50 PM       4      0.00      0.00     98.00      0.00      0.00      2.00
02:37:50 PM       8      0.00      0.00     98.99      0.00      0.00      1.01
02:37:50 PM      12      0.00      0.00     97.98      0.00      0.00      2.02
02:37:50 PM      16      1.94      0.00     96.12      0.00      0.00      1.94
02:37:50 PM      20      1.02      0.00     96.94      0.00      0.00      2.04

02:37:50 PM     CPU     %user     %nice   %system   %iowait    %steal     %idle
02:37:51 PM       4      2.08      0.00     96.88      0.00      0.00      1.04
02:37:51 PM       8      0.99      0.00     97.03      0.00      0.00      1.98
02:37:51 PM      12      1.00      0.00     98.00      0.00      0.00      1.00
02:37:51 PM      16      1.02      0.00     97.96      0.00      0.00      1.02
02:37:51 PM      20      0.00      0.00     98.98      0.00      0.00      1.02

02:37:51 PM     CPU     %user     %nice   %system   %iowait    %steal     %idle
02:37:52 PM       4      1.00      0.00     98.00      0.00      0.00      1.00
02:37:52 PM       8      1.02      0.00     97.96      0.00      0.00      1.02
02:37:52 PM      12      0.00      0.00     97.94      0.00      0.00      2.06
02:37:52 PM      16      0.00      0.00     98.96      0.00      0.00      1.04
02:37:52 PM      20      1.01      0.00     96.97      0.00      0.00      2.02

02:37:52 PM     CPU     %user     %nice   %system   %iowait    %steal     %idle
02:37:53 PM       4      1.04      0.00     97.92      0.00      0.00      1.04
02:37:53 PM       8      1.01      0.00     97.98      0.00      0.00      1.01
02:37:53 PM      12      1.00      0.00     98.00      0.00      0.00      1.00
02:37:53 PM      16      2.00      0.00     97.00      0.00      0.00      1.00
02:37:53 PM      20      1.03      0.00     97.94      0.00      0.00      1.03

02:37:53 PM     CPU     %user     %nice   %system   %iowait    %steal     %idle
02:37:54 PM       4      0.00      0.00     98.99      0.00      0.00      1.01
02:37:54 PM       8      1.00      0.00     97.00      0.00      0.00      2.00
02:37:54 PM      12      0.00      0.00     97.98      0.00      0.00      2.02
02:37:54 PM      16      0.00      0.00     97.92      0.00      0.00      2.08
02:37:54 PM      20      1.01      0.00     96.97      0.00      0.00      2.02

02:37:54 PM     CPU     %user     %nice   %system   %iowait    %steal     %idle
02:37:55 PM       4      1.01      0.00     97.98      0.00      0.00      1.01
02:37:55 PM       8      0.00      0.00     98.98      0.00      0.00      1.02
02:37:55 PM      12      0.00      0.00     98.99      0.00      0.00      1.01
02:37:55 PM      16      1.02      0.00     97.96      0.00      0.00      1.02
02:37:55 PM      20      2.02      0.00     96.97      0.00      0.00      1.01

02:37:55 PM     CPU     %user     %nice   %system   %iowait    %steal     %idle
02:37:56 PM       4      0.00      0.00     97.96      0.00      0.00      2.04
02:37:56 PM       8      1.98      0.00     96.04      0.00      0.00      1.98
02:37:56 PM      12      2.04      0.00     96.94      0.00      0.00      1.02
02:37:56 PM      16      2.02      0.00     96.97      0.00      0.00      1.01
02:37:56 PM      20      1.02      0.00     97.96      0.00      0.00      1.02

02:37:56 PM     CPU     %user     %nice   %system   %iowait    %steal     %idle
02:37:57 PM       4      1.00      0.00     98.00      0.00      0.00      1.00
02:37:57 PM       8      0.00      0.00     98.96      0.00      0.00      1.04
02:37:57 PM      12      0.00      0.00     97.98      0.00      0.00      2.02
02:37:57 PM      16      1.01      0.00     96.97      0.00      0.00      2.02
02:37:57 PM      20      1.01      0.00     96.97      0.00      0.00      2.02

02:37:57 PM     CPU     %user     %nice   %system   %iowait    %steal     %idle
02:37:58 PM       4      2.11      0.00     96.84      0.00      0.00      1.05
02:37:58 PM       8      1.04      0.00     96.88      0.00      0.00      2.08
02:37:58 PM      12      0.00      0.00     98.97      0.00      0.00      1.03
02:37:58 PM      16      2.11      0.00     95.79      0.00      0.00      2.11
02:37:58 PM      20      2.08      0.00     96.88      0.00      0.00      1.04

02:37:58 PM     CPU     %user     %nice   %system   %iowait    %steal     %idle
02:37:59 PM       4      1.04      0.00     97.92      0.00      0.00      1.04
02:37:59 PM       8      0.00      0.00     98.98      0.00      0.00      1.02
02:37:59 PM      12      0.00      0.00     98.00      0.00      0.00      2.00
02:37:59 PM      16      0.00      0.00     98.99      0.00      0.00      1.01
02:37:59 PM      20      0.00      0.00     97.98      0.00      0.00      2.02

02:37:59 PM     CPU     %user     %nice   %system   %iowait    %steal     %idle
02:38:00 PM       4      1.01      0.00     96.97      0.00      0.00      2.02
02:38:00 PM       8      1.01      0.00     96.97      0.00      0.00      2.02
02:38:00 PM      12      1.03      0.00     97.94      0.00      0.00      1.03
02:38:00 PM      16      2.06      0.00     96.91      0.00      0.00      1.03
02:38:00 PM      20      1.02      0.00     97.96      0.00      0.00      1.02

02:38:00 PM     CPU     %user     %nice   %system   %iowait    %steal     %idle
02:38:01 PM       4      2.04      0.00     95.92      0.00      0.00      2.04
02:38:01 PM       8      0.00      0.00     98.99      0.00      0.00      1.01
02:38:01 PM      12      0.00      0.00     97.96      0.00      0.00      2.04
02:38:01 PM      16      0.00      0.00     97.98      0.00      0.00      2.02
02:38:01 PM      20      1.01      0.00     97.98      0.00      0.00      1.01
