Linux 6.0.3 (genie03) 	09/05/2023 	_x86_64_	(64 CPU)

08:05:26 PM     CPU     %user     %nice   %system   %iowait    %steal     %idle
08:05:27 PM       4      0.00      0.00    100.00      0.00      0.00      0.00
08:05:27 PM       8      0.00      0.00    100.00      0.00      0.00      0.00
08:05:27 PM      12      0.00      0.00    100.00      0.00      0.00      0.00
08:05:27 PM      16      0.00      0.00    100.00      0.00      0.00      0.00
08:05:27 PM      20      0.00      0.00    100.00      0.00      0.00      0.00

08:05:27 PM     CPU     %user     %nice   %system   %iowait    %steal     %idle
08:05:28 PM       4      0.00      0.00    100.00      0.00      0.00      0.00
08:05:28 PM       8      0.00      0.00    100.00      0.00      0.00      0.00
08:05:28 PM      12      0.00      0.00    100.00      0.00      0.00      0.00
08:05:28 PM      16      0.00      0.00    100.00      0.00      0.00      0.00
08:05:28 PM      20      0.00      0.00    100.00      0.00      0.00      0.00

08:05:28 PM     CPU     %user     %nice   %system   %iowait    %steal     %idle
08:05:29 PM       4      0.00      0.00    100.00      0.00      0.00      0.00
08:05:29 PM       8      0.00      0.00    100.00      0.00      0.00      0.00
08:05:29 PM      12      0.99      0.00     99.01      0.00      0.00      0.00
08:05:29 PM      16      0.99      0.00     99.01      0.00      0.00      0.00
08:05:29 PM      20      0.00      0.00    100.00      0.00      0.00      0.00

08:05:29 PM     CPU     %user     %nice   %system   %iowait    %steal     %idle
08:05:30 PM       4      0.00      0.00    100.00      0.00      0.00      0.00
08:05:30 PM       8      0.98      0.00     99.02      0.00      0.00      0.00
08:05:30 PM      12      1.01      0.00     98.99      0.00      0.00      0.00
08:05:30 PM      16      0.00      0.00    100.00      0.00      0.00      0.00
08:05:30 PM      20      0.00      0.00    100.00      0.00      0.00      0.00

08:05:30 PM     CPU     %user     %nice   %system   %iowait    %steal     %idle
08:05:31 PM       4      1.00      0.00     99.00      0.00      0.00      0.00
08:05:31 PM       8      0.00      0.00    100.00      0.00      0.00      0.00
08:05:31 PM      12      0.00      0.00    100.00      0.00      0.00      0.00
08:05:31 PM      16      0.00      0.00    100.00      0.00      0.00      0.00
08:05:31 PM      20      1.00      0.00     99.00      0.00      0.00      0.00

08:05:31 PM     CPU     %user     %nice   %system   %iowait    %steal     %idle
08:05:32 PM       4      1.00      0.00     99.00      0.00      0.00      0.00
08:05:32 PM       8      0.00      0.00    100.00      0.00      0.00      0.00
08:05:32 PM      12      0.00      0.00    100.00      0.00      0.00      0.00
08:05:32 PM      16      0.99      0.00     99.01      0.00      0.00      0.00
08:05:32 PM      20      0.00      0.00    100.00      0.00      0.00      0.00

08:05:32 PM     CPU     %user     %nice   %system   %iowait    %steal     %idle
08:05:33 PM       4      0.00      0.00    100.00      0.00      0.00      0.00
08:05:33 PM       8      0.00      0.00    100.00      0.00      0.00      0.00
08:05:33 PM      12      0.00      0.00    100.00      0.00      0.00      0.00
08:05:33 PM      16      0.00      0.00    100.00      0.00      0.00      0.00
08:05:33 PM      20      0.00      0.00    100.00      0.00      0.00      0.00

08:05:33 PM     CPU     %user     %nice   %system   %iowait    %steal     %idle
08:05:34 PM       4      0.00      0.00    100.00      0.00      0.00      0.00
08:05:34 PM       8      1.00      0.00     99.00      0.00      0.00      0.00
08:05:34 PM      12      0.00      0.00    100.00      0.00      0.00      0.00
08:05:34 PM      16      0.00      0.00    100.00      0.00      0.00      0.00
08:05:34 PM      20      1.00      0.00     99.00      0.00      0.00      0.00

08:05:34 PM     CPU     %user     %nice   %system   %iowait    %steal     %idle
08:05:35 PM       4      0.00      0.00    100.00      0.00      0.00      0.00
08:05:35 PM       8      0.00      0.00    100.00      0.00      0.00      0.00
08:05:35 PM      12      1.00      0.00     99.00      0.00      0.00      0.00
08:05:35 PM      16      0.99      0.00     99.01      0.00      0.00      0.00
08:05:35 PM      20      0.00      0.00    100.00      0.00      0.00      0.00

08:05:35 PM     CPU     %user     %nice   %system   %iowait    %steal     %idle
08:05:36 PM       4      0.99      0.00     99.01      0.00      0.00      0.00
08:05:36 PM       8      1.00      0.00     99.00      0.00      0.00      0.00
08:05:36 PM      12      0.00      0.00    100.00      0.00      0.00      0.00
08:05:36 PM      16      1.00      0.00     99.00      0.00      0.00      0.00
08:05:36 PM      20      1.00      0.00     99.00      0.00      0.00      0.00

08:05:36 PM     CPU     %user     %nice   %system   %iowait    %steal     %idle
08:05:37 PM       4      0.00      0.00    100.00      0.00      0.00      0.00
08:05:37 PM       8      0.00      0.00    100.00      0.00      0.00      0.00
08:05:37 PM      12      0.00      0.00    100.00      0.00      0.00      0.00
08:05:37 PM      16      0.00      0.00    100.00      0.00      0.00      0.00
08:05:37 PM      20      0.00      0.00    100.00      0.00      0.00      0.00

08:05:37 PM     CPU     %user     %nice   %system   %iowait    %steal     %idle
08:05:38 PM       4      0.00      0.00    100.00      0.00      0.00      0.00
08:05:38 PM       8      1.00      0.00     99.00      0.00      0.00      0.00
08:05:38 PM      12      0.00      0.00    100.00      0.00      0.00      0.00
08:05:38 PM      16      1.01      0.00     98.99      0.00      0.00      0.00
08:05:38 PM      20      0.00      0.00    100.00      0.00      0.00      0.00

08:05:38 PM     CPU     %user     %nice   %system   %iowait    %steal     %idle
08:05:39 PM       4      1.00      0.00     99.00      0.00      0.00      0.00
08:05:39 PM       8      0.00      0.00    100.00      0.00      0.00      0.00
08:05:39 PM      12      0.00      0.00    100.00      0.00      0.00      0.00
08:05:39 PM      16      1.00      0.00     99.00      0.00      0.00      0.00
08:05:39 PM      20      0.00      0.00    100.00      0.00      0.00      0.00

08:05:39 PM     CPU     %user     %nice   %system   %iowait    %steal     %idle
08:05:40 PM       4      0.00      0.00    100.00      0.00      0.00      0.00
08:05:40 PM       8      0.00      0.00    100.00      0.00      0.00      0.00
08:05:40 PM      12      1.00      0.00     99.00      0.00      0.00      0.00
08:05:40 PM      16      0.00      0.00    100.00      0.00      0.00      0.00
08:05:40 PM      20      0.00      0.00    100.00      0.00      0.00      0.00

08:05:40 PM     CPU     %user     %nice   %system   %iowait    %steal     %idle
08:05:41 PM       4      0.00      0.00    100.00      0.00      0.00      0.00
08:05:41 PM       8      0.00      0.00    100.00      0.00      0.00      0.00
08:05:41 PM      12      0.99      0.00     99.01      0.00      0.00      0.00
08:05:41 PM      16      0.00      0.00    100.00      0.00      0.00      0.00
08:05:41 PM      20      0.00      0.00    100.00      0.00      0.00      0.00
