Linux 6.0.3+ (genie03) 	12/21/2023 	_x86_64_	(64 CPU)

02:41:12 PM     CPU     %user     %nice   %system   %iowait    %steal     %idle
02:41:13 PM       4      0.00      0.00     98.95      0.00      0.00      1.05
02:41:13 PM       8      0.00      0.00     98.97      0.00      0.00      1.03
02:41:13 PM      12      0.00      0.00     98.98      0.00      0.00      1.02
02:41:13 PM      16      2.02      0.00     96.97      0.00      0.00      1.01
02:41:13 PM      20      2.02      0.00     96.97      0.00      0.00      1.01

02:41:13 PM     CPU     %user     %nice   %system   %iowait    %steal     %idle
02:41:14 PM       4      1.02      0.00     97.96      0.00      0.00      1.02
02:41:14 PM       8      0.00      0.00     98.96      0.00      0.00      1.04
02:41:14 PM      12      1.03      0.00     97.94      0.00      0.00      1.03
02:41:14 PM      16      0.00      0.00     98.98      0.00      0.00      1.02
02:41:14 PM      20      1.01      0.00     96.97      0.00      0.00      2.02

02:41:14 PM     CPU     %user     %nice   %system   %iowait    %steal     %idle
02:41:15 PM       4      1.01      0.00     97.98      0.00      0.00      1.01
02:41:15 PM       8      1.01      0.00     96.97      0.00      0.00      2.02
02:41:15 PM      12      0.99      0.00     98.02      0.00      0.00      0.99
02:41:15 PM      16      0.00      0.00     97.98      0.00      0.00      2.02
02:41:15 PM      20      1.04      0.00     97.92      0.00      0.00      1.04

02:41:15 PM     CPU     %user     %nice   %system   %iowait    %steal     %idle
02:41:16 PM       4      1.01      0.00     96.97      0.00      0.00      2.02
02:41:16 PM       8      1.01      0.00     97.98      0.00      0.00      1.01
02:41:16 PM      12      1.03      0.00     96.91      0.00      0.00      2.06
02:41:16 PM      16      1.01      0.00     97.98      0.00      0.00      1.01
02:41:16 PM      20      0.00      0.00     98.00      0.00      0.00      2.00

02:41:16 PM     CPU     %user     %nice   %system   %iowait    %steal     %idle
02:41:17 PM       4      0.00      0.00     98.99      0.00      0.00      1.01
02:41:17 PM       8      1.00      0.00     98.00      0.00      0.00      1.00
02:41:17 PM      12      1.03      0.00     97.94      0.00      0.00      1.03
02:41:17 PM      16      1.00      0.00     98.00      0.00      0.00      1.00
02:41:17 PM      20      0.00      0.00     98.97      0.00      0.00      1.03

02:41:17 PM     CPU     %user     %nice   %system   %iowait    %steal     %idle
02:41:18 PM       4      1.00      0.00     98.00      0.00      0.00      1.00
02:41:18 PM       8      0.00      0.00     97.98      0.00      0.00      2.02
02:41:18 PM      12      1.04      0.00     97.92      0.00      0.00      1.04
02:41:18 PM      16      0.00      0.00     97.98      0.00      0.00      2.02
02:41:18 PM      20      1.02      0.00     97.96      0.00      0.00      1.02

02:41:18 PM     CPU     %user     %nice   %system   %iowait    %steal     %idle
02:41:19 PM       4      0.00      0.00     97.96      0.00      0.00      2.04
02:41:19 PM       8      1.02      0.00     97.96      0.00      0.00      1.02
02:41:19 PM      12      2.02      0.00     95.96      0.00      0.00      2.02
02:41:19 PM      16      1.02      0.00     96.94      0.00      0.00      2.04
02:41:19 PM      20      0.00      0.00     98.00      0.00      0.00      2.00

02:41:19 PM     CPU     %user     %nice   %system   %iowait    %steal     %idle
02:41:20 PM       4      1.02      0.00     97.96      0.00      0.00      1.02
02:41:20 PM       8      0.00      0.00     99.00      0.00      0.00      1.00
02:41:20 PM      12      1.02      0.00     97.96      0.00      0.00      1.02
02:41:20 PM      16      0.99      0.00     98.02      0.00      0.00      0.99
02:41:20 PM      20      1.02      0.00     97.96      0.00      0.00      1.02

02:41:20 PM     CPU     %user     %nice   %system   %iowait    %steal     %idle
02:41:21 PM       4      0.00      0.00     98.00      0.00      0.00      2.00
02:41:21 PM       8      1.01      0.00     97.98      0.00      0.00      1.01
02:41:21 PM      12      2.04      0.00     96.94      0.00      0.00      1.02
02:41:21 PM      16      0.00      0.00     98.97      0.00      0.00      1.03
02:41:21 PM      20      0.00      0.00     98.97      0.00      0.00      1.03

02:41:21 PM     CPU     %user     %nice   %system   %iowait    %steal     %idle
02:41:22 PM       4      2.06      0.00     96.91      0.00      0.00      1.03
02:41:22 PM       8      0.00      0.00     97.98      0.00      0.00      2.02
02:41:22 PM      12      0.00      0.00     97.98      0.00      0.00      2.02
02:41:22 PM      16      1.01      0.00     96.97      0.00      0.00      2.02
02:41:22 PM      20      0.00      0.00     97.96      0.00      0.00      2.04

02:41:22 PM     CPU     %user     %nice   %system   %iowait    %steal     %idle
02:41:23 PM       4      2.04      0.00     95.92      0.00      0.00      2.04
02:41:23 PM       8      2.06      0.00     96.91      0.00      0.00      1.03
02:41:23 PM      12      1.02      0.00     97.96      0.00      0.00      1.02
02:41:23 PM      16      1.00      0.00     98.00      0.00      0.00      1.00
02:41:23 PM      20      1.02      0.00     97.96      0.00      0.00      1.02

02:41:23 PM     CPU     %user     %nice   %system   %iowait    %steal     %idle
02:41:24 PM       4      0.00      0.00     98.99      0.00      0.00      1.01
02:41:24 PM       8      0.00      0.00     97.96      0.00      0.00      2.04
02:41:24 PM      12      0.00      0.00     97.94      0.00      0.00      2.06
02:41:24 PM      16      0.00      0.00     97.96      0.00      0.00      2.04
02:41:24 PM      20      1.02      0.00     97.96      0.00      0.00      1.02

02:41:24 PM     CPU     %user     %nice   %system   %iowait    %steal     %idle
02:41:25 PM       4      1.01      0.00     97.98      0.00      0.00      1.01
02:41:25 PM       8      1.05      0.00     97.89      0.00      0.00      1.05
02:41:25 PM      12      1.01      0.00     97.98      0.00      0.00      1.01
02:41:25 PM      16      1.01      0.00     97.98      0.00      0.00      1.01
02:41:25 PM      20      0.00      0.00     97.96      0.00      0.00      2.04

02:41:25 PM     CPU     %user     %nice   %system   %iowait    %steal     %idle
02:41:26 PM       4      1.01      0.00     96.97      0.00      0.00      2.02
02:41:26 PM       8      1.02      0.00     97.96      0.00      0.00      1.02
02:41:26 PM      12      1.03      0.00     97.94      0.00      0.00      1.03
02:41:26 PM      16      1.01      0.00     97.98      0.00      0.00      1.01
02:41:26 PM      20      1.01      0.00     97.98      0.00      0.00      1.01

02:41:26 PM     CPU     %user     %nice   %system   %iowait    %steal     %idle
02:41:27 PM       4      0.00      0.00     98.98      0.00      0.00      1.02
02:41:27 PM       8      2.02      0.00     95.96      0.00      0.00      2.02
02:41:27 PM      12      1.00      0.00     97.00      0.00      0.00      2.00
02:41:27 PM      16      0.00      0.00     97.96      0.00      0.00      2.04
02:41:27 PM      20      1.02      0.00     96.94      0.00      0.00      2.04

02:41:27 PM     CPU     %user     %nice   %system   %iowait    %steal     %idle
02:41:28 PM       4      0.00      0.00     97.96      0.00      0.00      2.04
02:41:28 PM       8      1.02      0.00     96.94      0.00      0.00      2.04
02:41:28 PM      12      0.00      0.00     98.98      0.00      0.00      1.02
02:41:28 PM      16      3.03      0.00     95.96      0.00      0.00      1.01
02:41:28 PM      20      0.00      0.00     98.99      0.00      0.00      1.01

02:41:28 PM     CPU     %user     %nice   %system   %iowait    %steal     %idle
02:41:29 PM       4      3.00      0.00     95.00      0.00      0.00      2.00
02:41:29 PM       8      0.00      0.00     98.98      0.00      0.00      1.02
02:41:29 PM      12      2.02      0.00     96.97      0.00      0.00      1.01
02:41:29 PM      16      1.01      0.00     96.97      0.00      0.00      2.02
02:41:29 PM      20      1.02      0.00     97.96      0.00      0.00      1.02

02:41:29 PM     CPU     %user     %nice   %system   %iowait    %steal     %idle
02:41:30 PM       4      1.01      0.00     97.98      0.00      0.00      1.01
02:41:30 PM       8      1.01      0.00     96.97      0.00      0.00      2.02
02:41:30 PM      12      1.98      0.00     96.04      0.00      0.00      1.98
02:41:30 PM      16      1.00      0.00     98.00      0.00      0.00      1.00
02:41:30 PM      20      0.99      0.00     97.03      0.00      0.00      1.98

02:41:30 PM     CPU     %user     %nice   %system   %iowait    %steal     %idle
02:41:31 PM       4      0.00      0.00     97.96      0.00      0.00      2.04
02:41:31 PM       8      0.00      0.00     98.97      0.00      0.00      1.03
02:41:31 PM      12      2.06      0.00     96.91      0.00      0.00      1.03
02:41:31 PM      16      1.00      0.00     97.00      0.00      0.00      2.00
02:41:31 PM      20      1.02      0.00     97.96      0.00      0.00      1.02

02:41:31 PM     CPU     %user     %nice   %system   %iowait    %steal     %idle
02:41:32 PM       4      1.01      0.00     97.98      0.00      0.00      1.01
02:41:32 PM       8      3.00      0.00     95.00      0.00      0.00      2.00
02:41:32 PM      12      1.02      0.00     96.94      0.00      0.00      2.04
02:41:32 PM      16      1.01      0.00     97.98      0.00      0.00      1.01
02:41:32 PM      20      1.03      0.00     97.94      0.00      0.00      1.03

02:41:32 PM     CPU     %user     %nice   %system   %iowait    %steal     %idle
02:41:33 PM       4      1.03      0.00     96.91      0.00      0.00      2.06
02:41:33 PM       8      0.00      0.00     98.98      0.00      0.00      1.02
02:41:33 PM      12      1.02      0.00     97.96      0.00      0.00      1.02
02:41:33 PM      16      1.04      0.00     97.92      0.00      0.00      1.04
02:41:33 PM      20      0.00      0.00     97.94      0.00      0.00      2.06

02:41:33 PM     CPU     %user     %nice   %system   %iowait    %steal     %idle
02:41:34 PM       4      1.02      0.00     97.96      0.00      0.00      1.02
02:41:34 PM       8      1.01      0.00     96.97      0.00      0.00      2.02
02:41:34 PM      12      2.00      0.00     96.00      0.00      0.00      2.00
02:41:34 PM      16      1.00      0.00     97.00      0.00      0.00      2.00
02:41:34 PM      20      2.00      0.00     96.00      0.00      0.00      2.00

02:41:34 PM     CPU     %user     %nice   %system   %iowait    %steal     %idle
02:41:35 PM       4      0.00      0.00     97.96      0.00      0.00      2.04
02:41:35 PM       8      1.01      0.00     97.98      0.00      0.00      1.01
02:41:35 PM      12      1.05      0.00     97.89      0.00      0.00      1.05
02:41:35 PM      16      1.01      0.00     96.97      0.00      0.00      2.02
02:41:35 PM      20      0.00      0.00     97.92      0.00      0.00      2.08

02:41:35 PM     CPU     %user     %nice   %system   %iowait    %steal     %idle
02:41:36 PM       4      0.00      0.00     98.97      0.00      0.00      1.03
02:41:36 PM       8      1.02      0.00     97.96      0.00      0.00      1.02
02:41:36 PM      12      1.00      0.00     97.00      0.00      0.00      2.00
02:41:36 PM      16      0.00      0.00     98.97      0.00      0.00      1.03
02:41:36 PM      20      1.02      0.00     97.96      0.00      0.00      1.02

02:41:36 PM     CPU     %user     %nice   %system   %iowait    %steal     %idle
02:41:37 PM       4      2.02      0.00     95.96      0.00      0.00      2.02
02:41:37 PM       8      0.00      0.00     97.98      0.00      0.00      2.02
02:41:37 PM      12      0.00      0.00     97.96      0.00      0.00      2.04
02:41:37 PM      16      1.04      0.00     97.92      0.00      0.00      1.04
02:41:37 PM      20      1.03      0.00     96.91      0.00      0.00      2.06
