Linux 6.0.3 (genie03) 	08/31/2023 	_x86_64_	(64 CPU)

02:29:57 PM     CPU     %user     %nice   %system   %iowait    %steal     %idle
02:29:58 PM       4      0.00      0.00    100.00      0.00      0.00      0.00
02:29:58 PM       8      1.00      0.00     99.00      0.00      0.00      0.00
02:29:58 PM      12      0.00      0.00    100.00      0.00      0.00      0.00
02:29:58 PM      16      1.00      0.00     99.00      0.00      0.00      0.00

02:29:58 PM     CPU     %user     %nice   %system   %iowait    %steal     %idle
02:29:59 PM       4      0.00      0.00    100.00      0.00      0.00      0.00
02:29:59 PM       8      0.99      0.00     99.01      0.00      0.00      0.00
02:29:59 PM      12      0.00      0.00    100.00      0.00      0.00      0.00
02:29:59 PM      16      1.00      0.00     99.00      0.00      0.00      0.00

02:29:59 PM     CPU     %user     %nice   %system   %iowait    %steal     %idle
02:30:00 PM       4      1.01      0.00     98.99      0.00      0.00      0.00
02:30:00 PM       8      0.00      0.00    100.00      0.00      0.00      0.00
02:30:00 PM      12      0.99      0.00     99.01      0.00      0.00      0.00
02:30:00 PM      16      1.98      0.00     98.02      0.00      0.00      0.00

02:30:00 PM     CPU     %user     %nice   %system   %iowait    %steal     %idle
02:30:01 PM       4      1.00      0.00     99.00      0.00      0.00      0.00
02:30:01 PM       8      1.01      0.00     98.99      0.00      0.00      0.00
02:30:01 PM      12      1.00      0.00     99.00      0.00      0.00      0.00
02:30:01 PM      16      0.00      0.00    100.00      0.00      0.00      0.00

02:30:01 PM     CPU     %user     %nice   %system   %iowait    %steal     %idle
02:30:02 PM       4      1.00      0.00     99.00      0.00      0.00      0.00
02:30:02 PM       8      1.00      0.00     99.00      0.00      0.00      0.00
02:30:02 PM      12      0.00      0.00    100.00      0.00      0.00      0.00
02:30:02 PM      16      0.00      0.00    100.00      0.00      0.00      0.00

02:30:02 PM     CPU     %user     %nice   %system   %iowait    %steal     %idle
02:30:03 PM       4      0.99      0.00     99.01      0.00      0.00      0.00
02:30:03 PM       8      0.00      0.00    100.00      0.00      0.00      0.00
02:30:03 PM      12      0.00      0.00    100.00      0.00      0.00      0.00
02:30:03 PM      16      0.99      0.00     99.01      0.00      0.00      0.00

02:30:03 PM     CPU     %user     %nice   %system   %iowait    %steal     %idle
02:30:04 PM       4      0.00      0.00    100.00      0.00      0.00      0.00
02:30:04 PM       8      1.00      0.00     99.00      0.00      0.00      0.00
02:30:04 PM      12      0.00      0.00    100.00      0.00      0.00      0.00
02:30:04 PM      16      1.00      0.00     99.00      0.00      0.00      0.00

02:30:04 PM     CPU     %user     %nice   %system   %iowait    %steal     %idle
02:30:05 PM       4      1.00      0.00     99.00      0.00      0.00      0.00
02:30:05 PM       8      0.00      0.00    100.00      0.00      0.00      0.00
02:30:05 PM      12      2.00      0.00     98.00      0.00      0.00      0.00
02:30:05 PM      16      0.00      0.00    100.00      0.00      0.00      0.00

02:30:05 PM     CPU     %user     %nice   %system   %iowait    %steal     %idle
02:30:06 PM       4      1.00      0.00     99.00      0.00      0.00      0.00
02:30:06 PM       8      0.99      0.00     99.01      0.00      0.00      0.00
02:30:06 PM      12      0.00      0.00    100.00      0.00      0.00      0.00
02:30:06 PM      16      0.00      0.00    100.00      0.00      0.00      0.00

02:30:06 PM     CPU     %user     %nice   %system   %iowait    %steal     %idle
02:30:07 PM       4      1.00      0.00     99.00      0.00      0.00      0.00
02:30:07 PM       8      0.00      0.00    100.00      0.00      0.00      0.00
02:30:07 PM      12      0.00      0.00    100.00      0.00      0.00      0.00
02:30:07 PM      16      1.00      0.00     99.00      0.00      0.00      0.00

02:30:07 PM     CPU     %user     %nice   %system   %iowait    %steal     %idle
02:30:08 PM       4      1.00      0.00     99.00      0.00      0.00      0.00
02:30:08 PM       8      0.99      0.00     99.01      0.00      0.00      0.00
02:30:08 PM      12      0.00      0.00    100.00      0.00      0.00      0.00
02:30:08 PM      16      0.00      0.00    100.00      0.00      0.00      0.00

02:30:08 PM     CPU     %user     %nice   %system   %iowait    %steal     %idle
02:30:09 PM       4      1.00      0.00     99.00      0.00      0.00      0.00
02:30:09 PM       8      0.00      0.00    100.00      0.00      0.00      0.00
02:30:09 PM      12      1.00      0.00     99.00      0.00      0.00      0.00
02:30:09 PM      16      0.99      0.00     99.01      0.00      0.00      0.00

02:30:09 PM     CPU     %user     %nice   %system   %iowait    %steal     %idle
02:30:10 PM       4      1.00      0.00     99.00      0.00      0.00      0.00
02:30:10 PM       8      0.99      0.00     99.01      0.00      0.00      0.00
02:30:10 PM      12      2.00      0.00     98.00      0.00      0.00      0.00
02:30:10 PM      16      0.00      0.00    100.00      0.00      0.00      0.00

02:30:10 PM     CPU     %user     %nice   %system   %iowait    %steal     %idle
02:30:11 PM       4      1.00      0.00     99.00      0.00      0.00      0.00
02:30:11 PM       8      0.00      0.00    100.00      0.00      0.00      0.00
02:30:11 PM      12      0.00      0.00    100.00      0.00      0.00      0.00
02:30:11 PM      16      0.00      0.00    100.00      0.00      0.00      0.00

02:30:11 PM     CPU     %user     %nice   %system   %iowait    %steal     %idle
02:30:12 PM       4      1.00      0.00     99.00      0.00      0.00      0.00
02:30:12 PM       8      0.00      0.00    100.00      0.00      0.00      0.00
02:30:12 PM      12      1.00      0.00     99.00      0.00      0.00      0.00
02:30:12 PM      16      1.00      0.00     99.00      0.00      0.00      0.00
