Linux 6.0.3 (genie03) 	09/05/2023 	_x86_64_	(64 CPU)

07:52:37 PM     CPU     %user     %nice   %system   %iowait    %steal     %idle
07:52:38 PM       4      1.03      0.00     82.47      0.00      0.00     16.49
07:52:38 PM       8      0.99      0.00     80.20      0.00      0.00     18.81
07:52:38 PM      12      1.02      0.00     76.53      0.00      0.00     22.45
07:52:38 PM      16      1.04      0.00     79.17      0.00      0.00     19.79
07:52:38 PM      20      0.97      0.00     75.73      0.00      0.00     23.30

07:52:38 PM     CPU     %user     %nice   %system   %iowait    %steal     %idle
07:52:39 PM       4      2.00      0.00     78.00      0.00      0.00     20.00
07:52:39 PM       8      0.00      0.00     76.34      0.00      0.00     23.66
07:52:39 PM      12      0.99      0.00     84.16      0.00      0.00     14.85
07:52:39 PM      16      0.99      0.00     80.20      0.00      0.00     18.81
07:52:39 PM      20      3.00      0.00     79.00      0.00      0.00     18.00

07:52:39 PM     CPU     %user     %nice   %system   %iowait    %steal     %idle
07:52:40 PM       4      1.96      0.00     79.41      0.00      0.00     18.63
07:52:40 PM       8      0.00      0.00     81.63      0.00      0.00     18.37
07:52:40 PM      12      0.96      0.00     78.85      0.00      0.00     20.19
07:52:40 PM      16      1.04      0.00     80.21      0.00      0.00     18.75
07:52:40 PM      20      0.00      0.00     79.00      0.00      0.00     21.00

07:52:40 PM     CPU     %user     %nice   %system   %iowait    %steal     %idle
07:52:41 PM       4      1.00      0.00     84.00      0.00      0.00     15.00
07:52:41 PM       8      0.00      0.00     83.00      0.00      0.00     17.00
07:52:41 PM      12      0.00      0.00     85.57      0.00      0.00     14.43
07:52:41 PM      16      0.00      0.00     87.38      0.00      0.00     12.62
07:52:41 PM      20      2.00      0.00     82.00      0.00      0.00     16.00

07:52:41 PM     CPU     %user     %nice   %system   %iowait    %steal     %idle
07:52:42 PM       4      1.00      0.00     99.00      0.00      0.00      0.00
07:52:42 PM       8      0.00      0.00    100.00      0.00      0.00      0.00
07:52:42 PM      12      0.00      0.00    100.00      0.00      0.00      0.00
07:52:42 PM      16      0.00      0.00    100.00      0.00      0.00      0.00
07:52:42 PM      20      0.00      0.00    100.00      0.00      0.00      0.00

07:52:42 PM     CPU     %user     %nice   %system   %iowait    %steal     %idle
07:52:43 PM       4      0.00      0.00    100.00      0.00      0.00      0.00
07:52:43 PM       8      0.99      0.00     99.01      0.00      0.00      0.00
07:52:43 PM      12      1.00      0.00     99.00      0.00      0.00      0.00
07:52:43 PM      16      0.00      0.00    100.00      0.00      0.00      0.00
07:52:43 PM      20      0.00      0.00    100.00      0.00      0.00      0.00

07:52:43 PM     CPU     %user     %nice   %system   %iowait    %steal     %idle
07:52:44 PM       4      0.99      0.00     99.01      0.00      0.00      0.00
07:52:44 PM       8      1.00      0.00     99.00      0.00      0.00      0.00
07:52:44 PM      12      0.00      0.00    100.00      0.00      0.00      0.00
07:52:44 PM      16      1.00      0.00     99.00      0.00      0.00      0.00
07:52:44 PM      20      0.00      0.00    100.00      0.00      0.00      0.00

07:52:44 PM     CPU     %user     %nice   %system   %iowait    %steal     %idle
07:52:45 PM       4      1.00      0.00     99.00      0.00      0.00      0.00
07:52:45 PM       8      0.00      0.00    100.00      0.00      0.00      0.00
07:52:45 PM      12      1.00      0.00     99.00      0.00      0.00      0.00
07:52:45 PM      16      0.00      0.00    100.00      0.00      0.00      0.00
07:52:45 PM      20      0.00      0.00    100.00      0.00      0.00      0.00

07:52:45 PM     CPU     %user     %nice   %system   %iowait    %steal     %idle
07:52:46 PM       4      0.00      0.00    100.00      0.00      0.00      0.00
07:52:46 PM       8      0.00      0.00    100.00      0.00      0.00      0.00
07:52:46 PM      12      1.00      0.00     99.00      0.00      0.00      0.00
07:52:46 PM      16      0.00      0.00    100.00      0.00      0.00      0.00
07:52:46 PM      20      0.00      0.00    100.00      0.00      0.00      0.00

07:52:46 PM     CPU     %user     %nice   %system   %iowait    %steal     %idle
07:52:47 PM       4      1.01      0.00     98.99      0.00      0.00      0.00
07:52:47 PM       8      1.00      0.00     99.00      0.00      0.00      0.00
07:52:47 PM      12      0.00      0.00    100.00      0.00      0.00      0.00
07:52:47 PM      16      0.00      0.00    100.00      0.00      0.00      0.00
07:52:47 PM      20      1.00      0.00     99.00      0.00      0.00      0.00

07:52:47 PM     CPU     %user     %nice   %system   %iowait    %steal     %idle
07:52:48 PM       4      0.99      0.00     99.01      0.00      0.00      0.00
07:52:48 PM       8      1.00      0.00     99.00      0.00      0.00      0.00
07:52:48 PM      12      2.00      0.00     98.00      0.00      0.00      0.00
07:52:48 PM      16      0.00      0.00    100.00      0.00      0.00      0.00
07:52:48 PM      20      1.00      0.00     99.00      0.00      0.00      0.00

07:52:48 PM     CPU     %user     %nice   %system   %iowait    %steal     %idle
07:52:49 PM       4      0.00      0.00    100.00      0.00      0.00      0.00
07:52:49 PM       8      1.00      0.00     99.00      0.00      0.00      0.00
07:52:49 PM      12      0.99      0.00     99.01      0.00      0.00      0.00
07:52:49 PM      16      0.00      0.00    100.00      0.00      0.00      0.00
07:52:49 PM      20      0.00      0.00    100.00      0.00      0.00      0.00

07:52:49 PM     CPU     %user     %nice   %system   %iowait    %steal     %idle
07:52:50 PM       4      0.00      0.00    100.00      0.00      0.00      0.00
07:52:50 PM       8      0.99      0.00     99.01      0.00      0.00      0.00
07:52:50 PM      12      0.00      0.00    100.00      0.00      0.00      0.00
07:52:50 PM      16      1.00      0.00     99.00      0.00      0.00      0.00
07:52:50 PM      20      0.00      0.00    100.00      0.00      0.00      0.00

07:52:50 PM     CPU     %user     %nice   %system   %iowait    %steal     %idle
07:52:51 PM       4      0.00      0.00    100.00      0.00      0.00      0.00
07:52:51 PM       8      0.00      0.00    100.00      0.00      0.00      0.00
07:52:51 PM      12      0.00      0.00    100.00      0.00      0.00      0.00
07:52:51 PM      16      0.99      0.00     99.01      0.00      0.00      0.00
07:52:51 PM      20      1.00      0.00     99.00      0.00      0.00      0.00

07:52:51 PM     CPU     %user     %nice   %system   %iowait    %steal     %idle
07:52:52 PM       4      1.98      0.00     98.02      0.00      0.00      0.00
07:52:52 PM       8      1.01      0.00     98.99      0.00      0.00      0.00
07:52:52 PM      12      0.00      0.00    100.00      0.00      0.00      0.00
07:52:52 PM      16      0.00      0.00    100.00      0.00      0.00      0.00
07:52:52 PM      20      0.99      0.00     99.01      0.00      0.00      0.00
