Linux 6.0.3 (genie03) 	08/31/2023 	_x86_64_	(64 CPU)

01:26:26 PM     CPU     %user     %nice   %system   %iowait    %steal     %idle
01:26:27 PM       4      0.00      0.00     97.94      0.00      0.00      2.06
01:26:27 PM       8      1.04      0.00     95.83      0.00      0.00      3.12
01:26:27 PM      12      1.04      0.00     94.79      0.00      0.00      4.17
01:26:27 PM      16      2.11      0.00     95.79      0.00      0.00      2.11
01:26:27 PM      20      0.00      0.00     96.81      0.00      0.00      3.19

01:26:27 PM     CPU     %user     %nice   %system   %iowait    %steal     %idle
01:26:28 PM       4      0.00      0.00     96.81      0.00      0.00      3.19
01:26:28 PM       8      1.03      0.00     95.88      0.00      0.00      3.09
01:26:28 PM      12      1.06      0.00     95.74      0.00      0.00      3.19
01:26:28 PM      16      1.06      0.00     96.81      0.00      0.00      2.13
01:26:28 PM      20      3.12      0.00     94.79      0.00      0.00      2.08

01:26:28 PM     CPU     %user     %nice   %system   %iowait    %steal     %idle
01:26:29 PM       4      2.06      0.00     95.88      0.00      0.00      2.06
01:26:29 PM       8      2.15      0.00     95.70      0.00      0.00      2.15
01:26:29 PM      12      1.04      0.00     95.83      0.00      0.00      3.12
01:26:29 PM      16      1.05      0.00     96.84      0.00      0.00      2.11
01:26:29 PM      20      1.08      0.00     95.70      0.00      0.00      3.23

01:26:29 PM     CPU     %user     %nice   %system   %iowait    %steal     %idle
01:26:30 PM       4      1.05      0.00     96.84      0.00      0.00      2.11
01:26:30 PM       8      0.00      0.00     96.84      0.00      0.00      3.16
01:26:30 PM      12      2.04      0.00     94.90      0.00      0.00      3.06
01:26:30 PM      16      1.05      0.00     97.89      0.00      0.00      1.05
01:26:30 PM      20      1.03      0.00     96.91      0.00      0.00      2.06

01:26:30 PM     CPU     %user     %nice   %system   %iowait    %steal     %idle
01:26:31 PM       4      2.06      0.00     95.88      0.00      0.00      2.06
01:26:31 PM       8      2.04      0.00     95.92      0.00      0.00      2.04
01:26:31 PM      12      2.04      0.00     94.90      0.00      0.00      3.06
01:26:31 PM      16      1.04      0.00     95.83      0.00      0.00      3.12
01:26:31 PM      20      1.04      0.00     96.88      0.00      0.00      2.08

01:26:31 PM     CPU     %user     %nice   %system   %iowait    %steal     %idle
01:26:32 PM       4      3.19      0.00     93.62      0.00      0.00      3.19
01:26:32 PM       8      0.00      0.00     97.83      0.00      0.00      2.17
01:26:32 PM      12      1.09      0.00     94.57      0.00      0.00      4.35
01:26:32 PM      16      1.05      0.00     95.79      0.00      0.00      3.16
01:26:32 PM      20      1.04      0.00     96.88      0.00      0.00      2.08

01:26:32 PM     CPU     %user     %nice   %system   %iowait    %steal     %idle
01:26:33 PM       4      1.06      0.00     96.81      0.00      0.00      2.13
01:26:33 PM       8      2.08      0.00     95.83      0.00      0.00      2.08
01:26:33 PM      12      0.00      0.00     97.85      0.00      0.00      2.15
01:26:33 PM      16      1.05      0.00     96.84      0.00      0.00      2.11
01:26:33 PM      20      0.00      0.00     97.89      0.00      0.00      2.11

01:26:33 PM     CPU     %user     %nice   %system   %iowait    %steal     %idle
01:26:34 PM       4      1.03      0.00     95.88      0.00      0.00      3.09
01:26:34 PM       8      2.13      0.00     95.74      0.00      0.00      2.13
01:26:34 PM      12      1.02      0.00     95.92      0.00      0.00      3.06
01:26:34 PM      16      2.04      0.00     95.92      0.00      0.00      2.04
01:26:34 PM      20      2.15      0.00     95.70      0.00      0.00      2.15

01:26:34 PM     CPU     %user     %nice   %system   %iowait    %steal     %idle
01:26:35 PM       4      2.11      0.00     95.79      0.00      0.00      2.11
01:26:35 PM       8      2.15      0.00     95.70      0.00      0.00      2.15
01:26:35 PM      12      2.04      0.00     94.90      0.00      0.00      3.06
01:26:35 PM      16      1.05      0.00     95.79      0.00      0.00      3.16
01:26:35 PM      20      0.00      0.00     97.87      0.00      0.00      2.13

01:26:35 PM     CPU     %user     %nice   %system   %iowait    %steal     %idle
01:26:36 PM       4      1.03      0.00     96.91      0.00      0.00      2.06
01:26:36 PM       8      0.00      0.00     96.91      0.00      0.00      3.09
01:26:36 PM      12      0.00      0.00     96.91      0.00      0.00      3.09
01:26:36 PM      16      1.10      0.00     96.70      0.00      0.00      2.20
01:26:36 PM      20      1.04      0.00     95.83      0.00      0.00      3.12

01:26:36 PM     CPU     %user     %nice   %system   %iowait    %steal     %idle
01:26:37 PM       4      2.06      0.00     94.85      0.00      0.00      3.09
01:26:37 PM       8      1.02      0.00     96.94      0.00      0.00      2.04
01:26:37 PM      12      0.00      0.00     96.88      0.00      0.00      3.12
01:26:37 PM      16      2.04      0.00     95.92      0.00      0.00      2.04
01:26:37 PM      20      1.04      0.00     96.88      0.00      0.00      2.08

01:26:37 PM     CPU     %user     %nice   %system   %iowait    %steal     %idle
01:26:38 PM       4      1.05      0.00     96.84      0.00      0.00      2.11
01:26:38 PM       8      1.06      0.00     96.81      0.00      0.00      2.13
01:26:38 PM      12      2.17      0.00     94.57      0.00      0.00      3.26
01:26:38 PM      16      2.08      0.00     95.83      0.00      0.00      2.08
01:26:38 PM      20      2.11      0.00     95.79      0.00      0.00      2.11

01:26:38 PM     CPU     %user     %nice   %system   %iowait    %steal     %idle
01:26:39 PM       4      0.00      0.00     97.87      0.00      0.00      2.13
01:26:39 PM       8      0.00      0.00     97.94      0.00      0.00      2.06
01:26:39 PM      12      1.06      0.00     95.74      0.00      0.00      3.19
01:26:39 PM      16      0.00      0.00     96.88      0.00      0.00      3.12
01:26:39 PM      20      0.00      0.00     98.94      0.00      0.00      1.06

01:26:39 PM     CPU     %user     %nice   %system   %iowait    %steal     %idle
01:26:40 PM       4      1.05      0.00     96.84      0.00      0.00      2.11
01:26:40 PM       8      1.05      0.00     96.84      0.00      0.00      2.11
01:26:40 PM      12      1.02      0.00     95.92      0.00      0.00      3.06
01:26:40 PM      16      1.04      0.00     96.88      0.00      0.00      2.08
01:26:40 PM      20      1.05      0.00     96.84      0.00      0.00      2.11

01:26:40 PM     CPU     %user     %nice   %system   %iowait    %steal     %idle
01:26:41 PM       4      1.04      0.00     96.88      0.00      0.00      2.08
01:26:41 PM       8      2.08      0.00     94.79      0.00      0.00      3.12
01:26:41 PM      12      2.04      0.00     94.90      0.00      0.00      3.06
01:26:41 PM      16      3.23      0.00     94.62      0.00      0.00      2.15
01:26:41 PM      20      2.06      0.00     94.85      0.00      0.00      3.09
