Linux 6.0.3+ (genie03) 	12/21/2023 	_x86_64_	(64 CPU)

03:13:38 PM     CPU     %user     %nice   %system   %iowait    %steal     %idle
03:13:39 PM       4      0.98      0.00     97.06      0.00      0.00      1.96
03:13:39 PM       8      1.01      0.00     96.97      0.00      0.00      2.02
03:13:39 PM      12      0.00      0.00     97.03      0.00      0.00      2.97
03:13:39 PM      16      0.00      0.00     98.99      0.00      0.00      1.01
03:13:39 PM      20      0.00      0.00     97.98      0.00      0.00      2.02

03:13:39 PM     CPU     %user     %nice   %system   %iowait    %steal     %idle
03:13:40 PM       4      0.99      0.00     97.03      0.00      0.00      1.98
03:13:40 PM       8      0.00      0.00     98.00      0.00      0.00      2.00
03:13:40 PM      12      0.00      0.00     98.04      0.00      0.00      1.96
03:13:40 PM      16      0.00      0.00     97.98      0.00      0.00      2.02
03:13:40 PM      20      0.98      0.00     97.06      0.00      0.00      1.96

03:13:40 PM     CPU     %user     %nice   %system   %iowait    %steal     %idle
03:13:41 PM       4      0.99      0.00     97.03      0.00      0.00      1.98
03:13:41 PM       8      0.00      0.00     98.99      0.00      0.00      1.01
03:13:41 PM      12      0.00      0.00     97.98      0.00      0.00      2.02
03:13:41 PM      16      0.99      0.00     97.03      0.00      0.00      1.98
03:13:41 PM      20      1.00      0.00     97.00      0.00      0.00      2.00

03:13:41 PM     CPU     %user     %nice   %system   %iowait    %steal     %idle
03:13:42 PM       4      0.00      0.00     98.02      0.00      0.00      1.98
03:13:42 PM       8      0.99      0.00     97.03      0.00      0.00      1.98
03:13:42 PM      12      0.98      0.00     97.06      0.00      0.00      1.96
03:13:42 PM      16      0.00      0.00     97.96      0.00      0.00      2.04
03:13:42 PM      20      1.02      0.00     96.94      0.00      0.00      2.04

03:13:42 PM     CPU     %user     %nice   %system   %iowait    %steal     %idle
03:13:43 PM       4      0.99      0.00     97.03      0.00      0.00      1.98
03:13:43 PM       8      0.99      0.00     97.03      0.00      0.00      1.98
03:13:43 PM      12      0.00      0.00     96.94      0.00      0.00      3.06
03:13:43 PM      16      0.00      0.00     97.98      0.00      0.00      2.02
03:13:43 PM      20      0.00      0.00     97.98      0.00      0.00      2.02

03:13:43 PM     CPU     %user     %nice   %system   %iowait    %steal     %idle
03:13:44 PM       4      0.00      0.00     97.03      0.00      0.00      2.97
03:13:44 PM       8      0.00      0.00     97.96      0.00      0.00      2.04
03:13:44 PM      12      1.00      0.00     97.00      0.00      0.00      2.00
03:13:44 PM      16      1.00      0.00     97.00      0.00      0.00      2.00
03:13:44 PM      20      2.02      0.00     96.97      0.00      0.00      1.01

03:13:44 PM     CPU     %user     %nice   %system   %iowait    %steal     %idle
03:13:45 PM       4      0.00      0.00     97.98      0.00      0.00      2.02
03:13:45 PM       8      0.00      0.00     98.02      0.00      0.00      1.98
03:13:45 PM      12      0.00      0.00     97.06      0.00      0.00      2.94
03:13:45 PM      16      0.00      0.00     98.00      0.00      0.00      2.00
03:13:45 PM      20      0.00      0.00     98.00      0.00      0.00      2.00

03:13:45 PM     CPU     %user     %nice   %system   %iowait    %steal     %idle
03:13:46 PM       4      0.98      0.00     97.06      0.00      0.00      1.96
03:13:46 PM       8      1.00      0.00     98.00      0.00      0.00      1.00
03:13:46 PM      12      0.00      0.00     97.98      0.00      0.00      2.02
03:13:46 PM      16      1.01      0.00     96.97      0.00      0.00      2.02
03:13:46 PM      20      0.00      0.00     98.00      0.00      0.00      2.00

03:13:46 PM     CPU     %user     %nice   %system   %iowait    %steal     %idle
03:13:47 PM       4      1.00      0.00     97.00      0.00      0.00      2.00
03:13:47 PM       8      0.00      0.00     97.98      0.00      0.00      2.02
03:13:47 PM      12      0.00      0.00     98.02      0.00      0.00      1.98
03:13:47 PM      16      0.00      0.00     98.02      0.00      0.00      1.98
03:13:47 PM      20      0.00      0.00     97.96      0.00      0.00      2.04

03:13:47 PM     CPU     %user     %nice   %system   %iowait    %steal     %idle
03:13:48 PM       4      0.00      0.00     98.00      0.00      0.00      2.00
03:13:48 PM       8      1.00      0.00     98.00      0.00      0.00      1.00
03:13:48 PM      12      0.99      0.00     97.03      0.00      0.00      1.98
03:13:48 PM      16      0.98      0.00     97.06      0.00      0.00      1.96
03:13:48 PM      20      1.01      0.00     96.97      0.00      0.00      2.02

03:13:48 PM     CPU     %user     %nice   %system   %iowait    %steal     %idle
03:13:49 PM       4      1.00      0.00     97.00      0.00      0.00      2.00
03:13:49 PM       8      0.00      0.00     97.94      0.00      0.00      2.06
03:13:49 PM      12      1.00      0.00     97.00      0.00      0.00      2.00
03:13:49 PM      16      0.00      0.00     98.00      0.00      0.00      2.00
03:13:49 PM      20      0.99      0.00     97.03      0.00      0.00      1.98

03:13:49 PM     CPU     %user     %nice   %system   %iowait    %steal     %idle
03:13:50 PM       4      0.00      0.00     98.02      0.00      0.00      1.98
03:13:50 PM       8      0.00      0.00     98.00      0.00      0.00      2.00
03:13:50 PM      12      0.00      0.00     97.98      0.00      0.00      2.02
03:13:50 PM      16      1.00      0.00     97.00      0.00      0.00      2.00
03:13:50 PM      20      0.00      0.00     99.00      0.00      0.00      1.00

03:13:50 PM     CPU     %user     %nice   %system   %iowait    %steal     %idle
03:13:51 PM       4      0.00      0.00     97.98      0.00      0.00      2.02
03:13:51 PM       8      0.97      0.00     97.09      0.00      0.00      1.94
03:13:51 PM      12      0.99      0.00     96.04      0.00      0.00      2.97
03:13:51 PM      16      1.02      0.00     96.94      0.00      0.00      2.04
03:13:51 PM      20      0.00      0.00     98.00      0.00      0.00      2.00

03:13:51 PM     CPU     %user     %nice   %system   %iowait    %steal     %idle
03:13:52 PM       4      1.00      0.00     97.00      0.00      0.00      2.00
03:13:52 PM       8      1.00      0.00     97.00      0.00      0.00      2.00
03:13:52 PM      12      1.01      0.00     96.97      0.00      0.00      2.02
03:13:52 PM      16      0.99      0.00     96.04      0.00      0.00      2.97
03:13:52 PM      20      1.96      0.00     96.08      0.00      0.00      1.96

03:13:52 PM     CPU     %user     %nice   %system   %iowait    %steal     %idle
03:13:53 PM       4      1.01      0.00     96.97      0.00      0.00      2.02
03:13:53 PM       8      0.00      0.00     97.96      0.00      0.00      2.04
03:13:53 PM      12      0.00      0.00     98.00      0.00      0.00      2.00
03:13:53 PM      16      0.00      0.00     98.00      0.00      0.00      2.00
03:13:53 PM      20      1.00      0.00     98.00      0.00      0.00      1.00

03:13:53 PM     CPU     %user     %nice   %system   %iowait    %steal     %idle
03:13:54 PM       4      0.99      0.00     97.03      0.00      0.00      1.98
03:13:54 PM       8      0.98      0.00     98.04      0.00      0.00      0.98
03:13:54 PM      12      0.00      0.00     98.00      0.00      0.00      2.00
03:13:54 PM      16      0.00      0.00     98.00      0.00      0.00      2.00
03:13:54 PM      20      0.00      0.00     97.94      0.00      0.00      2.06

03:13:54 PM     CPU     %user     %nice   %system   %iowait    %steal     %idle
03:13:55 PM       4      1.01      0.00     96.97      0.00      0.00      2.02
03:13:55 PM       8      0.99      0.00     96.04      0.00      0.00      2.97
03:13:55 PM      12      0.99      0.00     96.04      0.00      0.00      2.97
03:13:55 PM      16      0.98      0.00     97.06      0.00      0.00      1.96
03:13:55 PM      20      0.00      0.00     98.02      0.00      0.00      1.98

03:13:55 PM     CPU     %user     %nice   %system   %iowait    %steal     %idle
03:13:56 PM       4      0.99      0.00     97.03      0.00      0.00      1.98
03:13:56 PM       8      0.00      0.00     97.98      0.00      0.00      2.02
03:13:56 PM      12      1.00      0.00     97.00      0.00      0.00      2.00
03:13:56 PM      16      1.01      0.00     96.97      0.00      0.00      2.02
03:13:56 PM      20      0.00      0.00     98.97      0.00      0.00      1.03

03:13:56 PM     CPU     %user     %nice   %system   %iowait    %steal     %idle
03:13:57 PM       4      0.00      0.00     98.97      0.00      0.00      1.03
03:13:57 PM       8      1.01      0.00     96.97      0.00      0.00      2.02
03:13:57 PM      12      0.00      0.00     96.97      0.00      0.00      3.03
03:13:57 PM      16      0.00      0.00     97.96      0.00      0.00      2.04
03:13:57 PM      20      0.00      0.00     98.00      0.00      0.00      2.00

03:13:57 PM     CPU     %user     %nice   %system   %iowait    %steal     %idle
03:13:58 PM       4      0.00      0.00     98.02      0.00      0.00      1.98
03:13:58 PM       8      0.00      0.00     98.02      0.00      0.00      1.98
03:13:58 PM      12      0.00      0.00     97.92      0.00      0.00      2.08
03:13:58 PM      16      1.00      0.00     97.00      0.00      0.00      2.00
03:13:58 PM      20      0.00      0.00     98.02      0.00      0.00      1.98

03:13:58 PM     CPU     %user     %nice   %system   %iowait    %steal     %idle
03:13:59 PM       4      0.00      0.00     97.98      0.00      0.00      2.02
03:13:59 PM       8      0.00      0.00     98.00      0.00      0.00      2.00
03:13:59 PM      12      0.00      0.00     97.03      0.00      0.00      2.97
03:13:59 PM      16      1.00      0.00     97.00      0.00      0.00      2.00
03:13:59 PM      20      1.00      0.00     97.00      0.00      0.00      2.00

03:13:59 PM     CPU     %user     %nice   %system   %iowait    %steal     %idle
03:14:00 PM       4      0.00      0.00     98.00      0.00      0.00      2.00
03:14:00 PM       8      2.00      0.00     96.00      0.00      0.00      2.00
03:14:00 PM      12      0.99      0.00     97.03      0.00      0.00      1.98
03:14:00 PM      16      0.00      0.00     98.00      0.00      0.00      2.00
03:14:00 PM      20      1.01      0.00     96.97      0.00      0.00      2.02

03:14:00 PM     CPU     %user     %nice   %system   %iowait    %steal     %idle
03:14:01 PM       4      1.96      0.00     96.08      0.00      0.00      1.96
03:14:01 PM       8      0.00      0.00     98.04      0.00      0.00      1.96
03:14:01 PM      12      0.00      0.00     98.97      0.00      0.00      1.03
03:14:01 PM      16      2.02      0.00     96.97      0.00      0.00      1.01
03:14:01 PM      20      0.00      0.00     98.02      0.00      0.00      1.98

03:14:01 PM     CPU     %user     %nice   %system   %iowait    %steal     %idle
03:14:02 PM       4      1.01      0.00     97.98      0.00      0.00      1.01
03:14:02 PM       8      1.01      0.00     97.98      0.00      0.00      1.01
03:14:02 PM      12      0.99      0.00     96.04      0.00      0.00      2.97
03:14:02 PM      16      0.00      0.00     97.96      0.00      0.00      2.04
03:14:02 PM      20      0.99      0.00     97.03      0.00      0.00      1.98

03:14:02 PM     CPU     %user     %nice   %system   %iowait    %steal     %idle
03:14:03 PM       4      0.00      0.00     98.00      0.00      0.00      2.00
03:14:03 PM       8      1.98      0.00     96.04      0.00      0.00      1.98
03:14:03 PM      12      1.01      0.00     96.97      0.00      0.00      2.02
03:14:03 PM      16      0.00      0.00     98.02      0.00      0.00      1.98
03:14:03 PM      20      0.00      0.00     98.97      0.00      0.00      1.03
