Linux 6.0.3+ (genie03) 	12/21/2023 	_x86_64_	(64 CPU)

03:24:27 PM     CPU     %user     %nice   %system   %iowait    %steal     %idle
03:24:28 PM       4      0.00      0.00     15.69      0.00      0.00     84.31
03:24:28 PM       8      0.00      0.00     65.87      0.00      0.00     34.13
03:24:28 PM      12      0.79      0.00     65.35      0.00      0.00     33.86
03:24:28 PM      16      1.61      0.00     29.03      0.00      0.00     69.35
03:24:28 PM      20      1.40      0.00     68.53      0.00      0.00     30.07

03:24:28 PM     CPU     %user     %nice   %system   %iowait    %steal     %idle
03:24:29 PM       4      0.00      0.00      6.52      0.00      0.00     93.48
03:24:29 PM       8      0.00      0.00     67.91      0.00      0.00     32.09
03:24:29 PM      12      0.79      0.00     65.35      0.00      0.00     33.86
03:24:29 PM      16      0.00      0.00     24.56      0.00      0.00     75.44
03:24:29 PM      20      1.40      0.00     68.53      0.00      0.00     30.07

03:24:29 PM     CPU     %user     %nice   %system   %iowait    %steal     %idle
03:24:30 PM       4      0.00      0.00     14.29      0.00      0.00     85.71
03:24:30 PM       8      1.50      0.00     66.17      0.00      0.00     32.33
03:24:30 PM      12      1.59      0.00     63.49      0.00      0.00     34.92
03:24:30 PM      16      0.00      0.00     23.21      0.00      0.00     76.79
03:24:30 PM      20      0.00      0.00     69.44      0.00      0.00     30.56

03:24:30 PM     CPU     %user     %nice   %system   %iowait    %steal     %idle
03:24:31 PM       4      0.00      0.00     12.24      0.00      0.00     87.76
03:24:31 PM       8      0.00      0.00     65.87      0.00      0.00     34.13
03:24:31 PM      12      0.83      0.00     63.64      0.00      0.00     35.54
03:24:31 PM      16      1.96      0.00     13.73      0.00      0.00     84.31
03:24:31 PM      20      0.70      0.00     69.23      0.00      0.00     30.07

03:24:31 PM     CPU     %user     %nice   %system   %iowait    %steal     %idle
03:24:32 PM       4      0.00      0.00     14.00      0.00      0.00     86.00
03:24:32 PM       8      0.00      0.00     62.28      0.00      0.00     37.72
03:24:32 PM      12      0.00      0.00     60.91      0.00      0.00     39.09
03:24:32 PM      16      0.00      0.00     32.31      0.00      0.00     67.69
03:24:32 PM      20      0.70      0.00     69.01      0.00      0.00     30.28

03:24:32 PM     CPU     %user     %nice   %system   %iowait    %steal     %idle
03:24:33 PM       4      0.00      0.00     21.82      0.00      0.00     78.18
03:24:33 PM       8      0.87      0.00     61.74      0.00      0.00     37.39
03:24:33 PM      12      0.00      0.00     60.00      0.00      0.00     40.00
03:24:33 PM      16      0.00      0.00     20.37      0.00      0.00     79.63
03:24:33 PM      20      2.10      0.00     67.83      0.00      0.00     30.07

03:24:33 PM     CPU     %user     %nice   %system   %iowait    %steal     %idle
03:24:34 PM       4      0.00      0.00      6.67      0.00      0.00     93.33
03:24:34 PM       8      0.00      0.00     59.05      0.00      0.00     40.95
03:24:34 PM      12      0.00      0.00     48.19      0.00      0.00     51.81
03:24:34 PM      16      0.00      0.00     27.12      0.00      0.00     72.88
03:24:34 PM      20      0.70      0.00     69.01      0.00      0.00     30.28

03:24:34 PM     CPU     %user     %nice   %system   %iowait    %steal     %idle
03:24:35 PM       4      0.00      0.00     17.31      0.00      0.00     82.69
03:24:35 PM       8      0.00      0.00     57.28      0.00      0.00     42.72
03:24:35 PM      12      0.00      0.00      4.35      0.00      0.00     95.65
03:24:35 PM      16      0.00      0.00     21.82      0.00      0.00     78.18
03:24:35 PM      20      0.70      0.00     69.23      0.00      0.00     30.07

03:24:35 PM     CPU     %user     %nice   %system   %iowait    %steal     %idle
03:24:36 PM       4      0.00      0.00      6.52      0.00      0.00     93.48
03:24:36 PM       8      0.00      0.00     35.29      0.00      0.00     64.71
03:24:36 PM      12      0.00      0.00      0.00      0.00      0.00    100.00
03:24:36 PM      16      1.96      0.00     13.73      0.00      0.00     84.31
03:24:36 PM      20      0.00      0.00     69.93      0.00      0.00     30.07

03:24:36 PM     CPU     %user     %nice   %system   %iowait    %steal     %idle
03:24:37 PM       4      0.00      0.00     17.31      0.00      0.00     82.69
03:24:37 PM       8      0.00      0.00      0.00      0.00      0.00    100.00
03:24:37 PM      12      0.00      0.00      0.00      0.00      0.00    100.00
03:24:37 PM      16      0.00      0.00     31.75      0.00      0.00     68.25
03:24:37 PM      20      0.00      0.00     69.72      0.00      0.00     30.28

03:24:37 PM     CPU     %user     %nice   %system   %iowait    %steal     %idle
03:24:38 PM       4      0.00      0.00     20.75      0.00      0.00     79.25
03:24:38 PM       8      0.00      0.00      0.00      0.00      0.00    100.00
03:24:38 PM      12      0.00      0.00      0.00      0.00      0.00    100.00
03:24:38 PM      16      0.00      0.00     15.38      0.00      0.00     84.62
03:24:38 PM      20      0.00      0.00     69.93      0.00      0.00     30.07

03:24:38 PM     CPU     %user     %nice   %system   %iowait    %steal     %idle
03:24:39 PM       4      0.00      0.00     24.56      0.00      0.00     75.44
03:24:39 PM       8      0.00      0.00      2.27      0.00      0.00     97.73
03:24:39 PM      12      0.00      0.00      2.27      0.00      0.00     97.73
03:24:39 PM      16      1.47      0.00     35.29      0.00      0.00     63.24
03:24:39 PM      20      0.70      0.00     69.01      0.00      0.00     30.28

03:24:39 PM     CPU     %user     %nice   %system   %iowait    %steal     %idle
03:24:40 PM       4      1.92      0.00     15.38      0.00      0.00     82.69
03:24:40 PM       8      0.00      0.00      0.00      0.00      0.00    100.00
03:24:40 PM      12      0.00      0.00      0.00      0.00      0.00    100.00
03:24:40 PM      16      0.00      0.00     29.51      0.00      0.00     70.49
03:24:40 PM      20      1.41      0.00     68.31      0.00      0.00     30.28

03:24:40 PM     CPU     %user     %nice   %system   %iowait    %steal     %idle
03:24:41 PM       4      0.00      0.00     31.15      0.00      0.00     68.85
03:24:41 PM       8      0.00      0.00      4.55      0.00      0.00     95.45
03:24:41 PM      12      0.00      0.00      0.00      0.00      0.00    100.00
03:24:41 PM      16      0.00      0.00     34.85      0.00      0.00     65.15
03:24:41 PM      20      0.00      0.00     69.50      0.00      0.00     30.50

03:24:41 PM     CPU     %user     %nice   %system   %iowait    %steal     %idle
03:24:42 PM       4      0.00      0.00     10.42      0.00      0.00     89.58
03:24:42 PM       8      0.00      0.00      0.00      0.00      0.00    100.00
03:24:42 PM      12      0.00      0.00      0.00      0.00      0.00    100.00
03:24:42 PM      16      0.00      0.00     25.86      0.00      0.00     74.14
03:24:42 PM      20      0.00      0.00     69.50      0.00      0.00     30.50

03:24:42 PM     CPU     %user     %nice   %system   %iowait    %steal     %idle
03:24:43 PM       4      0.00      0.00     23.21      0.00      0.00     76.79
03:24:43 PM       8      0.00      0.00      0.00      0.00      0.00    100.00
03:24:43 PM      12      0.00      0.00      0.00      0.00      0.00    100.00
03:24:43 PM      16      0.00      0.00     30.16      0.00      0.00     69.84
03:24:43 PM      20      0.00      0.00     70.00      0.00      0.00     30.00

03:24:43 PM     CPU     %user     %nice   %system   %iowait    %steal     %idle
03:24:44 PM       4      1.89      0.00     16.98      0.00      0.00     81.13
03:24:44 PM       8      0.00      0.00      2.27      0.00      0.00     97.73
03:24:44 PM      12      0.00      0.00      2.27      0.00      0.00     97.73
03:24:44 PM      16      2.90      0.00     34.78      0.00      0.00     62.32
03:24:44 PM      20      0.00      0.00     68.61      0.00      0.00     31.39

03:24:44 PM     CPU     %user     %nice   %system   %iowait    %steal     %idle
03:24:45 PM       4      0.00      0.00      8.70      0.00      0.00     91.30
03:24:45 PM       8      0.00      0.00      0.00      0.00      0.00    100.00
03:24:45 PM      12      0.00      0.00      0.00      0.00      0.00    100.00
03:24:45 PM      16      0.00      0.00     41.10      0.00      0.00     58.90
03:24:45 PM      20      0.00      0.00     66.67      0.00      0.00     33.33

03:24:45 PM     CPU     %user     %nice   %system   %iowait    %steal     %idle
03:24:46 PM       4      0.00      0.00     28.33      0.00      0.00     71.67
03:24:46 PM       8      0.00      0.00      4.44      0.00      0.00     95.56
03:24:46 PM      12      0.00      0.00      4.44      0.00      0.00     95.56
03:24:46 PM      16      2.67      0.00     38.67      0.00      0.00     58.67
03:24:46 PM      20      0.00      0.00     68.15      0.00      0.00     31.85

03:24:46 PM     CPU     %user     %nice   %system   %iowait    %steal     %idle
03:24:47 PM       4      0.00      0.00     29.51      0.00      0.00     70.49
03:24:47 PM       8      2.22      0.00      2.22      0.00      0.00     95.56
03:24:47 PM      12      0.00      0.00      2.27      0.00      0.00     97.73
03:24:47 PM      16      0.00      0.00     40.28      0.00      0.00     59.72
03:24:47 PM      20      0.00      0.00     65.87      0.00      0.00     34.13

03:24:47 PM     CPU     %user     %nice   %system   %iowait    %steal     %idle
03:24:48 PM       4      0.00      0.00     28.81      0.00      0.00     71.19
03:24:48 PM       8      0.00      0.00      0.00      0.00      0.00    100.00
03:24:48 PM      12      0.00      0.00      2.27      0.00      0.00     97.73
03:24:48 PM      16      1.35      0.00     40.54      0.00      0.00     58.11
03:24:48 PM      20      0.00      0.00     66.92      0.00      0.00     33.08

03:24:48 PM     CPU     %user     %nice   %system   %iowait    %steal     %idle
03:24:49 PM       4      1.85      0.00     18.52      0.00      0.00     79.63
03:24:49 PM       8      0.00      0.00      4.55      0.00      0.00     95.45
03:24:49 PM      12      0.00      0.00      4.44      0.00      0.00     95.56
03:24:49 PM      16      0.00      0.00     41.33      0.00      0.00     58.67
03:24:49 PM      20      0.00      0.00     66.92      0.00      0.00     33.08

03:24:49 PM     CPU     %user     %nice   %system   %iowait    %steal     %idle
03:24:50 PM       4      0.00      0.00     20.37      0.00      0.00     79.63
03:24:50 PM       8      0.00      0.00      2.27      0.00      0.00     97.73
03:24:50 PM      12      0.00      0.00      0.00      0.00      0.00    100.00
03:24:50 PM      16      1.30      0.00     42.86      0.00      0.00     55.84
03:24:50 PM      20      0.00      0.00     66.92      0.00      0.00     33.08

03:24:50 PM     CPU     %user     %nice   %system   %iowait    %steal     %idle
03:24:51 PM       4      0.00      0.00     15.69      0.00      0.00     84.31
03:24:51 PM       8      0.00      0.00      0.00      0.00      0.00    100.00
03:24:51 PM      12      0.00      0.00      2.27      0.00      0.00     97.73
03:24:51 PM      16      0.00      0.00     44.16      0.00      0.00     55.84
03:24:51 PM      20      0.00      0.00     67.41      0.00      0.00     32.59

03:24:51 PM     CPU     %user     %nice   %system   %iowait    %steal     %idle
03:24:52 PM       4      0.00      0.00     28.81      0.00      0.00     71.19
03:24:52 PM       8      0.00      0.00      2.27      0.00      0.00     97.73
03:24:52 PM      12      0.00      0.00      2.27      0.00      0.00     97.73
03:24:52 PM      16      0.00      0.00     46.91      0.00      0.00     53.09
03:24:52 PM      20      0.00      0.00     67.94      0.00      0.00     32.06
