Linux 6.0.3 (genie03) 	08/31/2023 	_x86_64_	(64 CPU)

01:47:57 PM     CPU     %user     %nice   %system   %iowait    %steal     %idle
01:47:58 PM       4      0.00      0.00    100.00      0.00      0.00      0.00
01:47:58 PM       8      0.00      0.00    100.00      0.00      0.00      0.00
01:47:58 PM      12      0.00      0.00    100.00      0.00      0.00      0.00
01:47:58 PM      16      0.00      0.00    100.00      0.00      0.00      0.00
01:47:58 PM      20      0.00      0.00    100.00      0.00      0.00      0.00

01:47:58 PM     CPU     %user     %nice   %system   %iowait    %steal     %idle
01:47:59 PM       4      0.00      0.00    100.00      0.00      0.00      0.00
01:47:59 PM       8      0.00      0.00    100.00      0.00      0.00      0.00
01:47:59 PM      12      0.00      0.00    100.00      0.00      0.00      0.00
01:47:59 PM      16      0.00      0.00    100.00      0.00      0.00      0.00
01:47:59 PM      20      0.99      0.00     99.01      0.00      0.00      0.00

01:47:59 PM     CPU     %user     %nice   %system   %iowait    %steal     %idle
01:48:00 PM       4      0.00      0.00    100.00      0.00      0.00      0.00
01:48:00 PM       8      0.00      0.00    100.00      0.00      0.00      0.00
01:48:00 PM      12      0.99      0.00     98.02      0.00      0.00      0.99
01:48:00 PM      16      0.00      0.00    100.00      0.00      0.00      0.00
01:48:00 PM      20      0.00      0.00    100.00      0.00      0.00      0.00

01:48:00 PM     CPU     %user     %nice   %system   %iowait    %steal     %idle
01:48:01 PM       4      0.00      0.00     99.00      0.00      0.00      1.00
01:48:01 PM       8      0.00      0.00    100.00      0.00      0.00      0.00
01:48:01 PM      12      0.00      0.00    100.00      0.00      0.00      0.00
01:48:01 PM      16      0.00      0.00    100.00      0.00      0.00      0.00
01:48:01 PM      20      0.00      0.00    100.00      0.00      0.00      0.00

01:48:01 PM     CPU     %user     %nice   %system   %iowait    %steal     %idle
01:48:02 PM       4      1.00      0.00     99.00      0.00      0.00      0.00
01:48:02 PM       8      0.00      0.00    100.00      0.00      0.00      0.00
01:48:02 PM      12      1.00      0.00     99.00      0.00      0.00      0.00
01:48:02 PM      16      0.00      0.00     99.01      0.00      0.00      0.99
01:48:02 PM      20      0.00      0.00    100.00      0.00      0.00      0.00

01:48:02 PM     CPU     %user     %nice   %system   %iowait    %steal     %idle
01:48:03 PM       4      1.00      0.00     99.00      0.00      0.00      0.00
01:48:03 PM       8      1.01      0.00     98.99      0.00      0.00      0.00
01:48:03 PM      12      0.00      0.00    100.00      0.00      0.00      0.00
01:48:03 PM      16      1.01      0.00     98.99      0.00      0.00      0.00
01:48:03 PM      20      0.00      0.00    100.00      0.00      0.00      0.00

01:48:03 PM     CPU     %user     %nice   %system   %iowait    %steal     %idle
01:48:04 PM       4      0.00      0.00    100.00      0.00      0.00      0.00
01:48:04 PM       8      0.99      0.00     99.01      0.00      0.00      0.00
01:48:04 PM      12      0.00      0.00    100.00      0.00      0.00      0.00
01:48:04 PM      16      0.98      0.00     99.02      0.00      0.00      0.00
01:48:04 PM      20      1.00      0.00     99.00      0.00      0.00      0.00

01:48:04 PM     CPU     %user     %nice   %system   %iowait    %steal     %idle
01:48:05 PM       4      0.00      0.00    100.00      0.00      0.00      0.00
01:48:05 PM       8      0.00      0.00    100.00      0.00      0.00      0.00
01:48:05 PM      12      0.00      0.00    100.00      0.00      0.00      0.00
01:48:05 PM      16      0.00      0.00    100.00      0.00      0.00      0.00
01:48:05 PM      20      0.00      0.00    100.00      0.00      0.00      0.00

01:48:05 PM     CPU     %user     %nice   %system   %iowait    %steal     %idle
01:48:06 PM       4      1.00      0.00     99.00      0.00      0.00      0.00
01:48:06 PM       8      0.00      0.00    100.00      0.00      0.00      0.00
01:48:06 PM      12      0.00      0.00    100.00      0.00      0.00      0.00
01:48:06 PM      16      0.00      0.00    100.00      0.00      0.00      0.00
01:48:06 PM      20      1.00      0.00     99.00      0.00      0.00      0.00

01:48:06 PM     CPU     %user     %nice   %system   %iowait    %steal     %idle
01:48:07 PM       4      0.00      0.00    100.00      0.00      0.00      0.00
01:48:07 PM       8      0.00      0.00    100.00      0.00      0.00      0.00
01:48:07 PM      12      1.00      0.00     99.00      0.00      0.00      0.00
01:48:07 PM      16      1.00      0.00     99.00      0.00      0.00      0.00
01:48:07 PM      20      0.00      0.00    100.00      0.00      0.00      0.00

01:48:07 PM     CPU     %user     %nice   %system   %iowait    %steal     %idle
01:48:08 PM       4      0.00      0.00    100.00      0.00      0.00      0.00
01:48:08 PM       8      0.00      0.00    100.00      0.00      0.00      0.00
01:48:08 PM      12      0.00      0.00    100.00      0.00      0.00      0.00
01:48:08 PM      16      0.00      0.00    100.00      0.00      0.00      0.00
01:48:08 PM      20      0.00      0.00    100.00      0.00      0.00      0.00

01:48:08 PM     CPU     %user     %nice   %system   %iowait    %steal     %idle
01:48:09 PM       4      0.00      0.00    100.00      0.00      0.00      0.00
01:48:09 PM       8      0.00      0.00    100.00      0.00      0.00      0.00
01:48:09 PM      12      0.00      0.00    100.00      0.00      0.00      0.00
01:48:09 PM      16      0.00      0.00    100.00      0.00      0.00      0.00
01:48:09 PM      20      0.00      0.00    100.00      0.00      0.00      0.00

01:48:09 PM     CPU     %user     %nice   %system   %iowait    %steal     %idle
01:48:10 PM       4      0.00      0.00    100.00      0.00      0.00      0.00
01:48:10 PM       8      0.00      0.00    100.00      0.00      0.00      0.00
01:48:10 PM      12      0.00      0.00    100.00      0.00      0.00      0.00
01:48:10 PM      16      0.00      0.00    100.00      0.00      0.00      0.00
01:48:10 PM      20      1.00      0.00     99.00      0.00      0.00      0.00

01:48:10 PM     CPU     %user     %nice   %system   %iowait    %steal     %idle
01:48:11 PM       4      0.00      0.00    100.00      0.00      0.00      0.00
01:48:11 PM       8      0.00      0.00     99.00      0.00      0.00      1.00
01:48:11 PM      12      1.01      0.00     98.99      0.00      0.00      0.00
01:48:11 PM      16      0.00      0.00    100.00      0.00      0.00      0.00
01:48:11 PM      20      0.00      0.00    100.00      0.00      0.00      0.00

01:48:11 PM     CPU     %user     %nice   %system   %iowait    %steal     %idle
01:48:12 PM       4      0.00      0.00    100.00      0.00      0.00      0.00
01:48:12 PM       8      0.00      0.00    100.00      0.00      0.00      0.00
01:48:12 PM      12      0.00      0.00    100.00      0.00      0.00      0.00
01:48:12 PM      16      0.00      0.00    100.00      0.00      0.00      0.00
01:48:12 PM      20      0.00      0.00     99.00      0.00      0.00      1.00
