Linux 6.0.3 (genie03) 	08/31/2023 	_x86_64_	(64 CPU)

02:37:07 PM     CPU     %user     %nice   %system   %iowait    %steal     %idle
02:37:08 PM       4      1.05      0.00     92.63      0.00      0.00      6.32
02:37:08 PM       8      1.10      0.00     89.01      0.00      0.00      9.89
02:37:08 PM      12      1.12      0.00     92.13      0.00      0.00      6.74
02:37:08 PM      16      1.05      0.00     91.58      0.00      0.00      7.37
02:37:08 PM      20      3.12      0.00     91.67      0.00      0.00      5.21
02:37:08 PM      24      2.11      0.00     90.53      0.00      0.00      7.37
02:37:08 PM      28      3.19      0.00     90.43      0.00      0.00      6.38
02:37:08 PM      32      0.00      0.00      0.00      0.00      0.00    100.00

02:37:08 PM     CPU     %user     %nice   %system   %iowait    %steal     %idle
02:37:09 PM       4      2.13      0.00     91.49      0.00      0.00      6.38
02:37:09 PM       8      3.26      0.00     90.22      0.00      0.00      6.52
02:37:09 PM      12      3.03      0.00     90.91      0.00      0.00      6.06
02:37:09 PM      16      2.06      0.00     91.75      0.00      0.00      6.19
02:37:09 PM      20      2.15      0.00     90.32      0.00      0.00      7.53
02:37:09 PM      24      2.13      0.00     91.49      0.00      0.00      6.38
02:37:09 PM      28      3.12      0.00     90.62      0.00      0.00      6.25
02:37:09 PM      32      0.00      0.00      0.00      0.00      0.00    100.00

02:37:09 PM     CPU     %user     %nice   %system   %iowait    %steal     %idle
02:37:10 PM       4      2.04      0.00     91.84      0.00      0.00      6.12
02:37:10 PM       8      2.13      0.00     90.43      0.00      0.00      7.45
02:37:10 PM      12      3.19      0.00     91.49      0.00      0.00      5.32
02:37:10 PM      16      3.03      0.00     91.92      0.00      0.00      5.05
02:37:10 PM      20      3.19      0.00     90.43      0.00      0.00      6.38
02:37:10 PM      24      5.05      0.00     88.89      0.00      0.00      6.06
02:37:10 PM      28      1.06      0.00     92.55      0.00      0.00      6.38
02:37:10 PM      32      0.00      0.00      0.00      0.00      0.00    100.00

02:37:10 PM     CPU     %user     %nice   %system   %iowait    %steal     %idle
02:37:11 PM       4      3.16      0.00     90.53      0.00      0.00      6.32
02:37:11 PM       8      2.08      0.00     91.67      0.00      0.00      6.25
02:37:11 PM      12      1.04      0.00     92.71      0.00      0.00      6.25
02:37:11 PM      16      1.05      0.00     92.63      0.00      0.00      6.32
02:37:11 PM      20      2.08      0.00     92.71      0.00      0.00      5.21
02:37:11 PM      24      3.12      0.00     90.62      0.00      0.00      6.25
02:37:11 PM      28      2.08      0.00     91.67      0.00      0.00      6.25
02:37:11 PM      32      0.00      0.00      0.00      0.00      0.00    100.00

02:37:11 PM     CPU     %user     %nice   %system   %iowait    %steal     %idle
02:37:12 PM       4      3.26      0.00     90.22      0.00      0.00      6.52
02:37:12 PM       8      2.08      0.00     91.67      0.00      0.00      6.25
02:37:12 PM      12      2.06      0.00     92.78      0.00      0.00      5.15
02:37:12 PM      16      3.19      0.00     90.43      0.00      0.00      6.38
02:37:12 PM      20      3.12      0.00     90.62      0.00      0.00      6.25
02:37:12 PM      24      3.09      0.00     89.69      0.00      0.00      7.22
02:37:12 PM      28      3.12      0.00     90.62      0.00      0.00      6.25
02:37:12 PM      32      0.00      0.00      0.00      0.00      0.00    100.00

02:37:12 PM     CPU     %user     %nice   %system   %iowait    %steal     %idle
02:37:13 PM       4      3.09      0.00     91.75      0.00      0.00      5.15
02:37:13 PM       8      2.13      0.00     92.55      0.00      0.00      5.32
02:37:13 PM      12      1.02      0.00     91.84      0.00      0.00      7.14
02:37:13 PM      16      3.23      0.00     90.32      0.00      0.00      6.45
02:37:13 PM      20      2.15      0.00     91.40      0.00      0.00      6.45
02:37:13 PM      24      1.05      0.00     92.63      0.00      0.00      6.32
02:37:13 PM      28      2.13      0.00     91.49      0.00      0.00      6.38
02:37:13 PM      32      0.00      0.00      0.00      0.00      0.00    100.00

02:37:13 PM     CPU     %user     %nice   %system   %iowait    %steal     %idle
02:37:14 PM       4      1.05      0.00     92.63      0.00      0.00      6.32
02:37:14 PM       8      1.02      0.00     92.86      0.00      0.00      6.12
02:37:14 PM      12      1.06      0.00     93.62      0.00      0.00      5.32
02:37:14 PM      16      1.09      0.00     93.48      0.00      0.00      5.43
02:37:14 PM      20      2.13      0.00     90.43      0.00      0.00      7.45
02:37:14 PM      24      2.08      0.00     90.62      0.00      0.00      7.29
02:37:14 PM      28      3.16      0.00     89.47      0.00      0.00      7.37
02:37:14 PM      32      0.00      0.00      0.00      0.00      0.00    100.00

02:37:14 PM     CPU     %user     %nice   %system   %iowait    %steal     %idle
02:37:15 PM       4      1.04      0.00     92.71      0.00      0.00      6.25
02:37:15 PM       8      4.17      0.00     88.54      0.00      0.00      7.29
02:37:15 PM      12      1.06      0.00     93.62      0.00      0.00      5.32
02:37:15 PM      16      1.10      0.00     92.31      0.00      0.00      6.59
02:37:15 PM      20      1.09      0.00     93.48      0.00      0.00      5.43
02:37:15 PM      24      1.08      0.00     92.47      0.00      0.00      6.45
02:37:15 PM      28      3.12      0.00     91.67      0.00      0.00      5.21
02:37:15 PM      32      0.00      0.00      0.00      0.00      0.00    100.00

02:37:15 PM     CPU     %user     %nice   %system   %iowait    %steal     %idle
02:37:16 PM       4      4.26      0.00     90.43      0.00      0.00      5.32
02:37:16 PM       8      2.17      0.00     91.30      0.00      0.00      6.52
02:37:16 PM      12      3.23      0.00     91.40      0.00      0.00      5.38
02:37:16 PM      16      4.21      0.00     90.53      0.00      0.00      5.26
02:37:16 PM      20      2.13      0.00     92.55      0.00      0.00      5.32
02:37:16 PM      24      1.03      0.00     91.75      0.00      0.00      7.22
02:37:16 PM      28      1.05      0.00     92.63      0.00      0.00      6.32
02:37:16 PM      32      0.00      0.00      0.00      0.00      0.00    100.00

02:37:16 PM     CPU     %user     %nice   %system   %iowait    %steal     %idle
02:37:17 PM       4      3.16      0.00     90.53      0.00      0.00      6.32
02:37:17 PM       8      2.04      0.00     90.82      0.00      0.00      7.14
02:37:17 PM      12      3.33      0.00     90.00      0.00      0.00      6.67
02:37:17 PM      16      2.22      0.00     91.11      0.00      0.00      6.67
02:37:17 PM      20      1.03      0.00     92.78      0.00      0.00      6.19
02:37:17 PM      24      2.17      0.00     91.30      0.00      0.00      6.52
02:37:17 PM      28      3.12      0.00     90.62      0.00      0.00      6.25
02:37:17 PM      32      0.00      0.00      0.00      0.00      0.00    100.00

02:37:17 PM     CPU     %user     %nice   %system   %iowait    %steal     %idle
02:37:18 PM       4      2.17      0.00     91.30      0.00      0.00      6.52
02:37:18 PM       8      3.23      0.00     91.40      0.00      0.00      5.38
02:37:18 PM      12      1.06      0.00     93.62      0.00      0.00      5.32
02:37:18 PM      16      3.26      0.00     91.30      0.00      0.00      5.43
02:37:18 PM      20      3.26      0.00     91.30      0.00      0.00      5.43
02:37:18 PM      24      2.13      0.00     91.49      0.00      0.00      6.38
02:37:18 PM      28      1.09      0.00     92.39      0.00      0.00      6.52
02:37:18 PM      32      0.00      0.00      0.00      0.00      0.00    100.00

02:37:18 PM     CPU     %user     %nice   %system   %iowait    %steal     %idle
02:37:19 PM       4      4.17      0.00     89.58      0.00      0.00      6.25
02:37:19 PM       8      2.20      0.00     92.31      0.00      0.00      5.49
02:37:19 PM      12      2.08      0.00     91.67      0.00      0.00      6.25
02:37:19 PM      16      2.04      0.00     90.82      0.00      0.00      7.14
02:37:19 PM      20      2.06      0.00     91.75      0.00      0.00      6.19
02:37:19 PM      24      3.09      0.00     90.72      0.00      0.00      6.19
02:37:19 PM      28      2.04      0.00     91.84      0.00      0.00      6.12
02:37:19 PM      32      0.00      0.00      0.00      0.00      0.00    100.00

02:37:19 PM     CPU     %user     %nice   %system   %iowait    %steal     %idle
02:37:20 PM       4      3.30      0.00     91.21      0.00      0.00      5.49
02:37:20 PM       8      3.12      0.00     90.62      0.00      0.00      6.25
02:37:20 PM      12      4.35      0.00     89.13      0.00      0.00      6.52
02:37:20 PM      16      1.08      0.00     93.55      0.00      0.00      5.38
02:37:20 PM      20      2.13      0.00     91.49      0.00      0.00      6.38
02:37:20 PM      24      2.17      0.00     91.30      0.00      0.00      6.52
02:37:20 PM      28      2.13      0.00     92.55      0.00      0.00      5.32
02:37:20 PM      32      0.00      0.00      0.00      0.00      0.00    100.00

02:37:20 PM     CPU     %user     %nice   %system   %iowait    %steal     %idle
02:37:21 PM       4      1.04      0.00     92.71      0.00      0.00      6.25
02:37:21 PM       8      3.09      0.00     90.72      0.00      0.00      6.19
02:37:21 PM      12      1.05      0.00     91.58      0.00      0.00      7.37
02:37:21 PM      16      2.15      0.00     91.40      0.00      0.00      6.45
02:37:21 PM      20      1.01      0.00     91.92      0.00      0.00      7.07
02:37:21 PM      24      3.09      0.00     90.72      0.00      0.00      6.19
02:37:21 PM      28      2.17      0.00     91.30      0.00      0.00      6.52
02:37:21 PM      32      0.00      0.00      0.00      0.00      0.00    100.00

02:37:21 PM     CPU     %user     %nice   %system   %iowait    %steal     %idle
02:37:22 PM       4      1.06      0.00     92.55      0.00      0.00      6.38
02:37:22 PM       8      2.13      0.00     92.55      0.00      0.00      5.32
02:37:22 PM      12      2.22      0.00     90.00      0.00      0.00      7.78
02:37:22 PM      16      4.12      0.00     89.69      0.00      0.00      6.19
02:37:22 PM      20      3.19      0.00     90.43      0.00      0.00      6.38
02:37:22 PM      24      1.03      0.00     92.78      0.00      0.00      6.19
02:37:22 PM      28      2.15      0.00     91.40      0.00      0.00      6.45
02:37:22 PM      32      0.00      0.00      0.00      0.00      0.00    100.00
