Linux 6.0.3 (genie03) 	08/31/2023 	_x86_64_	(64 CPU)

01:35:58 PM     CPU     %user     %nice   %system   %iowait    %steal     %idle
01:35:59 PM       4      2.04      0.00     95.92      0.00      0.00      2.04
01:35:59 PM       8      2.08      0.00     95.83      0.00      0.00      2.08
01:35:59 PM      12      3.16      0.00     94.74      0.00      0.00      2.11
01:35:59 PM      16      1.04      0.00     90.62      0.00      0.00      8.33
01:35:59 PM      20      1.06      0.00     97.87      0.00      0.00      1.06

01:35:59 PM     CPU     %user     %nice   %system   %iowait    %steal     %idle
01:36:00 PM       4      1.05      0.00     96.84      0.00      0.00      2.11
01:36:00 PM       8      1.08      0.00     95.70      0.00      0.00      3.23
01:36:00 PM      12      1.04      0.00     96.88      0.00      0.00      2.08
01:36:00 PM      16      3.16      0.00     89.47      0.00      0.00      7.37
01:36:00 PM      20      2.11      0.00     95.79      0.00      0.00      2.11

01:36:00 PM     CPU     %user     %nice   %system   %iowait    %steal     %idle
01:36:01 PM       4      2.06      0.00     95.88      0.00      0.00      2.06
01:36:01 PM       8      1.05      0.00     91.58      0.00      0.00      7.37
01:36:01 PM      12      2.02      0.00     90.91      0.00      0.00      7.07
01:36:01 PM      16      2.06      0.00     94.85      0.00      0.00      3.09
01:36:01 PM      20      1.05      0.00     97.89      0.00      0.00      1.05

01:36:01 PM     CPU     %user     %nice   %system   %iowait    %steal     %idle
01:36:02 PM       4      2.08      0.00     95.83      0.00      0.00      2.08
01:36:02 PM       8      0.00      0.00     90.82      0.00      0.00      9.18
01:36:02 PM      12      1.06      0.00     88.30      0.00      0.00     10.64
01:36:02 PM      16      1.02      0.00     95.92      0.00      0.00      3.06
01:36:02 PM      20      3.09      0.00     94.85      0.00      0.00      2.06

01:36:02 PM     CPU     %user     %nice   %system   %iowait    %steal     %idle
01:36:03 PM       4      1.08      0.00     96.77      0.00      0.00      2.15
01:36:03 PM       8      1.03      0.00     90.72      0.00      0.00      8.25
01:36:03 PM      12      1.04      0.00     89.58      0.00      0.00      9.38
01:36:03 PM      16      2.02      0.00     94.95      0.00      0.00      3.03
01:36:03 PM      20      1.04      0.00     96.88      0.00      0.00      2.08

01:36:03 PM     CPU     %user     %nice   %system   %iowait    %steal     %idle
01:36:04 PM       4      1.02      0.00     96.94      0.00      0.00      2.04
01:36:04 PM       8      1.03      0.00     91.75      0.00      0.00      7.22
01:36:04 PM      12      0.00      0.00     94.90      0.00      0.00      5.10
01:36:04 PM      16      1.05      0.00     96.84      0.00      0.00      2.11
01:36:04 PM      20      0.00      0.00     98.92      0.00      0.00      1.08

01:36:04 PM     CPU     %user     %nice   %system   %iowait    %steal     %idle
01:36:05 PM       4      2.02      0.00     95.96      0.00      0.00      2.02
01:36:05 PM       8      1.04      0.00     96.88      0.00      0.00      2.08
01:36:05 PM      12      1.03      0.00     96.91      0.00      0.00      2.06
01:36:05 PM      16      1.03      0.00     95.88      0.00      0.00      3.09
01:36:05 PM      20      1.06      0.00     97.87      0.00      0.00      1.06

01:36:05 PM     CPU     %user     %nice   %system   %iowait    %steal     %idle
01:36:06 PM       4      2.13      0.00     96.81      0.00      0.00      1.06
01:36:06 PM       8      2.02      0.00     94.95      0.00      0.00      3.03
01:36:06 PM      12      0.00      0.00     97.94      0.00      0.00      2.06
01:36:06 PM      16      1.01      0.00     95.96      0.00      0.00      3.03
01:36:06 PM      20      0.00      0.00     98.96      0.00      0.00      1.04

01:36:06 PM     CPU     %user     %nice   %system   %iowait    %steal     %idle
01:36:07 PM       4      1.05      0.00     96.84      0.00      0.00      2.11
01:36:07 PM       8      1.03      0.00     96.91      0.00      0.00      2.06
01:36:07 PM      12      3.19      0.00     94.68      0.00      0.00      2.13
01:36:07 PM      16      3.09      0.00     94.85      0.00      0.00      2.06
01:36:07 PM      20      2.11      0.00     96.84      0.00      0.00      1.05

01:36:07 PM     CPU     %user     %nice   %system   %iowait    %steal     %idle
01:36:08 PM       4      1.00      0.00     97.00      0.00      0.00      2.00
01:36:08 PM       8      0.00      0.00     97.89      0.00      0.00      2.11
01:36:08 PM      12      1.04      0.00     96.88      0.00      0.00      2.08
01:36:08 PM      16      0.00      0.00     96.84      0.00      0.00      3.16
01:36:08 PM      20      2.11      0.00     95.79      0.00      0.00      2.11

01:36:08 PM     CPU     %user     %nice   %system   %iowait    %steal     %idle
01:36:09 PM       4      0.00      0.00     98.95      0.00      0.00      1.05
01:36:09 PM       8      2.02      0.00     94.95      0.00      0.00      3.03
01:36:09 PM      12      1.08      0.00     96.77      0.00      0.00      2.15
01:36:09 PM      16      1.03      0.00     95.88      0.00      0.00      3.09
01:36:09 PM      20      2.08      0.00     95.83      0.00      0.00      2.08

01:36:09 PM     CPU     %user     %nice   %system   %iowait    %steal     %idle
01:36:10 PM       4      1.02      0.00     96.94      0.00      0.00      2.04
01:36:10 PM       8      2.11      0.00     95.79      0.00      0.00      2.11
01:36:10 PM      12      1.09      0.00     96.74      0.00      0.00      2.17
01:36:10 PM      16      1.04      0.00     96.88      0.00      0.00      2.08
01:36:10 PM      20      2.15      0.00     96.77      0.00      0.00      1.08

01:36:10 PM     CPU     %user     %nice   %system   %iowait    %steal     %idle
01:36:11 PM       4      3.09      0.00     95.88      0.00      0.00      1.03
01:36:11 PM       8      4.08      0.00     93.88      0.00      0.00      2.04
01:36:11 PM      12      1.03      0.00     96.91      0.00      0.00      2.06
01:36:11 PM      16      2.06      0.00     94.85      0.00      0.00      3.09
01:36:11 PM      20      1.04      0.00     96.88      0.00      0.00      2.08

01:36:11 PM     CPU     %user     %nice   %system   %iowait    %steal     %idle
01:36:12 PM       4      2.11      0.00     95.79      0.00      0.00      2.11
01:36:12 PM       8      0.00      0.00     96.74      0.00      0.00      3.26
01:36:12 PM      12      1.03      0.00     96.91      0.00      0.00      2.06
01:36:12 PM      16      1.02      0.00     96.94      0.00      0.00      2.04
01:36:12 PM      20      3.06      0.00     94.90      0.00      0.00      2.04

01:36:12 PM     CPU     %user     %nice   %system   %iowait    %steal     %idle
01:36:13 PM       4      0.00      0.00     97.83      0.00      0.00      2.17
01:36:13 PM       8      2.11      0.00     95.79      0.00      0.00      2.11
01:36:13 PM      12      2.11      0.00     95.79      0.00      0.00      2.11
01:36:13 PM      16      2.08      0.00     94.79      0.00      0.00      3.12
01:36:13 PM      20      2.13      0.00     96.81      0.00      0.00      1.06
