Linux 6.0.3 (genie03) 	08/31/2023 	_x86_64_	(64 CPU)

01:28:49 PM     CPU     %user     %nice   %system   %iowait    %steal     %idle
01:28:50 PM       4      1.03      0.00     95.88      0.00      0.00      3.09
01:28:50 PM       8      1.00      0.00     89.00      0.00      0.00     10.00
01:28:50 PM      12      2.06      0.00     93.81      0.00      0.00      4.12
01:28:50 PM      16      2.06      0.00     93.81      0.00      0.00      4.12
01:28:50 PM      20      2.04      0.00     94.90      0.00      0.00      3.06

01:28:50 PM     CPU     %user     %nice   %system   %iowait    %steal     %idle
01:28:51 PM       4      1.05      0.00     96.84      0.00      0.00      2.11
01:28:51 PM       8      2.04      0.00     91.84      0.00      0.00      6.12
01:28:51 PM      12      1.08      0.00     96.77      0.00      0.00      2.15
01:28:51 PM      16      2.13      0.00     94.68      0.00      0.00      3.19
01:28:51 PM      20      1.11      0.00     95.56      0.00      0.00      3.33

01:28:51 PM     CPU     %user     %nice   %system   %iowait    %steal     %idle
01:28:52 PM       4      1.04      0.00     96.88      0.00      0.00      2.08
01:28:52 PM       8      0.00      0.00     97.89      0.00      0.00      2.11
01:28:52 PM      12      1.01      0.00     95.96      0.00      0.00      3.03
01:28:52 PM      16      1.04      0.00     95.83      0.00      0.00      3.12
01:28:52 PM      20      1.01      0.00     95.96      0.00      0.00      3.03

01:28:52 PM     CPU     %user     %nice   %system   %iowait    %steal     %idle
01:28:53 PM       4      1.04      0.00     95.83      0.00      0.00      3.12
01:28:53 PM       8      2.08      0.00     95.83      0.00      0.00      2.08
01:28:53 PM      12      1.05      0.00     95.79      0.00      0.00      3.16
01:28:53 PM      16      1.05      0.00     95.79      0.00      0.00      3.16
01:28:53 PM      20      1.03      0.00     95.88      0.00      0.00      3.09

01:28:53 PM     CPU     %user     %nice   %system   %iowait    %steal     %idle
01:28:54 PM       4      3.09      0.00     94.85      0.00      0.00      2.06
01:28:54 PM       8      2.06      0.00     95.88      0.00      0.00      2.06
01:28:54 PM      12      1.02      0.00     96.94      0.00      0.00      2.04
01:28:54 PM      16      0.00      0.00     97.92      0.00      0.00      2.08
01:28:54 PM      20      1.05      0.00     95.79      0.00      0.00      3.16

01:28:54 PM     CPU     %user     %nice   %system   %iowait    %steal     %idle
01:28:55 PM       4      1.05      0.00     96.84      0.00      0.00      2.11
01:28:55 PM       8      1.04      0.00     96.88      0.00      0.00      2.08
01:28:55 PM      12      3.12      0.00     93.75      0.00      0.00      3.12
01:28:55 PM      16      1.03      0.00     95.88      0.00      0.00      3.09
01:28:55 PM      20      1.00      0.00     96.00      0.00      0.00      3.00

01:28:55 PM     CPU     %user     %nice   %system   %iowait    %steal     %idle
01:28:56 PM       4      3.09      0.00     93.81      0.00      0.00      3.09
01:28:56 PM       8      2.06      0.00     95.88      0.00      0.00      2.06
01:28:56 PM      12      1.04      0.00     96.88      0.00      0.00      2.08
01:28:56 PM      16      0.00      0.00     96.88      0.00      0.00      3.12
01:28:56 PM      20      1.04      0.00     95.83      0.00      0.00      3.12

01:28:56 PM     CPU     %user     %nice   %system   %iowait    %steal     %idle
01:28:57 PM       4      3.12      0.00     94.79      0.00      0.00      2.08
01:28:57 PM       8      2.02      0.00     94.95      0.00      0.00      3.03
01:28:57 PM      12      2.13      0.00     94.68      0.00      0.00      3.19
01:28:57 PM      16      2.06      0.00     93.81      0.00      0.00      4.12
01:28:57 PM      20      0.00      0.00     96.77      0.00      0.00      3.23

01:28:57 PM     CPU     %user     %nice   %system   %iowait    %steal     %idle
01:28:58 PM       4      0.00      0.00     97.87      0.00      0.00      2.13
01:28:58 PM       8      2.15      0.00     95.70      0.00      0.00      2.15
01:28:58 PM      12      0.00      0.00     96.88      0.00      0.00      3.12
01:28:58 PM      16      1.05      0.00     96.84      0.00      0.00      2.11
01:28:58 PM      20      1.04      0.00     96.88      0.00      0.00      2.08

01:28:58 PM     CPU     %user     %nice   %system   %iowait    %steal     %idle
01:28:59 PM       4      3.09      0.00     94.85      0.00      0.00      2.06
01:28:59 PM       8      3.09      0.00     93.81      0.00      0.00      3.09
01:28:59 PM      12      3.09      0.00     93.81      0.00      0.00      3.09
01:28:59 PM      16      3.09      0.00     93.81      0.00      0.00      3.09
01:28:59 PM      20      0.00      0.00     96.88      0.00      0.00      3.12

01:28:59 PM     CPU     %user     %nice   %system   %iowait    %steal     %idle
01:29:00 PM       4      2.13      0.00     94.68      0.00      0.00      3.19
01:29:00 PM       8      2.04      0.00     95.92      0.00      0.00      2.04
01:29:00 PM      12      3.06      0.00     93.88      0.00      0.00      3.06
01:29:00 PM      16      1.04      0.00     94.79      0.00      0.00      4.17
01:29:00 PM      20      3.19      0.00     93.62      0.00      0.00      3.19

01:29:00 PM     CPU     %user     %nice   %system   %iowait    %steal     %idle
01:29:01 PM       4      3.12      0.00     94.79      0.00      0.00      2.08
01:29:01 PM       8      1.05      0.00     95.79      0.00      0.00      3.16
01:29:01 PM      12      1.03      0.00     95.88      0.00      0.00      3.09
01:29:01 PM      16      1.02      0.00     95.92      0.00      0.00      3.06
01:29:01 PM      20      2.04      0.00     94.90      0.00      0.00      3.06

01:29:01 PM     CPU     %user     %nice   %system   %iowait    %steal     %idle
01:29:02 PM       4      0.00      0.00     97.92      0.00      0.00      2.08
01:29:02 PM       8      1.05      0.00     96.84      0.00      0.00      2.11
01:29:02 PM      12      1.04      0.00     95.83      0.00      0.00      3.12
01:29:02 PM      16      1.08      0.00     96.77      0.00      0.00      2.15
01:29:02 PM      20      1.03      0.00     95.88      0.00      0.00      3.09

01:29:02 PM     CPU     %user     %nice   %system   %iowait    %steal     %idle
01:29:03 PM       4      1.08      0.00     97.85      0.00      0.00      1.08
01:29:03 PM       8      1.02      0.00     96.94      0.00      0.00      2.04
01:29:03 PM      12      2.04      0.00     94.90      0.00      0.00      3.06
01:29:03 PM      16      2.04      0.00     94.90      0.00      0.00      3.06
01:29:03 PM      20      2.11      0.00     95.79      0.00      0.00      2.11

01:29:03 PM     CPU     %user     %nice   %system   %iowait    %steal     %idle
01:29:04 PM       4      3.03      0.00     93.94      0.00      0.00      3.03
01:29:04 PM       8      1.02      0.00     96.94      0.00      0.00      2.04
01:29:04 PM      12      1.08      0.00     96.77      0.00      0.00      2.15
01:29:04 PM      16      2.06      0.00     94.85      0.00      0.00      3.09
01:29:04 PM      20      1.05      0.00     95.79      0.00      0.00      3.16
