Linux 6.0.3 (genie03) 	09/05/2023 	_x86_64_	(64 CPU)

08:10:34 PM     CPU     %user     %nice   %system   %iowait    %steal     %idle
08:10:35 PM       4      0.71      0.00     53.90      0.00      0.00     45.39
08:10:35 PM       8      0.00      0.00     57.50      0.00      0.00     42.50
08:10:35 PM      12      1.38      0.00     54.48      0.00      0.00     44.14
08:10:35 PM      16      0.00      0.00      0.00      0.00      0.00    100.00
08:10:35 PM      20      0.00      0.00     58.90      0.00      0.00     41.10

08:10:35 PM     CPU     %user     %nice   %system   %iowait    %steal     %idle
08:10:36 PM       4      0.72      0.00     52.90      0.00      0.00     46.38
08:10:36 PM       8      0.00      0.00     56.77      0.00      0.00     43.23
08:10:36 PM      12      0.70      0.00     53.52      0.00      0.00     45.77
08:10:36 PM      16      0.00      0.00      0.00      0.00      0.00    100.00
08:10:36 PM      20      0.61      0.00     58.18      0.00      0.00     41.21

08:10:36 PM     CPU     %user     %nice   %system   %iowait    %steal     %idle
08:10:37 PM       4      0.72      0.00     52.90      0.00      0.00     46.38
08:10:37 PM       8      0.66      0.00     54.61      0.00      0.00     44.74
08:10:37 PM      12      0.70      0.00     53.52      0.00      0.00     45.77
08:10:37 PM      16      0.00      0.00      0.00      0.00      0.00    100.00
08:10:37 PM      20      0.00      0.00     59.28      0.00      0.00     40.72

08:10:37 PM     CPU     %user     %nice   %system   %iowait    %steal     %idle
08:10:38 PM       4      0.75      0.00     50.38      0.00      0.00     48.87
08:10:38 PM       8      0.00      0.00     57.05      0.00      0.00     42.95
08:10:38 PM      12      0.00      0.00     51.13      0.00      0.00     48.87
08:10:38 PM      16      0.00      0.00      0.00      0.00      0.00    100.00
08:10:38 PM      20      0.00      0.00     59.39      0.00      0.00     40.61

08:10:38 PM     CPU     %user     %nice   %system   %iowait    %steal     %idle
08:10:39 PM       4      0.77      0.00     50.00      0.00      0.00     49.23
08:10:39 PM       8      0.00      0.00     56.13      0.00      0.00     43.87
08:10:39 PM      12      1.52      0.00     50.00      0.00      0.00     48.48
08:10:39 PM      16      0.00      0.00      0.00      0.00      0.00    100.00
08:10:39 PM      20      0.00      0.00     59.28      0.00      0.00     40.72

08:10:39 PM     CPU     %user     %nice   %system   %iowait    %steal     %idle
08:10:40 PM       4      0.74      0.00     52.21      0.00      0.00     47.06
08:10:40 PM       8      0.64      0.00     56.41      0.00      0.00     42.95
08:10:40 PM      12      0.76      0.00     49.62      0.00      0.00     49.62
08:10:40 PM      16      0.00      0.00      0.00      0.00      0.00    100.00
08:10:40 PM      20      0.62      0.00     57.76      0.00      0.00     41.61

08:10:40 PM     CPU     %user     %nice   %system   %iowait    %steal     %idle
08:10:41 PM       4      0.00      0.00     50.77      0.00      0.00     49.23
08:10:41 PM       8      0.00      0.00     57.05      0.00      0.00     42.95
08:10:41 PM      12      1.54      0.00     49.23      0.00      0.00     49.23
08:10:41 PM      16      0.00      0.00      0.00      0.00      0.00    100.00
08:10:41 PM      20      0.63      0.00     56.60      0.00      0.00     42.77

08:10:41 PM     CPU     %user     %nice   %system   %iowait    %steal     %idle
08:10:42 PM       4      0.00      0.00     47.97      0.00      0.00     52.03
08:10:42 PM       8      0.00      0.00     57.50      0.00      0.00     42.50
08:10:42 PM      12      0.79      0.00     47.62      0.00      0.00     51.59
08:10:42 PM      16      0.00      0.00      0.00      0.00      0.00    100.00
08:10:42 PM      20      0.00      0.00     56.77      0.00      0.00     43.23

08:10:42 PM     CPU     %user     %nice   %system   %iowait    %steal     %idle
08:10:43 PM       4      1.69      0.00     44.07      0.00      0.00     54.24
08:10:43 PM       8      0.00      0.00     58.13      0.00      0.00     41.88
08:10:43 PM      12      0.00      0.00     44.83      0.00      0.00     55.17
08:10:43 PM      16      0.00      0.00      0.00      0.00      0.00    100.00
08:10:43 PM      20      0.62      0.00     57.14      0.00      0.00     42.24

08:10:43 PM     CPU     %user     %nice   %system   %iowait    %steal     %idle
08:10:44 PM       4      0.83      0.00     45.00      0.00      0.00     54.17
08:10:44 PM       8      0.00      0.00     57.76      0.00      0.00     42.24
08:10:44 PM      12      0.85      0.00     44.07      0.00      0.00     55.08
08:10:44 PM      16      0.00      0.00      0.00      0.00      0.00    100.00
08:10:44 PM      20      0.00      0.00     57.59      0.00      0.00     42.41

08:10:44 PM     CPU     %user     %nice   %system   %iowait    %steal     %idle
08:10:45 PM       4      0.00      0.00     44.35      0.00      0.00     55.65
08:10:45 PM       8      0.00      0.00     57.05      0.00      0.00     42.95
08:10:45 PM      12      0.00      0.00     43.86      0.00      0.00     56.14
08:10:45 PM      16      0.00      0.00      0.00      0.00      0.00    100.00
08:10:45 PM      20      0.00      0.00     58.28      0.00      0.00     41.72

08:10:45 PM     CPU     %user     %nice   %system   %iowait    %steal     %idle
08:10:46 PM       4      0.83      0.00     45.83      0.00      0.00     53.33
08:10:46 PM       8      0.00      0.00     57.50      0.00      0.00     42.50
08:10:46 PM      12      0.81      0.00     46.34      0.00      0.00     52.85
08:10:46 PM      16      0.00      0.00      0.00      0.00      0.00    100.00
08:10:46 PM      20      0.00      0.00     59.64      0.00      0.00     40.36

08:10:46 PM     CPU     %user     %nice   %system   %iowait    %steal     %idle
08:10:47 PM       4      0.90      0.00     41.44      0.00      0.00     57.66
08:10:47 PM       8      0.62      0.00     57.76      0.00      0.00     41.61
08:10:47 PM      12      0.88      0.00     42.48      0.00      0.00     56.64
08:10:47 PM      16      0.00      0.00      0.00      0.00      0.00    100.00
08:10:47 PM      20      0.00      0.00     59.15      0.00      0.00     40.85

08:10:47 PM     CPU     %user     %nice   %system   %iowait    %steal     %idle
08:10:48 PM       4      0.00      0.00     41.28      0.00      0.00     58.72
08:10:48 PM       8      0.00      0.00     58.39      0.00      0.00     41.61
08:10:48 PM      12      1.74      0.00     41.74      0.00      0.00     56.52
08:10:48 PM      16      0.00      0.00      0.00      0.00      0.00    100.00
08:10:48 PM      20      0.60      0.00     59.04      0.00      0.00     40.36

08:10:48 PM     CPU     %user     %nice   %system   %iowait    %steal     %idle
08:10:49 PM       4      0.00      0.00     41.96      0.00      0.00     58.04
08:10:49 PM       8      0.00      0.00     57.59      0.00      0.00     42.41
08:10:49 PM      12      0.00      0.00     45.30      0.00      0.00     54.70
08:10:49 PM      16      0.00      0.00      0.00      0.00      0.00    100.00
08:10:49 PM      20      0.00      0.00     59.04      0.00      0.00     40.96
