Linux 6.0.3 (genie03) 	09/05/2023 	_x86_64_	(64 CPU)

07:44:57 PM     CPU     %user     %nice   %system   %iowait    %steal     %idle
07:44:58 PM       4      0.98      0.00     84.31      0.00      0.00     14.71
07:44:58 PM       8      1.00      0.00     86.00      0.00      0.00     13.00
07:44:58 PM      12      0.00      0.00     87.63      0.00      0.00     12.37
07:44:58 PM      16      0.00      0.00     82.83      0.00      0.00     17.17
07:44:58 PM      20      1.98      0.00     85.15      0.00      0.00     12.87

07:44:58 PM     CPU     %user     %nice   %system   %iowait    %steal     %idle
07:44:59 PM       4      0.00      0.00    100.00      0.00      0.00      0.00
07:44:59 PM       8      0.00      0.00    100.00      0.00      0.00      0.00
07:44:59 PM      12      0.00      0.00    100.00      0.00      0.00      0.00
07:44:59 PM      16      0.00      0.00    100.00      0.00      0.00      0.00
07:44:59 PM      20      0.00      0.00    100.00      0.00      0.00      0.00

07:44:59 PM     CPU     %user     %nice   %system   %iowait    %steal     %idle
07:45:00 PM       4      1.00      0.00     99.00      0.00      0.00      0.00
07:45:00 PM       8      1.00      0.00     99.00      0.00      0.00      0.00
07:45:00 PM      12      0.00      0.00    100.00      0.00      0.00      0.00
07:45:00 PM      16      0.00      0.00    100.00      0.00      0.00      0.00
07:45:00 PM      20      0.00      0.00    100.00      0.00      0.00      0.00

07:45:00 PM     CPU     %user     %nice   %system   %iowait    %steal     %idle
07:45:01 PM       4      0.00      0.00    100.00      0.00      0.00      0.00
07:45:01 PM       8      0.00      0.00    100.00      0.00      0.00      0.00
07:45:01 PM      12      0.00      0.00    100.00      0.00      0.00      0.00
07:45:01 PM      16      0.00      0.00    100.00      0.00      0.00      0.00
07:45:01 PM      20      0.00      0.00    100.00      0.00      0.00      0.00

07:45:01 PM     CPU     %user     %nice   %system   %iowait    %steal     %idle
07:45:02 PM       4      0.00      0.00    100.00      0.00      0.00      0.00
07:45:02 PM       8      1.00      0.00     99.00      0.00      0.00      0.00
07:45:02 PM      12      1.00      0.00     99.00      0.00      0.00      0.00
07:45:02 PM      16      0.00      0.00    100.00      0.00      0.00      0.00
07:45:02 PM      20      0.00      0.00    100.00      0.00      0.00      0.00

07:45:02 PM     CPU     %user     %nice   %system   %iowait    %steal     %idle
07:45:03 PM       4      0.00      0.00    100.00      0.00      0.00      0.00
07:45:03 PM       8      0.00      0.00    100.00      0.00      0.00      0.00
07:45:03 PM      12      0.00      0.00    100.00      0.00      0.00      0.00
07:45:03 PM      16      1.00      0.00     99.00      0.00      0.00      0.00
07:45:03 PM      20      0.00      0.00    100.00      0.00      0.00      0.00

07:45:03 PM     CPU     %user     %nice   %system   %iowait    %steal     %idle
07:45:04 PM       4      0.99      0.00     99.01      0.00      0.00      0.00
07:45:04 PM       8      0.99      0.00     99.01      0.00      0.00      0.00
07:45:04 PM      12      1.00      0.00     99.00      0.00      0.00      0.00
07:45:04 PM      16      1.00      0.00     99.00      0.00      0.00      0.00
07:45:04 PM      20      1.00      0.00     99.00      0.00      0.00      0.00

07:45:04 PM     CPU     %user     %nice   %system   %iowait    %steal     %idle
07:45:05 PM       4      0.00      0.00     90.20      0.00      0.00      9.80
07:45:05 PM       8      1.00      0.00     86.00      0.00      0.00     13.00
07:45:05 PM      12      1.01      0.00     85.86      0.00      0.00     13.13
07:45:05 PM      16      0.99      0.00     89.11      0.00      0.00      9.90
07:45:05 PM      20      0.00      0.00     89.00      0.00      0.00     11.00

07:45:05 PM     CPU     %user     %nice   %system   %iowait    %steal     %idle
07:45:06 PM       4      1.00      0.00     79.00      0.00      0.00     20.00
07:45:06 PM       8      0.98      0.00     79.41      0.00      0.00     19.61
07:45:06 PM      12      0.97      0.00     77.67      0.00      0.00     21.36
07:45:06 PM      16      2.00      0.00     78.00      0.00      0.00     20.00
07:45:06 PM      20      1.04      0.00     78.12      0.00      0.00     20.83

07:45:06 PM     CPU     %user     %nice   %system   %iowait    %steal     %idle
07:45:07 PM       4      1.03      0.00     79.38      0.00      0.00     19.59
07:45:07 PM       8      2.11      0.00     76.84      0.00      0.00     21.05
07:45:07 PM      12      0.00      0.00     79.00      0.00      0.00     21.00
07:45:07 PM      16      0.98      0.00     81.37      0.00      0.00     17.65
07:45:07 PM      20      0.00      0.00     80.00      0.00      0.00     20.00

07:45:07 PM     CPU     %user     %nice   %system   %iowait    %steal     %idle
07:45:08 PM       4      1.00      0.00     78.00      0.00      0.00     21.00
07:45:08 PM       8      0.00      0.00     84.85      0.00      0.00     15.15
07:45:08 PM      12      0.97      0.00     79.61      0.00      0.00     19.42
07:45:08 PM      16      1.94      0.00     77.67      0.00      0.00     20.39
07:45:08 PM      20      0.96      0.00     80.77      0.00      0.00     18.27

07:45:08 PM     CPU     %user     %nice   %system   %iowait    %steal     %idle
07:45:09 PM       4      0.99      0.00     81.19      0.00      0.00     17.82
07:45:09 PM       8      0.95      0.00     80.00      0.00      0.00     19.05
07:45:09 PM      12      0.99      0.00     81.19      0.00      0.00     17.82
07:45:09 PM      16      0.00      0.00     80.65      0.00      0.00     19.35
07:45:09 PM      20      1.98      0.00     76.24      0.00      0.00     21.78

07:45:09 PM     CPU     %user     %nice   %system   %iowait    %steal     %idle
07:45:10 PM       4      1.01      0.00     81.82      0.00      0.00     17.17
07:45:10 PM       8      1.96      0.00     76.47      0.00      0.00     21.57
07:45:10 PM      12      2.04      0.00     80.61      0.00      0.00     17.35
07:45:10 PM      16      0.99      0.00     79.21      0.00      0.00     19.80
07:45:10 PM      20      0.00      0.00     81.63      0.00      0.00     18.37

07:45:10 PM     CPU     %user     %nice   %system   %iowait    %steal     %idle
07:45:11 PM       4      0.00      0.00     85.86      0.00      0.00     14.14
07:45:11 PM       8      0.97      0.00     82.52      0.00      0.00     16.50
07:45:11 PM      12      1.96      0.00     81.37      0.00      0.00     16.67
07:45:11 PM      16      0.97      0.00     77.67      0.00      0.00     21.36
07:45:11 PM      20      1.00      0.00     81.00      0.00      0.00     18.00

07:45:11 PM     CPU     %user     %nice   %system   %iowait    %steal     %idle
07:45:12 PM       4      1.02      0.00     80.61      0.00      0.00     18.37
07:45:12 PM       8      0.99      0.00     79.21      0.00      0.00     19.80
07:45:12 PM      12      0.99      0.00     80.20      0.00      0.00     18.81
07:45:12 PM      16      1.00      0.00     80.00      0.00      0.00     19.00
07:45:12 PM      20      0.97      0.00     81.55      0.00      0.00     17.48
