Linux 6.0.3 (genie03) 	09/05/2023 	_x86_64_	(64 CPU)

08:15:40 PM     CPU     %user     %nice   %system   %iowait    %steal     %idle
08:15:41 PM       4      0.00      0.00     78.16      0.00      0.00     21.84
08:15:41 PM       8      0.00      0.00     82.46      0.00      0.00     17.54
08:15:41 PM      12      0.00      0.00     73.24      0.00      0.00     26.76
08:15:41 PM      16      1.45      0.00     69.57      0.00      0.00     28.99
08:15:41 PM      20      0.00      0.00     80.41      0.00      0.00     19.59

08:15:41 PM     CPU     %user     %nice   %system   %iowait    %steal     %idle
08:15:42 PM       4      1.14      0.00     78.41      0.00      0.00     20.45
08:15:42 PM       8      0.86      0.00     82.76      0.00      0.00     16.38
08:15:42 PM      12      0.00      0.00     74.36      0.00      0.00     25.64
08:15:42 PM      16      0.00      0.00     74.03      0.00      0.00     25.97
08:15:42 PM      20      2.06      0.00     79.38      0.00      0.00     18.56

08:15:42 PM     CPU     %user     %nice   %system   %iowait    %steal     %idle
08:15:43 PM       4      0.00      0.00     79.35      0.00      0.00     20.65
08:15:43 PM       8      0.00      0.00     83.48      0.00      0.00     16.52
08:15:43 PM      12      0.00      0.00     74.36      0.00      0.00     25.64
08:15:43 PM      16      0.00      0.00     71.21      0.00      0.00     28.79
08:15:43 PM      20      1.04      0.00     79.17      0.00      0.00     19.79

08:15:43 PM     CPU     %user     %nice   %system   %iowait    %steal     %idle
08:15:44 PM       4      0.00      0.00     76.19      0.00      0.00     23.81
08:15:44 PM       8      0.00      0.00     83.62      0.00      0.00     16.38
08:15:44 PM      12      0.00      0.00     75.32      0.00      0.00     24.68
08:15:44 PM      16      0.00      0.00     72.22      0.00      0.00     27.78
08:15:44 PM      20      1.00      0.00     79.00      0.00      0.00     20.00

08:15:44 PM     CPU     %user     %nice   %system   %iowait    %steal     %idle
08:15:45 PM       4      1.23      0.00     76.54      0.00      0.00     22.22
08:15:45 PM       8      0.88      0.00     83.33      0.00      0.00     15.79
08:15:45 PM      12      0.00      0.00     74.03      0.00      0.00     25.97
08:15:45 PM      16      1.43      0.00     70.00      0.00      0.00     28.57
08:15:45 PM      20      0.00      0.00     80.85      0.00      0.00     19.15

08:15:45 PM     CPU     %user     %nice   %system   %iowait    %steal     %idle
08:15:46 PM       4      0.00      0.00     76.83      0.00      0.00     23.17
08:15:46 PM       8      0.00      0.00     83.62      0.00      0.00     16.38
08:15:46 PM      12      1.39      0.00     70.83      0.00      0.00     27.78
08:15:46 PM      16      0.00      0.00     72.22      0.00      0.00     27.78
08:15:46 PM      20      2.13      0.00     77.66      0.00      0.00     20.21

08:15:46 PM     CPU     %user     %nice   %system   %iowait    %steal     %idle
08:15:47 PM       4      0.00      0.00     74.68      0.00      0.00     25.32
08:15:47 PM       8      0.00      0.00     83.19      0.00      0.00     16.81
08:15:47 PM      12      0.00      0.00     75.31      0.00      0.00     24.69
08:15:47 PM      16      0.00      0.00     72.60      0.00      0.00     27.40
08:15:47 PM      20      0.00      0.00     80.21      0.00      0.00     19.79

08:15:47 PM     CPU     %user     %nice   %system   %iowait    %steal     %idle
08:15:48 PM       4      0.00      0.00     77.11      0.00      0.00     22.89
08:15:48 PM       8      0.00      0.00     83.48      0.00      0.00     16.52
08:15:48 PM      12      1.30      0.00     72.73      0.00      0.00     25.97
08:15:48 PM      16      0.00      0.00     70.59      0.00      0.00     29.41
08:15:48 PM      20      1.05      0.00     78.95      0.00      0.00     20.00

08:15:48 PM     CPU     %user     %nice   %system   %iowait    %steal     %idle
08:15:49 PM       4      0.00      0.00     78.16      0.00      0.00     21.84
08:15:49 PM       8      0.85      0.00     83.05      0.00      0.00     16.10
08:15:49 PM      12      0.00      0.00     73.33      0.00      0.00     26.67
08:15:49 PM      16      0.00      0.00     71.21      0.00      0.00     28.79
08:15:49 PM      20      1.04      0.00     80.21      0.00      0.00     18.75

08:15:49 PM     CPU     %user     %nice   %system   %iowait    %steal     %idle
08:15:50 PM       4      1.19      0.00     76.19      0.00      0.00     22.62
08:15:50 PM       8      0.87      0.00     82.61      0.00      0.00     16.52
08:15:50 PM      12      0.00      0.00     73.33      0.00      0.00     26.67
08:15:50 PM      16      0.00      0.00     72.22      0.00      0.00     27.78
08:15:50 PM      20      0.00      0.00     80.41      0.00      0.00     19.59

08:15:50 PM     CPU     %user     %nice   %system   %iowait    %steal     %idle
08:15:51 PM       4      0.00      0.00     77.91      0.00      0.00     22.09
08:15:51 PM       8      0.00      0.00     84.35      0.00      0.00     15.65
08:15:51 PM      12      1.33      0.00     72.00      0.00      0.00     26.67
08:15:51 PM      16      1.39      0.00     70.83      0.00      0.00     27.78
08:15:51 PM      20      1.00      0.00     79.00      0.00      0.00     20.00

08:15:51 PM     CPU     %user     %nice   %system   %iowait    %steal     %idle
08:15:52 PM       4      0.00      0.00     77.65      0.00      0.00     22.35
08:15:52 PM       8      0.00      0.00     83.76      0.00      0.00     16.24
08:15:52 PM      12      0.00      0.00     76.25      0.00      0.00     23.75
08:15:52 PM      16      0.00      0.00     71.62      0.00      0.00     28.38
08:15:52 PM      20      0.00      0.00     80.65      0.00      0.00     19.35

08:15:52 PM     CPU     %user     %nice   %system   %iowait    %steal     %idle
08:15:53 PM       4      1.20      0.00     75.90      0.00      0.00     22.89
08:15:53 PM       8      1.68      0.00     82.35      0.00      0.00     15.97
08:15:53 PM      12      1.33      0.00     70.67      0.00      0.00     28.00
08:15:53 PM      16      1.35      0.00     72.97      0.00      0.00     25.68
08:15:53 PM      20      0.98      0.00     80.39      0.00      0.00     18.63

08:15:53 PM     CPU     %user     %nice   %system   %iowait    %steal     %idle
08:15:54 PM       4      1.22      0.00     75.61      0.00      0.00     23.17
08:15:54 PM       8      0.00      0.00     84.35      0.00      0.00     15.65
08:15:54 PM      12      0.00      0.00     74.68      0.00      0.00     25.32
08:15:54 PM      16      0.00      0.00     71.83      0.00      0.00     28.17
08:15:54 PM      20      0.00      0.00     80.00      0.00      0.00     20.00

08:15:54 PM     CPU     %user     %nice   %system   %iowait    %steal     %idle
08:15:55 PM       4      0.00      0.00     76.25      0.00      0.00     23.75
08:15:55 PM       8      0.85      0.00     83.05      0.00      0.00     16.10
08:15:55 PM      12      0.00      0.00     72.22      0.00      0.00     27.78
08:15:55 PM      16      0.00      0.00     72.46      0.00      0.00     27.54
08:15:55 PM      20      1.01      0.00     80.81      0.00      0.00     18.18
