Linux 6.0.3 (genie03) 	09/05/2023 	_x86_64_	(64 CPU)

08:13:07 PM     CPU     %user     %nice   %system   %iowait    %steal     %idle
08:13:08 PM       4      0.00      0.00     68.53      0.00      0.00     31.47
08:13:08 PM       8      0.00      0.00      2.17      0.00      0.00     97.83
08:13:08 PM      12      0.00      0.00      4.17      0.00      0.00     95.83
08:13:08 PM      16      0.00      0.00      2.17      0.00      0.00     97.83
08:13:08 PM      20      0.00      0.00     68.31      0.00      0.00     31.69

08:13:08 PM     CPU     %user     %nice   %system   %iowait    %steal     %idle
08:13:09 PM       4      0.69      0.00     68.06      0.00      0.00     31.25
08:13:09 PM       8      0.00      0.00      2.17      0.00      0.00     97.83
08:13:09 PM      12      0.00      0.00     13.21      0.00      0.00     86.79
08:13:09 PM      16      0.00      0.00      2.13      0.00      0.00     97.87
08:13:09 PM      20      0.00      0.00     68.57      0.00      0.00     31.43

08:13:09 PM     CPU     %user     %nice   %system   %iowait    %steal     %idle
08:13:10 PM       4      0.00      0.00     68.75      0.00      0.00     31.25
08:13:10 PM       8      0.00      0.00      4.26      0.00      0.00     95.74
08:13:10 PM      12      0.00      0.00      6.12      0.00      0.00     93.88
08:13:10 PM      16      0.00      0.00      2.17      0.00      0.00     97.83
08:13:10 PM      20      0.00      0.00     68.31      0.00      0.00     31.69

08:13:10 PM     CPU     %user     %nice   %system   %iowait    %steal     %idle
08:13:11 PM       4      0.00      0.00     69.44      0.00      0.00     30.56
08:13:11 PM       8      0.00      0.00     15.09      0.00      0.00     84.91
08:13:11 PM      12      0.00      0.00     11.54      0.00      0.00     88.46
08:13:11 PM      16      0.00      0.00      2.17      0.00      0.00     97.83
08:13:11 PM      20      0.00      0.00     68.53      0.00      0.00     31.47

08:13:11 PM     CPU     %user     %nice   %system   %iowait    %steal     %idle
08:13:12 PM       4      0.00      0.00     68.53      0.00      0.00     31.47
08:13:12 PM       8      0.00      0.00      4.35      0.00      0.00     95.65
08:13:12 PM      12      0.00      0.00     16.67      0.00      0.00     83.33
08:13:12 PM      16      0.00      0.00      2.17      0.00      0.00     97.83
08:13:12 PM      20      0.00      0.00     68.75      0.00      0.00     31.25

08:13:12 PM     CPU     %user     %nice   %system   %iowait    %steal     %idle
08:13:13 PM       4      0.69      0.00     68.28      0.00      0.00     31.03
08:13:13 PM       8      0.00      0.00      2.17      0.00      0.00     97.83
08:13:13 PM      12      0.00      0.00      9.80      0.00      0.00     90.20
08:13:13 PM      16      0.00      0.00     26.98      0.00      0.00     73.02
08:13:13 PM      20      0.00      0.00     68.53      0.00      0.00     31.47

08:13:13 PM     CPU     %user     %nice   %system   %iowait    %steal     %idle
08:13:14 PM       4      0.00      0.00     69.01      0.00      0.00     30.99
08:13:14 PM       8      0.00      0.00      4.35      0.00      0.00     95.65
08:13:14 PM      12      0.00      0.00      8.00      0.00      0.00     92.00
08:13:14 PM      16      0.00      0.00     50.55      0.00      0.00     49.45
08:13:14 PM      20      0.00      0.00     68.53      0.00      0.00     31.47

08:13:14 PM     CPU     %user     %nice   %system   %iowait    %steal     %idle
08:13:15 PM       4      0.00      0.00     68.53      0.00      0.00     31.47
08:13:15 PM       8      0.00      0.00      4.35      0.00      0.00     95.65
08:13:15 PM      12      0.00      0.00      6.25      0.00      0.00     93.75
08:13:15 PM      16      0.00      0.00     56.60      0.00      0.00     43.40
08:13:15 PM      20      0.00      0.00     68.53      0.00      0.00     31.47

08:13:15 PM     CPU     %user     %nice   %system   %iowait    %steal     %idle
08:13:16 PM       4      0.70      0.00     68.31      0.00      0.00     30.99
08:13:16 PM       8      0.00      0.00      0.00      0.00      0.00    100.00
08:13:16 PM      12      2.00      0.00      6.00      0.00      0.00     92.00
08:13:16 PM      16      0.00      0.00     60.53      0.00      0.00     39.47
08:13:16 PM      20      0.00      0.00     68.53      0.00      0.00     31.47

08:13:16 PM     CPU     %user     %nice   %system   %iowait    %steal     %idle
08:13:17 PM       4      1.38      0.00     67.59      0.00      0.00     31.03
08:13:17 PM       8      0.00      0.00      8.16      0.00      0.00     91.84
08:13:17 PM      12      0.00      0.00     11.54      0.00      0.00     88.46
08:13:17 PM      16      0.00      0.00     62.50      0.00      0.00     37.50
08:13:17 PM      20      0.00      0.00     68.97      0.00      0.00     31.03

08:13:17 PM     CPU     %user     %nice   %system   %iowait    %steal     %idle
08:13:18 PM       4      1.42      0.00     67.38      0.00      0.00     31.21
08:13:18 PM       8      0.00      0.00      4.35      0.00      0.00     95.65
08:13:18 PM      12      0.00      0.00     11.76      0.00      0.00     88.24
08:13:18 PM      16      0.83      0.00     61.67      0.00      0.00     37.50
08:13:18 PM      20      0.00      0.00     69.01      0.00      0.00     30.99

08:13:18 PM     CPU     %user     %nice   %system   %iowait    %steal     %idle
08:13:19 PM       4      0.00      0.00     68.75      0.00      0.00     31.25
08:13:19 PM       8      0.00      0.00      2.22      0.00      0.00     97.78
08:13:19 PM      12      0.00      0.00      8.00      0.00      0.00     92.00
08:13:19 PM      16      0.79      0.00     62.99      0.00      0.00     36.22
08:13:19 PM      20      0.00      0.00     68.75      0.00      0.00     31.25

08:13:19 PM     CPU     %user     %nice   %system   %iowait    %steal     %idle
08:13:20 PM       4      0.00      0.00     68.75      0.00      0.00     31.25
08:13:20 PM       8      0.00      0.00      2.17      0.00      0.00     97.83
08:13:20 PM      12      0.00      0.00      8.00      0.00      0.00     92.00
08:13:20 PM      16      1.57      0.00     62.99      0.00      0.00     35.43
08:13:20 PM      20      0.00      0.00     68.53      0.00      0.00     31.47

08:13:20 PM     CPU     %user     %nice   %system   %iowait    %steal     %idle
08:13:21 PM       4      0.70      0.00     67.83      0.00      0.00     31.47
08:13:21 PM       8      0.00      0.00      8.16      0.00      0.00     91.84
08:13:21 PM      12      0.00      0.00     15.09      0.00      0.00     84.91
08:13:21 PM      16      1.50      0.00     65.41      0.00      0.00     33.08
08:13:21 PM      20      0.70      0.00     68.31      0.00      0.00     30.99

08:13:21 PM     CPU     %user     %nice   %system   %iowait    %steal     %idle
08:13:22 PM       4      0.70      0.00     68.53      0.00      0.00     30.77
08:13:22 PM       8      2.04      0.00      8.16      0.00      0.00     89.80
08:13:22 PM      12      0.00      0.00     13.21      0.00      0.00     86.79
08:13:22 PM      16      1.56      0.00     63.28      0.00      0.00     35.16
08:13:22 PM      20      0.69      0.00     68.06      0.00      0.00     31.25
