Linux 6.0.3 (genie03) 	09/05/2023 	_x86_64_	(64 CPU)

07:47:30 PM     CPU     %user     %nice   %system   %iowait    %steal     %idle
07:47:31 PM       4      0.99      0.00     81.19      0.00      0.00     17.82
07:47:31 PM       8      2.02      0.00     79.80      0.00      0.00     18.18
07:47:31 PM      12      0.00      0.00     80.58      0.00      0.00     19.42
07:47:31 PM      16      0.00      0.00     80.65      0.00      0.00     19.35
07:47:31 PM      20      1.02      0.00     76.53      0.00      0.00     22.45

07:47:31 PM     CPU     %user     %nice   %system   %iowait    %steal     %idle
07:47:32 PM       4      0.97      0.00     79.61      0.00      0.00     19.42
07:47:32 PM       8      2.06      0.00     82.47      0.00      0.00     15.46
07:47:32 PM      12      0.00      0.00     81.00      0.00      0.00     19.00
07:47:32 PM      16      0.95      0.00     77.14      0.00      0.00     21.90
07:47:32 PM      20      1.02      0.00     81.63      0.00      0.00     17.35

07:47:32 PM     CPU     %user     %nice   %system   %iowait    %steal     %idle
07:47:33 PM       4      0.00      0.00     80.00      0.00      0.00     20.00
07:47:33 PM       8      0.97      0.00     79.61      0.00      0.00     19.42
07:47:33 PM      12      1.00      0.00     80.00      0.00      0.00     19.00
07:47:33 PM      16      1.92      0.00     76.92      0.00      0.00     21.15
07:47:33 PM      20      1.03      0.00     81.44      0.00      0.00     17.53

07:47:33 PM     CPU     %user     %nice   %system   %iowait    %steal     %idle
07:47:34 PM       4      0.98      0.00     77.45      0.00      0.00     21.57
07:47:34 PM       8      0.00      0.00     80.20      0.00      0.00     19.80
07:47:34 PM      12      0.95      0.00     78.10      0.00      0.00     20.95
07:47:34 PM      16      1.01      0.00     80.81      0.00      0.00     18.18
07:47:34 PM      20      1.98      0.00     78.22      0.00      0.00     19.80

07:47:34 PM     CPU     %user     %nice   %system   %iowait    %steal     %idle
07:47:35 PM       4      2.02      0.00     80.81      0.00      0.00     17.17
07:47:35 PM       8      0.00      0.00     83.84      0.00      0.00     16.16
07:47:35 PM      12      0.00      0.00     78.79      0.00      0.00     21.21
07:47:35 PM      16      0.99      0.00     82.18      0.00      0.00     16.83
07:47:35 PM      20      0.94      0.00     78.30      0.00      0.00     20.75

07:47:35 PM     CPU     %user     %nice   %system   %iowait    %steal     %idle
07:47:36 PM       4      1.02      0.00     81.63      0.00      0.00     17.35
07:47:36 PM       8      1.00      0.00     78.00      0.00      0.00     21.00
07:47:36 PM      12      0.00      0.00     80.81      0.00      0.00     19.19
07:47:36 PM      16      0.95      0.00     79.05      0.00      0.00     20.00
07:47:36 PM      20      0.95      0.00     79.05      0.00      0.00     20.00

07:47:36 PM     CPU     %user     %nice   %system   %iowait    %steal     %idle
07:47:37 PM       4      1.94      0.00     78.64      0.00      0.00     19.42
07:47:37 PM       8      0.00      0.00     80.77      0.00      0.00     19.23
07:47:37 PM      12      1.01      0.00     81.82      0.00      0.00     17.17
07:47:37 PM      16      0.00      0.00     79.17      0.00      0.00     20.83
07:47:37 PM      20      0.98      0.00     78.43      0.00      0.00     20.59

07:47:37 PM     CPU     %user     %nice   %system   %iowait    %steal     %idle
07:47:38 PM       4      1.00      0.00     80.00      0.00      0.00     19.00
07:47:38 PM       8      0.00      0.00     79.81      0.00      0.00     20.19
07:47:38 PM      12      1.00      0.00     85.00      0.00      0.00     14.00
07:47:38 PM      16      0.97      0.00     77.67      0.00      0.00     21.36
07:47:38 PM      20      2.00      0.00     81.00      0.00      0.00     17.00

07:47:38 PM     CPU     %user     %nice   %system   %iowait    %steal     %idle
07:47:39 PM       4      0.96      0.00     79.81      0.00      0.00     19.23
07:47:39 PM       8      1.02      0.00     78.57      0.00      0.00     20.41
07:47:39 PM      12      0.00      0.00     77.00      0.00      0.00     23.00
07:47:39 PM      16      0.99      0.00     78.22      0.00      0.00     20.79
07:47:39 PM      20      0.00      0.00     79.00      0.00      0.00     21.00

07:47:39 PM     CPU     %user     %nice   %system   %iowait    %steal     %idle
07:47:40 PM       4      0.00      0.00     82.18      0.00      0.00     17.82
07:47:40 PM       8      0.98      0.00     80.39      0.00      0.00     18.63
07:47:40 PM      12      1.96      0.00     76.47      0.00      0.00     21.57
07:47:40 PM      16      0.98      0.00     80.39      0.00      0.00     18.63
07:47:40 PM      20      1.05      0.00     74.74      0.00      0.00     24.21

07:47:40 PM     CPU     %user     %nice   %system   %iowait    %steal     %idle
07:47:41 PM       4      0.00      0.00     79.00      0.00      0.00     21.00
07:47:41 PM       8      1.96      0.00     80.39      0.00      0.00     17.65
07:47:41 PM      12      0.00      0.00     81.55      0.00      0.00     18.45
07:47:41 PM      16      0.96      0.00     81.73      0.00      0.00     17.31
07:47:41 PM      20      0.97      0.00     77.67      0.00      0.00     21.36

07:47:41 PM     CPU     %user     %nice   %system   %iowait    %steal     %idle
07:47:42 PM       4      2.02      0.00     78.79      0.00      0.00     19.19
07:47:42 PM       8      0.00      0.00     81.55      0.00      0.00     18.45
07:47:42 PM      12      0.00      0.00     79.38      0.00      0.00     20.62
07:47:42 PM      16      0.00      0.00     80.41      0.00      0.00     19.59
07:47:42 PM      20      0.00      0.00     82.83      0.00      0.00     17.17

07:47:42 PM     CPU     %user     %nice   %system   %iowait    %steal     %idle
07:47:43 PM       4      0.00      0.00     77.45      0.00      0.00     22.55
07:47:43 PM       8      1.98      0.00     78.22      0.00      0.00     19.80
07:47:43 PM      12      2.83      0.00     79.25      0.00      0.00     17.92
07:47:43 PM      16      0.00      0.00     79.38      0.00      0.00     20.62
07:47:43 PM      20      1.06      0.00     78.72      0.00      0.00     20.21

07:47:43 PM     CPU     %user     %nice   %system   %iowait    %steal     %idle
07:47:44 PM       4      0.00      0.00     81.00      0.00      0.00     19.00
07:47:44 PM       8      0.00      0.00     81.82      0.00      0.00     18.18
07:47:44 PM      12      1.02      0.00     81.63      0.00      0.00     17.35
07:47:44 PM      16      0.00      0.00     78.22      0.00      0.00     21.78
07:47:44 PM      20      1.03      0.00     78.35      0.00      0.00     20.62

07:47:44 PM     CPU     %user     %nice   %system   %iowait    %steal     %idle
07:47:45 PM       4      0.99      0.00     80.20      0.00      0.00     18.81
07:47:45 PM       8      0.00      0.00     79.21      0.00      0.00     20.79
07:47:45 PM      12      1.00      0.00     78.00      0.00      0.00     21.00
07:47:45 PM      16      1.04      0.00     80.21      0.00      0.00     18.75
07:47:45 PM      20      0.00      0.00     81.63      0.00      0.00     18.37
