Linux 6.0.3 (genie03) 	08/31/2023 	_x86_64_	(64 CPU)

01:38:22 PM     CPU     %user     %nice   %system   %iowait    %steal     %idle
01:38:23 PM       4      1.08      0.00     92.47      0.00      0.00      6.45
01:38:23 PM       8      3.06      0.00     90.82      0.00      0.00      6.12
01:38:23 PM      12      3.12      0.00     90.62      0.00      0.00      6.25
01:38:23 PM      16      3.19      0.00     90.43      0.00      0.00      6.38
01:38:23 PM      20      2.06      0.00     91.75      0.00      0.00      6.19

01:38:23 PM     CPU     %user     %nice   %system   %iowait    %steal     %idle
01:38:24 PM       4      2.06      0.00     90.72      0.00      0.00      7.22
01:38:24 PM       8      0.00      0.00     94.79      0.00      0.00      5.21
01:38:24 PM      12      2.11      0.00     91.58      0.00      0.00      6.32
01:38:24 PM      16      3.03      0.00     90.91      0.00      0.00      6.06
01:38:24 PM      20      2.08      0.00     91.67      0.00      0.00      6.25

01:38:24 PM     CPU     %user     %nice   %system   %iowait    %steal     %idle
01:38:25 PM       4      2.06      0.00     91.75      0.00      0.00      6.19
01:38:25 PM       8      2.08      0.00     91.67      0.00      0.00      6.25
01:38:25 PM      12      3.09      0.00     90.72      0.00      0.00      6.19
01:38:25 PM      16      3.23      0.00     91.40      0.00      0.00      5.38
01:38:25 PM      20      3.19      0.00     90.43      0.00      0.00      6.38

01:38:25 PM     CPU     %user     %nice   %system   %iowait    %steal     %idle
01:38:26 PM       4      2.06      0.00     91.75      0.00      0.00      6.19
01:38:26 PM       8      0.00      0.00     93.81      0.00      0.00      6.19
01:38:26 PM      12      2.08      0.00     91.67      0.00      0.00      6.25
01:38:26 PM      16      2.04      0.00     91.84      0.00      0.00      6.12
01:38:26 PM      20      2.15      0.00     90.32      0.00      0.00      7.53

01:38:26 PM     CPU     %user     %nice   %system   %iowait    %steal     %idle
01:38:27 PM       4      2.08      0.00     91.67      0.00      0.00      6.25
01:38:27 PM       8      0.00      0.00     93.68      0.00      0.00      6.32
01:38:27 PM      12      2.17      0.00     92.39      0.00      0.00      5.43
01:38:27 PM      16      0.00      0.00     93.68      0.00      0.00      6.32
01:38:27 PM      20      2.04      0.00     91.84      0.00      0.00      6.12

01:38:27 PM     CPU     %user     %nice   %system   %iowait    %steal     %idle
01:38:28 PM       4      1.03      0.00     92.78      0.00      0.00      6.19
01:38:28 PM       8      2.13      0.00     91.49      0.00      0.00      6.38
01:38:28 PM      12      1.02      0.00     92.86      0.00      0.00      6.12
01:38:28 PM      16      3.16      0.00     91.58      0.00      0.00      5.26
01:38:28 PM      20      4.21      0.00     89.47      0.00      0.00      6.32

01:38:28 PM     CPU     %user     %nice   %system   %iowait    %steal     %idle
01:38:29 PM       4      1.05      0.00     92.63      0.00      0.00      6.32
01:38:29 PM       8      4.26      0.00     89.36      0.00      0.00      6.38
01:38:29 PM      12      2.11      0.00     91.58      0.00      0.00      6.32
01:38:29 PM      16      1.05      0.00     92.63      0.00      0.00      6.32
01:38:29 PM      20      2.06      0.00     91.75      0.00      0.00      6.19

01:38:29 PM     CPU     %user     %nice   %system   %iowait    %steal     %idle
01:38:30 PM       4      0.00      0.00     92.71      0.00      0.00      7.29
01:38:30 PM       8      2.06      0.00     91.75      0.00      0.00      6.19
01:38:30 PM      12      2.15      0.00     91.40      0.00      0.00      6.45
01:38:30 PM      16      1.05      0.00     92.63      0.00      0.00      6.32
01:38:30 PM      20      2.08      0.00     92.71      0.00      0.00      5.21

01:38:30 PM     CPU     %user     %nice   %system   %iowait    %steal     %idle
01:38:31 PM       4      1.10      0.00     92.31      0.00      0.00      6.59
01:38:31 PM       8      2.13      0.00     90.43      0.00      0.00      7.45
01:38:31 PM      12      0.00      0.00     93.48      0.00      0.00      6.52
01:38:31 PM      16      3.12      0.00     90.62      0.00      0.00      6.25
01:38:31 PM      20      2.11      0.00     91.58      0.00      0.00      6.32

01:38:31 PM     CPU     %user     %nice   %system   %iowait    %steal     %idle
01:38:32 PM       4      1.04      0.00     91.67      0.00      0.00      7.29
01:38:32 PM       8      2.15      0.00     90.32      0.00      0.00      7.53
01:38:32 PM      12      2.06      0.00     91.75      0.00      0.00      6.19
01:38:32 PM      16      3.16      0.00     90.53      0.00      0.00      6.32
01:38:32 PM      20      0.00      0.00     94.57      0.00      0.00      5.43

01:38:32 PM     CPU     %user     %nice   %system   %iowait    %steal     %idle
01:38:33 PM       4      2.06      0.00     90.72      0.00      0.00      7.22
01:38:33 PM       8      1.05      0.00     92.63      0.00      0.00      6.32
01:38:33 PM      12      3.23      0.00     91.40      0.00      0.00      5.38
01:38:33 PM      16      3.03      0.00     90.91      0.00      0.00      6.06
01:38:33 PM      20      2.17      0.00     90.22      0.00      0.00      7.61

01:38:33 PM     CPU     %user     %nice   %system   %iowait    %steal     %idle
01:38:34 PM       4      2.11      0.00     92.63      0.00      0.00      5.26
01:38:34 PM       8      2.08      0.00     90.62      0.00      0.00      7.29
01:38:34 PM      12      1.03      0.00     92.78      0.00      0.00      6.19
01:38:34 PM      16      3.23      0.00     90.32      0.00      0.00      6.45
01:38:34 PM      20      1.05      0.00     93.68      0.00      0.00      5.26

01:38:34 PM     CPU     %user     %nice   %system   %iowait    %steal     %idle
01:38:35 PM       4      2.06      0.00     90.72      0.00      0.00      7.22
01:38:35 PM       8      0.00      0.00     93.48      0.00      0.00      6.52
01:38:35 PM      12      3.09      0.00     90.72      0.00      0.00      6.19
01:38:35 PM      16      2.15      0.00     92.47      0.00      0.00      5.38
01:38:35 PM      20      2.17      0.00     91.30      0.00      0.00      6.52

01:38:35 PM     CPU     %user     %nice   %system   %iowait    %steal     %idle
01:38:36 PM       4      3.09      0.00     90.72      0.00      0.00      6.19
01:38:36 PM       8      1.05      0.00     92.63      0.00      0.00      6.32
01:38:36 PM      12      2.17      0.00     91.30      0.00      0.00      6.52
01:38:36 PM      16      0.00      0.00     93.62      0.00      0.00      6.38
01:38:36 PM      20      1.01      0.00     92.93      0.00      0.00      6.06

01:38:36 PM     CPU     %user     %nice   %system   %iowait    %steal     %idle
01:38:37 PM       4      2.04      0.00     91.84      0.00      0.00      6.12
01:38:37 PM       8      2.15      0.00     91.40      0.00      0.00      6.45
01:38:37 PM      12      3.12      0.00     90.62      0.00      0.00      6.25
01:38:37 PM      16      2.08      0.00     91.67      0.00      0.00      6.25
01:38:37 PM      20      2.13      0.00     91.49      0.00      0.00      6.38
