Linux 6.0.3 (genie03) 	09/05/2023 	_x86_64_	(64 CPU)

08:57:29 PM     CPU     %user     %nice   %system   %iowait    %steal     %idle
08:57:30 PM       4      1.02      0.00     71.43      0.00      0.00     27.55
08:57:30 PM       8      1.03      0.00     64.95      0.00      0.00     34.02
08:57:30 PM      12      0.99      0.00     73.27      0.00      0.00     25.74
08:57:30 PM      16      0.99      0.00     73.27      0.00      0.00     25.74
08:57:30 PM      20      1.08      0.00     69.89      0.00      0.00     29.03
08:57:30 PM      24      2.94      0.00     66.67      0.00      0.00     30.39
08:57:30 PM      28      1.04      0.00     66.67      0.00      0.00     32.29

08:57:30 PM     CPU     %user     %nice   %system   %iowait    %steal     %idle
08:57:31 PM       4      0.00      0.00     72.16      0.00      0.00     27.84
08:57:31 PM       8      1.02      0.00     72.45      0.00      0.00     26.53
08:57:31 PM      12      2.04      0.00     62.24      0.00      0.00     35.71
08:57:31 PM      16      1.04      0.00     67.71      0.00      0.00     31.25
08:57:31 PM      20      1.02      0.00     70.41      0.00      0.00     28.57
08:57:31 PM      24      1.11      0.00     68.89      0.00      0.00     30.00
08:57:31 PM      28      0.00      0.00     71.28      0.00      0.00     28.72

08:57:31 PM     CPU     %user     %nice   %system   %iowait    %steal     %idle
08:57:32 PM       4      1.02      0.00     72.45      0.00      0.00     26.53
08:57:32 PM       8      1.94      0.00     69.90      0.00      0.00     28.16
08:57:32 PM      12      0.00      0.00     74.51      0.00      0.00     25.49
08:57:32 PM      16      2.08      0.00     69.79      0.00      0.00     28.12
08:57:32 PM      20      1.08      0.00     68.82      0.00      0.00     30.11
08:57:32 PM      24      2.08      0.00     66.67      0.00      0.00     31.25
08:57:32 PM      28      2.04      0.00     67.35      0.00      0.00     30.61

08:57:32 PM     CPU     %user     %nice   %system   %iowait    %steal     %idle
08:57:33 PM       4      1.00      0.00     70.00      0.00      0.00     29.00
08:57:33 PM       8      1.01      0.00     71.72      0.00      0.00     27.27
08:57:33 PM      12      0.99      0.00     72.28      0.00      0.00     26.73
08:57:33 PM      16      2.00      0.00     72.00      0.00      0.00     26.00
08:57:33 PM      20      2.04      0.00     68.37      0.00      0.00     29.59
08:57:33 PM      24      0.00      0.00     73.20      0.00      0.00     26.80
08:57:33 PM      28      0.00      0.00     70.59      0.00      0.00     29.41

08:57:33 PM     CPU     %user     %nice   %system   %iowait    %steal     %idle
08:57:34 PM       4      1.01      0.00     68.69      0.00      0.00     30.30
08:57:34 PM       8      0.98      0.00     72.55      0.00      0.00     26.47
08:57:34 PM      12      2.02      0.00     68.69      0.00      0.00     29.29
08:57:34 PM      16      3.00      0.00     67.00      0.00      0.00     30.00
08:57:34 PM      20      1.00      0.00     76.00      0.00      0.00     23.00
08:57:34 PM      24      1.05      0.00     65.26      0.00      0.00     33.68
08:57:34 PM      28      2.15      0.00     66.67      0.00      0.00     31.18

08:57:34 PM     CPU     %user     %nice   %system   %iowait    %steal     %idle
08:57:35 PM       4      1.01      0.00     66.67      0.00      0.00     32.32
08:57:35 PM       8      1.02      0.00     73.47      0.00      0.00     25.51
08:57:35 PM      12      1.98      0.00     72.28      0.00      0.00     25.74
08:57:35 PM      16      1.00      0.00     72.00      0.00      0.00     27.00
08:57:35 PM      20      1.06      0.00     67.02      0.00      0.00     31.91
08:57:35 PM      24      1.03      0.00     72.16      0.00      0.00     26.80
08:57:35 PM      28      1.10      0.00     67.03      0.00      0.00     31.87

08:57:35 PM     CPU     %user     %nice   %system   %iowait    %steal     %idle
08:57:36 PM       4      1.00      0.00     68.00      0.00      0.00     31.00
08:57:36 PM       8      2.06      0.00     67.01      0.00      0.00     30.93
08:57:36 PM      12      1.94      0.00     69.90      0.00      0.00     28.16
08:57:36 PM      16      2.06      0.00     67.01      0.00      0.00     30.93
08:57:36 PM      20      2.02      0.00     72.73      0.00      0.00     25.25
08:57:36 PM      24      1.01      0.00     65.66      0.00      0.00     33.33
08:57:36 PM      28      1.00      0.00     74.00      0.00      0.00     25.00

08:57:36 PM     CPU     %user     %nice   %system   %iowait    %steal     %idle
08:57:37 PM       4      2.13      0.00     68.09      0.00      0.00     29.79
08:57:37 PM       8      0.99      0.00     72.28      0.00      0.00     26.73
08:57:37 PM      12      1.05      0.00     68.42      0.00      0.00     30.53
08:57:37 PM      16      2.00      0.00     69.00      0.00      0.00     29.00
08:57:37 PM      20      1.01      0.00     70.71      0.00      0.00     28.28
08:57:37 PM      24      0.99      0.00     71.29      0.00      0.00     27.72
08:57:37 PM      28      1.09      0.00     69.57      0.00      0.00     29.35

08:57:37 PM     CPU     %user     %nice   %system   %iowait    %steal     %idle
08:57:38 PM       4      0.97      0.00     72.82      0.00      0.00     26.21
08:57:38 PM       8      1.05      0.00     65.26      0.00      0.00     33.68
08:57:38 PM      12      0.99      0.00     72.28      0.00      0.00     26.73
08:57:38 PM      16      2.15      0.00     67.74      0.00      0.00     30.11
08:57:38 PM      20      2.06      0.00     68.04      0.00      0.00     29.90
08:57:38 PM      24      2.11      0.00     69.47      0.00      0.00     28.42
08:57:38 PM      28      1.01      0.00     69.70      0.00      0.00     29.29

08:57:38 PM     CPU     %user     %nice   %system   %iowait    %steal     %idle
08:57:39 PM       4      0.00      0.00     69.57      0.00      0.00     30.43
08:57:39 PM       8      1.04      0.00     72.92      0.00      0.00     26.04
08:57:39 PM      12      1.03      0.00     68.04      0.00      0.00     30.93
08:57:39 PM      16      0.99      0.00     71.29      0.00      0.00     27.72
08:57:39 PM      20      1.03      0.00     72.16      0.00      0.00     26.80
08:57:39 PM      24      1.01      0.00     68.69      0.00      0.00     30.30
08:57:39 PM      28      2.06      0.00     68.04      0.00      0.00     29.90

08:57:39 PM     CPU     %user     %nice   %system   %iowait    %steal     %idle
08:57:40 PM       4      2.00      0.00     66.00      0.00      0.00     32.00
08:57:40 PM       8      1.09      0.00     70.65      0.00      0.00     28.26
08:57:40 PM      12      0.00      0.00     70.21      0.00      0.00     29.79
08:57:40 PM      16      1.01      0.00     71.72      0.00      0.00     27.27
08:57:40 PM      20      1.03      0.00     70.10      0.00      0.00     28.87
08:57:40 PM      24      2.22      0.00     66.67      0.00      0.00     31.11
08:57:40 PM      28      1.05      0.00     68.42      0.00      0.00     30.53

08:57:40 PM     CPU     %user     %nice   %system   %iowait    %steal     %idle
08:57:41 PM       4      1.08      0.00     74.19      0.00      0.00     24.73
08:57:41 PM       8      2.02      0.00     70.71      0.00      0.00     27.27
08:57:41 PM      12      0.00      0.00     65.98      0.00      0.00     34.02
08:57:41 PM      16      0.00      0.00     70.10      0.00      0.00     29.90
08:57:41 PM      20      0.00      0.00     68.82      0.00      0.00     31.18
08:57:41 PM      24      1.03      0.00     65.98      0.00      0.00     32.99
08:57:41 PM      28      1.00      0.00     69.00      0.00      0.00     30.00

08:57:41 PM     CPU     %user     %nice   %system   %iowait    %steal     %idle
08:57:42 PM       4      0.99      0.00     72.28      0.00      0.00     26.73
08:57:42 PM       8      0.95      0.00     70.48      0.00      0.00     28.57
08:57:42 PM      12      1.98      0.00     69.31      0.00      0.00     28.71
08:57:42 PM      16      0.99      0.00     74.26      0.00      0.00     24.75
08:57:42 PM      20      1.01      0.00     70.71      0.00      0.00     28.28
08:57:42 PM      24      1.96      0.00     65.69      0.00      0.00     32.35
08:57:42 PM      28      1.04      0.00     72.92      0.00      0.00     26.04

08:57:42 PM     CPU     %user     %nice   %system   %iowait    %steal     %idle
08:57:43 PM       4      1.03      0.00     70.10      0.00      0.00     28.87
08:57:43 PM       8      0.00      0.00     73.47      0.00      0.00     26.53
08:57:43 PM      12      1.04      0.00     70.83      0.00      0.00     28.12
08:57:43 PM      16      1.00      0.00     70.00      0.00      0.00     29.00
08:57:43 PM      20      2.00      0.00     69.00      0.00      0.00     29.00
08:57:43 PM      24      0.00      0.00     70.41      0.00      0.00     29.59
08:57:43 PM      28      2.88      0.00     67.31      0.00      0.00     29.81

08:57:43 PM     CPU     %user     %nice   %system   %iowait    %steal     %idle
08:57:44 PM       4      1.08      0.00     67.74      0.00      0.00     31.18
08:57:44 PM       8      0.96      0.00     73.08      0.00      0.00     25.96
08:57:44 PM      12      0.00      0.00     70.71      0.00      0.00     29.29
08:57:44 PM      16      2.02      0.00     66.67      0.00      0.00     31.31
08:57:44 PM      20      1.02      0.00     70.41      0.00      0.00     28.57
08:57:44 PM      24      1.96      0.00     71.57      0.00      0.00     26.47
08:57:44 PM      28      2.08      0.00     66.67      0.00      0.00     31.25
