Linux 6.0.3+ (genie03) 	12/21/2023 	_x86_64_	(64 CPU)

04:05:28 PM     CPU     %user     %nice   %system   %iowait    %steal     %idle
04:05:29 PM       4      1.00      0.00     98.00      0.00      0.00      1.00
04:05:29 PM       8      2.02      0.00     96.97      0.00      0.00      1.01
04:05:29 PM      12      2.00      0.00     97.00      0.00      0.00      1.00
04:05:29 PM      16      1.03      0.00     97.94      0.00      0.00      1.03
04:05:29 PM      20      1.00      0.00     97.00      0.00      0.00      2.00

04:05:29 PM     CPU     %user     %nice   %system   %iowait    %steal     %idle
04:05:30 PM       4      0.00      0.00     98.99      0.00      0.00      1.01
04:05:30 PM       8      2.00      0.00     96.00      0.00      0.00      2.00
04:05:30 PM      12      0.00      0.00     98.99      0.00      0.00      1.01
04:05:30 PM      16      0.00      0.00     98.99      0.00      0.00      1.01
04:05:30 PM      20      1.01      0.00     97.98      0.00      0.00      1.01

04:05:30 PM     CPU     %user     %nice   %system   %iowait    %steal     %idle
04:05:31 PM       4      1.00      0.00     97.00      0.00      0.00      2.00
04:05:31 PM       8      1.03      0.00     97.94      0.00      0.00      1.03
04:05:31 PM      12      2.02      0.00     95.96      0.00      0.00      2.02
04:05:31 PM      16      2.00      0.00     96.00      0.00      0.00      2.00
04:05:31 PM      20      0.00      0.00     97.98      0.00      0.00      2.02

04:05:31 PM     CPU     %user     %nice   %system   %iowait    %steal     %idle
04:05:32 PM       4      1.00      0.00     98.00      0.00      0.00      1.00
04:05:32 PM       8      2.02      0.00     96.97      0.00      0.00      1.01
04:05:32 PM      12      0.00      0.00     99.00      0.00      0.00      1.00
04:05:32 PM      16      0.00      0.00     98.96      0.00      0.00      1.04
04:05:32 PM      20      2.02      0.00     96.97      0.00      0.00      1.01

04:05:32 PM     CPU     %user     %nice   %system   %iowait    %steal     %idle
04:05:33 PM       4      0.00      0.00     98.98      0.00      0.00      1.02
04:05:33 PM       8      1.02      0.00     97.96      0.00      0.00      1.02
04:05:33 PM      12      0.00      0.00     97.94      0.00      0.00      2.06
04:05:33 PM      16      0.00      0.00     97.98      0.00      0.00      2.02
04:05:33 PM      20      0.00      0.00     98.94      0.00      0.00      1.06

04:05:33 PM     CPU     %user     %nice   %system   %iowait    %steal     %idle
04:05:34 PM       4      1.02      0.00     96.94      0.00      0.00      2.04
04:05:34 PM       8      1.00      0.00     97.00      0.00      0.00      2.00
04:05:34 PM      12      0.00      0.00     98.99      0.00      0.00      1.01
04:05:34 PM      16      1.03      0.00     97.94      0.00      0.00      1.03
04:05:34 PM      20      1.01      0.00     96.97      0.00      0.00      2.02

04:05:34 PM     CPU     %user     %nice   %system   %iowait    %steal     %idle
04:05:35 PM       4      0.00      0.00     98.95      0.00      0.00      1.05
04:05:35 PM       8      0.00      0.00     98.96      0.00      0.00      1.04
04:05:35 PM      12      0.00      0.00     98.97      0.00      0.00      1.03
04:05:35 PM      16      1.02      0.00     97.96      0.00      0.00      1.02
04:05:35 PM      20      1.01      0.00     96.97      0.00      0.00      2.02

04:05:35 PM     CPU     %user     %nice   %system   %iowait    %steal     %idle
04:05:36 PM       4      0.99      0.00     97.03      0.00      0.00      1.98
04:05:36 PM       8      1.00      0.00     97.00      0.00      0.00      2.00
04:05:36 PM      12      0.99      0.00     97.03      0.00      0.00      1.98
04:05:36 PM      16      1.00      0.00     97.00      0.00      0.00      2.00
04:05:36 PM      20      0.00      0.00     98.97      0.00      0.00      1.03

04:05:36 PM     CPU     %user     %nice   %system   %iowait    %steal     %idle
04:05:37 PM       4      1.03      0.00     97.94      0.00      0.00      1.03
04:05:37 PM       8      1.03      0.00     97.94      0.00      0.00      1.03
04:05:37 PM      12      1.98      0.00     96.04      0.00      0.00      1.98
04:05:37 PM      16      0.00      0.00     99.00      0.00      0.00      1.00
04:05:37 PM      20      2.02      0.00     95.96      0.00      0.00      2.02

04:05:37 PM     CPU     %user     %nice   %system   %iowait    %steal     %idle
04:05:38 PM       4      0.00      0.00     97.96      0.00      0.00      2.04
04:05:38 PM       8      1.02      0.00     96.94      0.00      0.00      2.04
04:05:38 PM      12      0.00      0.00     98.99      0.00      0.00      1.01
04:05:38 PM      16      0.00      0.00     97.98      0.00      0.00      2.02
04:05:38 PM      20      0.00      0.00     98.97      0.00      0.00      1.03

04:05:38 PM     CPU     %user     %nice   %system   %iowait    %steal     %idle
04:05:39 PM       4      0.00      0.00     98.97      0.00      0.00      1.03
04:05:39 PM       8      1.01      0.00     96.97      0.00      0.00      2.02
04:05:39 PM      12      2.00      0.00     96.00      0.00      0.00      2.00
04:05:39 PM      16      1.04      0.00     97.92      0.00      0.00      1.04
04:05:39 PM      20      0.00      0.00     99.00      0.00      0.00      1.00

04:05:39 PM     CPU     %user     %nice   %system   %iowait    %steal     %idle
04:05:40 PM       4      2.02      0.00     96.97      0.00      0.00      1.01
04:05:40 PM       8      1.01      0.00     97.98      0.00      0.00      1.01
04:05:40 PM      12      0.00      0.00     98.96      0.00      0.00      1.04
04:05:40 PM      16      2.04      0.00     95.92      0.00      0.00      2.04
04:05:40 PM      20      2.00      0.00     96.00      0.00      0.00      2.00

04:05:40 PM     CPU     %user     %nice   %system   %iowait    %steal     %idle
04:05:41 PM       4      0.00      0.00     98.00      0.00      0.00      2.00
04:05:41 PM       8      0.00      0.00     98.00      0.00      0.00      2.00
04:05:41 PM      12      0.00      0.00     98.00      0.00      0.00      2.00
04:05:41 PM      16      0.00      0.00     97.96      0.00      0.00      2.04
04:05:41 PM      20      0.00      0.00     98.98      0.00      0.00      1.02

04:05:41 PM     CPU     %user     %nice   %system   %iowait    %steal     %idle
04:05:42 PM       4      2.02      0.00     96.97      0.00      0.00      1.01
04:05:42 PM       8      1.02      0.00     97.96      0.00      0.00      1.02
04:05:42 PM      12      3.03      0.00     95.96      0.00      0.00      1.01
04:05:42 PM      16      1.03      0.00     96.91      0.00      0.00      2.06
04:05:42 PM      20      1.02      0.00     96.94      0.00      0.00      2.04

04:05:42 PM     CPU     %user     %nice   %system   %iowait    %steal     %idle
04:05:43 PM       4      0.00      0.00     98.00      0.00      0.00      2.00
04:05:43 PM       8      2.04      0.00     96.94      0.00      0.00      1.02
04:05:43 PM      12      1.00      0.00     97.00      0.00      0.00      2.00
04:05:43 PM      16      1.03      0.00     97.94      0.00      0.00      1.03
04:05:43 PM      20      1.98      0.00     97.03      0.00      0.00      0.99

04:05:43 PM     CPU     %user     %nice   %system   %iowait    %steal     %idle
04:05:44 PM       4      0.00      0.00     98.98      0.00      0.00      1.02
04:05:44 PM       8      1.00      0.00     97.00      0.00      0.00      2.00
04:05:44 PM      12      1.05      0.00     97.89      0.00      0.00      1.05
04:05:44 PM      16      1.02      0.00     97.96      0.00      0.00      1.02
04:05:44 PM      20      1.02      0.00     97.96      0.00      0.00      1.02

04:05:44 PM     CPU     %user     %nice   %system   %iowait    %steal     %idle
04:05:45 PM       4      2.06      0.00     96.91      0.00      0.00      1.03
04:05:45 PM       8      1.04      0.00     97.92      0.00      0.00      1.04
04:05:45 PM      12      1.01      0.00     96.97      0.00      0.00      2.02
04:05:45 PM      16      0.00      0.00     97.94      0.00      0.00      2.06
04:05:45 PM      20      0.00      0.00     97.98      0.00      0.00      2.02

04:05:45 PM     CPU     %user     %nice   %system   %iowait    %steal     %idle
04:05:46 PM       4      1.04      0.00     97.92      0.00      0.00      1.04
04:05:46 PM       8      0.98      0.00     97.06      0.00      0.00      1.96
04:05:46 PM      12      0.00      0.00     98.97      0.00      0.00      1.03
04:05:46 PM      16      2.00      0.00     96.00      0.00      0.00      2.00
04:05:46 PM      20      0.00      0.00     98.99      0.00      0.00      1.01

04:05:46 PM     CPU     %user     %nice   %system   %iowait    %steal     %idle
04:05:47 PM       4      2.00      0.00     96.00      0.00      0.00      2.00
04:05:47 PM       8      0.00      0.00     98.99      0.00      0.00      1.01
04:05:47 PM      12      0.00      0.00     98.00      0.00      0.00      2.00
04:05:47 PM      16      1.01      0.00     96.97      0.00      0.00      2.02
04:05:47 PM      20      2.02      0.00     95.96      0.00      0.00      2.02

04:05:47 PM     CPU     %user     %nice   %system   %iowait    %steal     %idle
04:05:48 PM       4      0.00      0.00     98.96      0.00      0.00      1.04
04:05:48 PM       8      1.02      0.00     97.96      0.00      0.00      1.02
04:05:48 PM      12      2.04      0.00     96.94      0.00      0.00      1.02
04:05:48 PM      16      0.00      0.00     98.97      0.00      0.00      1.03
04:05:48 PM      20      0.00      0.00     99.00      0.00      0.00      1.00

04:05:48 PM     CPU     %user     %nice   %system   %iowait    %steal     %idle
04:05:49 PM       4      1.02      0.00     96.94      0.00      0.00      2.04
04:05:49 PM       8      1.01      0.00     96.97      0.00      0.00      2.02
04:05:49 PM      12      1.02      0.00     97.96      0.00      0.00      1.02
04:05:49 PM      16      1.01      0.00     96.97      0.00      0.00      2.02
04:05:49 PM      20      0.00      0.00     97.98      0.00      0.00      2.02

04:05:49 PM     CPU     %user     %nice   %system   %iowait    %steal     %idle
04:05:50 PM       4      0.00      0.00     98.96      0.00      0.00      1.04
04:05:50 PM       8      1.00      0.00     97.00      0.00      0.00      2.00
04:05:50 PM      12      1.02      0.00     97.96      0.00      0.00      1.02
04:05:50 PM      16      0.00      0.00     98.99      0.00      0.00      1.01
04:05:50 PM      20      1.01      0.00     97.98      0.00      0.00      1.01

04:05:50 PM     CPU     %user     %nice   %system   %iowait    %steal     %idle
04:05:51 PM       4      1.00      0.00     97.00      0.00      0.00      2.00
04:05:51 PM       8      0.00      0.00     98.99      0.00      0.00      1.01
04:05:51 PM      12      2.97      0.00     94.06      0.00      0.00      2.97
04:05:51 PM      16      1.01      0.00     96.97      0.00      0.00      2.02
04:05:51 PM      20      1.01      0.00     97.98      0.00      0.00      1.01

04:05:51 PM     CPU     %user     %nice   %system   %iowait    %steal     %idle
04:05:52 PM       4      1.00      0.00     98.00      0.00      0.00      1.00
04:05:52 PM       8      1.02      0.00     97.96      0.00      0.00      1.02
04:05:52 PM      12      1.01      0.00     97.98      0.00      0.00      1.01
04:05:52 PM      16      0.00      0.00     98.99      0.00      0.00      1.01
04:05:52 PM      20      0.00      0.00     97.98      0.00      0.00      2.02

04:05:52 PM     CPU     %user     %nice   %system   %iowait    %steal     %idle
04:05:53 PM       4      1.03      0.00     96.91      0.00      0.00      2.06
04:05:53 PM       8      1.01      0.00     97.98      0.00      0.00      1.01
04:05:53 PM      12      2.00      0.00     97.00      0.00      0.00      1.00
04:05:53 PM      16      1.03      0.00     96.91      0.00      0.00      2.06
04:05:53 PM      20      2.02      0.00     96.97      0.00      0.00      1.01
