Linux 6.0.3+ (genie03) 	12/21/2023 	_x86_64_	(64 CPU)

04:01:51 PM     CPU     %user     %nice   %system   %iowait    %steal     %idle
04:01:52 PM       4      1.00      0.00     99.00      0.00      0.00      0.00
04:01:52 PM       8      1.00      0.00     99.00      0.00      0.00      0.00
04:01:52 PM      12      0.00      0.00    100.00      0.00      0.00      0.00
04:01:52 PM      16      0.00      0.00    100.00      0.00      0.00      0.00
04:01:52 PM      20      1.00      0.00     99.00      0.00      0.00      0.00

04:01:52 PM     CPU     %user     %nice   %system   %iowait    %steal     %idle
04:01:53 PM       4      0.99      0.00     99.01      0.00      0.00      0.00
04:01:53 PM       8      0.00      0.00    100.00      0.00      0.00      0.00
04:01:53 PM      12      0.00      0.00    100.00      0.00      0.00      0.00
04:01:53 PM      16      0.00      0.00    100.00      0.00      0.00      0.00
04:01:53 PM      20      0.00      0.00    100.00      0.00      0.00      0.00

04:01:53 PM     CPU     %user     %nice   %system   %iowait    %steal     %idle
04:01:54 PM       4      0.00      0.00    100.00      0.00      0.00      0.00
04:01:54 PM       8      2.00      0.00     98.00      0.00      0.00      0.00
04:01:54 PM      12      0.00      0.00    100.00      0.00      0.00      0.00
04:01:54 PM      16      1.00      0.00     99.00      0.00      0.00      0.00
04:01:54 PM      20      1.00      0.00     99.00      0.00      0.00      0.00

04:01:54 PM     CPU     %user     %nice   %system   %iowait    %steal     %idle
04:01:55 PM       4      0.00      0.00    100.00      0.00      0.00      0.00
04:01:55 PM       8      0.00      0.00    100.00      0.00      0.00      0.00
04:01:55 PM      12      0.00      0.00    100.00      0.00      0.00      0.00
04:01:55 PM      16      0.00      0.00    100.00      0.00      0.00      0.00
04:01:55 PM      20      1.00      0.00     99.00      0.00      0.00      0.00

04:01:55 PM     CPU     %user     %nice   %system   %iowait    %steal     %idle
04:01:56 PM       4      0.99      0.00     99.01      0.00      0.00      0.00
04:01:56 PM       8      0.00      0.00    100.00      0.00      0.00      0.00
04:01:56 PM      12      1.00      0.00     99.00      0.00      0.00      0.00
04:01:56 PM      16      1.01      0.00     98.99      0.00      0.00      0.00
04:01:56 PM      20      0.00      0.00    100.00      0.00      0.00      0.00

04:01:56 PM     CPU     %user     %nice   %system   %iowait    %steal     %idle
04:01:57 PM       4      0.00      0.00    100.00      0.00      0.00      0.00
04:01:57 PM       8      0.00      0.00    100.00      0.00      0.00      0.00
04:01:57 PM      12      0.00      0.00    100.00      0.00      0.00      0.00
04:01:57 PM      16      0.99      0.00     99.01      0.00      0.00      0.00
04:01:57 PM      20      1.00      0.00     99.00      0.00      0.00      0.00

04:01:57 PM     CPU     %user     %nice   %system   %iowait    %steal     %idle
04:01:58 PM       4      1.00      0.00     99.00      0.00      0.00      0.00
04:01:58 PM       8      1.00      0.00     99.00      0.00      0.00      0.00
04:01:58 PM      12      1.00      0.00     99.00      0.00      0.00      0.00
04:01:58 PM      16      0.00      0.00    100.00      0.00      0.00      0.00
04:01:58 PM      20      1.00      0.00     99.00      0.00      0.00      0.00

04:01:58 PM     CPU     %user     %nice   %system   %iowait    %steal     %idle
04:01:59 PM       4      2.00      0.00     97.00      0.00      0.00      1.00
04:01:59 PM       8      2.97      0.00     95.05      0.00      0.00      1.98
04:01:59 PM      12      0.00      0.00     98.99      0.00      0.00      1.01
04:01:59 PM      16      0.00      0.00     98.99      0.00      0.00      1.01
04:01:59 PM      20      0.00      0.00     98.98      0.00      0.00      1.02

04:01:59 PM     CPU     %user     %nice   %system   %iowait    %steal     %idle
04:02:00 PM       4      0.00      0.00     98.99      0.00      0.00      1.01
04:02:00 PM       8      0.00      0.00     99.00      0.00      0.00      1.00
04:02:00 PM      12      1.02      0.00     97.96      0.00      0.00      1.02
04:02:00 PM      16      1.01      0.00     97.98      0.00      0.00      1.01
04:02:00 PM      20      2.00      0.00     97.00      0.00      0.00      1.00

04:02:00 PM     CPU     %user     %nice   %system   %iowait    %steal     %idle
04:02:01 PM       4      1.02      0.00     97.96      0.00      0.00      1.02
04:02:01 PM       8      0.00      0.00     98.00      0.00      0.00      2.00
04:02:01 PM      12      1.01      0.00     97.98      0.00      0.00      1.01
04:02:01 PM      16      0.00      0.00     98.00      0.00      0.00      2.00
04:02:01 PM      20      0.00      0.00     98.99      0.00      0.00      1.01

04:02:01 PM     CPU     %user     %nice   %system   %iowait    %steal     %idle
04:02:02 PM       4      1.00      0.00     98.00      0.00      0.00      1.00
04:02:02 PM       8      2.04      0.00     96.94      0.00      0.00      1.02
04:02:02 PM      12      1.00      0.00     97.00      0.00      0.00      2.00
04:02:02 PM      16      2.00      0.00     96.00      0.00      0.00      2.00
04:02:02 PM      20      0.00      0.00     98.98      0.00      0.00      1.02

04:02:02 PM     CPU     %user     %nice   %system   %iowait    %steal     %idle
04:02:03 PM       4      0.00      0.00     98.00      0.00      0.00      2.00
04:02:03 PM       8      0.00      0.00     98.00      0.00      0.00      2.00
04:02:03 PM      12      1.01      0.00     96.97      0.00      0.00      2.02
04:02:03 PM      16      2.02      0.00     96.97      0.00      0.00      1.01
04:02:03 PM      20      2.00      0.00     96.00      0.00      0.00      2.00

04:02:03 PM     CPU     %user     %nice   %system   %iowait    %steal     %idle
04:02:04 PM       4      1.00      0.00     98.00      0.00      0.00      1.00
04:02:04 PM       8      1.00      0.00     97.00      0.00      0.00      2.00
04:02:04 PM      12      2.04      0.00     96.94      0.00      0.00      1.02
04:02:04 PM      16      1.01      0.00     96.97      0.00      0.00      2.02
04:02:04 PM      20      1.00      0.00     98.00      0.00      0.00      1.00

04:02:04 PM     CPU     %user     %nice   %system   %iowait    %steal     %idle
04:02:05 PM       4      2.00      0.00     97.00      0.00      0.00      1.00
04:02:05 PM       8      2.04      0.00     96.94      0.00      0.00      1.02
04:02:05 PM      12      1.00      0.00     97.00      0.00      0.00      2.00
04:02:05 PM      16      0.00      0.00     98.98      0.00      0.00      1.02
04:02:05 PM      20      0.00      0.00     98.00      0.00      0.00      2.00

04:02:05 PM     CPU     %user     %nice   %system   %iowait    %steal     %idle
04:02:06 PM       4      1.02      0.00     97.96      0.00      0.00      1.02
04:02:06 PM       8      0.00      0.00     98.00      0.00      0.00      2.00
04:02:06 PM      12      1.01      0.00     97.98      0.00      0.00      1.01
04:02:06 PM      16      1.02      0.00     97.96      0.00      0.00      1.02
04:02:06 PM      20      1.02      0.00     97.96      0.00      0.00      1.02

04:02:06 PM     CPU     %user     %nice   %system   %iowait    %steal     %idle
04:02:07 PM       4      3.09      0.00     94.85      0.00      0.00      2.06
04:02:07 PM       8      1.01      0.00     97.98      0.00      0.00      1.01
04:02:07 PM      12      1.03      0.00     97.94      0.00      0.00      1.03
04:02:07 PM      16      1.01      0.00     96.97      0.00      0.00      2.02
04:02:07 PM      20      1.01      0.00     97.98      0.00      0.00      1.01

04:02:07 PM     CPU     %user     %nice   %system   %iowait    %steal     %idle
04:02:08 PM       4      1.02      0.00     97.96      0.00      0.00      1.02
04:02:08 PM       8      0.00      0.00     97.94      0.00      0.00      2.06
04:02:08 PM      12      0.00      0.00     97.98      0.00      0.00      2.02
04:02:08 PM      16      1.01      0.00     97.98      0.00      0.00      1.01
04:02:08 PM      20      0.98      0.00     98.04      0.00      0.00      0.98

04:02:08 PM     CPU     %user     %nice   %system   %iowait    %steal     %idle
04:02:09 PM       4      0.00      0.00     98.98      0.00      0.00      1.02
04:02:09 PM       8      0.99      0.00     98.02      0.00      0.00      0.99
04:02:09 PM      12      1.01      0.00     97.98      0.00      0.00      1.01
04:02:09 PM      16      1.01      0.00     96.97      0.00      0.00      2.02
04:02:09 PM      20      1.03      0.00     97.94      0.00      0.00      1.03

04:02:09 PM     CPU     %user     %nice   %system   %iowait    %steal     %idle
04:02:10 PM       4      0.99      0.00     97.03      0.00      0.00      1.98
04:02:10 PM       8      0.00      0.00     98.98      0.00      0.00      1.02
04:02:10 PM      12      1.00      0.00     97.00      0.00      0.00      2.00
04:02:10 PM      16      1.03      0.00     97.94      0.00      0.00      1.03
04:02:10 PM      20      0.00      0.00     98.00      0.00      0.00      2.00

04:02:10 PM     CPU     %user     %nice   %system   %iowait    %steal     %idle
04:02:11 PM       4      1.04      0.00     97.92      0.00      0.00      1.04
04:02:11 PM       8      1.00      0.00     97.00      0.00      0.00      2.00
04:02:11 PM      12      2.04      0.00     96.94      0.00      0.00      1.02
04:02:11 PM      16      0.00      0.00     97.98      0.00      0.00      2.02
04:02:11 PM      20      2.04      0.00     96.94      0.00      0.00      1.02

04:02:11 PM     CPU     %user     %nice   %system   %iowait    %steal     %idle
04:02:12 PM       4      2.00      0.00     97.00      0.00      0.00      1.00
04:02:12 PM       8      2.04      0.00     95.92      0.00      0.00      2.04
04:02:12 PM      12      2.00      0.00     96.00      0.00      0.00      2.00
04:02:12 PM      16      0.00      0.00     98.98      0.00      0.00      1.02
04:02:12 PM      20      0.99      0.00     98.02      0.00      0.00      0.99

04:02:12 PM     CPU     %user     %nice   %system   %iowait    %steal     %idle
04:02:13 PM       4      0.00      0.00     98.99      0.00      0.00      1.01
04:02:13 PM       8      2.06      0.00     96.91      0.00      0.00      1.03
04:02:13 PM      12      0.00      0.00     98.98      0.00      0.00      1.02
04:02:13 PM      16      2.02      0.00     95.96      0.00      0.00      2.02
04:02:13 PM      20      0.00      0.00     98.98      0.00      0.00      1.02

04:02:13 PM     CPU     %user     %nice   %system   %iowait    %steal     %idle
04:02:14 PM       4      0.00      0.00     97.98      0.00      0.00      2.02
04:02:14 PM       8      0.00      0.00     97.96      0.00      0.00      2.04
04:02:14 PM      12      1.02      0.00     96.94      0.00      0.00      2.04
04:02:14 PM      16      2.08      0.00     96.88      0.00      0.00      1.04
04:02:14 PM      20      2.02      0.00     95.96      0.00      0.00      2.02

04:02:14 PM     CPU     %user     %nice   %system   %iowait    %steal     %idle
04:02:15 PM       4      0.00      0.00     98.99      0.00      0.00      1.01
04:02:15 PM       8      0.00      0.00     98.00      0.00      0.00      2.00
04:02:15 PM      12      1.02      0.00     97.96      0.00      0.00      1.02
04:02:15 PM      16      0.00      0.00     98.00      0.00      0.00      2.00
04:02:15 PM      20      1.00      0.00     98.00      0.00      0.00      1.00

04:02:15 PM     CPU     %user     %nice   %system   %iowait    %steal     %idle
04:02:16 PM       4      1.00      0.00     98.00      0.00      0.00      1.00
04:02:16 PM       8      1.03      0.00     97.94      0.00      0.00      1.03
04:02:16 PM      12      1.02      0.00     97.96      0.00      0.00      1.02
04:02:16 PM      16      1.00      0.00     98.00      0.00      0.00      1.00
04:02:16 PM      20      1.03      0.00     96.91      0.00      0.00      2.06
